Logger	Severity	Date	MicroSeconds	ipAddress	AppId	UserId	Message
Audit	INFO	2021-06-25T14:36:33.389-04:00	2313145171.7	-	C:\Users\leninne.pirovano\OneDrive - SCHEFFER\Documentos\Qlik\Sense\Apps\Business performance	-	RPC Session Create: in context ws
Audit	INFO	2021-06-25T14:36:33.390-04:00	2313146004	-	C:\Users\leninne.pirovano\OneDrive - SCHEFFER\Documentos\Qlik\Sense\Apps\Business performance	-	Client connected /dataprepservice/app/C%3A%5CUsers%5Cleninne.pirovano%5COneDrive%20-%20SCHEFFER%5CDocumentos%5CQlik%5CSense%5CApps%5CBusiness%20performance.qvf?reloadUri=http%3A%2F%2Flocalhost%3A4848%2Fsense%2Fapp%2FC%253A%255CUsers%255Cleninne.pirovano%255COneDrive%2520-%2520SCHEFFER%255CDocumentos%255CQlik%255CSense%255CApps%255CBusiness%2520performance.qvf%2Ffeature%2Fdesktop_authentication Open sessions: 1 Open rest initiated sessions: 0 Open ws initiated sessions: 1 Total client ws connections: 1 # of clients connected to application: 1
Audit	INFO	2021-06-25T14:36:33.403-04:00	2313159146.9	-	C:\Users\leninne.pirovano\OneDrive - SCHEFFER\Documentos\Qlik\Sense\Apps\Business performance	-	RPC Session Attach: in context rest
Audit	INFO	2021-06-25T14:36:33.415-04:00	2313170873.4	-	C:\Users\leninne.pirovano\OneDrive - SCHEFFER\Documentos\Qlik\Sense\Apps\Business performance	-	Engine connection established. Active engine connections: 1
Audit	INFO	2021-06-25T14:36:38.900-04:00	2318655752	-	ScratchPadApp_e34faafa-b09b-59ff-2052-a702d643	-	Engine connection established. Active engine connections: 2
Audit	INFO	2021-06-25T14:46:18.440-04:00	2898193296	-	C:\Users\leninne.pirovano\OneDrive - SCHEFFER\Documentos\Qlik\Sense\Apps\Business performance	-	RPC Session is inactive
Audit	INFO	2021-06-25T14:49:38.570-04:00	3098323014.4	-	ScratchPadApp_afe13f06-0f20-a67b-2564-52310cbf	-	Engine connection established. Active engine connections: 3
Audit	INFO	2021-06-25T14:49:38.624-04:00	3098376997.1	-	ScratchPadApp_e34faafa-b09b-59ff-2052-a702d643	-	Engine connection released. Active engine connections: 2
Audit	INFO	2021-06-25T14:56:18.449-04:00	3498205402.2	-	C:\Users\leninne.pirovano\OneDrive - SCHEFFER\Documentos\Qlik\Sense\Apps\Business performance	-	RPC Session is inactive
Audit	INFO	2021-06-25T15:06:18.458-04:00	4098215017.3	-	C:\Users\leninne.pirovano\OneDrive - SCHEFFER\Documentos\Qlik\Sense\Apps\Business performance	-	RPC Session is inactive
Audit	INFO	2021-06-25T15:16:13.293-04:00	4693044128.3	-	C:\Users\leninne.pirovano\OneDrive - SCHEFFER\Documentos\Qlik\Sense\Apps\Business performance	-	RPC Session Attach: in context ws
Audit	INFO	2021-06-25T15:16:13.294-04:00	4693044810.4	-	C:\Users\leninne.pirovano\OneDrive - SCHEFFER\Documentos\Qlik\Sense\Apps\Business performance	-	Client connected /dataprepservice/app/C%3A%5CUsers%5Cleninne.pirovano%5COneDrive%20-%20SCHEFFER%5CDocumentos%5CQlik%5CSense%5CApps%5CBusiness%20performance.qvf?reloadUri=http%3A%2F%2Flocalhost%3A4848%2Fsense%2Fapp%2FC%253A%255CUsers%255Cleninne.pirovano%255COneDrive%2520-%2520SCHEFFER%255CDocumentos%255CQlik%255CSense%255CApps%255CBusiness%2520performance.qvf%2Ffeature%2Fdesktop_authentication Open sessions: 1 Open rest initiated sessions: 0 Open ws initiated sessions: 1 Total client ws connections: 2 # of clients connected to application: 2
Audit	INFO	2021-06-25T15:16:18.476-04:00	4698226584.8	-	C:\Users\leninne.pirovano\OneDrive - SCHEFFER\Documentos\Qlik\Sense\Apps\Business performance	-	RPC Session is inactive
Audit	INFO	2021-06-25T15:18:07.930-04:00	4807680452.1	-	C:\Users\leninne.pirovano\OneDrive - SCHEFFER\Documentos\Qlik\Sense\Apps\Business performance	-	Client closed connection, clearing session...}
Audit	INFO	2021-06-25T15:18:07.933-04:00	4807682786.9	-	C:\Users\leninne.pirovano\OneDrive - SCHEFFER\Documentos\Qlik\Sense\Apps\Business performance	-	Client closed connection: C:\Users\leninne.pirovano\OneDrive - SCHEFFER\Documentos\Qlik\Sense\Apps\Business performance Open sessions: 1 Open rest initiated sessions: 0 Open ws initiated sessions: 1 Total client ws connections: 1 # of clients connected to application: 1
Audit	INFO	2021-06-25T15:18:07.934-04:00	4807683823.5	-	C:\Users\leninne.pirovano\OneDrive - SCHEFFER\Documentos\Qlik\Sense\Apps\Business performance	-	Client closed connection, clearing session...}
Audit	INFO	2021-06-25T15:18:07.937-04:00	4807687556	-	ScratchPadApp_afe13f06-0f20-a67b-2564-52310cbf	-	Engine connection released. Active engine connections: 1
Audit	INFO	2021-06-25T15:18:07.942-04:00	4807692480.9	-	C:\Users\leninne.pirovano\OneDrive - SCHEFFER\Documentos\Qlik\Sense\Apps\Business performance	-	Client closed connection: C:\Users\leninne.pirovano\OneDrive - SCHEFFER\Documentos\Qlik\Sense\Apps\Business performance Open sessions: 0 Open rest initiated sessions: 0 Open ws initiated sessions: 0 Total client ws connections: 0 # of clients connected to application: 0
Audit	INFO	2021-06-25T15:18:07.950-04:00	4807699651.1	-	C:\Users\leninne.pirovano\OneDrive - SCHEFFER\Documentos\Qlik\Sense\Apps\Business performance	-	Engine connection released. Active engine connections: 0
Audit	INFO	2021-06-25T15:21:08.183-04:00	4988051298.8	-	C:\Users\leninne.pirovano\OneDrive - SCHEFFER\Documentos\Qlik\Sense\Apps\Business performance	-	RPC Session Create: in context ws
Audit	INFO	2021-06-25T15:21:08.185-04:00	4988052721	-	C:\Users\leninne.pirovano\OneDrive - SCHEFFER\Documentos\Qlik\Sense\Apps\Business performance	-	Client connected /dataprepservice/app/C%3A%5CUsers%5Cleninne.pirovano%5COneDrive%20-%20SCHEFFER%5CDocumentos%5CQlik%5CSense%5CApps%5CBusiness%20performance.qvf?reloadUri=http%3A%2F%2Flocalhost%3A4848%2Fdatamodelviewer%2Fapp%2FC%253A%255CUsers%255Cleninne.pirovano%255COneDrive%2520-%2520SCHEFFER%255CDocumentos%255CQlik%255CSense%255CApps%255CBusiness%2520performance.qvf%2Ffeature%2Fdesktop_authentication Open sessions: 1 Open rest initiated sessions: 0 Open ws initiated sessions: 1 Total client ws connections: 1 # of clients connected to application: 1
Audit	INFO	2021-06-25T15:21:08.200-04:00	4988067425.6	-	C:\Users\leninne.pirovano\OneDrive - SCHEFFER\Documentos\Qlik\Sense\Apps\Business performance	-	RPC Session Attach: in context rest
Audit	INFO	2021-06-25T15:21:08.207-04:00	4988075118.8	-	C:\Users\leninne.pirovano\OneDrive - SCHEFFER\Documentos\Qlik\Sense\Apps\Business performance	-	Engine connection established. Active engine connections: 1
Audit	INFO	2021-06-25T15:21:50.735-04:00	5030602733.5	-	ScratchPadApp_7ae37700-ddb2-2eaf-e44e-e97316d7	-	Engine connection established. Active engine connections: 2
Audit	INFO	2021-06-25T15:25:17.676-04:00	5237632276.9	-	C:\Users\leninne.pirovano\OneDrive - SCHEFFER\Documentos\Qlik\Sense\Apps\Business performance	-	Client closed connection, clearing session...}
Audit	INFO	2021-06-25T15:25:17.676-04:00	5237632820.7	-	ScratchPadApp_7ae37700-ddb2-2eaf-e44e-e97316d7	-	Engine connection released. Active engine connections: 1
Audit	INFO	2021-06-25T15:25:17.677-04:00	5237633485	-	C:\Users\leninne.pirovano\OneDrive - SCHEFFER\Documentos\Qlik\Sense\Apps\Business performance	-	Client closed connection: C:\Users\leninne.pirovano\OneDrive - SCHEFFER\Documentos\Qlik\Sense\Apps\Business performance Open sessions: 0 Open rest initiated sessions: 0 Open ws initiated sessions: 0 Total client ws connections: 0 # of clients connected to application: 0
Audit	INFO	2021-06-25T15:25:17.677-04:00	5237633682.2	-	C:\Users\leninne.pirovano\OneDrive - SCHEFFER\Documentos\Qlik\Sense\Apps\Business performance	-	Engine connection released. Active engine connections: 0
Audit	INFO	2021-06-25T15:25:23.193-04:00	5243149711.4	-	C:\Users\leninne.pirovano\OneDrive - SCHEFFER\Documentos\Qlik\Sense\Apps\Business performance	-	RPC Session Create: in context ws
Audit	INFO	2021-06-25T15:25:23.193-04:00	5243149995.8	-	C:\Users\leninne.pirovano\OneDrive - SCHEFFER\Documentos\Qlik\Sense\Apps\Business performance	-	Client connected /dataprepservice/app/C%3A%5CUsers%5Cleninne.pirovano%5COneDrive%20-%20SCHEFFER%5CDocumentos%5CQlik%5CSense%5CApps%5CBusiness%20performance.qvf?reloadUri=http%3A%2F%2Flocalhost%3A4848%2Fsense%2Fapp%2FC%253A%255CUsers%255Cleninne.pirovano%255COneDrive%2520-%2520SCHEFFER%255CDocumentos%255CQlik%255CSense%255CApps%255CBusiness%2520performance.qvf%2Foverview%2Ffeature%2Fdesktop_authentication Open sessions: 1 Open rest initiated sessions: 0 Open ws initiated sessions: 1 Total client ws connections: 1 # of clients connected to application: 1
Audit	INFO	2021-06-25T15:25:23.208-04:00	5243164496.1	-	C:\Users\leninne.pirovano\OneDrive - SCHEFFER\Documentos\Qlik\Sense\Apps\Business performance	-	RPC Session Attach: in context rest
Audit	INFO	2021-06-25T15:25:23.211-04:00	5243167788	-	C:\Users\leninne.pirovano\OneDrive - SCHEFFER\Documentos\Qlik\Sense\Apps\Business performance	-	Engine connection established. Active engine connections: 1
Audit	INFO	2021-06-25T15:26:18.166-04:00	5298234335.9	-	C:\Users\leninne.pirovano\OneDrive - SCHEFFER\Documentos\Qlik\Sense\Apps\Business performance	-	RPC Session is inactive
Audit	INFO	2021-06-25T15:36:17.769-04:00	5898193985.6	-	96d02564-bbed-10fb-3b42-6762f858	UserDirectory = INTERNAL; UserID= sa_engine	Engine connection established. Active engine connections: 2
Audit	INFO	2021-06-25T15:36:17.780-04:00	5898205587.7	-	96d02564-bbed-10fb-3b42-6762f858	UserDirectory = INTERNAL; UserID= sa_engine	Engine connection released. Active engine connections: 1
Audit	INFO	2021-06-25T15:36:17.813-04:00	5898238884.9	-	C:\Users\leninne.pirovano\OneDrive - SCHEFFER\Documentos\Qlik\Sense\Apps\Business performance	-	RPC Session is inactive
Audit	INFO	2021-06-25T15:46:17.825-04:00	6498247270.3	-	C:\Users\leninne.pirovano\OneDrive - SCHEFFER\Documentos\Qlik\Sense\Apps\Business performance	-	RPC Session is inactive
Audit	INFO	2021-06-25T15:49:35.763-04:00	6696184596.6	-	C:\Users\leninne.pirovano\OneDrive - SCHEFFER\Documentos\Qlik\Sense\Apps\Business performance	-	RPC Session Attach: in context ws
Audit	INFO	2021-06-25T15:49:35.763-04:00	6696184889.9	-	C:\Users\leninne.pirovano\OneDrive - SCHEFFER\Documentos\Qlik\Sense\Apps\Business performance	-	Client connected /dataprepservice/app/C%3A%5CUsers%5Cleninne.pirovano%5COneDrive%20-%20SCHEFFER%5CDocumentos%5CQlik%5CSense%5CApps%5CBusiness%20performance.qvf?reloadUri=http%3A%2F%2Flocalhost%3A4848%2Fsense%2Fapp%2FC%253A%255CUsers%255Cleninne.pirovano%255COneDrive%2520-%2520SCHEFFER%255CDocumentos%255CQlik%255CSense%255CApps%255CBusiness%2520performance.qvf%2Ffeature%2Fdesktop_authentication Open sessions: 1 Open rest initiated sessions: 0 Open ws initiated sessions: 1 Total client ws connections: 2 # of clients connected to application: 2
Audit	INFO	2021-06-25T15:52:12.224-04:00	6852645979.3	-	C:\Users\leninne.pirovano\OneDrive - SCHEFFER\Documentos\Qlik\Sense\Apps\Business performance	-	Client closed connection, clearing session...}
Audit	INFO	2021-06-25T15:52:12.224-04:00	6852646413.1	-	C:\Users\leninne.pirovano\OneDrive - SCHEFFER\Documentos\Qlik\Sense\Apps\Business performance	-	Client closed connection: C:\Users\leninne.pirovano\OneDrive - SCHEFFER\Documentos\Qlik\Sense\Apps\Business performance Open sessions: 1 Open rest initiated sessions: 0 Open ws initiated sessions: 1 Total client ws connections: 1 # of clients connected to application: 1
Audit	INFO	2021-06-25T15:52:13.038-04:00	6853460247.9	-	C:\Users\leninne.pirovano\OneDrive - SCHEFFER\Documentos\Qlik\Sense\Apps\Business performance	-	Client closed connection, clearing session...}
Audit	INFO	2021-06-25T15:52:13.039-04:00	6853460727.3	-	C:\Users\leninne.pirovano\OneDrive - SCHEFFER\Documentos\Qlik\Sense\Apps\Business performance	-	Client closed connection: C:\Users\leninne.pirovano\OneDrive - SCHEFFER\Documentos\Qlik\Sense\Apps\Business performance Open sessions: 0 Open rest initiated sessions: 0 Open ws initiated sessions: 0 Total client ws connections: 0 # of clients connected to application: 0
Audit	INFO	2021-06-25T15:52:13.039-04:00	6853461309.7	-	C:\Users\leninne.pirovano\OneDrive - SCHEFFER\Documentos\Qlik\Sense\Apps\Business performance	-	Engine connection released. Active engine connections: 0
Audit	INFO	2021-06-25T15:52:15.704-04:00	6856125757.2	-	C:\Users\leninne.pirovano\OneDrive - SCHEFFER\Documentos\Qlik\Sense\Apps\Business performance	-	RPC Session Create: in context ws
Audit	INFO	2021-06-25T15:52:15.705-04:00	6856126859.6	-	C:\Users\leninne.pirovano\OneDrive - SCHEFFER\Documentos\Qlik\Sense\Apps\Business performance	-	Client connected /dataprepservice/app/C%3A%5CUsers%5Cleninne.pirovano%5COneDrive%20-%20SCHEFFER%5CDocumentos%5CQlik%5CSense%5CApps%5CBusiness%20performance.qvf?reloadUri=http%3A%2F%2Flocalhost%3A4848%2Fsense%2Fapp%2FC%253A%255CUsers%255Cleninne.pirovano%255COneDrive%2520-%2520SCHEFFER%255CDocumentos%255CQlik%255CSense%255CApps%255CBusiness%2520performance.qvf%2Ffeature%2Fdesktop_authentication Open sessions: 1 Open rest initiated sessions: 0 Open ws initiated sessions: 1 Total client ws connections: 1 # of clients connected to application: 1
Audit	INFO	2021-06-25T15:52:15.733-04:00	6856155194.6	-	C:\Users\leninne.pirovano\OneDrive - SCHEFFER\Documentos\Qlik\Sense\Apps\Business performance	-	RPC Session Attach: in context rest
Audit	INFO	2021-06-25T15:52:15.736-04:00	6856157817.2	-	C:\Users\leninne.pirovano\OneDrive - SCHEFFER\Documentos\Qlik\Sense\Apps\Business performance	-	Engine connection established. Active engine connections: 1
Audit	INFO	2021-06-25T15:56:17.843-04:00	7098254987.3	-	C:\Users\leninne.pirovano\OneDrive - SCHEFFER\Documentos\Qlik\Sense\Apps\Business performance	-	RPC Session is inactive
Audit	INFO	2021-06-25T16:00:06.211-04:00	7326615677.4	-	C:\Users\leninne.pirovano\OneDrive - SCHEFFER\Documentos\Qlik\Sense\Apps\Business performance	-	RPC Session Attach: in context ws
Audit	INFO	2021-06-25T16:00:06.212-04:00	7326615948.8	-	C:\Users\leninne.pirovano\OneDrive - SCHEFFER\Documentos\Qlik\Sense\Apps\Business performance	-	Client connected /dataprepservice/app/C%3A%5CUsers%5Cleninne.pirovano%5COneDrive%20-%20SCHEFFER%5CDocumentos%5CQlik%5CSense%5CApps%5CBusiness%20performance.qvf?reloadUri=http%3A%2F%2Flocalhost%3A4848%2Fsense%2Fapp%2FC%253A%255CUsers%255Cleninne.pirovano%255COneDrive%2520-%2520SCHEFFER%255CDocumentos%255CQlik%255CSense%255CApps%255CBusiness%2520performance.qvf%2Ffeature%2Fdesktop_authentication Open sessions: 1 Open rest initiated sessions: 0 Open ws initiated sessions: 1 Total client ws connections: 2 # of clients connected to application: 2
Audit	INFO	2021-06-25T16:00:09.455-04:00	7329858784.9	-	ScratchPadApp_3326c2ef-f6d4-c0e4-ae28-3c18275d	-	Engine connection established. Active engine connections: 2
Audit	INFO	2021-06-25T16:00:27.750-04:00	7348154211.4	-	C:\Users\leninne.pirovano\OneDrive - SCHEFFER\Documentos\Qlik\Sense\Apps\Business performance	-	Client closed connection, clearing session...}
Audit	INFO	2021-06-25T16:00:27.750-04:00	7348154635.3	-	C:\Users\leninne.pirovano\OneDrive - SCHEFFER\Documentos\Qlik\Sense\Apps\Business performance	-	Client closed connection: C:\Users\leninne.pirovano\OneDrive - SCHEFFER\Documentos\Qlik\Sense\Apps\Business performance Open sessions: 1 Open rest initiated sessions: 0 Open ws initiated sessions: 1 Total client ws connections: 1 # of clients connected to application: 1
Audit	INFO	2021-06-25T16:06:17.863-04:00	7698267356.4	-	C:\Users\leninne.pirovano\OneDrive - SCHEFFER\Documentos\Qlik\Sense\Apps\Business performance	-	RPC Session is inactive
Audit	INFO	2021-06-25T16:16:17.863-04:00	8298273357.6	-	C:\Users\leninne.pirovano\OneDrive - SCHEFFER\Documentos\Qlik\Sense\Apps\Business performance	-	RPC Session is inactive
Audit	INFO	2021-06-25T16:26:17.871-04:00	8898280968.5	-	C:\Users\leninne.pirovano\OneDrive - SCHEFFER\Documentos\Qlik\Sense\Apps\Business performance	-	RPC Session is inactive
Audit	INFO	2021-06-25T16:36:17.774-04:00	9498207322	-	da2ac7c3-8c16-bba0-c27f-775ec813	UserDirectory = INTERNAL; UserID= sa_engine	Engine connection established. Active engine connections: 3
Audit	INFO	2021-06-25T16:36:17.794-04:00	9498227926.4	-	da2ac7c3-8c16-bba0-c27f-775ec813	UserDirectory = INTERNAL; UserID= sa_engine	Engine connection released. Active engine connections: 2
Audit	INFO	2021-06-25T16:36:17.848-04:00	9498281733.2	-	C:\Users\leninne.pirovano\OneDrive - SCHEFFER\Documentos\Qlik\Sense\Apps\Business performance	-	RPC Session is inactive
Audit	INFO	2021-06-25T16:36:17.910-04:00	9498343438	-	C:\Users\leninne.pirovano\OneDrive - SCHEFFER\Documentos\Qlik\Sense\Apps\Business performance	-	DPS Rest session has reached expiry, clearing rest session
Audit	INFO	2021-06-25T16:37:48.358-04:00	9588794067.9	-	C:\Users\leninne.pirovano\OneDrive - SCHEFFER\Documentos\Qlik\Sense\Apps\Business performance	-	RPC Session Attach: in context rest
Audit	INFO	2021-06-25T16:44:55.335-04:00	10015771105.8	-	C:\Users\leninne.pirovano\OneDrive - SCHEFFER\Documentos\Qlik\Sense\Apps\Business performance	-	Client closed connection, clearing session...}
Audit	INFO	2021-06-25T16:44:55.336-04:00	10015772035.1	-	ScratchPadApp_3326c2ef-f6d4-c0e4-ae28-3c18275d	-	Engine connection released. Active engine connections: 1
Audit	INFO	2021-06-25T16:44:55.337-04:00	10015773110.4	-	C:\Users\leninne.pirovano\OneDrive - SCHEFFER\Documentos\Qlik\Sense\Apps\Business performance	-	Client closed connection: C:\Users\leninne.pirovano\OneDrive - SCHEFFER\Documentos\Qlik\Sense\Apps\Business performance Open sessions: 0 Open rest initiated sessions: 0 Open ws initiated sessions: 0 Total client ws connections: 0 # of clients connected to application: 0
Audit	INFO	2021-06-25T16:44:55.338-04:00	10015774177.6	-	C:\Users\leninne.pirovano\OneDrive - SCHEFFER\Documentos\Qlik\Sense\Apps\Business performance	-	Engine connection released. Active engine connections: 0
Audit	INFO	2021-06-25T16:44:57.658-04:00	10018094461	-	C:\Users\leninne.pirovano\OneDrive - SCHEFFER\Documentos\Qlik\Sense\Apps\Business performance	-	RPC Session Create: in context ws
Audit	INFO	2021-06-25T16:44:57.659-04:00	10018095460.8	-	C:\Users\leninne.pirovano\OneDrive - SCHEFFER\Documentos\Qlik\Sense\Apps\Business performance	-	Client connected /dataprepservice/app/C%3A%5CUsers%5Cleninne.pirovano%5COneDrive%20-%20SCHEFFER%5CDocumentos%5CQlik%5CSense%5CApps%5CBusiness%20performance.qvf?reloadUri=http%3A%2F%2Flocalhost%3A4848%2Fsense%2Fapp%2FC%253A%255CUsers%255Cleninne.pirovano%255COneDrive%2520-%2520SCHEFFER%255CDocumentos%255CQlik%255CSense%255CApps%255CBusiness%2520performance.qvf%2Ffeature%2Fdesktop_authentication Open sessions: 1 Open rest initiated sessions: 0 Open ws initiated sessions: 1 Total client ws connections: 1 # of clients connected to application: 1
Audit	INFO	2021-06-25T16:44:57.680-04:00	10018116395.4	-	C:\Users\leninne.pirovano\OneDrive - SCHEFFER\Documentos\Qlik\Sense\Apps\Business performance	-	RPC Session Attach: in context rest
Audit	INFO	2021-06-25T16:44:57.683-04:00	10018118552.8	-	C:\Users\leninne.pirovano\OneDrive - SCHEFFER\Documentos\Qlik\Sense\Apps\Business performance	-	Engine connection established. Active engine connections: 1
Audit	INFO	2021-06-25T16:45:35.215-04:00	10055651125.6	-	C:\Users\leninne.pirovano\OneDrive - SCHEFFER\Documentos\Qlik\Sense\Apps\Business performance	-	RPC Session Attach: in context ws
Audit	INFO	2021-06-25T16:45:35.216-04:00	10055651674.6	-	C:\Users\leninne.pirovano\OneDrive - SCHEFFER\Documentos\Qlik\Sense\Apps\Business performance	-	Client connected /dataprepservice/app/C%3A%5CUsers%5Cleninne.pirovano%5COneDrive%20-%20SCHEFFER%5CDocumentos%5CQlik%5CSense%5CApps%5CBusiness%20performance.qvf?reloadUri=http%3A%2F%2Flocalhost%3A4848%2Fsense%2Fapp%2FC%253A%255CUsers%255Cleninne.pirovano%255COneDrive%2520-%2520SCHEFFER%255CDocumentos%255CQlik%255CSense%255CApps%255CBusiness%2520performance.qvf%2Ffeature%2Fdesktop_authentication Open sessions: 1 Open rest initiated sessions: 0 Open ws initiated sessions: 1 Total client ws connections: 2 # of clients connected to application: 2
Audit	INFO	2021-06-25T16:45:35.932-04:00	10056368377.4	-	C:\Users\leninne.pirovano\OneDrive - SCHEFFER\Documentos\Qlik\Sense\Apps\Business performance	-	Client closed connection, clearing session...}
Audit	INFO	2021-06-25T16:45:35.933-04:00	10056368738.6	-	C:\Users\leninne.pirovano\OneDrive - SCHEFFER\Documentos\Qlik\Sense\Apps\Business performance	-	Client closed connection: C:\Users\leninne.pirovano\OneDrive - SCHEFFER\Documentos\Qlik\Sense\Apps\Business performance Open sessions: 1 Open rest initiated sessions: 0 Open ws initiated sessions: 1 Total client ws connections: 1 # of clients connected to application: 1
Audit	INFO	2021-06-25T16:46:17.851-04:00	10098283057.5	-	C:\Users\leninne.pirovano\OneDrive - SCHEFFER\Documentos\Qlik\Sense\Apps\Business performance	-	RPC Session is inactive
Audit	INFO	2021-06-25T16:52:07.366-04:00	10447780717.4	-	C:\Users\leninne.pirovano\OneDrive - SCHEFFER\Documentos\Qlik\Sense\Apps\Business performance	-	Client closed connection, clearing session...}
Audit	INFO	2021-06-25T16:52:07.367-04:00	10447781237.8	-	C:\Users\leninne.pirovano\OneDrive - SCHEFFER\Documentos\Qlik\Sense\Apps\Business performance	-	Engine connection released. Active engine connections: 0
Audit	INFO	2021-06-25T16:52:07.367-04:00	10447781726.7	-	C:\Users\leninne.pirovano\OneDrive - SCHEFFER\Documentos\Qlik\Sense\Apps\Business performance	-	Client closed connection: C:\Users\leninne.pirovano\OneDrive - SCHEFFER\Documentos\Qlik\Sense\Apps\Business performance Open sessions: 0 Open rest initiated sessions: 0 Open ws initiated sessions: 0 Total client ws connections: 0 # of clients connected to application: 0
