Logger	Severity	Date	MicroSeconds	ipAddress	AppId	UserId	Message
Audit	INFO	2021-06-25T13:59:23.167-04:00	83005226.4	-	C:\Users\leninne.pirovano\OneDrive - SCHEFFER\Documentos\Qlik\Sense\Apps\Qtde de estoque atual por Familia	-	RPC Session Create: in context ws
Audit	INFO	2021-06-25T13:59:23.167-04:00	83005904.6	-	C:\Users\leninne.pirovano\OneDrive - SCHEFFER\Documentos\Qlik\Sense\Apps\Qtde de estoque atual por Familia	-	Client connected /dataprepservice/app/C%3A%5CUsers%5Cleninne.pirovano%5COneDrive%20-%20SCHEFFER%5CDocumentos%5CQlik%5CSense%5CApps%5CQtde%20de%20estoque%20atual%20por%20Familia.qvf?reloadUri=http%3A%2F%2Flocalhost%3A4848%2Fsense%2Fapp%2FC%253A%255CUsers%255Cleninne.pirovano%255COneDrive%2520-%2520SCHEFFER%255CDocumentos%255CQlik%255CSense%255CApps%255CQtde%2520de%2520estoque%2520atual%2520por%2520Familia.qvf%2Ffeature%2Fdesktop_authentication Open sessions: 1 Open rest initiated sessions: 0 Open ws initiated sessions: 1 Total client ws connections: 1 # of clients connected to application: 1
Audit	INFO	2021-06-25T13:59:23.180-04:00	83018385.9	-	C:\Users\leninne.pirovano\OneDrive - SCHEFFER\Documentos\Qlik\Sense\Apps\Qtde de estoque atual por Familia	-	RPC Session Attach: in context rest
Audit	INFO	2021-06-25T13:59:23.191-04:00	83029868.9	-	C:\Users\leninne.pirovano\OneDrive - SCHEFFER\Documentos\Qlik\Sense\Apps\Qtde de estoque atual por Familia	-	Engine connection established. Active engine connections: 1
Audit	INFO	2021-06-25T13:59:25.397-04:00	85235041.5	-	C:\Users\leninne.pirovano\OneDrive - SCHEFFER\Documentos\Qlik\Sense\Apps\Business performance	-	RPC Session Create: in context ws
Audit	INFO	2021-06-25T13:59:25.397-04:00	85235498.1	-	C:\Users\leninne.pirovano\OneDrive - SCHEFFER\Documentos\Qlik\Sense\Apps\Business performance	-	Client connected /dataprepservice/app/C%3A%5CUsers%5Cleninne.pirovano%5COneDrive%20-%20SCHEFFER%5CDocumentos%5CQlik%5CSense%5CApps%5CBusiness%20performance.qvf?reloadUri=http%3A%2F%2Flocalhost%3A4848%2Fsense%2Fapp%2FC%253A%255CUsers%255Cleninne.pirovano%255COneDrive%2520-%2520SCHEFFER%255CDocumentos%255CQlik%255CSense%255CApps%255CBusiness%2520performance.qvf%2Ffeature%2Fdesktop_authentication Open sessions: 2 Open rest initiated sessions: 0 Open ws initiated sessions: 2 Total client ws connections: 2 # of clients connected to application: 1
Audit	INFO	2021-06-25T13:59:25.407-04:00	85245310.4	-	C:\Users\leninne.pirovano\OneDrive - SCHEFFER\Documentos\Qlik\Sense\Apps\Business performance	-	RPC Session Attach: in context rest
Audit	INFO	2021-06-25T13:59:25.409-04:00	85247124.9	-	C:\Users\leninne.pirovano\OneDrive - SCHEFFER\Documentos\Qlik\Sense\Apps\Business performance	-	Engine connection established. Active engine connections: 2
Audit	INFO	2021-06-25T13:59:26.858-04:00	86692233.4	-	C:\Users\leninne.pirovano\OneDrive - SCHEFFER\Documentos\Qlik\Sense\Apps\Qtde de estoque atual por Familia	-	Client closed connection, clearing session...}
Audit	INFO	2021-06-25T13:59:26.859-04:00	86693624.3	-	C:\Users\leninne.pirovano\OneDrive - SCHEFFER\Documentos\Qlik\Sense\Apps\Qtde de estoque atual por Familia	-	Engine connection released. Active engine connections: 1
Audit	INFO	2021-06-25T13:59:26.861-04:00	86694768.6	-	C:\Users\leninne.pirovano\OneDrive - SCHEFFER\Documentos\Qlik\Sense\Apps\Qtde de estoque atual por Familia	-	Client closed connection: C:\Users\leninne.pirovano\OneDrive - SCHEFFER\Documentos\Qlik\Sense\Apps\Qtde de estoque atual por Familia Open sessions: 1 Open rest initiated sessions: 0 Open ws initiated sessions: 1 Total client ws connections: 1 # of clients connected to application: 0
Audit	INFO	2021-06-25T14:08:28.130-04:00	627903943.3	-	C:\Users\leninne.pirovano\OneDrive - SCHEFFER\Documentos\Qlik\Sense\Apps\Business performance	-	RPC Session is inactive
Audit	INFO	2021-06-25T14:13:22.308-04:00	922065564.7	-	C:\Users\leninne.pirovano\OneDrive - SCHEFFER\Documentos\Qlik\Sense\Apps\Business performance	-	RPC Session Attach: in context ws
Audit	INFO	2021-06-25T14:13:22.309-04:00	922066328.6	-	C:\Users\leninne.pirovano\OneDrive - SCHEFFER\Documentos\Qlik\Sense\Apps\Business performance	-	Client connected /dataprepservice/app/C%3A%5CUsers%5Cleninne.pirovano%5COneDrive%20-%20SCHEFFER%5CDocumentos%5CQlik%5CSense%5CApps%5CBusiness%20performance.qvf?reloadUri=http%3A%2F%2Flocalhost%3A4848%2Fsense%2Fapp%2FC%253A%255CUsers%255Cleninne.pirovano%255COneDrive%2520-%2520SCHEFFER%255CDocumentos%255CQlik%255CSense%255CApps%255CBusiness%2520performance.qvf%2Ffeature%2Fdesktop_authentication Open sessions: 1 Open rest initiated sessions: 0 Open ws initiated sessions: 1 Total client ws connections: 2 # of clients connected to application: 2
Audit	INFO	2021-06-25T14:13:24.408-04:00	924165740.5	-	C:\Users\leninne.pirovano\OneDrive - SCHEFFER\Documentos\Qlik\Sense\Apps\Qtde de estoque atual por Familia	-	RPC Session Create: in context ws
Audit	INFO	2021-06-25T14:13:24.409-04:00	924166293.6	-	C:\Users\leninne.pirovano\OneDrive - SCHEFFER\Documentos\Qlik\Sense\Apps\Qtde de estoque atual por Familia	-	Client connected /dataprepservice/app/C%3A%5CUsers%5Cleninne.pirovano%5COneDrive%20-%20SCHEFFER%5CDocumentos%5CQlik%5CSense%5CApps%5CQtde%20de%20estoque%20atual%20por%20Familia.qvf?reloadUri=http%3A%2F%2Flocalhost%3A4848%2Fsense%2Fapp%2FC%253A%255CUsers%255Cleninne.pirovano%255COneDrive%2520-%2520SCHEFFER%255CDocumentos%255CQlik%255CSense%255CApps%255CQtde%2520de%2520estoque%2520atual%2520por%2520Familia.qvf%2Ffeature%2Fdesktop_authentication Open sessions: 2 Open rest initiated sessions: 0 Open ws initiated sessions: 2 Total client ws connections: 3 # of clients connected to application: 1
Audit	INFO	2021-06-25T14:13:24.424-04:00	924181403.7	-	C:\Users\leninne.pirovano\OneDrive - SCHEFFER\Documentos\Qlik\Sense\Apps\Qtde de estoque atual por Familia	-	RPC Session Attach: in context rest
Audit	INFO	2021-06-25T14:13:24.426-04:00	924183385	-	C:\Users\leninne.pirovano\OneDrive - SCHEFFER\Documentos\Qlik\Sense\Apps\Qtde de estoque atual por Familia	-	Engine connection established. Active engine connections: 2
Audit	INFO	2021-06-25T14:18:28.147-04:00	1227906701.9	-	C:\Users\leninne.pirovano\OneDrive - SCHEFFER\Documentos\Qlik\Sense\Apps\Business performance	-	RPC Session is inactive
Audit	INFO	2021-06-25T14:18:28.148-04:00	1227907203.2	-	C:\Users\leninne.pirovano\OneDrive - SCHEFFER\Documentos\Qlik\Sense\Apps\Qtde de estoque atual por Familia	-	RPC Session is inactive
Audit	INFO	2021-06-25T14:20:29.999-04:00	1349759559.6	-	C:\Users\leninne.pirovano\OneDrive - SCHEFFER\Documentos\Qlik\Sense\Apps\Business performance	-	Client closed connection, clearing session...}
Audit	INFO	2021-06-25T14:20:29.999-04:00	1349759930.3	-	C:\Users\leninne.pirovano\OneDrive - SCHEFFER\Documentos\Qlik\Sense\Apps\Business performance	-	Client closed connection: C:\Users\leninne.pirovano\OneDrive - SCHEFFER\Documentos\Qlik\Sense\Apps\Business performance Open sessions: 2 Open rest initiated sessions: 0 Open ws initiated sessions: 2 Total client ws connections: 2 # of clients connected to application: 1
Audit	INFO	2021-06-25T14:20:48.133-04:00	1367894735.8	-	C:\Users\leninne.pirovano\OneDrive - SCHEFFER\Documentos\Qlik\Sense\Apps\Business performance	-	RPC Session Attach: in context ws
Audit	INFO	2021-06-25T14:20:48.133-04:00	1367895088.9	-	C:\Users\leninne.pirovano\OneDrive - SCHEFFER\Documentos\Qlik\Sense\Apps\Business performance	-	Client connected /dataprepservice/app/C%3A%5CUsers%5Cleninne.pirovano%5COneDrive%20-%20SCHEFFER%5CDocumentos%5CQlik%5CSense%5CApps%5CBusiness%20performance.qvf?reloadUri=http%3A%2F%2Flocalhost%3A4848%2Fsense%2Fapp%2FC%253A%255CUsers%255Cleninne.pirovano%255COneDrive%2520-%2520SCHEFFER%255CDocumentos%255CQlik%255CSense%255CApps%255CBusiness%2520performance.qvf%2Ffeature%2Fdesktop_authentication Open sessions: 2 Open rest initiated sessions: 0 Open ws initiated sessions: 2 Total client ws connections: 3 # of clients connected to application: 2
Audit	INFO	2021-06-25T14:20:49.893-04:00	1369654612.8	-	C:\Users\leninne.pirovano\OneDrive - SCHEFFER\Documentos\Qlik\Sense\Apps\Business performance	-	Client closed connection, clearing session...}
Audit	INFO	2021-06-25T14:20:49.893-04:00	1369655092.3	-	C:\Users\leninne.pirovano\OneDrive - SCHEFFER\Documentos\Qlik\Sense\Apps\Business performance	-	Client closed connection: C:\Users\leninne.pirovano\OneDrive - SCHEFFER\Documentos\Qlik\Sense\Apps\Business performance Open sessions: 2 Open rest initiated sessions: 0 Open ws initiated sessions: 2 Total client ws connections: 2 # of clients connected to application: 1
Audit	INFO	2021-06-25T14:21:09.742-04:00	1389503954.8	-	C:\Users\leninne.pirovano\OneDrive - SCHEFFER\Documentos\Qlik\Sense\Apps\Qtde de estoque atual por Familia	-	Client closed connection, clearing session...}
Audit	INFO	2021-06-25T14:21:09.743-04:00	1389504420	-	C:\Users\leninne.pirovano\OneDrive - SCHEFFER\Documentos\Qlik\Sense\Apps\Qtde de estoque atual por Familia	-	Engine connection released. Active engine connections: 1
Audit	INFO	2021-06-25T14:21:09.743-04:00	1389504823.5	-	C:\Users\leninne.pirovano\OneDrive - SCHEFFER\Documentos\Qlik\Sense\Apps\Qtde de estoque atual por Familia	-	Client closed connection: C:\Users\leninne.pirovano\OneDrive - SCHEFFER\Documentos\Qlik\Sense\Apps\Qtde de estoque atual por Familia Open sessions: 1 Open rest initiated sessions: 0 Open ws initiated sessions: 1 Total client ws connections: 1 # of clients connected to application: 0
Audit	INFO	2021-06-25T14:21:33.351-04:00	1413113127.2	-	ScratchPadApp_971dbb0f-2cd0-bcdf-540d-1f6b1f0b	-	Engine connection established. Active engine connections: 2
Audit	INFO	2021-06-25T14:28:28.149-04:00	1827911048.7	-	C:\Users\leninne.pirovano\OneDrive - SCHEFFER\Documentos\Qlik\Sense\Apps\Business performance	-	RPC Session is inactive
Audit	INFO	2021-06-25T14:35:48.834-04:00	2268590599.6	-	C:\Users\leninne.pirovano\OneDrive - SCHEFFER\Documentos\Qlik\Sense\Apps\Business performance	-	Client closed connection, clearing session...}
Audit	INFO	2021-06-25T14:35:48.835-04:00	2268591384.4	-	ScratchPadApp_971dbb0f-2cd0-bcdf-540d-1f6b1f0b	-	Engine connection released. Active engine connections: 1
Audit	INFO	2021-06-25T14:35:48.837-04:00	2268593873.6	-	C:\Users\leninne.pirovano\OneDrive - SCHEFFER\Documentos\Qlik\Sense\Apps\Business performance	-	Client closed connection: C:\Users\leninne.pirovano\OneDrive - SCHEFFER\Documentos\Qlik\Sense\Apps\Business performance Open sessions: 0 Open rest initiated sessions: 0 Open ws initiated sessions: 0 Total client ws connections: 0 # of clients connected to application: 0
Audit	INFO	2021-06-25T14:35:48.839-04:00	2268596097.2	-	C:\Users\leninne.pirovano\OneDrive - SCHEFFER\Documentos\Qlik\Sense\Apps\Business performance	-	Engine connection released. Active engine connections: 0
