Logger	Severity	Date	MicroSeconds	AppId	UserId	Message
Engine	INFO	2021-06-29T14:22:39.282-04:00	347081711522.9	C:\Users\leninne.pirovano\OneDrive - SCHEFFER\Documentos\Qlik\Sense\Apps\Business performance	-	request OpenDoc
Engine	INFO	2021-06-29T14:22:39.284-04:00	347081712915.7	C:\Users\leninne.pirovano\OneDrive - SCHEFFER\Documentos\Qlik\Sense\Apps\Business performance	-	Response {"jsonrpc":"2.0","method":"OnConnected","params":{"qSessionState":"SESSION_ATTACHED"}} Engine method 'OnConnected', response time: -1
Engine	INFO	2021-06-29T14:22:39.288-04:00	347081717128.5	C:\Users\leninne.pirovano\OneDrive - SCHEFFER\Documentos\Qlik\Sense\Apps\Business performance	-	Response {"jsonrpc":"2.0","id":1,"result":{"qReturn":{"qType":"Doc","qHandle":1,"qGenericId":"C:\\Users\\leninne.pirovano\\OneDrive - SCHEFFER\\Documentos\\Qlik\\Sense\\Apps\\Business performance.qvf"}}} Engine method 'OpenDoc', response time: 7
Engine	INFO	2021-06-29T14:33:37.153-04:00	347739550013.4	ScratchPadApp_4d06e1e6-e7b4-912e-fd10-c8ad1c43	-	request CreateSessionAppFromApp
Engine	INFO	2021-06-29T14:33:37.157-04:00	347739554494.8	ScratchPadApp_4d06e1e6-e7b4-912e-fd10-c8ad1c43	-	Response {"jsonrpc":"2.0","method":"OnConnected","params":{"qSessionState":"SESSION_CREATED"}} Engine method 'OnConnected', response time: -1
Engine	INFO	2021-06-29T14:33:37.228-04:00	347739624740.6	ScratchPadApp_4d06e1e6-e7b4-912e-fd10-c8ad1c43	-	Response {"jsonrpc":"2.0","id":7,"result":{"qReturn":{"qType":"Doc","qHandle":1,"qGenericId":"SessionApp_29e2661c-4b46-48ab-89fe-4e4b183dbc6f"},"qSessionAppId":"SessionApp_29e2661c-4b46-48ab-89fe-4e4b183dbc6f"},"change":[1]} Engine method 'CreateSessionAppFromApp', response time: 75
Engine	INFO	2021-06-29T14:33:37.259-04:00	347739656368.3	ScratchPadApp_4d06e1e6-e7b4-912e-fd10-c8ad1c43	-	request DoReload
Engine	INFO	2021-06-29T14:33:37.508-04:00	347739905176.3	ScratchPadApp_4d06e1e6-e7b4-912e-fd10-c8ad1c43	-	Response {"jsonrpc":"2.0","id":14,"result":{"qReturn":true},"change":[1]} Engine method 'DoReload', response time: 249
Engine	INFO	2021-06-29T15:09:11.870-04:00	349874256156.2	ScratchPadApp_f5402d64-60ad-268f-a532-4fc9d7dc	-	request CreateSessionAppFromApp
Engine	INFO	2021-06-29T15:09:11.871-04:00	349874256561.9	ScratchPadApp_f5402d64-60ad-268f-a532-4fc9d7dc	-	Response {"jsonrpc":"2.0","method":"OnConnected","params":{"qSessionState":"SESSION_CREATED"}} Engine method 'OnConnected', response time: -1
Engine	INFO	2021-06-29T15:09:11.930-04:00	349874315714.7	ScratchPadApp_f5402d64-60ad-268f-a532-4fc9d7dc	-	Response {"jsonrpc":"2.0","id":178,"result":{"qReturn":{"qType":"Doc","qHandle":1,"qGenericId":"SessionApp_c4280f8e-5153-4d30-bee3-140393652f1d"},"qSessionAppId":"SessionApp_c4280f8e-5153-4d30-bee3-140393652f1d"},"change":[1]} Engine method 'CreateSessionAppFromApp', response time: 60
Engine	INFO	2021-06-29T15:09:11.961-04:00	349874347324.4	ScratchPadApp_f5402d64-60ad-268f-a532-4fc9d7dc	-	request DoReload
Engine	INFO	2021-06-29T15:09:12.169-04:00	349874555393.1	ScratchPadApp_f5402d64-60ad-268f-a532-4fc9d7dc	-	Response {"jsonrpc":"2.0","id":182,"result":{"qReturn":true},"change":[1]} Engine method 'DoReload', response time: 208
Engine	INFO	2021-06-29T15:14:53.654-04:00	350216038717.4	ScratchPadApp_702934dc-be05-2fc3-a178-26f7ea80	-	request CreateSessionAppFromApp
Engine	INFO	2021-06-29T15:14:53.655-04:00	350216039040.5	ScratchPadApp_702934dc-be05-2fc3-a178-26f7ea80	-	Response {"jsonrpc":"2.0","method":"OnConnected","params":{"qSessionState":"SESSION_CREATED"}} Engine method 'OnConnected', response time: -1
Engine	INFO	2021-06-29T15:14:53.721-04:00	350216105788.3	ScratchPadApp_702934dc-be05-2fc3-a178-26f7ea80	-	Response {"jsonrpc":"2.0","id":242,"result":{"qReturn":{"qType":"Doc","qHandle":1,"qGenericId":"SessionApp_9f073d02-d1bc-4924-823d-ffdcc640a6dc"},"qSessionAppId":"SessionApp_9f073d02-d1bc-4924-823d-ffdcc640a6dc"},"change":[1]} Engine method 'CreateSessionAppFromApp', response time: 67
Engine	INFO	2021-06-29T15:14:53.749-04:00	350216133243.2	ScratchPadApp_702934dc-be05-2fc3-a178-26f7ea80	-	request DoReload
Engine	INFO	2021-06-29T15:14:53.956-04:00	350216339952.1	ScratchPadApp_702934dc-be05-2fc3-a178-26f7ea80	-	Response {"jsonrpc":"2.0","id":246,"result":{"qReturn":true},"change":[1]} Engine method 'DoReload', response time: 206
Engine	INFO	2021-06-29T15:21:08.985-04:00	350591362036.1	ScratchPadApp_c24d7ffa-4b1e-6c05-6d42-6ee6041a	-	request CreateSessionAppFromApp
Engine	INFO	2021-06-29T15:21:08.986-04:00	350591362467.5	ScratchPadApp_c24d7ffa-4b1e-6c05-6d42-6ee6041a	-	Response {"jsonrpc":"2.0","method":"OnConnected","params":{"qSessionState":"SESSION_CREATED"}} Engine method 'OnConnected', response time: -1
Engine	INFO	2021-06-29T15:21:09.038-04:00	350591414702.6	ScratchPadApp_c24d7ffa-4b1e-6c05-6d42-6ee6041a	-	Response {"jsonrpc":"2.0","id":443,"result":{"qReturn":{"qType":"Doc","qHandle":1,"qGenericId":"SessionApp_4bb81fe2-b678-4445-b8b1-36e8d26c83b5"},"qSessionAppId":"SessionApp_4bb81fe2-b678-4445-b8b1-36e8d26c83b5"},"change":[1]} Engine method 'CreateSessionAppFromApp', response time: 53
Engine	INFO	2021-06-29T15:21:09.067-04:00	350591443639	ScratchPadApp_c24d7ffa-4b1e-6c05-6d42-6ee6041a	-	request DoReload
Engine	INFO	2021-06-29T15:21:09.277-04:00	350591653809.2	ScratchPadApp_c24d7ffa-4b1e-6c05-6d42-6ee6041a	-	Response {"jsonrpc":"2.0","id":447,"result":{"qReturn":true},"change":[1]} Engine method 'DoReload', response time: 210
Engine	INFO	2021-06-29T15:22:03.803-04:00	350646179199.8	c17362a4-e6e6-e4ca-aa98-9eee01b4	UserDirectory = INTERNAL; UserID= sa_engine	Response {"jsonrpc":"2.0","method":"OnConnected","params":{"qSessionState":"SESSION_CREATED"}} Engine method 'OnConnected', response time: -1
Engine	INFO	2021-06-29T15:23:35.185-04:00	350737559516.1	ScratchPadApp_65dc6474-f88d-6c05-743b-16e4d3fa	-	request CreateSessionAppFromApp
Engine	INFO	2021-06-29T15:23:35.186-04:00	350737560201	ScratchPadApp_65dc6474-f88d-6c05-743b-16e4d3fa	-	Response {"jsonrpc":"2.0","method":"OnConnected","params":{"qSessionState":"SESSION_CREATED"}} Engine method 'OnConnected', response time: -1
Engine	INFO	2021-06-29T15:23:35.245-04:00	350737619176.7	ScratchPadApp_65dc6474-f88d-6c05-743b-16e4d3fa	-	Response {"jsonrpc":"2.0","id":642,"result":{"qReturn":{"qType":"Doc","qHandle":1,"qGenericId":"SessionApp_8300f9ac-738b-4368-81f3-131bd100c28f"},"qSessionAppId":"SessionApp_8300f9ac-738b-4368-81f3-131bd100c28f"},"change":[1]} Engine method 'CreateSessionAppFromApp', response time: 60
Engine	INFO	2021-06-29T15:23:35.273-04:00	350737647960.1	ScratchPadApp_65dc6474-f88d-6c05-743b-16e4d3fa	-	request DoReload
Engine	INFO	2021-06-29T15:23:35.570-04:00	350737944434	ScratchPadApp_65dc6474-f88d-6c05-743b-16e4d3fa	-	Response {"jsonrpc":"2.0","id":646,"result":{"qReturn":true},"change":[1]} Engine method 'DoReload', response time: 296
Engine	INFO	2021-06-29T15:26:24.865-04:00	350907238319.9	ScratchPadApp_ccf1967d-b48a-567e-f320-452b4d8c	-	request CreateSessionAppFromApp
Engine	INFO	2021-06-29T15:26:24.865-04:00	350907238904.2	ScratchPadApp_ccf1967d-b48a-567e-f320-452b4d8c	-	Response {"jsonrpc":"2.0","method":"OnConnected","params":{"qSessionState":"SESSION_CREATED"}} Engine method 'OnConnected', response time: -1
Engine	WARN	2021-06-29T15:26:24.934-04:00	350907307870.2	ScratchPadApp_ccf1967d-b48a-567e-f320-452b4d8c	-	Engine method 'GetHyperCubeData', response time: 1
Engine	INFO	2021-06-29T15:26:24.947-04:00	350907320228.7	ScratchPadApp_ccf1967d-b48a-567e-f320-452b4d8c	-	Response {"jsonrpc":"2.0","id":896,"result":{"qReturn":{"qType":"Doc","qHandle":1,"qGenericId":"SessionApp_8bc95ebe-dd7c-4ee7-8ca7-f7dace7f691d"},"qSessionAppId":"SessionApp_8bc95ebe-dd7c-4ee7-8ca7-f7dace7f691d"},"change":[1]} Engine method 'CreateSessionAppFromApp', response time: 83
Engine	INFO	2021-06-29T15:26:24.987-04:00	350907360840.5	ScratchPadApp_ccf1967d-b48a-567e-f320-452b4d8c	-	request DoReload
Engine	INFO	2021-06-29T15:26:25.226-04:00	350907599713.5	ScratchPadApp_ccf1967d-b48a-567e-f320-452b4d8c	-	Response {"jsonrpc":"2.0","id":901,"result":{"qReturn":true},"change":[1]} Engine method 'DoReload', response time: 240
Engine	INFO	2021-06-29T15:30:35.092-04:00	351157464755.9	ScratchPadApp_f7ad7153-a0b9-94e9-49bc-6859b572	-	request CreateSessionAppFromApp
Engine	INFO	2021-06-29T15:30:35.092-04:00	351157465145.8	ScratchPadApp_f7ad7153-a0b9-94e9-49bc-6859b572	-	Response {"jsonrpc":"2.0","method":"OnConnected","params":{"qSessionState":"SESSION_CREATED"}} Engine method 'OnConnected', response time: -1
Engine	INFO	2021-06-29T15:30:35.146-04:00	351157519223.3	ScratchPadApp_f7ad7153-a0b9-94e9-49bc-6859b572	-	Response {"jsonrpc":"2.0","id":1161,"result":{"qReturn":{"qType":"Doc","qHandle":1,"qGenericId":"SessionApp_64713348-959c-466c-8ebb-0d86f5be225f"},"qSessionAppId":"SessionApp_64713348-959c-466c-8ebb-0d86f5be225f"},"change":[1]} Engine method 'CreateSessionAppFromApp', response time: 54
Engine	INFO	2021-06-29T15:30:35.175-04:00	351157547351.6	ScratchPadApp_f7ad7153-a0b9-94e9-49bc-6859b572	-	request DoReload
Engine	WARN	2021-06-29T15:30:35.314-04:00	351157686976.1	ScratchPadApp_f7ad7153-a0b9-94e9-49bc-6859b572	-	Engine method 'GetHyperCubeData', response time: 0
Engine	INFO	2021-06-29T15:30:35.406-04:00	351157778878.6	ScratchPadApp_f7ad7153-a0b9-94e9-49bc-6859b572	-	Response {"jsonrpc":"2.0","id":1165,"result":{"qReturn":true},"change":[1]} Engine method 'DoReload', response time: 232
Engine	INFO	2021-06-29T15:37:48.527-04:00	351590908184.9	ScratchPadApp_108b6485-614d-9956-49d0-ca28569f	-	request CreateSessionAppFromApp
Engine	INFO	2021-06-29T15:37:48.528-04:00	351590908581.5	ScratchPadApp_108b6485-614d-9956-49d0-ca28569f	-	Response {"jsonrpc":"2.0","method":"OnConnected","params":{"qSessionState":"SESSION_CREATED"}} Engine method 'OnConnected', response time: -1
Engine	INFO	2021-06-29T15:37:48.585-04:00	351590966095.9	ScratchPadApp_108b6485-614d-9956-49d0-ca28569f	-	Response {"jsonrpc":"2.0","id":1452,"result":{"qReturn":{"qType":"Doc","qHandle":1,"qGenericId":"SessionApp_b9483187-0d10-46ae-853f-01cf56cd726f"},"qSessionAppId":"SessionApp_b9483187-0d10-46ae-853f-01cf56cd726f"},"change":[1]} Engine method 'CreateSessionAppFromApp', response time: 58
Engine	INFO	2021-06-29T15:37:48.613-04:00	351590993946.5	ScratchPadApp_108b6485-614d-9956-49d0-ca28569f	-	request DoReload
Engine	INFO	2021-06-29T15:37:48.840-04:00	351591221245.4	ScratchPadApp_108b6485-614d-9956-49d0-ca28569f	-	Response {"jsonrpc":"2.0","id":1459,"result":{"qReturn":true},"change":[1]} Engine method 'DoReload', response time: 227
Engine	INFO	2021-06-29T15:42:57.779-04:00	351900162929.9	ScratchPadApp_04012ba3-ff7f-89ee-6038-10381e2a	-	request CreateSessionAppFromApp
Engine	INFO	2021-06-29T15:42:57.780-04:00	351900163267.9	ScratchPadApp_04012ba3-ff7f-89ee-6038-10381e2a	-	Response {"jsonrpc":"2.0","method":"OnConnected","params":{"qSessionState":"SESSION_CREATED"}} Engine method 'OnConnected', response time: -1
Engine	INFO	2021-06-29T15:42:57.871-04:00	351900254762.7	ScratchPadApp_04012ba3-ff7f-89ee-6038-10381e2a	-	Response {"jsonrpc":"2.0","id":1566,"result":{"qReturn":{"qType":"Doc","qHandle":1,"qGenericId":"SessionApp_cec0c531-37b2-40d7-9e94-aa9689254bc6"},"qSessionAppId":"SessionApp_cec0c531-37b2-40d7-9e94-aa9689254bc6"},"change":[1]} Engine method 'CreateSessionAppFromApp', response time: 92
Engine	INFO	2021-06-29T15:42:57.910-04:00	351900293486.8	ScratchPadApp_04012ba3-ff7f-89ee-6038-10381e2a	-	request DoReload
Engine	INFO	2021-06-29T15:42:58.144-04:00	351900527424.9	ScratchPadApp_04012ba3-ff7f-89ee-6038-10381e2a	-	Response {"jsonrpc":"2.0","id":1571,"result":{"qReturn":true},"change":[1]} Engine method 'DoReload', response time: 234
Engine	WARN	2021-06-29T15:42:59.107-04:00	351901490394.2	ScratchPadApp_04012ba3-ff7f-89ee-6038-10381e2a	-	Engine method 'GetTableData', response time: 4
Engine	WARN	2021-06-29T15:42:59.265-04:00	351901648087.5	ScratchPadApp_04012ba3-ff7f-89ee-6038-10381e2a	-	Engine method 'GetTableData', response time: 1
Engine	INFO	2021-06-29T15:43:19.805-04:00	351922188942.1	ScratchPadApp_1f98ea4e-c007-2383-65c3-6c821836	-	request CreateSessionAppFromApp
Engine	INFO	2021-06-29T15:43:19.806-04:00	351922189311.9	ScratchPadApp_1f98ea4e-c007-2383-65c3-6c821836	-	Response {"jsonrpc":"2.0","method":"OnConnected","params":{"qSessionState":"SESSION_CREATED"}} Engine method 'OnConnected', response time: -1
Engine	INFO	2021-06-29T15:43:19.869-04:00	351922252888.3	ScratchPadApp_1f98ea4e-c007-2383-65c3-6c821836	-	Response {"jsonrpc":"2.0","id":1700,"result":{"qReturn":{"qType":"Doc","qHandle":1,"qGenericId":"SessionApp_8056baa7-524c-4498-baa1-bf1c7ed26ce6"},"qSessionAppId":"SessionApp_8056baa7-524c-4498-baa1-bf1c7ed26ce6"},"change":[1]} Engine method 'CreateSessionAppFromApp', response time: 64
Engine	INFO	2021-06-29T15:43:19.901-04:00	351922284683	ScratchPadApp_1f98ea4e-c007-2383-65c3-6c821836	-	request DoReload
Engine	INFO	2021-06-29T15:43:20.187-04:00	351922570454.3	ScratchPadApp_1f98ea4e-c007-2383-65c3-6c821836	-	Response {"jsonrpc":"2.0","id":1704,"result":{"qReturn":true},"change":[1]} Engine method 'DoReload', response time: 286
Engine	INFO	2021-06-29T15:43:36.845-04:00	351939228902.6	ScratchPadApp_0fac9eda-57f9-7eed-c70a-cf0053f5	-	request CreateSessionAppFromApp
Engine	INFO	2021-06-29T15:43:36.846-04:00	351939229311.6	ScratchPadApp_0fac9eda-57f9-7eed-c70a-cf0053f5	-	Response {"jsonrpc":"2.0","method":"OnConnected","params":{"qSessionState":"SESSION_CREATED"}} Engine method 'OnConnected', response time: -1
Engine	INFO	2021-06-29T15:43:36.905-04:00	351939289186.4	ScratchPadApp_0fac9eda-57f9-7eed-c70a-cf0053f5	-	Response {"jsonrpc":"2.0","id":1803,"result":{"qReturn":{"qType":"Doc","qHandle":1,"qGenericId":"SessionApp_f2f6aefc-14fd-4c31-8d81-b1406b8facc2"},"qSessionAppId":"SessionApp_f2f6aefc-14fd-4c31-8d81-b1406b8facc2"},"change":[1]} Engine method 'CreateSessionAppFromApp', response time: 60
Engine	INFO	2021-06-29T15:43:36.933-04:00	351939316916	ScratchPadApp_0fac9eda-57f9-7eed-c70a-cf0053f5	-	request DoReload
Engine	WARN	2021-06-29T15:43:37.023-04:00	351939406654.1	ScratchPadApp_0fac9eda-57f9-7eed-c70a-cf0053f5	-	Engine method 'GetHyperCubeData', response time: 0
Engine	INFO	2021-06-29T15:43:37.166-04:00	351939550100.1	ScratchPadApp_0fac9eda-57f9-7eed-c70a-cf0053f5	-	Response {"jsonrpc":"2.0","id":1807,"result":{"qReturn":true},"change":[1]} Engine method 'DoReload', response time: 233
Engine	INFO	2021-06-29T15:47:48.888-04:00	352191272156.1	C:\Users\leninne.pirovano\OneDrive - SCHEFFER\Documentos\Qlik\Sense\Apps\Business performance	-	request OpenDoc
Engine	INFO	2021-06-29T15:47:48.888-04:00	352191272596	C:\Users\leninne.pirovano\OneDrive - SCHEFFER\Documentos\Qlik\Sense\Apps\Business performance	-	Response {"jsonrpc":"2.0","method":"OnConnected","params":{"qSessionState":"SESSION_ATTACHED"}} Engine method 'OnConnected', response time: -1
Engine	INFO	2021-06-29T15:47:48.894-04:00	352191278530.1	C:\Users\leninne.pirovano\OneDrive - SCHEFFER\Documentos\Qlik\Sense\Apps\Business performance	-	Response {"jsonrpc":"2.0","id":1901,"result":{"qReturn":{"qType":"Doc","qHandle":1,"qGenericId":"C:\\Users\\leninne.pirovano\\OneDrive - SCHEFFER\\Documentos\\Qlik\\Sense\\Apps\\Business performance.qvf"}}} Engine method 'OpenDoc', response time: 6
Engine	INFO	2021-06-29T16:22:03.824-04:00	354246196646.9	ddce01fb-9e0b-d402-75df-934a4e29	UserDirectory = INTERNAL; UserID= sa_engine	Response {"jsonrpc":"2.0","method":"OnConnected","params":{"qSessionState":"SESSION_CREATED"}} Engine method 'OnConnected', response time: -1
