Logger	Severity	Date	MicroSeconds	ipAddress	AppId	UserId	Message
Audit	INFO	2021-07-02T12:59:41.647-04:00	601308453483.9	-	C:\Users\leninne.pirovano\OneDrive - SCHEFFER\Documentos\Qlik\Sense\Apps\Comercio exterior algodão	-	RPC Session Create: in context ws
Audit	INFO	2021-07-02T12:59:41.648-04:00	601308455061.9	-	C:\Users\leninne.pirovano\OneDrive - SCHEFFER\Documentos\Qlik\Sense\Apps\Comercio exterior algodão	-	Client connected /dataprepservice/app/C%3A%5CUsers%5Cleninne.pirovano%5COneDrive%20-%20SCHEFFER%5CDocumentos%5CQlik%5CSense%5CApps%5CComercio%20exterior%20algod%C3%A3o.qvf?reloadUri=http%3A%2F%2Flocalhost%3A4848%2Fsense%2Fapp%2FC%253A%255CUsers%255Cleninne.pirovano%255COneDrive%2520-%2520SCHEFFER%255CDocumentos%255CQlik%255CSense%255CApps%255CComercio%2520exterior%2520algod%25C3%25A3o.qvf%2Ffeature%2Fdesktop_authentication Open sessions: 1 Open rest initiated sessions: 0 Open ws initiated sessions: 1 Total client ws connections: 1 # of clients connected to application: 1
Audit	INFO	2021-07-02T12:59:41.660-04:00	601308466775.7	-	C:\Users\leninne.pirovano\OneDrive - SCHEFFER\Documentos\Qlik\Sense\Apps\Comercio exterior algodão	-	RPC Session Attach: in context rest
Audit	INFO	2021-07-02T12:59:41.672-04:00	601308478937.5	-	C:\Users\leninne.pirovano\OneDrive - SCHEFFER\Documentos\Qlik\Sense\Apps\Comercio exterior algodão	-	Engine connection established. Active engine connections: 1
Audit	INFO	2021-07-02T13:04:49.230-04:00	601616209426.4	-	C:\Users\leninne.pirovano\OneDrive - SCHEFFER\Documentos\Qlik\Sense\Apps\Comercio exterior algodão	-	RPC Session Attach: in context ws
Audit	INFO	2021-07-02T13:04:49.231-04:00	601616210456.7	-	C:\Users\leninne.pirovano\OneDrive - SCHEFFER\Documentos\Qlik\Sense\Apps\Comercio exterior algodão	-	Client connected /dataprepservice/app/C%3A%5CUsers%5Cleninne.pirovano%5COneDrive%20-%20SCHEFFER%5CDocumentos%5CQlik%5CSense%5CApps%5CComercio%20exterior%20algod%C3%A3o.qvf?reloadUri=http%3A%2F%2Flocalhost%3A4848%2Fsense%2Fapp%2FC%253A%255CUsers%255Cleninne.pirovano%255COneDrive%2520-%2520SCHEFFER%255CDocumentos%255CQlik%255CSense%255CApps%255CComercio%2520exterior%2520algod%25C3%25A3o.qvf%2Ffeature%2Fdesktop_authentication Open sessions: 1 Open rest initiated sessions: 0 Open ws initiated sessions: 1 Total client ws connections: 2 # of clients connected to application: 2
Audit	INFO	2021-07-02T13:04:50.108-04:00	601617087340.5	-	C:\Users\leninne.pirovano\OneDrive - SCHEFFER\Documentos\Qlik\Sense\Apps\Comercio exterior algodão	-	Client closed connection, clearing session...}
Audit	INFO	2021-07-02T13:04:50.108-04:00	601617087697.1	-	C:\Users\leninne.pirovano\OneDrive - SCHEFFER\Documentos\Qlik\Sense\Apps\Comercio exterior algodão	-	Client closed connection: C:\Users\leninne.pirovano\OneDrive - SCHEFFER\Documentos\Qlik\Sense\Apps\Comercio exterior algodão Open sessions: 1 Open rest initiated sessions: 0 Open ws initiated sessions: 1 Total client ws connections: 1 # of clients connected to application: 1
Audit	INFO	2021-07-02T13:04:55.115-04:00	601622094832.4	-	C:\Users\leninne.pirovano\OneDrive - SCHEFFER\Documentos\Qlik\Sense\Apps\teste	-	RPC Session Create: in context ws
Audit	INFO	2021-07-02T13:04:55.116-04:00	601622095326.6	-	C:\Users\leninne.pirovano\OneDrive - SCHEFFER\Documentos\Qlik\Sense\Apps\teste	-	Client connected /dataprepservice/app/C%3A%5CUsers%5Cleninne.pirovano%5COneDrive%20-%20SCHEFFER%5CDocumentos%5CQlik%5CSense%5CApps%5Cteste.qvf?reloadUri=http%3A%2F%2Flocalhost%3A4848%2Fsense%2Fapp%2FC%253A%255CUsers%255Cleninne.pirovano%255COneDrive%2520-%2520SCHEFFER%255CDocumentos%255CQlik%255CSense%255CApps%255Cteste.qvf%2Ffeature%2Fdesktop_authentication Open sessions: 2 Open rest initiated sessions: 0 Open ws initiated sessions: 2 Total client ws connections: 2 # of clients connected to application: 1
Audit	INFO	2021-07-02T13:04:55.126-04:00	601622105550.1	-	C:\Users\leninne.pirovano\OneDrive - SCHEFFER\Documentos\Qlik\Sense\Apps\teste	-	RPC Session Attach: in context rest
Audit	INFO	2021-07-02T13:04:55.129-04:00	601622108190	-	C:\Users\leninne.pirovano\OneDrive - SCHEFFER\Documentos\Qlik\Sense\Apps\teste	-	Engine connection established. Active engine connections: 2
Audit	INFO	2021-07-02T13:07:19.609-04:00	601767025660.9	-	C:\Users\leninne.pirovano\OneDrive - SCHEFFER\Documentos\Qlik\Sense\Apps\teste	-	RPC Session Attach: in context ws
Audit	INFO	2021-07-02T13:07:19.610-04:00	601767025997.4	-	C:\Users\leninne.pirovano\OneDrive - SCHEFFER\Documentos\Qlik\Sense\Apps\teste	-	Client connected /dataprepservice/app/C%3A%5CUsers%5Cleninne.pirovano%5COneDrive%20-%20SCHEFFER%5CDocumentos%5CQlik%5CSense%5CApps%5Cteste.qvf?reloadUri=http%3A%2F%2Flocalhost%3A4848%2Fdatamodelviewer%2Fapp%2FC%253A%255CUsers%255Cleninne.pirovano%255COneDrive%2520-%2520SCHEFFER%255CDocumentos%255CQlik%255CSense%255CApps%255Cteste.qvf%2Ffeature%2Fdesktop_authentication Open sessions: 2 Open rest initiated sessions: 0 Open ws initiated sessions: 2 Total client ws connections: 3 # of clients connected to application: 2
Audit	INFO	2021-07-02T13:07:26.414-04:00	601774048875.8	-	C:\Users\leninne.pirovano\OneDrive - SCHEFFER\Documentos\Qlik\Sense\Apps\teste	-	Client closed connection, clearing session...}
Audit	INFO	2021-07-02T13:07:26.415-04:00	601774049199.4	-	C:\Users\leninne.pirovano\OneDrive - SCHEFFER\Documentos\Qlik\Sense\Apps\teste	-	Client closed connection: C:\Users\leninne.pirovano\OneDrive - SCHEFFER\Documentos\Qlik\Sense\Apps\teste Open sessions: 2 Open rest initiated sessions: 0 Open ws initiated sessions: 2 Total client ws connections: 2 # of clients connected to application: 1
Audit	INFO	2021-07-02T13:08:51.555-04:00	601859407421.2	-	C:\Users\leninne.pirovano\OneDrive - SCHEFFER\Documentos\Qlik\Sense\Apps\teste	-	RPC Session Attach: in context ws
Audit	INFO	2021-07-02T13:08:51.556-04:00	601859408221.6	-	C:\Users\leninne.pirovano\OneDrive - SCHEFFER\Documentos\Qlik\Sense\Apps\teste	-	Client connected /dataprepservice/app/C%3A%5CUsers%5Cleninne.pirovano%5COneDrive%20-%20SCHEFFER%5CDocumentos%5CQlik%5CSense%5CApps%5Cteste.qvf?reloadUri=http%3A%2F%2Flocalhost%3A4848%2Fdatamodelviewer%2Fapp%2FC%253A%255CUsers%255Cleninne.pirovano%255COneDrive%2520-%2520SCHEFFER%255CDocumentos%255CQlik%255CSense%255CApps%255Cteste.qvf%2Ffeature%2Fdesktop_authentication Open sessions: 2 Open rest initiated sessions: 0 Open ws initiated sessions: 2 Total client ws connections: 3 # of clients connected to application: 2
Audit	INFO	2021-07-02T13:09:03.237-04:00	601871089668.8	-	C:\Users\leninne.pirovano\OneDrive - SCHEFFER\Documentos\Qlik\Sense\Apps\teste	-	Client closed connection, clearing session...}
Audit	INFO	2021-07-02T13:09:03.238-04:00	601871089996	-	C:\Users\leninne.pirovano\OneDrive - SCHEFFER\Documentos\Qlik\Sense\Apps\teste	-	Client closed connection: C:\Users\leninne.pirovano\OneDrive - SCHEFFER\Documentos\Qlik\Sense\Apps\teste Open sessions: 2 Open rest initiated sessions: 0 Open ws initiated sessions: 2 Total client ws connections: 2 # of clients connected to application: 1
Audit	INFO	2021-07-02T13:09:21.669-04:00	601889520931	-	C:\Users\leninne.pirovano\OneDrive - SCHEFFER\Documentos\Qlik\Sense\Apps\Comercio exterior algodão	-	RPC Session is inactive
Audit	INFO	2021-07-02T13:09:21.670-04:00	601889521903.6	-	C:\Users\leninne.pirovano\OneDrive - SCHEFFER\Documentos\Qlik\Sense\Apps\teste	-	RPC Session is inactive
Audit	INFO	2021-07-02T13:10:30.740-04:00	601958626807.1	-	C:\Users\leninne.pirovano\OneDrive - SCHEFFER\Documentos\Qlik\Sense\Apps\teste	-	RPC Session Attach: in context ws
Audit	INFO	2021-07-02T13:10:30.741-04:00	601958627268.5	-	C:\Users\leninne.pirovano\OneDrive - SCHEFFER\Documentos\Qlik\Sense\Apps\teste	-	Client connected /dataprepservice/app/C%3A%5CUsers%5Cleninne.pirovano%5COneDrive%20-%20SCHEFFER%5CDocumentos%5CQlik%5CSense%5CApps%5Cteste.qvf?reloadUri=http%3A%2F%2Flocalhost%3A4848%2Fdatamodelviewer%2Fapp%2FC%253A%255CUsers%255Cleninne.pirovano%255COneDrive%2520-%2520SCHEFFER%255CDocumentos%255CQlik%255CSense%255CApps%255Cteste.qvf%2Ffeature%2Fdesktop_authentication Open sessions: 2 Open rest initiated sessions: 0 Open ws initiated sessions: 2 Total client ws connections: 3 # of clients connected to application: 2
Audit	INFO	2021-07-02T13:19:21.636-04:00	602489522180.3	-	C:\Users\leninne.pirovano\OneDrive - SCHEFFER\Documentos\Qlik\Sense\Apps\Comercio exterior algodão	-	RPC Session is inactive
Audit	INFO	2021-07-02T13:19:21.636-04:00	602489522765.1	-	C:\Users\leninne.pirovano\OneDrive - SCHEFFER\Documentos\Qlik\Sense\Apps\teste	-	RPC Session is inactive
Audit	INFO	2021-07-02T13:29:15.920-04:00	603083806739.5	-	C:\Users\leninne.pirovano\OneDrive - SCHEFFER\Documentos\Qlik\Sense\Apps\Comercio exterior algodão	-	Client closed connection, clearing session...}
Audit	INFO	2021-07-02T13:29:15.922-04:00	603083808439.5	-	C:\Users\leninne.pirovano\OneDrive - SCHEFFER\Documentos\Qlik\Sense\Apps\Comercio exterior algodão	-	Client closed connection: C:\Users\leninne.pirovano\OneDrive - SCHEFFER\Documentos\Qlik\Sense\Apps\Comercio exterior algodão Open sessions: 1 Open rest initiated sessions: 0 Open ws initiated sessions: 1 Total client ws connections: 2 # of clients connected to application: 0
Audit	INFO	2021-07-02T13:29:15.923-04:00	603083809884	-	C:\Users\leninne.pirovano\OneDrive - SCHEFFER\Documentos\Qlik\Sense\Apps\Comercio exterior algodão	-	Engine connection released. Active engine connections: 1
Audit	INFO	2021-07-02T13:29:21.649-04:00	603089535744.6	-	C:\Users\leninne.pirovano\OneDrive - SCHEFFER\Documentos\Qlik\Sense\Apps\teste	-	RPC Session is inactive
Audit	INFO	2021-07-02T13:34:12.014-04:00	603379901582.7	-	C:\Users\leninne.pirovano\OneDrive - SCHEFFER\Documentos\Qlik\Sense\Apps\teste	-	Client closed connection, clearing session...}
Audit	INFO	2021-07-02T13:34:12.014-04:00	603379901915.1	-	C:\Users\leninne.pirovano\OneDrive - SCHEFFER\Documentos\Qlik\Sense\Apps\teste	-	Client closed connection: C:\Users\leninne.pirovano\OneDrive - SCHEFFER\Documentos\Qlik\Sense\Apps\teste Open sessions: 1 Open rest initiated sessions: 0 Open ws initiated sessions: 1 Total client ws connections: 1 # of clients connected to application: 1
Audit	INFO	2021-07-02T13:35:33.207-04:00	603461097968.8	-	C:\Users\leninne.pirovano\OneDrive - SCHEFFER\Documentos\Qlik\Sense\Apps\teste	-	RPC Session Attach: in context ws
Audit	INFO	2021-07-02T13:35:33.207-04:00	603461098263.5	-	C:\Users\leninne.pirovano\OneDrive - SCHEFFER\Documentos\Qlik\Sense\Apps\teste	-	Client connected /dataprepservice/app/C%3A%5CUsers%5Cleninne.pirovano%5COneDrive%20-%20SCHEFFER%5CDocumentos%5CQlik%5CSense%5CApps%5Cteste.qvf?reloadUri=http%3A%2F%2Flocalhost%3A4848%2Fdatamodelviewer%2Fapp%2FC%253A%255CUsers%255Cleninne.pirovano%255COneDrive%2520-%2520SCHEFFER%255CDocumentos%255CQlik%255CSense%255CApps%255Cteste.qvf%2Ffeature%2Fdesktop_authentication Open sessions: 1 Open rest initiated sessions: 0 Open ws initiated sessions: 1 Total client ws connections: 2 # of clients connected to application: 2
Audit	INFO	2021-07-02T13:38:16.952-04:00	603624845937.5	-	C:\Users\leninne.pirovano\OneDrive - SCHEFFER\Documentos\Qlik\Sense\Apps\teste	-	RPC Session Attach: in context ws
Audit	INFO	2021-07-02T13:38:16.952-04:00	603624846208.6	-	C:\Users\leninne.pirovano\OneDrive - SCHEFFER\Documentos\Qlik\Sense\Apps\teste	-	Client connected /dataprepservice/app/C%3A%5CUsers%5Cleninne.pirovano%5COneDrive%20-%20SCHEFFER%5CDocumentos%5CQlik%5CSense%5CApps%5Cteste.qvf?reloadUri=http%3A%2F%2Flocalhost%3A4848%2Fdatamodelviewer%2Fapp%2FC%253A%255CUsers%255Cleninne.pirovano%255COneDrive%2520-%2520SCHEFFER%255CDocumentos%255CQlik%255CSense%255CApps%255Cteste.qvf%2Ffeature%2Fdesktop_authentication Open sessions: 1 Open rest initiated sessions: 0 Open ws initiated sessions: 1 Total client ws connections: 3 # of clients connected to application: 3
Audit	INFO	2021-07-02T13:39:21.652-04:00	603689546185.9	-	C:\Users\leninne.pirovano\OneDrive - SCHEFFER\Documentos\Qlik\Sense\Apps\teste	-	RPC Session is inactive
Audit	INFO	2021-07-02T13:43:03.903-04:00	603911797128.6	-	C:\Users\leninne.pirovano\OneDrive - SCHEFFER\Documentos\Qlik\Sense\Apps\teste	-	Client closed connection, clearing session...}
Audit	INFO	2021-07-02T13:43:03.903-04:00	603911797489.4	-	C:\Users\leninne.pirovano\OneDrive - SCHEFFER\Documentos\Qlik\Sense\Apps\teste	-	Client closed connection: C:\Users\leninne.pirovano\OneDrive - SCHEFFER\Documentos\Qlik\Sense\Apps\teste Open sessions: 1 Open rest initiated sessions: 0 Open ws initiated sessions: 1 Total client ws connections: 2 # of clients connected to application: 2
Audit	INFO	2021-07-02T13:43:16.673-04:00	603924567437.3	-	C:\Users\leninne.pirovano\OneDrive - SCHEFFER\Documentos\Qlik\Sense\Apps\teste	-	RPC Session Attach: in context ws
Audit	INFO	2021-07-02T13:43:16.674-04:00	603924568626	-	C:\Users\leninne.pirovano\OneDrive - SCHEFFER\Documentos\Qlik\Sense\Apps\teste	-	Client connected /dataprepservice/app/C%3A%5CUsers%5Cleninne.pirovano%5COneDrive%20-%20SCHEFFER%5CDocumentos%5CQlik%5CSense%5CApps%5Cteste.qvf?reloadUri=http%3A%2F%2Flocalhost%3A4848%2Fdataloadeditor%2Fapp%2FC%253A%255CUsers%255Cleninne.pirovano%255COneDrive%2520-%2520SCHEFFER%255CDocumentos%255CQlik%255CSense%255CApps%255Cteste.qvf%2Ffeature%2Fdesktop_authentication Open sessions: 1 Open rest initiated sessions: 0 Open ws initiated sessions: 1 Total client ws connections: 3 # of clients connected to application: 3
Audit	INFO	2021-07-02T13:49:21.655-04:00	604289549494.8	-	C:\Users\leninne.pirovano\OneDrive - SCHEFFER\Documentos\Qlik\Sense\Apps\teste	-	RPC Session is inactive
Audit	INFO	2021-07-02T13:58:16.564-04:00	604824445253.1	-	C:\Users\leninne.pirovano\OneDrive - SCHEFFER\Documentos\Qlik\Sense\Apps\teste	-	Client closed connection, clearing session...}
Audit	INFO	2021-07-02T13:58:16.565-04:00	604824445704.6	-	C:\Users\leninne.pirovano\OneDrive - SCHEFFER\Documentos\Qlik\Sense\Apps\teste	-	Client closed connection: C:\Users\leninne.pirovano\OneDrive - SCHEFFER\Documentos\Qlik\Sense\Apps\teste Open sessions: 1 Open rest initiated sessions: 0 Open ws initiated sessions: 1 Total client ws connections: 2 # of clients connected to application: 2
Audit	INFO	2021-07-02T13:59:21.654-04:00	604889534917.7	-	bf2ce21f-c912-c80e-fcb0-aef19840	UserDirectory = INTERNAL; UserID= sa_engine	Engine connection established. Active engine connections: 2
Audit	INFO	2021-07-02T13:59:21.671-04:00	604889551677.6	-	C:\Users\leninne.pirovano\OneDrive - SCHEFFER\Documentos\Qlik\Sense\Apps\teste	-	RPC Session is inactive
Audit	INFO	2021-07-02T13:59:21.716-04:00	604889596603.1	-	bf2ce21f-c912-c80e-fcb0-aef19840	UserDirectory = INTERNAL; UserID= sa_engine	Engine connection released. Active engine connections: 1
Audit	INFO	2021-07-02T14:02:52.931-04:00	605100812533.5	-	C:\Users\leninne.pirovano\OneDrive - SCHEFFER\Documentos\Qlik\Sense\Apps\teste	-	RPC Session Attach: in context ws
Audit	INFO	2021-07-02T14:02:52.932-04:00	605100812868.2	-	C:\Users\leninne.pirovano\OneDrive - SCHEFFER\Documentos\Qlik\Sense\Apps\teste	-	Client connected /dataprepservice/app/C%3A%5CUsers%5Cleninne.pirovano%5COneDrive%20-%20SCHEFFER%5CDocumentos%5CQlik%5CSense%5CApps%5Cteste.qvf?reloadUri=http%3A%2F%2Flocalhost%3A4848%2Fdatamodelviewer%2Fapp%2FC%253A%255CUsers%255Cleninne.pirovano%255COneDrive%2520-%2520SCHEFFER%255CDocumentos%255CQlik%255CSense%255CApps%255Cteste.qvf%2Ffeature%2Fdesktop_authentication Open sessions: 1 Open rest initiated sessions: 0 Open ws initiated sessions: 1 Total client ws connections: 3 # of clients connected to application: 3
Audit	INFO	2021-07-02T14:02:53.998-04:00	605101879043.4	-	C:\Users\leninne.pirovano\OneDrive - SCHEFFER\Documentos\Qlik\Sense\Apps\teste	-	Client closed connection, clearing session...}
Audit	INFO	2021-07-02T14:02:53.999-04:00	605101879991.6	-	C:\Users\leninne.pirovano\OneDrive - SCHEFFER\Documentos\Qlik\Sense\Apps\teste	-	Client closed connection: C:\Users\leninne.pirovano\OneDrive - SCHEFFER\Documentos\Qlik\Sense\Apps\teste Open sessions: 1 Open rest initiated sessions: 0 Open ws initiated sessions: 1 Total client ws connections: 2 # of clients connected to application: 2
Audit	INFO	2021-07-02T14:03:19.657-04:00	605127538428.6	-	C:\Users\leninne.pirovano\OneDrive - SCHEFFER\Documentos\Qlik\Sense\Apps\teste	-	RPC Session Attach: in context ws
Audit	INFO	2021-07-02T14:03:19.658-04:00	605127538811.8	-	C:\Users\leninne.pirovano\OneDrive - SCHEFFER\Documentos\Qlik\Sense\Apps\teste	-	Client connected /dataprepservice/app/C%3A%5CUsers%5Cleninne.pirovano%5COneDrive%20-%20SCHEFFER%5CDocumentos%5CQlik%5CSense%5CApps%5Cteste.qvf?reloadUri=http%3A%2F%2Flocalhost%3A4848%2Fdataloadeditor%2Fapp%2FC%253A%255CUsers%255Cleninne.pirovano%255COneDrive%2520-%2520SCHEFFER%255CDocumentos%255CQlik%255CSense%255CApps%255Cteste.qvf%2Ffeature%2Fdesktop_authentication Open sessions: 1 Open rest initiated sessions: 0 Open ws initiated sessions: 1 Total client ws connections: 3 # of clients connected to application: 3
Audit	INFO	2021-07-02T14:03:57.860-04:00	605165740780.9	-	C:\Users\leninne.pirovano\OneDrive - SCHEFFER\Documentos\Qlik\Sense\Apps\teste	-	Client closed connection, clearing session...}
Audit	INFO	2021-07-02T14:03:57.862-04:00	605165742861.6	-	C:\Users\leninne.pirovano\OneDrive - SCHEFFER\Documentos\Qlik\Sense\Apps\teste	-	Client closed connection: C:\Users\leninne.pirovano\OneDrive - SCHEFFER\Documentos\Qlik\Sense\Apps\teste Open sessions: 1 Open rest initiated sessions: 0 Open ws initiated sessions: 1 Total client ws connections: 2 # of clients connected to application: 2
Audit	INFO	2021-07-02T14:04:24.793-04:00	605192673986.2	-	C:\Users\leninne.pirovano\OneDrive - SCHEFFER\Documentos\Qlik\Sense\Apps\teste	-	RPC Session Attach: in context ws
Audit	INFO	2021-07-02T14:04:24.793-04:00	605192674345.8	-	C:\Users\leninne.pirovano\OneDrive - SCHEFFER\Documentos\Qlik\Sense\Apps\teste	-	Client connected /dataprepservice/app/C%3A%5CUsers%5Cleninne.pirovano%5COneDrive%20-%20SCHEFFER%5CDocumentos%5CQlik%5CSense%5CApps%5Cteste.qvf?reloadUri=http%3A%2F%2Flocalhost%3A4848%2Fdataloadeditor%2Fapp%2FC%253A%255CUsers%255Cleninne.pirovano%255COneDrive%2520-%2520SCHEFFER%255CDocumentos%255CQlik%255CSense%255CApps%255Cteste.qvf%2Ffeature%2Fdesktop_authentication Open sessions: 1 Open rest initiated sessions: 0 Open ws initiated sessions: 1 Total client ws connections: 3 # of clients connected to application: 3
Audit	INFO	2021-07-02T14:09:21.682-04:00	605489561899	-	C:\Users\leninne.pirovano\OneDrive - SCHEFFER\Documentos\Qlik\Sense\Apps\teste	-	RPC Session is inactive
Audit	INFO	2021-07-02T14:19:21.688-04:00	606089565868.8	-	C:\Users\leninne.pirovano\OneDrive - SCHEFFER\Documentos\Qlik\Sense\Apps\teste	-	RPC Session is inactive
Audit	INFO	2021-07-02T14:29:21.691-04:00	606689568021.6	-	C:\Users\leninne.pirovano\OneDrive - SCHEFFER\Documentos\Qlik\Sense\Apps\teste	-	RPC Session is inactive
Audit	INFO	2021-07-02T14:39:21.702-04:00	607289578020.5	-	C:\Users\leninne.pirovano\OneDrive - SCHEFFER\Documentos\Qlik\Sense\Apps\teste	-	RPC Session is inactive
Audit	INFO	2021-07-02T14:49:21.718-04:00	607889585874.4	-	C:\Users\leninne.pirovano\OneDrive - SCHEFFER\Documentos\Qlik\Sense\Apps\teste	-	RPC Session is inactive
Audit	INFO	2021-07-02T14:59:21.664-04:00	608489528767.6	-	c91873ae-310a-ec77-da60-6a5c1e99	UserDirectory = INTERNAL; UserID= sa_engine	Engine connection established. Active engine connections: 2
Audit	INFO	2021-07-02T14:59:21.691-04:00	608489555994.1	-	c91873ae-310a-ec77-da60-6a5c1e99	UserDirectory = INTERNAL; UserID= sa_engine	Engine connection released. Active engine connections: 1
Audit	INFO	2021-07-02T14:59:21.724-04:00	608489589067.5	-	C:\Users\leninne.pirovano\OneDrive - SCHEFFER\Documentos\Qlik\Sense\Apps\teste	-	RPC Session is inactive
Audit	INFO	2021-07-02T15:09:21.726-04:00	609089590975.6	-	C:\Users\leninne.pirovano\OneDrive - SCHEFFER\Documentos\Qlik\Sense\Apps\teste	-	RPC Session is inactive
Audit	INFO	2021-07-02T15:19:21.735-04:00	609689597859.7	-	C:\Users\leninne.pirovano\OneDrive - SCHEFFER\Documentos\Qlik\Sense\Apps\teste	-	RPC Session is inactive
Audit	INFO	2021-07-02T15:29:21.742-04:00	610289602968.1	-	C:\Users\leninne.pirovano\OneDrive - SCHEFFER\Documentos\Qlik\Sense\Apps\teste	-	RPC Session is inactive
Audit	INFO	2021-07-02T15:39:21.742-04:00	610889607895	-	C:\Users\leninne.pirovano\OneDrive - SCHEFFER\Documentos\Qlik\Sense\Apps\teste	-	RPC Session is inactive
Audit	INFO	2021-07-02T15:49:21.751-04:00	611489618194.9	-	C:\Users\leninne.pirovano\OneDrive - SCHEFFER\Documentos\Qlik\Sense\Apps\teste	-	RPC Session is inactive
Audit	INFO	2021-07-02T15:49:21.782-04:00	611489649050.1	-	C:\Users\leninne.pirovano\OneDrive - SCHEFFER\Documentos\Qlik\Sense\Apps\teste	-	DPS Rest session has reached expiry, clearing rest session
Audit	INFO	2021-07-02T15:59:21.678-04:00	612089531551	-	9ac9ae76-0acc-7277-2328-ccc164a7	UserDirectory = INTERNAL; UserID= sa_engine	Engine connection established. Active engine connections: 2
Audit	INFO	2021-07-02T15:59:21.719-04:00	612089572661.7	-	9ac9ae76-0acc-7277-2328-ccc164a7	UserDirectory = INTERNAL; UserID= sa_engine	Engine connection released. Active engine connections: 1
Audit	INFO	2021-07-02T15:59:21.769-04:00	612089622499.6	-	C:\Users\leninne.pirovano\OneDrive - SCHEFFER\Documentos\Qlik\Sense\Apps\teste	-	RPC Session is inactive
Audit	INFO	2021-07-02T16:09:21.783-04:00	612689635271.9	-	C:\Users\leninne.pirovano\OneDrive - SCHEFFER\Documentos\Qlik\Sense\Apps\teste	-	RPC Session is inactive
Audit	INFO	2021-07-02T16:19:21.790-04:00	613289641334.5	-	C:\Users\leninne.pirovano\OneDrive - SCHEFFER\Documentos\Qlik\Sense\Apps\teste	-	RPC Session is inactive
Audit	INFO	2021-07-02T16:29:21.789-04:00	613889642257.3	-	C:\Users\leninne.pirovano\OneDrive - SCHEFFER\Documentos\Qlik\Sense\Apps\teste	-	RPC Session is inactive
Audit	INFO	2021-07-02T16:39:21.791-04:00	614489646722.3	-	C:\Users\leninne.pirovano\OneDrive - SCHEFFER\Documentos\Qlik\Sense\Apps\teste	-	RPC Session is inactive
Audit	INFO	2021-07-02T16:49:21.802-04:00	615089658856.5	-	C:\Users\leninne.pirovano\OneDrive - SCHEFFER\Documentos\Qlik\Sense\Apps\teste	-	RPC Session is inactive
Audit	INFO	2021-07-02T16:57:56.567-04:00	615604424158.5	-	C:\Users\leninne.pirovano\OneDrive - SCHEFFER\Documentos\Qlik\Sense\Apps\teste	-	Client closed connection, clearing session...}
Audit	INFO	2021-07-02T16:57:56.568-04:00	615604424853.8	-	C:\Users\leninne.pirovano\OneDrive - SCHEFFER\Documentos\Qlik\Sense\Apps\teste	-	Client closed connection: C:\Users\leninne.pirovano\OneDrive - SCHEFFER\Documentos\Qlik\Sense\Apps\teste Open sessions: 1 Open rest initiated sessions: 0 Open ws initiated sessions: 1 Total client ws connections: 2 # of clients connected to application: 2
Audit	INFO	2021-07-02T16:57:58.814-04:00	615606670873.9	-	C:\Users\leninne.pirovano\OneDrive - SCHEFFER\Documentos\Qlik\Sense\Apps\teste	-	Client closed connection, clearing session...}
Audit	INFO	2021-07-02T16:57:58.814-04:00	615606671272.8	-	C:\Users\leninne.pirovano\OneDrive - SCHEFFER\Documentos\Qlik\Sense\Apps\teste	-	Client closed connection: C:\Users\leninne.pirovano\OneDrive - SCHEFFER\Documentos\Qlik\Sense\Apps\teste Open sessions: 1 Open rest initiated sessions: 0 Open ws initiated sessions: 1 Total client ws connections: 1 # of clients connected to application: 1
Audit	INFO	2021-07-02T16:57:58.855-04:00	615606711361	-	C:\Users\leninne.pirovano\OneDrive - SCHEFFER\Documentos\Qlik\Sense\Apps\teste	-	Client closed connection, clearing session...}
Audit	INFO	2021-07-02T16:57:58.860-04:00	615606717207.6	-	C:\Users\leninne.pirovano\OneDrive - SCHEFFER\Documentos\Qlik\Sense\Apps\teste	-	Client closed connection: C:\Users\leninne.pirovano\OneDrive - SCHEFFER\Documentos\Qlik\Sense\Apps\teste Open sessions: 0 Open rest initiated sessions: 0 Open ws initiated sessions: 0 Total client ws connections: 0 # of clients connected to application: 0
Audit	INFO	2021-07-02T16:57:58.863-04:00	615606719471.3	-	C:\Users\leninne.pirovano\OneDrive - SCHEFFER\Documentos\Qlik\Sense\Apps\teste	-	Engine connection released. Active engine connections: 0
