Logger	Severity	Date	MicroSeconds	AppId	UserId	Message
Perf	INFO	2021-07-09T15:49:44.042-04:00	96705939239.4	C:\Users\leninne.pirovano\OneDrive - SCHEFFER\Documentos\Qlik\Sense\Apps\teste	-	OPEN_DATA_MANAGER_CORE
Perf	INFO	2021-07-09T15:49:44.050-04:00	96705947035.5	C:\Users\leninne.pirovano\OneDrive - SCHEFFER\Documentos\Qlik\Sense\Apps\teste	-	OPEN_DATA_MANAGER_CORE Execution time:  7
Perf	INFO	2021-07-09T15:49:44.050-04:00	96705947314.5	C:\Users\leninne.pirovano\OneDrive - SCHEFFER\Documentos\Qlik\Sense\Apps\teste	-	GET_FEATURE_FLAGS
Perf	INFO	2021-07-09T15:49:44.051-04:00	96705947761	C:\Users\leninne.pirovano\OneDrive - SCHEFFER\Documentos\Qlik\Sense\Apps\teste	-	GET_FEATURE_FLAGS Execution time:  0
Perf	INFO	2021-07-09T15:49:44.051-04:00	96705947905.4	C:\Users\leninne.pirovano\OneDrive - SCHEFFER\Documentos\Qlik\Sense\Apps\teste	-	QUERY_BUSINESS_MODEL
Perf	INFO	2021-07-09T15:49:44.051-04:00	96705948368.4	C:\Users\leninne.pirovano\OneDrive - SCHEFFER\Documentos\Qlik\Sense\Apps\teste	-	QUERY_BUSINESS_MODEL Execution time:  0
Perf	INFO	2021-07-09T15:49:44.054-04:00	96705950663.1	C:\Users\leninne.pirovano\OneDrive - SCHEFFER\Documentos\Qlik\Sense\Apps\teste	-	ANNOTATION_QUEUE
Perf	INFO	2021-07-09T15:49:44.054-04:00	96705951227.5	C:\Users\leninne.pirovano\OneDrive - SCHEFFER\Documentos\Qlik\Sense\Apps\teste	-	ANNOTATION_QUEUE Execution time:  0
Perf	INFO	2021-07-09T15:49:44.070-04:00	96705967337.8	C:\Users\leninne.pirovano\OneDrive - SCHEFFER\Documentos\Qlik\Sense\Apps\teste	-	INIT_ANNOTATION_BOARD_TABLE_FIELDS: Tables&Fields
Perf	INFO	2021-07-09T15:49:44.073-04:00	96705969701	C:\Users\leninne.pirovano\OneDrive - SCHEFFER\Documentos\Qlik\Sense\Apps\teste	-	GET_TABLES_AND_KEYS
Perf	INFO	2021-07-09T15:49:44.084-04:00	96705981103.7	C:\Users\leninne.pirovano\OneDrive - SCHEFFER\Documentos\Qlik\Sense\Apps\teste	-	GET_TABLES_AND_KEYS Execution time:  11
Perf	INFO	2021-07-09T15:49:44.088-04:00	96705985232.2	C:\Users\leninne.pirovano\OneDrive - SCHEFFER\Documentos\Qlik\Sense\Apps\teste	-	CALCULATE_FIELDS_FOR_NOT_FOUND_AND_TRANSFORMED: Field count: 67
Perf	INFO	2021-07-09T15:49:44.089-04:00	96705985783.6	C:\Users\leninne.pirovano\OneDrive - SCHEFFER\Documentos\Qlik\Sense\Apps\teste	-	CALCULATE_FIELDS_FOR_NOT_FOUND_AND_TRANSFORMED: Field count: 67 Execution time:  1
Perf	INFO	2021-07-09T15:49:44.089-04:00	96705985980.8	C:\Users\leninne.pirovano\OneDrive - SCHEFFER\Documentos\Qlik\Sense\Apps\teste	-	SAMPLES_AND_MIN_MAX
Perf	INFO	2021-07-09T15:49:44.094-04:00	96705990939.1	C:\Users\leninne.pirovano\OneDrive - SCHEFFER\Documentos\Qlik\Sense\Apps\teste	-	SAMPLE_VALUE_RETRIEVAL: Field count: 65
Perf	INFO	2021-07-09T15:49:44.604-04:00	96706501586.4	C:\Users\leninne.pirovano\OneDrive - SCHEFFER\Documentos\Qlik\Sense\Apps\teste	-	SAMPLE_VALUE_RETRIEVAL: Field count: 65 Execution time:  510
Perf	INFO	2021-07-09T15:49:44.605-04:00	96706501824.2	C:\Users\leninne.pirovano\OneDrive - SCHEFFER\Documentos\Qlik\Sense\Apps\teste	-	SAMPLE_VALUE_UPDATING
Perf	INFO	2021-07-09T15:49:44.607-04:00	96706504039.6	C:\Users\leninne.pirovano\OneDrive - SCHEFFER\Documentos\Qlik\Sense\Apps\teste	-	SAMPLE_VALUE_UPDATING Execution time:  2
Perf	INFO	2021-07-09T15:49:44.611-04:00	96706508099.6	C:\Users\leninne.pirovano\OneDrive - SCHEFFER\Documentos\Qlik\Sense\Apps\teste	-	MINMAX
Perf	INFO	2021-07-09T15:49:45.155-04:00	96707052364.3	C:\Users\leninne.pirovano\OneDrive - SCHEFFER\Documentos\Qlik\Sense\Apps\teste	-	MINMAX Execution time:  543
Perf	INFO	2021-07-09T15:49:45.156-04:00	96707052744.2	C:\Users\leninne.pirovano\OneDrive - SCHEFFER\Documentos\Qlik\Sense\Apps\teste	-	NUMERIC_RATIO
Perf	INFO	2021-07-09T15:49:45.159-04:00	96707056152.6	C:\Users\leninne.pirovano\OneDrive - SCHEFFER\Documentos\Qlik\Sense\Apps\teste	-	NUMERIC_RATIO Execution time:  3
Perf	INFO	2021-07-09T15:49:45.159-04:00	96707056430.8	C:\Users\leninne.pirovano\OneDrive - SCHEFFER\Documentos\Qlik\Sense\Apps\teste	-	SAMPLES_AND_MIN_MAX Execution time:  1070
Perf	INFO	2021-07-09T15:49:45.162-04:00	96707059318.9	C:\Users\leninne.pirovano\OneDrive - SCHEFFER\Documentos\Qlik\Sense\Apps\teste	-	CLASSIFICATION_PIPELINE
Perf	INFO	2021-07-09T15:49:45.163-04:00	96707060089.7	C:\Users\leninne.pirovano\OneDrive - SCHEFFER\Documentos\Qlik\Sense\Apps\teste	-	Annotation Step: Tokenizer
Perf	INFO	2021-07-09T15:49:45.183-04:00	96707080000	C:\Users\leninne.pirovano\OneDrive - SCHEFFER\Documentos\Qlik\Sense\Apps\teste	-	Annotation Step: Tokenizer Execution time:  20
Perf	INFO	2021-07-09T15:49:45.184-04:00	96707080748.8	C:\Users\leninne.pirovano\OneDrive - SCHEFFER\Documentos\Qlik\Sense\Apps\teste	-	Annotation Step: CaptionDecorator
Perf	INFO	2021-07-09T15:49:45.184-04:00	96707081171.3	C:\Users\leninne.pirovano\OneDrive - SCHEFFER\Documentos\Qlik\Sense\Apps\teste	-	Annotation Step: CaptionDecorator Execution time:  0
Perf	INFO	2021-07-09T15:49:45.185-04:00	96707081753.4	C:\Users\leninne.pirovano\OneDrive - SCHEFFER\Documentos\Qlik\Sense\Apps\teste	-	Annotation Step: DateTime
Perf	INFO	2021-07-09T15:49:45.189-04:00	96707086297.8	C:\Users\leninne.pirovano\OneDrive - SCHEFFER\Documentos\Qlik\Sense\Apps\teste	-	Annotation Step: DateTime Execution time:  4
Perf	INFO	2021-07-09T15:49:45.189-04:00	96707086471.9	C:\Users\leninne.pirovano\OneDrive - SCHEFFER\Documentos\Qlik\Sense\Apps\teste	-	Annotation Step: MissingValue
Perf	INFO	2021-07-09T15:49:45.190-04:00	96707086745.2	C:\Users\leninne.pirovano\OneDrive - SCHEFFER\Documentos\Qlik\Sense\Apps\teste	-	Annotation Step: MissingValue Execution time:  1
Perf	INFO	2021-07-09T15:49:45.190-04:00	96707086960	C:\Users\leninne.pirovano\OneDrive - SCHEFFER\Documentos\Qlik\Sense\Apps\teste	-	Annotation Step: CompoundValue
Perf	INFO	2021-07-09T15:49:45.190-04:00	96707087508.9	C:\Users\leninne.pirovano\OneDrive - SCHEFFER\Documentos\Qlik\Sense\Apps\teste	-	Annotation Step: CompoundValue Execution time:  0
Perf	INFO	2021-07-09T15:49:45.191-04:00	96707087676.2	C:\Users\leninne.pirovano\OneDrive - SCHEFFER\Documentos\Qlik\Sense\Apps\teste	-	Annotation Step: RecommendedDataType
Perf	INFO	2021-07-09T15:49:45.192-04:00	96707089282.4	C:\Users\leninne.pirovano\OneDrive - SCHEFFER\Documentos\Qlik\Sense\Apps\teste	-	Annotation Step: RecommendedDataType Execution time:  1
Perf	INFO	2021-07-09T15:49:45.192-04:00	96707089472.7	C:\Users\leninne.pirovano\OneDrive - SCHEFFER\Documentos\Qlik\Sense\Apps\teste	-	Annotation Step: ValueDecorator
Perf	INFO	2021-07-09T15:49:45.194-04:00	96707091323.3	C:\Users\leninne.pirovano\OneDrive - SCHEFFER\Documentos\Qlik\Sense\Apps\teste	-	Annotation Step: ValueDecorator Execution time:  2
Perf	INFO	2021-07-09T15:49:45.195-04:00	96707091814.2	C:\Users\leninne.pirovano\OneDrive - SCHEFFER\Documentos\Qlik\Sense\Apps\teste	-	Annotation Step: SemanticClassifier
Perf	INFO	2021-07-09T15:49:45.207-04:00	96707104156.3	C:\Users\leninne.pirovano\OneDrive - SCHEFFER\Documentos\Qlik\Sense\Apps\teste	-	Annotation Step: SemanticClassifier Execution time:  12
Perf	INFO	2021-07-09T15:49:45.208-04:00	96707104748.8	C:\Users\leninne.pirovano\OneDrive - SCHEFFER\Documentos\Qlik\Sense\Apps\teste	-	Annotation Step: AdhocTransformations
Perf	INFO	2021-07-09T15:49:45.208-04:00	96707105461.8	C:\Users\leninne.pirovano\OneDrive - SCHEFFER\Documentos\Qlik\Sense\Apps\teste	-	Annotation Step: AdhocTransformations Execution time:  0
Perf	INFO	2021-07-09T15:49:45.209-04:00	96707106015.4	C:\Users\leninne.pirovano\OneDrive - SCHEFFER\Documentos\Qlik\Sense\Apps\teste	-	Annotation Step: AdhocCompoundValue
Perf	INFO	2021-07-09T15:49:45.209-04:00	96707106460.9	C:\Users\leninne.pirovano\OneDrive - SCHEFFER\Documentos\Qlik\Sense\Apps\teste	-	Annotation Step: AdhocCompoundValue Execution time:  0
Perf	INFO	2021-07-09T15:49:45.210-04:00	96707106782.7	C:\Users\leninne.pirovano\OneDrive - SCHEFFER\Documentos\Qlik\Sense\Apps\teste	-	Annotation Step: ValueBasedGeoClassifier
Perf	INFO	2021-07-09T15:49:45.237-04:00	96707134259.2	C:\Users\leninne.pirovano\OneDrive - SCHEFFER\Documentos\Qlik\Sense\Apps\teste	-	Annotation Step: ValueBasedGeoClassifier Execution time:  27
Perf	INFO	2021-07-09T15:49:45.238-04:00	96707134628.8	C:\Users\leninne.pirovano\OneDrive - SCHEFFER\Documentos\Qlik\Sense\Apps\teste	-	Annotation Step: CrossDatasetClassifier
Perf	INFO	2021-07-09T15:49:45.238-04:00	96707135241.5	C:\Users\leninne.pirovano\OneDrive - SCHEFFER\Documentos\Qlik\Sense\Apps\teste	-	Annotation Step: CrossDatasetClassifier Execution time:  0
Perf	INFO	2021-07-09T15:49:45.239-04:00	96707135941.1	C:\Users\leninne.pirovano\OneDrive - SCHEFFER\Documentos\Qlik\Sense\Apps\teste	-	Annotation Step: TimeBoundMeasureFinder
Perf	INFO	2021-07-09T15:49:45.239-04:00	96707136202.5	C:\Users\leninne.pirovano\OneDrive - SCHEFFER\Documentos\Qlik\Sense\Apps\teste	-	Annotation Step: TimeBoundMeasureFinder Execution time:  0
Perf	INFO	2021-07-09T15:49:45.239-04:00	96707136483	C:\Users\leninne.pirovano\OneDrive - SCHEFFER\Documentos\Qlik\Sense\Apps\teste	-	CLASSIFICATION_PIPELINE Execution time:  77
Perf	INFO	2021-07-09T15:49:45.240-04:00	96707136908.6	C:\Users\leninne.pirovano\OneDrive - SCHEFFER\Documentos\Qlik\Sense\Apps\teste	-	INIT_ANNOTATION_BOARD_TABLE_FIELDS: Tables&Fields Execution time:  1170
Perf	INFO	2021-07-09T15:49:45.241-04:00	96707138101.7	C:\Users\leninne.pirovano\OneDrive - SCHEFFER\Documentos\Qlik\Sense\Apps\teste	-	GetClassificationHandler::execute
Perf	INFO	2021-07-09T15:49:45.241-04:00	96707138353.8	C:\Users\leninne.pirovano\OneDrive - SCHEFFER\Documentos\Qlik\Sense\Apps\teste	-	{"value":"OPEN_DATA_MANAGER_CORE","steps":[{"value":"GET_FEATURE_FLAGS","steps":[],"duration_ms":0},{"value":"QUERY_BUSINESS_MODEL","steps":[],"duration_ms":0},{"value":"ANNOTATION_QUEUE","steps":[],"duration_ms":0},{"value":"INIT_ANNOTATION_BOARD_TABLE_FIELDS: Tables&Fields","steps":[{"value":"GET_TABLES_AND_KEYS","steps":[],"duration_ms":11},{"value":"CALCULATE_FIELDS_FOR_NOT_FOUND_AND_TRANSFORMED: Field count: 67","steps":[],"duration_ms":1},{"value":"SAMPLES_AND_MIN_MAX","steps":[{"value":"SAMPLE_VALUE_RETRIEVAL: Field count: 65","steps":[],"duration_ms":510},{"value":"SAMPLE_VALUE_UPDATING","steps":[],"duration_ms":2},{"value":"MINMAX","steps":[],"duration_ms":543},{"value":"NUMERIC_RATIO","steps":[],"duration_ms":3}],"duration_ms":1070},{"value":"CLASSIFICATION_PIPELINE","steps":[{"value":"Annotation Step: Tokenizer","steps":[],"duration_ms":20},{"value":"Annotation Step: CaptionDecorator","steps":[],"duration_ms":0},{"value":"Annotation Step: DateTime","steps":[],"duration_ms":4},{"value":"Annotation Step: MissingValue","steps":[],"duration_ms":1},{"value":"Annotation Step: CompoundValue","steps":[],"duration_ms":0},{"value":"Annotation Step: RecommendedDataType","steps":[],"duration_ms":1},{"value":"Annotation Step: ValueDecorator","steps":[],"duration_ms":2},{"value":"Annotation Step: SemanticClassifier","steps":[],"duration_ms":12},{"value":"Annotation Step: AdhocTransformations","steps":[],"duration_ms":0},{"value":"Annotation Step: AdhocCompoundValue","steps":[],"duration_ms":0},{"value":"Annotation Step: ValueBasedGeoClassifier","steps":[],"duration_ms":27},{"value":"Annotation Step: CrossDatasetClassifier","steps":[],"duration_ms":0},{"value":"Annotation Step: TimeBoundMeasureFinder","steps":[],"duration_ms":0}],"duration_ms":77}],"duration_ms":1170}],"duration_ms":7}
Perf	INFO	2021-07-09T16:04:45.401-04:00	97607305782.1	C:\Users\leninne.pirovano\OneDrive - SCHEFFER\Documentos\Qlik\Sense\Apps\teste	-	OPEN_DATA_MANAGER_CORE
Perf	INFO	2021-07-09T16:04:45.402-04:00	97607307150.9	C:\Users\leninne.pirovano\OneDrive - SCHEFFER\Documentos\Qlik\Sense\Apps\teste	-	OPEN_DATA_MANAGER_CORE Execution time:  1
Perf	INFO	2021-07-09T16:04:45.403-04:00	97607307851	C:\Users\leninne.pirovano\OneDrive - SCHEFFER\Documentos\Qlik\Sense\Apps\teste	-	GET_FEATURE_FLAGS
Perf	INFO	2021-07-09T16:04:45.403-04:00	97607308140.6	C:\Users\leninne.pirovano\OneDrive - SCHEFFER\Documentos\Qlik\Sense\Apps\teste	-	GET_FEATURE_FLAGS Execution time:  0
Perf	INFO	2021-07-09T16:04:45.403-04:00	97607308304.1	C:\Users\leninne.pirovano\OneDrive - SCHEFFER\Documentos\Qlik\Sense\Apps\teste	-	QUERY_BUSINESS_MODEL
Perf	INFO	2021-07-09T16:04:45.404-04:00	97607308491.3	C:\Users\leninne.pirovano\OneDrive - SCHEFFER\Documentos\Qlik\Sense\Apps\teste	-	QUERY_BUSINESS_MODEL Execution time:  0
Perf	INFO	2021-07-09T16:04:45.404-04:00	97607309150.1	C:\Users\leninne.pirovano\OneDrive - SCHEFFER\Documentos\Qlik\Sense\Apps\teste	-	ANNOTATION_QUEUE
Perf	INFO	2021-07-09T16:04:45.404-04:00	97607309335	C:\Users\leninne.pirovano\OneDrive - SCHEFFER\Documentos\Qlik\Sense\Apps\teste	-	ANNOTATION_QUEUE Execution time:  0
Perf	INFO	2021-07-09T16:04:45.422-04:00	97607326395.5	C:\Users\leninne.pirovano\OneDrive - SCHEFFER\Documentos\Qlik\Sense\Apps\teste	-	INIT_ANNOTATION_BOARD_TABLE_FIELDS: Tables&Fields
Perf	INFO	2021-07-09T16:04:45.422-04:00	97607327107.2	C:\Users\leninne.pirovano\OneDrive - SCHEFFER\Documentos\Qlik\Sense\Apps\teste	-	GET_TABLES_AND_KEYS
Perf	INFO	2021-07-09T16:04:45.444-04:00	97607348566.9	C:\Users\leninne.pirovano\OneDrive - SCHEFFER\Documentos\Qlik\Sense\Apps\teste	-	GET_TABLES_AND_KEYS Execution time:  22
Perf	INFO	2021-07-09T16:04:45.445-04:00	97607350074.7	C:\Users\leninne.pirovano\OneDrive - SCHEFFER\Documentos\Qlik\Sense\Apps\teste	-	CALCULATE_FIELDS_FOR_NOT_FOUND_AND_TRANSFORMED: Field count: 67
Perf	INFO	2021-07-09T16:04:45.446-04:00	97607350613.5	C:\Users\leninne.pirovano\OneDrive - SCHEFFER\Documentos\Qlik\Sense\Apps\teste	-	CALCULATE_FIELDS_FOR_NOT_FOUND_AND_TRANSFORMED: Field count: 67 Execution time:  1
Perf	INFO	2021-07-09T16:04:45.446-04:00	97607350920.5	C:\Users\leninne.pirovano\OneDrive - SCHEFFER\Documentos\Qlik\Sense\Apps\teste	-	SAMPLES_AND_MIN_MAX
Perf	INFO	2021-07-09T16:04:45.448-04:00	97607353179.1	C:\Users\leninne.pirovano\OneDrive - SCHEFFER\Documentos\Qlik\Sense\Apps\teste	-	SAMPLE_VALUE_RETRIEVAL: Field count: 65
Perf	INFO	2021-07-09T16:04:46.224-04:00	97608128511.5	C:\Users\leninne.pirovano\OneDrive - SCHEFFER\Documentos\Qlik\Sense\Apps\teste	-	SAMPLE_VALUE_RETRIEVAL: Field count: 65 Execution time:  775
Perf	INFO	2021-07-09T16:04:46.225-04:00	97608129649	C:\Users\leninne.pirovano\OneDrive - SCHEFFER\Documentos\Qlik\Sense\Apps\teste	-	SAMPLE_VALUE_UPDATING
Perf	INFO	2021-07-09T16:04:46.234-04:00	97608139045.2	C:\Users\leninne.pirovano\OneDrive - SCHEFFER\Documentos\Qlik\Sense\Apps\teste	-	SAMPLE_VALUE_UPDATING Execution time:  9
Perf	INFO	2021-07-09T16:04:46.236-04:00	97608140738	C:\Users\leninne.pirovano\OneDrive - SCHEFFER\Documentos\Qlik\Sense\Apps\teste	-	MINMAX
Perf	INFO	2021-07-09T16:04:46.427-04:00	97608331680.7	C:\Users\leninne.pirovano\OneDrive - SCHEFFER\Documentos\Qlik\Sense\Apps\teste	-	MINMAX Execution time:  191
Perf	INFO	2021-07-09T16:04:46.428-04:00	97608332470.1	C:\Users\leninne.pirovano\OneDrive - SCHEFFER\Documentos\Qlik\Sense\Apps\teste	-	NUMERIC_RATIO
Perf	INFO	2021-07-09T16:04:46.435-04:00	97608340121.4	C:\Users\leninne.pirovano\OneDrive - SCHEFFER\Documentos\Qlik\Sense\Apps\teste	-	NUMERIC_RATIO Execution time:  7
Perf	INFO	2021-07-09T16:04:46.436-04:00	97608340561.3	C:\Users\leninne.pirovano\OneDrive - SCHEFFER\Documentos\Qlik\Sense\Apps\teste	-	SAMPLES_AND_MIN_MAX Execution time:  990
Perf	INFO	2021-07-09T16:04:46.438-04:00	97608342782.6	C:\Users\leninne.pirovano\OneDrive - SCHEFFER\Documentos\Qlik\Sense\Apps\teste	-	CLASSIFICATION_PIPELINE
Perf	INFO	2021-07-09T16:04:46.438-04:00	97608343356	C:\Users\leninne.pirovano\OneDrive - SCHEFFER\Documentos\Qlik\Sense\Apps\teste	-	Annotation Step: Tokenizer
Perf	INFO	2021-07-09T16:04:46.454-04:00	97608359057.8	C:\Users\leninne.pirovano\OneDrive - SCHEFFER\Documentos\Qlik\Sense\Apps\teste	-	Annotation Step: Tokenizer Execution time:  15
Perf	INFO	2021-07-09T16:04:46.455-04:00	97608360380.6	C:\Users\leninne.pirovano\OneDrive - SCHEFFER\Documentos\Qlik\Sense\Apps\teste	-	Annotation Step: CaptionDecorator
Perf	INFO	2021-07-09T16:04:46.456-04:00	97608360921.5	C:\Users\leninne.pirovano\OneDrive - SCHEFFER\Documentos\Qlik\Sense\Apps\teste	-	Annotation Step: CaptionDecorator Execution time:  0
Perf	INFO	2021-07-09T16:04:46.457-04:00	97608361543.6	C:\Users\leninne.pirovano\OneDrive - SCHEFFER\Documentos\Qlik\Sense\Apps\teste	-	Annotation Step: DateTime
Perf	INFO	2021-07-09T16:04:46.462-04:00	97608367264.3	C:\Users\leninne.pirovano\OneDrive - SCHEFFER\Documentos\Qlik\Sense\Apps\teste	-	Annotation Step: DateTime Execution time:  5
Perf	INFO	2021-07-09T16:04:46.463-04:00	97608367743	C:\Users\leninne.pirovano\OneDrive - SCHEFFER\Documentos\Qlik\Sense\Apps\teste	-	Annotation Step: MissingValue
Perf	INFO	2021-07-09T16:04:46.463-04:00	97608368131.2	C:\Users\leninne.pirovano\OneDrive - SCHEFFER\Documentos\Qlik\Sense\Apps\teste	-	Annotation Step: MissingValue Execution time:  0
Perf	INFO	2021-07-09T16:04:46.463-04:00	97608368385.6	C:\Users\leninne.pirovano\OneDrive - SCHEFFER\Documentos\Qlik\Sense\Apps\teste	-	Annotation Step: CompoundValue
Perf	INFO	2021-07-09T16:04:46.464-04:00	97608369128.5	C:\Users\leninne.pirovano\OneDrive - SCHEFFER\Documentos\Qlik\Sense\Apps\teste	-	Annotation Step: CompoundValue Execution time:  0
Perf	INFO	2021-07-09T16:04:46.464-04:00	97608369364.3	C:\Users\leninne.pirovano\OneDrive - SCHEFFER\Documentos\Qlik\Sense\Apps\teste	-	Annotation Step: RecommendedDataType
Perf	INFO	2021-07-09T16:04:46.489-04:00	97608394379.8	C:\Users\leninne.pirovano\OneDrive - SCHEFFER\Documentos\Qlik\Sense\Apps\teste	-	Annotation Step: RecommendedDataType Execution time:  24
Perf	INFO	2021-07-09T16:04:46.490-04:00	97608394891.3	C:\Users\leninne.pirovano\OneDrive - SCHEFFER\Documentos\Qlik\Sense\Apps\teste	-	Annotation Step: ValueDecorator
Perf	INFO	2021-07-09T16:04:46.493-04:00	97608397846.6	C:\Users\leninne.pirovano\OneDrive - SCHEFFER\Documentos\Qlik\Sense\Apps\teste	-	Annotation Step: ValueDecorator Execution time:  3
Perf	INFO	2021-07-09T16:04:46.494-04:00	97608398486	C:\Users\leninne.pirovano\OneDrive - SCHEFFER\Documentos\Qlik\Sense\Apps\teste	-	Annotation Step: SemanticClassifier
Perf	INFO	2021-07-09T16:04:46.561-04:00	97608465787.4	C:\Users\leninne.pirovano\OneDrive - SCHEFFER\Documentos\Qlik\Sense\Apps\teste	-	Annotation Step: SemanticClassifier Execution time:  67
Perf	INFO	2021-07-09T16:04:46.561-04:00	97608466211.8	C:\Users\leninne.pirovano\OneDrive - SCHEFFER\Documentos\Qlik\Sense\Apps\teste	-	Annotation Step: AdhocTransformations
Perf	INFO	2021-07-09T16:04:46.562-04:00	97608466609.2	C:\Users\leninne.pirovano\OneDrive - SCHEFFER\Documentos\Qlik\Sense\Apps\teste	-	Annotation Step: AdhocTransformations Execution time:  0
Perf	INFO	2021-07-09T16:04:46.580-04:00	97608485284	C:\Users\leninne.pirovano\OneDrive - SCHEFFER\Documentos\Qlik\Sense\Apps\teste	-	Annotation Step: AdhocCompoundValue
Perf	INFO	2021-07-09T16:04:46.581-04:00	97608485744.2	C:\Users\leninne.pirovano\OneDrive - SCHEFFER\Documentos\Qlik\Sense\Apps\teste	-	Annotation Step: AdhocCompoundValue Execution time:  0
Perf	INFO	2021-07-09T16:04:46.581-04:00	97608485944	C:\Users\leninne.pirovano\OneDrive - SCHEFFER\Documentos\Qlik\Sense\Apps\teste	-	Annotation Step: ValueBasedGeoClassifier
Perf	INFO	2021-07-09T16:04:46.976-04:00	97608880939	C:\Users\leninne.pirovano\OneDrive - SCHEFFER\Documentos\Qlik\Sense\Apps\teste	-	Annotation Step: ValueBasedGeoClassifier Execution time:  395
Perf	INFO	2021-07-09T16:04:46.977-04:00	97608881848.1	C:\Users\leninne.pirovano\OneDrive - SCHEFFER\Documentos\Qlik\Sense\Apps\teste	-	Annotation Step: CrossDatasetClassifier
Perf	INFO	2021-07-09T16:04:46.978-04:00	97608883332.6	C:\Users\leninne.pirovano\OneDrive - SCHEFFER\Documentos\Qlik\Sense\Apps\teste	-	Annotation Step: CrossDatasetClassifier Execution time:  1
Perf	INFO	2021-07-09T16:04:46.979-04:00	97608883705	C:\Users\leninne.pirovano\OneDrive - SCHEFFER\Documentos\Qlik\Sense\Apps\teste	-	Annotation Step: TimeBoundMeasureFinder
Perf	INFO	2021-07-09T16:04:46.979-04:00	97608884014.9	C:\Users\leninne.pirovano\OneDrive - SCHEFFER\Documentos\Qlik\Sense\Apps\teste	-	Annotation Step: TimeBoundMeasureFinder Execution time:  0
Perf	INFO	2021-07-09T16:04:46.979-04:00	97608884253.7	C:\Users\leninne.pirovano\OneDrive - SCHEFFER\Documentos\Qlik\Sense\Apps\teste	-	CLASSIFICATION_PIPELINE Execution time:  541
Perf	INFO	2021-07-09T16:04:46.980-04:00	97608884522	C:\Users\leninne.pirovano\OneDrive - SCHEFFER\Documentos\Qlik\Sense\Apps\teste	-	INIT_ANNOTATION_BOARD_TABLE_FIELDS: Tables&Fields Execution time:  1558
Perf	INFO	2021-07-09T16:04:46.981-04:00	97608885764.1	C:\Users\leninne.pirovano\OneDrive - SCHEFFER\Documentos\Qlik\Sense\Apps\teste	-	GetClassificationHandler::execute
Perf	INFO	2021-07-09T16:04:46.981-04:00	97608886095.6	C:\Users\leninne.pirovano\OneDrive - SCHEFFER\Documentos\Qlik\Sense\Apps\teste	-	{"value":"OPEN_DATA_MANAGER_CORE","steps":[{"value":"GET_FEATURE_FLAGS","steps":[],"duration_ms":0},{"value":"QUERY_BUSINESS_MODEL","steps":[],"duration_ms":0},{"value":"ANNOTATION_QUEUE","steps":[],"duration_ms":0},{"value":"INIT_ANNOTATION_BOARD_TABLE_FIELDS: Tables&Fields","steps":[{"value":"GET_TABLES_AND_KEYS","steps":[],"duration_ms":22},{"value":"CALCULATE_FIELDS_FOR_NOT_FOUND_AND_TRANSFORMED: Field count: 67","steps":[],"duration_ms":1},{"value":"SAMPLES_AND_MIN_MAX","steps":[{"value":"SAMPLE_VALUE_RETRIEVAL: Field count: 65","steps":[],"duration_ms":775},{"value":"SAMPLE_VALUE_UPDATING","steps":[],"duration_ms":9},{"value":"MINMAX","steps":[],"duration_ms":191},{"value":"NUMERIC_RATIO","steps":[],"duration_ms":7}],"duration_ms":990},{"value":"CLASSIFICATION_PIPELINE","steps":[{"value":"Annotation Step: Tokenizer","steps":[],"duration_ms":15},{"value":"Annotation Step: CaptionDecorator","steps":[],"duration_ms":0},{"value":"Annotation Step: DateTime","steps":[],"duration_ms":5},{"value":"Annotation Step: MissingValue","steps":[],"duration_ms":0},{"value":"Annotation Step: CompoundValue","steps":[],"duration_ms":0},{"value":"Annotation Step: RecommendedDataType","steps":[],"duration_ms":24},{"value":"Annotation Step: ValueDecorator","steps":[],"duration_ms":3},{"value":"Annotation Step: SemanticClassifier","steps":[],"duration_ms":67},{"value":"Annotation Step: AdhocTransformations","steps":[],"duration_ms":0},{"value":"Annotation Step: AdhocCompoundValue","steps":[],"duration_ms":0},{"value":"Annotation Step: ValueBasedGeoClassifier","steps":[],"duration_ms":395},{"value":"Annotation Step: CrossDatasetClassifier","steps":[],"duration_ms":1},{"value":"Annotation Step: TimeBoundMeasureFinder","steps":[],"duration_ms":0}],"duration_ms":541}],"duration_ms":1558}],"duration_ms":1}
Perf	INFO	2021-07-09T16:12:32.049-04:00	98073957013.5	C:\Users\leninne.pirovano\OneDrive - SCHEFFER\Documentos\Qlik\Sense\Apps\teste	-	OPEN_DATA_MANAGER_CORE
Perf	INFO	2021-07-09T16:12:32.052-04:00	98073959714.8	C:\Users\leninne.pirovano\OneDrive - SCHEFFER\Documentos\Qlik\Sense\Apps\teste	-	OPEN_DATA_MANAGER_CORE Execution time:  1
Perf	INFO	2021-07-09T16:12:32.072-04:00	98073979316	C:\Users\leninne.pirovano\OneDrive - SCHEFFER\Documentos\Qlik\Sense\Apps\teste	-	GET_FEATURE_FLAGS
Perf	INFO	2021-07-09T16:12:32.072-04:00	98073979566.2	C:\Users\leninne.pirovano\OneDrive - SCHEFFER\Documentos\Qlik\Sense\Apps\teste	-	GET_FEATURE_FLAGS Execution time:  0
Perf	INFO	2021-07-09T16:12:32.072-04:00	98073979814.2	C:\Users\leninne.pirovano\OneDrive - SCHEFFER\Documentos\Qlik\Sense\Apps\teste	-	QUERY_BUSINESS_MODEL
Perf	INFO	2021-07-09T16:12:32.073-04:00	98073980863.8	C:\Users\leninne.pirovano\OneDrive - SCHEFFER\Documentos\Qlik\Sense\Apps\teste	-	QUERY_BUSINESS_MODEL Execution time:  0
Perf	INFO	2021-07-09T16:12:32.074-04:00	98073981959.8	C:\Users\leninne.pirovano\OneDrive - SCHEFFER\Documentos\Qlik\Sense\Apps\teste	-	ANNOTATION_QUEUE
Perf	INFO	2021-07-09T16:12:32.076-04:00	98073983971.4	C:\Users\leninne.pirovano\OneDrive - SCHEFFER\Documentos\Qlik\Sense\Apps\teste	-	ANNOTATION_QUEUE Execution time:  0
Perf	INFO	2021-07-09T16:13:05.495-04:00	98107402770.5	C:\Users\leninne.pirovano\OneDrive - SCHEFFER\Documentos\Qlik\Sense\Apps\teste	-	INIT_ANNOTATION_BOARD_TABLE_FIELDS: Tables&Fields
Perf	INFO	2021-07-09T16:13:05.496-04:00	98107403836.3	C:\Users\leninne.pirovano\OneDrive - SCHEFFER\Documentos\Qlik\Sense\Apps\teste	-	GET_TABLES_AND_KEYS
Perf	INFO	2021-07-09T16:13:05.513-04:00	98107420753	C:\Users\leninne.pirovano\OneDrive - SCHEFFER\Documentos\Qlik\Sense\Apps\teste	-	GET_TABLES_AND_KEYS Execution time:  17
Perf	INFO	2021-07-09T16:13:05.515-04:00	98107422442.5	C:\Users\leninne.pirovano\OneDrive - SCHEFFER\Documentos\Qlik\Sense\Apps\teste	-	CALCULATE_FIELDS_FOR_NOT_FOUND_AND_TRANSFORMED: Field count: 68
Perf	INFO	2021-07-09T16:13:05.515-04:00	98107422635.1	C:\Users\leninne.pirovano\OneDrive - SCHEFFER\Documentos\Qlik\Sense\Apps\teste	-	CALCULATE_FIELDS_FOR_NOT_FOUND_AND_TRANSFORMED: Field count: 68 Execution time:  0
Perf	INFO	2021-07-09T16:13:05.515-04:00	98107422821.8	C:\Users\leninne.pirovano\OneDrive - SCHEFFER\Documentos\Qlik\Sense\Apps\teste	-	SAMPLES_AND_MIN_MAX
Perf	INFO	2021-07-09T16:13:05.518-04:00	98107425611.4	C:\Users\leninne.pirovano\OneDrive - SCHEFFER\Documentos\Qlik\Sense\Apps\teste	-	SAMPLE_VALUE_RETRIEVAL: Field count: 66
Perf	INFO	2021-07-09T16:13:06.059-04:00	98107966723.1	C:\Users\leninne.pirovano\OneDrive - SCHEFFER\Documentos\Qlik\Sense\Apps\teste	-	SAMPLE_VALUE_RETRIEVAL: Field count: 66 Execution time:  541
Perf	INFO	2021-07-09T16:13:06.059-04:00	98107967029.4	C:\Users\leninne.pirovano\OneDrive - SCHEFFER\Documentos\Qlik\Sense\Apps\teste	-	SAMPLE_VALUE_UPDATING
Perf	INFO	2021-07-09T16:13:06.063-04:00	98107970352.3	C:\Users\leninne.pirovano\OneDrive - SCHEFFER\Documentos\Qlik\Sense\Apps\teste	-	SAMPLE_VALUE_UPDATING Execution time:  3
Perf	INFO	2021-07-09T16:13:06.066-04:00	98107973371.5	C:\Users\leninne.pirovano\OneDrive - SCHEFFER\Documentos\Qlik\Sense\Apps\teste	-	MINMAX
Perf	INFO	2021-07-09T16:13:06.649-04:00	98108556856.1	C:\Users\leninne.pirovano\OneDrive - SCHEFFER\Documentos\Qlik\Sense\Apps\teste	-	MINMAX Execution time:  583
Perf	INFO	2021-07-09T16:13:06.649-04:00	98108557256.7	C:\Users\leninne.pirovano\OneDrive - SCHEFFER\Documentos\Qlik\Sense\Apps\teste	-	NUMERIC_RATIO
Perf	INFO	2021-07-09T16:13:06.654-04:00	98108561636	C:\Users\leninne.pirovano\OneDrive - SCHEFFER\Documentos\Qlik\Sense\Apps\teste	-	NUMERIC_RATIO Execution time:  4
Perf	INFO	2021-07-09T16:13:06.654-04:00	98108562131.2	C:\Users\leninne.pirovano\OneDrive - SCHEFFER\Documentos\Qlik\Sense\Apps\teste	-	SAMPLES_AND_MIN_MAX Execution time:  1139
Perf	INFO	2021-07-09T16:13:06.658-04:00	98108566101.8	C:\Users\leninne.pirovano\OneDrive - SCHEFFER\Documentos\Qlik\Sense\Apps\teste	-	CLASSIFICATION_PIPELINE
Perf	INFO	2021-07-09T16:13:06.659-04:00	98108566769.9	C:\Users\leninne.pirovano\OneDrive - SCHEFFER\Documentos\Qlik\Sense\Apps\teste	-	Annotation Step: Tokenizer
Perf	INFO	2021-07-09T16:13:06.670-04:00	98108577397.9	C:\Users\leninne.pirovano\OneDrive - SCHEFFER\Documentos\Qlik\Sense\Apps\teste	-	Annotation Step: Tokenizer Execution time:  10
Perf	INFO	2021-07-09T16:13:06.671-04:00	98108578353	C:\Users\leninne.pirovano\OneDrive - SCHEFFER\Documentos\Qlik\Sense\Apps\teste	-	Annotation Step: CaptionDecorator
Perf	INFO	2021-07-09T16:13:06.671-04:00	98108578786.8	C:\Users\leninne.pirovano\OneDrive - SCHEFFER\Documentos\Qlik\Sense\Apps\teste	-	Annotation Step: CaptionDecorator Execution time:  0
Perf	INFO	2021-07-09T16:13:06.672-04:00	98108579378.4	C:\Users\leninne.pirovano\OneDrive - SCHEFFER\Documentos\Qlik\Sense\Apps\teste	-	Annotation Step: DateTime
Perf	INFO	2021-07-09T16:13:06.674-04:00	98108581655.2	C:\Users\leninne.pirovano\OneDrive - SCHEFFER\Documentos\Qlik\Sense\Apps\teste	-	Annotation Step: DateTime Execution time:  2
Perf	INFO	2021-07-09T16:13:06.674-04:00	98108581963	C:\Users\leninne.pirovano\OneDrive - SCHEFFER\Documentos\Qlik\Sense\Apps\teste	-	Annotation Step: MissingValue
Perf	INFO	2021-07-09T16:13:06.674-04:00	98108582226.9	C:\Users\leninne.pirovano\OneDrive - SCHEFFER\Documentos\Qlik\Sense\Apps\teste	-	Annotation Step: MissingValue Execution time:  0
Perf	INFO	2021-07-09T16:13:06.675-04:00	98108582404.3	C:\Users\leninne.pirovano\OneDrive - SCHEFFER\Documentos\Qlik\Sense\Apps\teste	-	Annotation Step: CompoundValue
Perf	INFO	2021-07-09T16:13:06.675-04:00	98108582980.1	C:\Users\leninne.pirovano\OneDrive - SCHEFFER\Documentos\Qlik\Sense\Apps\teste	-	Annotation Step: CompoundValue Execution time:  0
Perf	INFO	2021-07-09T16:13:06.675-04:00	98108583140.9	C:\Users\leninne.pirovano\OneDrive - SCHEFFER\Documentos\Qlik\Sense\Apps\teste	-	Annotation Step: RecommendedDataType
Perf	INFO	2021-07-09T16:13:06.676-04:00	98108583774.6	C:\Users\leninne.pirovano\OneDrive - SCHEFFER\Documentos\Qlik\Sense\Apps\teste	-	Annotation Step: RecommendedDataType Execution time:  1
Perf	INFO	2021-07-09T16:13:06.676-04:00	98108583935.1	C:\Users\leninne.pirovano\OneDrive - SCHEFFER\Documentos\Qlik\Sense\Apps\teste	-	Annotation Step: ValueDecorator
Perf	INFO	2021-07-09T16:13:06.680-04:00	98108588130.7	C:\Users\leninne.pirovano\OneDrive - SCHEFFER\Documentos\Qlik\Sense\Apps\teste	-	Annotation Step: ValueDecorator Execution time:  4
Perf	INFO	2021-07-09T16:13:06.681-04:00	98108588521.6	C:\Users\leninne.pirovano\OneDrive - SCHEFFER\Documentos\Qlik\Sense\Apps\teste	-	Annotation Step: SemanticClassifier
Perf	INFO	2021-07-09T16:13:06.691-04:00	98108598728	C:\Users\leninne.pirovano\OneDrive - SCHEFFER\Documentos\Qlik\Sense\Apps\teste	-	Annotation Step: SemanticClassifier Execution time:  10
Perf	INFO	2021-07-09T16:13:06.691-04:00	98108599200.9	C:\Users\leninne.pirovano\OneDrive - SCHEFFER\Documentos\Qlik\Sense\Apps\teste	-	Annotation Step: AdhocTransformations
Perf	INFO	2021-07-09T16:13:06.692-04:00	98108599597.2	C:\Users\leninne.pirovano\OneDrive - SCHEFFER\Documentos\Qlik\Sense\Apps\teste	-	Annotation Step: AdhocTransformations Execution time:  0
Perf	INFO	2021-07-09T16:13:06.692-04:00	98108599848.3	C:\Users\leninne.pirovano\OneDrive - SCHEFFER\Documentos\Qlik\Sense\Apps\teste	-	Annotation Step: AdhocCompoundValue
Perf	INFO	2021-07-09T16:13:06.693-04:00	98108600623.5	C:\Users\leninne.pirovano\OneDrive - SCHEFFER\Documentos\Qlik\Sense\Apps\teste	-	Annotation Step: AdhocCompoundValue Execution time:  0
Perf	INFO	2021-07-09T16:13:06.693-04:00	98108600821.1	C:\Users\leninne.pirovano\OneDrive - SCHEFFER\Documentos\Qlik\Sense\Apps\teste	-	Annotation Step: ValueBasedGeoClassifier
Perf	INFO	2021-07-09T16:13:06.729-04:00	98108636323.1	C:\Users\leninne.pirovano\OneDrive - SCHEFFER\Documentos\Qlik\Sense\Apps\teste	-	Annotation Step: ValueBasedGeoClassifier Execution time:  35
Perf	INFO	2021-07-09T16:13:06.729-04:00	98108636749.2	C:\Users\leninne.pirovano\OneDrive - SCHEFFER\Documentos\Qlik\Sense\Apps\teste	-	Annotation Step: CrossDatasetClassifier
Perf	INFO	2021-07-09T16:13:06.729-04:00	98108637113.3	C:\Users\leninne.pirovano\OneDrive - SCHEFFER\Documentos\Qlik\Sense\Apps\teste	-	Annotation Step: CrossDatasetClassifier Execution time:  0
Perf	INFO	2021-07-09T16:13:06.729-04:00	98108637258	C:\Users\leninne.pirovano\OneDrive - SCHEFFER\Documentos\Qlik\Sense\Apps\teste	-	Annotation Step: TimeBoundMeasureFinder
Perf	INFO	2021-07-09T16:13:06.730-04:00	98108637414.4	C:\Users\leninne.pirovano\OneDrive - SCHEFFER\Documentos\Qlik\Sense\Apps\teste	-	Annotation Step: TimeBoundMeasureFinder Execution time:  0
Perf	INFO	2021-07-09T16:13:06.730-04:00	98108637545.4	C:\Users\leninne.pirovano\OneDrive - SCHEFFER\Documentos\Qlik\Sense\Apps\teste	-	CLASSIFICATION_PIPELINE Execution time:  71
Perf	INFO	2021-07-09T16:13:06.730-04:00	98108637695.6	C:\Users\leninne.pirovano\OneDrive - SCHEFFER\Documentos\Qlik\Sense\Apps\teste	-	INIT_ANNOTATION_BOARD_TABLE_FIELDS: Tables&Fields Execution time:  1234
Perf	INFO	2021-07-09T16:13:06.731-04:00	98108638344.7	C:\Users\leninne.pirovano\OneDrive - SCHEFFER\Documentos\Qlik\Sense\Apps\teste	-	GetClassificationHandler::execute
Perf	INFO	2021-07-09T16:13:06.731-04:00	98108638555.2	C:\Users\leninne.pirovano\OneDrive - SCHEFFER\Documentos\Qlik\Sense\Apps\teste	-	{"value":"OPEN_DATA_MANAGER_CORE","steps":[{"value":"GET_FEATURE_FLAGS","steps":[],"duration_ms":0},{"value":"QUERY_BUSINESS_MODEL","steps":[],"duration_ms":0},{"value":"ANNOTATION_QUEUE","steps":[],"duration_ms":0},{"value":"INIT_ANNOTATION_BOARD_TABLE_FIELDS: Tables&Fields","steps":[{"value":"GET_TABLES_AND_KEYS","steps":[],"duration_ms":17},{"value":"CALCULATE_FIELDS_FOR_NOT_FOUND_AND_TRANSFORMED: Field count: 68","steps":[],"duration_ms":0},{"value":"SAMPLES_AND_MIN_MAX","steps":[{"value":"SAMPLE_VALUE_RETRIEVAL: Field count: 66","steps":[],"duration_ms":541},{"value":"SAMPLE_VALUE_UPDATING","steps":[],"duration_ms":3},{"value":"MINMAX","steps":[],"duration_ms":583},{"value":"NUMERIC_RATIO","steps":[],"duration_ms":4}],"duration_ms":1139},{"value":"CLASSIFICATION_PIPELINE","steps":[{"value":"Annotation Step: Tokenizer","steps":[],"duration_ms":10},{"value":"Annotation Step: CaptionDecorator","steps":[],"duration_ms":0},{"value":"Annotation Step: DateTime","steps":[],"duration_ms":2},{"value":"Annotation Step: MissingValue","steps":[],"duration_ms":0},{"value":"Annotation Step: CompoundValue","steps":[],"duration_ms":0},{"value":"Annotation Step: RecommendedDataType","steps":[],"duration_ms":1},{"value":"Annotation Step: ValueDecorator","steps":[],"duration_ms":4},{"value":"Annotation Step: SemanticClassifier","steps":[],"duration_ms":10},{"value":"Annotation Step: AdhocTransformations","steps":[],"duration_ms":0},{"value":"Annotation Step: AdhocCompoundValue","steps":[],"duration_ms":0},{"value":"Annotation Step: ValueBasedGeoClassifier","steps":[],"duration_ms":35},{"value":"Annotation Step: CrossDatasetClassifier","steps":[],"duration_ms":0},{"value":"Annotation Step: TimeBoundMeasureFinder","steps":[],"duration_ms":0}],"duration_ms":71}],"duration_ms":1234}],"duration_ms":1}
Perf	INFO	2021-07-09T16:49:17.579-04:00	100279480164.3	C:\Users\leninne.pirovano\OneDrive - SCHEFFER\Documentos\Qlik\Sense\Apps\teste	-	OPEN_DATA_MANAGER_CORE
Perf	INFO	2021-07-09T16:49:17.613-04:00	100279514725.5	C:\Users\leninne.pirovano\OneDrive - SCHEFFER\Documentos\Qlik\Sense\Apps\teste	-	OPEN_DATA_MANAGER_CORE Execution time:  1
Perf	INFO	2021-07-09T16:49:17.637-04:00	100279538658.6	C:\Users\leninne.pirovano\OneDrive - SCHEFFER\Documentos\Qlik\Sense\Apps\teste	-	GET_FEATURE_FLAGS
Perf	INFO	2021-07-09T16:49:17.645-04:00	100279546769.6	C:\Users\leninne.pirovano\OneDrive - SCHEFFER\Documentos\Qlik\Sense\Apps\teste	-	GET_FEATURE_FLAGS Execution time:  0
Perf	INFO	2021-07-09T16:49:17.661-04:00	100279562697.3	C:\Users\leninne.pirovano\OneDrive - SCHEFFER\Documentos\Qlik\Sense\Apps\teste	-	QUERY_BUSINESS_MODEL
Perf	INFO	2021-07-09T16:49:17.664-04:00	100279565275.7	C:\Users\leninne.pirovano\OneDrive - SCHEFFER\Documentos\Qlik\Sense\Apps\teste	-	QUERY_BUSINESS_MODEL Execution time:  1
Perf	INFO	2021-07-09T16:49:17.664-04:00	100279566003.5	C:\Users\leninne.pirovano\OneDrive - SCHEFFER\Documentos\Qlik\Sense\Apps\teste	-	ANNOTATION_QUEUE
Perf	INFO	2021-07-09T16:49:17.665-04:00	100279566250.4	C:\Users\leninne.pirovano\OneDrive - SCHEFFER\Documentos\Qlik\Sense\Apps\teste	-	ANNOTATION_QUEUE Execution time:  0
Perf	INFO	2021-07-09T16:49:29.271-04:00	100291172248.5	C:\Users\leninne.pirovano\OneDrive - SCHEFFER\Documentos\Qlik\Sense\Apps\teste	-	INIT_ANNOTATION_BOARD_TABLE_FIELDS: Tables&Fields
Perf	INFO	2021-07-09T16:49:29.271-04:00	100291172920.5	C:\Users\leninne.pirovano\OneDrive - SCHEFFER\Documentos\Qlik\Sense\Apps\teste	-	GET_TABLES_AND_KEYS
Perf	INFO	2021-07-09T16:49:29.289-04:00	100291190078.1	C:\Users\leninne.pirovano\OneDrive - SCHEFFER\Documentos\Qlik\Sense\Apps\teste	-	GET_TABLES_AND_KEYS Execution time:  17
Perf	INFO	2021-07-09T16:49:29.290-04:00	100291191102.4	C:\Users\leninne.pirovano\OneDrive - SCHEFFER\Documentos\Qlik\Sense\Apps\teste	-	CALCULATE_FIELDS_FOR_NOT_FOUND_AND_TRANSFORMED: Field count: 69
Perf	INFO	2021-07-09T16:49:29.290-04:00	100291191320	C:\Users\leninne.pirovano\OneDrive - SCHEFFER\Documentos\Qlik\Sense\Apps\teste	-	CALCULATE_FIELDS_FOR_NOT_FOUND_AND_TRANSFORMED: Field count: 69 Execution time:  0
Perf	INFO	2021-07-09T16:49:29.290-04:00	100291191566.9	C:\Users\leninne.pirovano\OneDrive - SCHEFFER\Documentos\Qlik\Sense\Apps\teste	-	SAMPLES_AND_MIN_MAX
Perf	INFO	2021-07-09T16:49:29.310-04:00	100291211341.4	C:\Users\leninne.pirovano\OneDrive - SCHEFFER\Documentos\Qlik\Sense\Apps\teste	-	SAMPLE_VALUE_RETRIEVAL: Field count: 67
Perf	INFO	2021-07-09T16:49:29.882-04:00	100291783068.3	C:\Users\leninne.pirovano\OneDrive - SCHEFFER\Documentos\Qlik\Sense\Apps\teste	-	SAMPLE_VALUE_RETRIEVAL: Field count: 67 Execution time:  572
Perf	INFO	2021-07-09T16:49:29.882-04:00	100291783326.2	C:\Users\leninne.pirovano\OneDrive - SCHEFFER\Documentos\Qlik\Sense\Apps\teste	-	SAMPLE_VALUE_UPDATING
Perf	INFO	2021-07-09T16:49:29.883-04:00	100291784167.3	C:\Users\leninne.pirovano\OneDrive - SCHEFFER\Documentos\Qlik\Sense\Apps\teste	-	SAMPLE_VALUE_UPDATING Execution time:  1
Perf	INFO	2021-07-09T16:49:29.883-04:00	100291784723.4	C:\Users\leninne.pirovano\OneDrive - SCHEFFER\Documentos\Qlik\Sense\Apps\teste	-	MINMAX
Perf	INFO	2021-07-09T16:49:30.467-04:00	100292368454.1	C:\Users\leninne.pirovano\OneDrive - SCHEFFER\Documentos\Qlik\Sense\Apps\teste	-	MINMAX Execution time:  584
Perf	INFO	2021-07-09T16:49:30.468-04:00	100292369284.4	C:\Users\leninne.pirovano\OneDrive - SCHEFFER\Documentos\Qlik\Sense\Apps\teste	-	NUMERIC_RATIO
Perf	INFO	2021-07-09T16:49:30.472-04:00	100292373875.8	C:\Users\leninne.pirovano\OneDrive - SCHEFFER\Documentos\Qlik\Sense\Apps\teste	-	NUMERIC_RATIO Execution time:  4
Perf	INFO	2021-07-09T16:49:30.473-04:00	100292374219.4	C:\Users\leninne.pirovano\OneDrive - SCHEFFER\Documentos\Qlik\Sense\Apps\teste	-	SAMPLES_AND_MIN_MAX Execution time:  1183
Perf	INFO	2021-07-09T16:49:30.476-04:00	100292377453.7	C:\Users\leninne.pirovano\OneDrive - SCHEFFER\Documentos\Qlik\Sense\Apps\teste	-	CLASSIFICATION_PIPELINE
Perf	INFO	2021-07-09T16:49:30.477-04:00	100292378315.3	C:\Users\leninne.pirovano\OneDrive - SCHEFFER\Documentos\Qlik\Sense\Apps\teste	-	Annotation Step: Tokenizer
Perf	INFO	2021-07-09T16:49:30.500-04:00	100292401711.2	C:\Users\leninne.pirovano\OneDrive - SCHEFFER\Documentos\Qlik\Sense\Apps\teste	-	Annotation Step: Tokenizer Execution time:  23
Perf	INFO	2021-07-09T16:49:30.501-04:00	100292402329.5	C:\Users\leninne.pirovano\OneDrive - SCHEFFER\Documentos\Qlik\Sense\Apps\teste	-	Annotation Step: CaptionDecorator
Perf	INFO	2021-07-09T16:49:30.501-04:00	100292402711.7	C:\Users\leninne.pirovano\OneDrive - SCHEFFER\Documentos\Qlik\Sense\Apps\teste	-	Annotation Step: CaptionDecorator Execution time:  0
Perf	INFO	2021-07-09T16:49:30.502-04:00	100292402974.1	C:\Users\leninne.pirovano\OneDrive - SCHEFFER\Documentos\Qlik\Sense\Apps\teste	-	Annotation Step: DateTime
Perf	INFO	2021-07-09T16:49:30.503-04:00	100292404326.9	C:\Users\leninne.pirovano\OneDrive - SCHEFFER\Documentos\Qlik\Sense\Apps\teste	-	Annotation Step: DateTime Execution time:  1
Perf	INFO	2021-07-09T16:49:30.503-04:00	100292404508.1	C:\Users\leninne.pirovano\OneDrive - SCHEFFER\Documentos\Qlik\Sense\Apps\teste	-	Annotation Step: MissingValue
Perf	INFO	2021-07-09T16:49:30.503-04:00	100292404704.6	C:\Users\leninne.pirovano\OneDrive - SCHEFFER\Documentos\Qlik\Sense\Apps\teste	-	Annotation Step: MissingValue Execution time:  0
Perf	INFO	2021-07-09T16:49:30.503-04:00	100292404850	C:\Users\leninne.pirovano\OneDrive - SCHEFFER\Documentos\Qlik\Sense\Apps\teste	-	Annotation Step: CompoundValue
Perf	INFO	2021-07-09T16:49:30.504-04:00	100292405227.2	C:\Users\leninne.pirovano\OneDrive - SCHEFFER\Documentos\Qlik\Sense\Apps\teste	-	Annotation Step: CompoundValue Execution time:  1
Perf	INFO	2021-07-09T16:49:30.504-04:00	100292405353.9	C:\Users\leninne.pirovano\OneDrive - SCHEFFER\Documentos\Qlik\Sense\Apps\teste	-	Annotation Step: RecommendedDataType
Perf	INFO	2021-07-09T16:49:30.504-04:00	100292405940.5	C:\Users\leninne.pirovano\OneDrive - SCHEFFER\Documentos\Qlik\Sense\Apps\teste	-	Annotation Step: RecommendedDataType Execution time:  0
Perf	INFO	2021-07-09T16:49:30.505-04:00	100292406120.7	C:\Users\leninne.pirovano\OneDrive - SCHEFFER\Documentos\Qlik\Sense\Apps\teste	-	Annotation Step: ValueDecorator
Perf	INFO	2021-07-09T16:49:30.509-04:00	100292410306.9	C:\Users\leninne.pirovano\OneDrive - SCHEFFER\Documentos\Qlik\Sense\Apps\teste	-	Annotation Step: ValueDecorator Execution time:  4
Perf	INFO	2021-07-09T16:49:30.511-04:00	100292412592.4	C:\Users\leninne.pirovano\OneDrive - SCHEFFER\Documentos\Qlik\Sense\Apps\teste	-	Annotation Step: SemanticClassifier
Perf	INFO	2021-07-09T16:49:30.559-04:00	100292460669.1	C:\Users\leninne.pirovano\OneDrive - SCHEFFER\Documentos\Qlik\Sense\Apps\teste	-	Annotation Step: SemanticClassifier Execution time:  48
Perf	INFO	2021-07-09T16:49:30.560-04:00	100292461594.6	C:\Users\leninne.pirovano\OneDrive - SCHEFFER\Documentos\Qlik\Sense\Apps\teste	-	Annotation Step: AdhocTransformations
Perf	INFO	2021-07-09T16:49:30.561-04:00	100292462057.5	C:\Users\leninne.pirovano\OneDrive - SCHEFFER\Documentos\Qlik\Sense\Apps\teste	-	Annotation Step: AdhocTransformations Execution time:  1
Perf	INFO	2021-07-09T16:49:30.561-04:00	100292462577.9	C:\Users\leninne.pirovano\OneDrive - SCHEFFER\Documentos\Qlik\Sense\Apps\teste	-	Annotation Step: AdhocCompoundValue
Perf	INFO	2021-07-09T16:49:30.561-04:00	100292462919.4	C:\Users\leninne.pirovano\OneDrive - SCHEFFER\Documentos\Qlik\Sense\Apps\teste	-	Annotation Step: AdhocCompoundValue Execution time:  0
Perf	INFO	2021-07-09T16:49:30.562-04:00	100292463145.3	C:\Users\leninne.pirovano\OneDrive - SCHEFFER\Documentos\Qlik\Sense\Apps\teste	-	Annotation Step: ValueBasedGeoClassifier
Perf	INFO	2021-07-09T16:49:30.596-04:00	100292497716.7	C:\Users\leninne.pirovano\OneDrive - SCHEFFER\Documentos\Qlik\Sense\Apps\teste	-	Annotation Step: ValueBasedGeoClassifier Execution time:  34
Perf	INFO	2021-07-09T16:49:30.597-04:00	100292498062.8	C:\Users\leninne.pirovano\OneDrive - SCHEFFER\Documentos\Qlik\Sense\Apps\teste	-	Annotation Step: CrossDatasetClassifier
Perf	INFO	2021-07-09T16:49:30.597-04:00	100292498374.4	C:\Users\leninne.pirovano\OneDrive - SCHEFFER\Documentos\Qlik\Sense\Apps\teste	-	Annotation Step: CrossDatasetClassifier Execution time:  0
Perf	INFO	2021-07-09T16:49:30.597-04:00	100292498556.6	C:\Users\leninne.pirovano\OneDrive - SCHEFFER\Documentos\Qlik\Sense\Apps\teste	-	Annotation Step: TimeBoundMeasureFinder
Perf	INFO	2021-07-09T16:49:30.597-04:00	100292498798.1	C:\Users\leninne.pirovano\OneDrive - SCHEFFER\Documentos\Qlik\Sense\Apps\teste	-	Annotation Step: TimeBoundMeasureFinder Execution time:  0
Perf	INFO	2021-07-09T16:49:30.598-04:00	100292498992.2	C:\Users\leninne.pirovano\OneDrive - SCHEFFER\Documentos\Qlik\Sense\Apps\teste	-	CLASSIFICATION_PIPELINE Execution time:  121
Perf	INFO	2021-07-09T16:49:30.598-04:00	100292499215.1	C:\Users\leninne.pirovano\OneDrive - SCHEFFER\Documentos\Qlik\Sense\Apps\teste	-	INIT_ANNOTATION_BOARD_TABLE_FIELDS: Tables&Fields Execution time:  1327
Perf	INFO	2021-07-09T16:49:30.598-04:00	100292499914.9	C:\Users\leninne.pirovano\OneDrive - SCHEFFER\Documentos\Qlik\Sense\Apps\teste	-	GetClassificationHandler::execute
Perf	INFO	2021-07-09T16:49:30.599-04:00	100292500230.5	C:\Users\leninne.pirovano\OneDrive - SCHEFFER\Documentos\Qlik\Sense\Apps\teste	-	{"value":"OPEN_DATA_MANAGER_CORE","steps":[{"value":"GET_FEATURE_FLAGS","steps":[],"duration_ms":0},{"value":"QUERY_BUSINESS_MODEL","steps":[],"duration_ms":1},{"value":"ANNOTATION_QUEUE","steps":[],"duration_ms":0},{"value":"INIT_ANNOTATION_BOARD_TABLE_FIELDS: Tables&Fields","steps":[{"value":"GET_TABLES_AND_KEYS","steps":[],"duration_ms":17},{"value":"CALCULATE_FIELDS_FOR_NOT_FOUND_AND_TRANSFORMED: Field count: 69","steps":[],"duration_ms":0},{"value":"SAMPLES_AND_MIN_MAX","steps":[{"value":"SAMPLE_VALUE_RETRIEVAL: Field count: 67","steps":[],"duration_ms":572},{"value":"SAMPLE_VALUE_UPDATING","steps":[],"duration_ms":1},{"value":"MINMAX","steps":[],"duration_ms":584},{"value":"NUMERIC_RATIO","steps":[],"duration_ms":4}],"duration_ms":1183},{"value":"CLASSIFICATION_PIPELINE","steps":[{"value":"Annotation Step: Tokenizer","steps":[],"duration_ms":23},{"value":"Annotation Step: CaptionDecorator","steps":[],"duration_ms":0},{"value":"Annotation Step: DateTime","steps":[],"duration_ms":1},{"value":"Annotation Step: MissingValue","steps":[],"duration_ms":0},{"value":"Annotation Step: CompoundValue","steps":[],"duration_ms":1},{"value":"Annotation Step: RecommendedDataType","steps":[],"duration_ms":0},{"value":"Annotation Step: ValueDecorator","steps":[],"duration_ms":4},{"value":"Annotation Step: SemanticClassifier","steps":[],"duration_ms":48},{"value":"Annotation Step: AdhocTransformations","steps":[],"duration_ms":1},{"value":"Annotation Step: AdhocCompoundValue","steps":[],"duration_ms":0},{"value":"Annotation Step: ValueBasedGeoClassifier","steps":[],"duration_ms":34},{"value":"Annotation Step: CrossDatasetClassifier","steps":[],"duration_ms":0},{"value":"Annotation Step: TimeBoundMeasureFinder","steps":[],"duration_ms":0}],"duration_ms":121}],"duration_ms":1327}],"duration_ms":1}
