Logger	Severity	Date	MicroSeconds	ipAddress	AppId	UserId	Message
Audit	INFO	2021-07-01T13:07:57.506-04:00	515403212708.2	-	C:\Users\leninne.pirovano\OneDrive - SCHEFFER\Documentos\Qlik\Sense\Apps\Business performance	-	RPC Session Create: in context ws
Audit	INFO	2021-07-01T13:07:57.507-04:00	515403213625.5	-	C:\Users\leninne.pirovano\OneDrive - SCHEFFER\Documentos\Qlik\Sense\Apps\Business performance	-	Client connected /dataprepservice/app/C%3A%5CUsers%5Cleninne.pirovano%5COneDrive%20-%20SCHEFFER%5CDocumentos%5CQlik%5CSense%5CApps%5CBusiness%20performance.qvf?reloadUri=http%3A%2F%2Flocalhost%3A4848%2Fsense%2Fapp%2FC%253A%255CUsers%255Cleninne.pirovano%255COneDrive%2520-%2520SCHEFFER%255CDocumentos%255CQlik%255CSense%255CApps%255CBusiness%2520performance.qvf%2Ffeature%2Fdesktop_authentication Open sessions: 1 Open rest initiated sessions: 0 Open ws initiated sessions: 1 Total client ws connections: 1 # of clients connected to application: 1
Audit	INFO	2021-07-01T13:07:57.521-04:00	515403228197.5	-	C:\Users\leninne.pirovano\OneDrive - SCHEFFER\Documentos\Qlik\Sense\Apps\Business performance	-	RPC Session Attach: in context rest
Audit	INFO	2021-07-01T13:07:57.534-04:00	515403241055.7	-	C:\Users\leninne.pirovano\OneDrive - SCHEFFER\Documentos\Qlik\Sense\Apps\Business performance	-	Engine connection established. Active engine connections: 1
Audit	INFO	2021-07-01T13:08:10.811-04:00	515416518090.6	-	C:\Users\leninne.pirovano\OneDrive - SCHEFFER\Documentos\Qlik\Sense\Apps\Business performance	-	RPC Session Attach: in context ws
Audit	INFO	2021-07-01T13:08:10.812-04:00	515416518796.6	-	C:\Users\leninne.pirovano\OneDrive - SCHEFFER\Documentos\Qlik\Sense\Apps\Business performance	-	Client connected /dataprepservice/app/C%3A%5CUsers%5Cleninne.pirovano%5COneDrive%20-%20SCHEFFER%5CDocumentos%5CQlik%5CSense%5CApps%5CBusiness%20performance.qvf?reloadUri=http%3A%2F%2Flocalhost%3A4848%2Fsense%2Fapp%2FC%253A%255CUsers%255Cleninne.pirovano%255COneDrive%2520-%2520SCHEFFER%255CDocumentos%255CQlik%255CSense%255CApps%255CBusiness%2520performance.qvf%2Ffeature%2Fdesktop_authentication Open sessions: 1 Open rest initiated sessions: 0 Open ws initiated sessions: 1 Total client ws connections: 2 # of clients connected to application: 2
Audit	INFO	2021-07-01T13:12:47.663-04:00	515693443018.2	-	C:\Users\leninne.pirovano\OneDrive - SCHEFFER\Documentos\Qlik\Sense\Apps\Comercio exterior algodão	-	RPC Session Create: in context ws
Audit	INFO	2021-07-01T13:12:47.664-04:00	515693443422.6	-	C:\Users\leninne.pirovano\OneDrive - SCHEFFER\Documentos\Qlik\Sense\Apps\Comercio exterior algodão	-	Client connected /dataprepservice/app/C%3A%5CUsers%5Cleninne.pirovano%5COneDrive%20-%20SCHEFFER%5CDocumentos%5CQlik%5CSense%5CApps%5CComercio%20exterior%20algod%C3%A3o.qvf?reloadUri=http%3A%2F%2Flocalhost%3A4848%2Fsense%2Fapp%2FC%253A%255CUsers%255Cleninne.pirovano%255COneDrive%2520-%2520SCHEFFER%255CDocumentos%255CQlik%255CSense%255CApps%255CComercio%2520exterior%2520algod%25C3%25A3o.qvf%2Ffeature%2Fdesktop_authentication Open sessions: 2 Open rest initiated sessions: 0 Open ws initiated sessions: 2 Total client ws connections: 3 # of clients connected to application: 1
Audit	INFO	2021-07-01T13:12:47.669-04:00	515693449252.7	-	C:\Users\leninne.pirovano\OneDrive - SCHEFFER\Documentos\Qlik\Sense\Apps\Comercio exterior algodão	-	RPC Session Attach: in context rest
Audit	INFO	2021-07-01T13:12:47.671-04:00	515693451233.6	-	C:\Users\leninne.pirovano\OneDrive - SCHEFFER\Documentos\Qlik\Sense\Apps\Comercio exterior algodão	-	Engine connection established. Active engine connections: 2
Audit	INFO	2021-07-01T13:17:44.057-04:00	515989834608.1	-	C:\Users\leninne.pirovano\OneDrive - SCHEFFER\Documentos\Qlik\Sense\Apps\Business performance	-	RPC Session is inactive
Audit	INFO	2021-07-01T13:17:44.057-04:00	515989835003.8	-	C:\Users\leninne.pirovano\OneDrive - SCHEFFER\Documentos\Qlik\Sense\Apps\Comercio exterior algodão	-	RPC Session is inactive
Audit	INFO	2021-07-01T13:27:44.066-04:00	516589838742.8	-	C:\Users\leninne.pirovano\OneDrive - SCHEFFER\Documentos\Qlik\Sense\Apps\Business performance	-	RPC Session is inactive
Audit	INFO	2021-07-01T13:27:44.067-04:00	516589839377.3	-	C:\Users\leninne.pirovano\OneDrive - SCHEFFER\Documentos\Qlik\Sense\Apps\Comercio exterior algodão	-	RPC Session is inactive
Audit	INFO	2021-07-01T13:37:44.081-04:00	517189842052.2	-	C:\Users\leninne.pirovano\OneDrive - SCHEFFER\Documentos\Qlik\Sense\Apps\Business performance	-	RPC Session is inactive
Audit	INFO	2021-07-01T13:37:44.081-04:00	517189842443	-	C:\Users\leninne.pirovano\OneDrive - SCHEFFER\Documentos\Qlik\Sense\Apps\Comercio exterior algodão	-	RPC Session is inactive
Audit	INFO	2021-07-01T13:47:44.086-04:00	517789845374.2	-	C:\Users\leninne.pirovano\OneDrive - SCHEFFER\Documentos\Qlik\Sense\Apps\Business performance	-	RPC Session is inactive
Audit	INFO	2021-07-01T13:47:44.086-04:00	517789845826.1	-	C:\Users\leninne.pirovano\OneDrive - SCHEFFER\Documentos\Qlik\Sense\Apps\Comercio exterior algodão	-	RPC Session is inactive
Audit	INFO	2021-07-01T13:47:44.132-04:00	517789891773.8	-	C:\Users\leninne.pirovano\OneDrive - SCHEFFER\Documentos\Qlik\Sense\Apps\Business performance	-	DPS Rest session has reached expiry, clearing rest session
Audit	INFO	2021-07-01T13:57:44.084-04:00	518389845555	-	C:\Users\leninne.pirovano\OneDrive - SCHEFFER\Documentos\Qlik\Sense\Apps\Business performance	-	RPC Session is inactive
Audit	INFO	2021-07-01T13:57:44.088-04:00	518389849544.5	-	C:\Users\leninne.pirovano\OneDrive - SCHEFFER\Documentos\Qlik\Sense\Apps\Comercio exterior algodão	-	RPC Session is inactive
Audit	INFO	2021-07-01T14:07:44.080-04:00	518989841351.2	-	df53a823-09c7-7f30-0bd3-8bbb732e	UserDirectory = INTERNAL; UserID= sa_engine	Engine connection established. Active engine connections: 3
Audit	INFO	2021-07-01T14:07:44.085-04:00	518989846605.3	-	C:\Users\leninne.pirovano\OneDrive - SCHEFFER\Documentos\Qlik\Sense\Apps\Business performance	-	RPC Session is inactive
Audit	INFO	2021-07-01T14:07:44.086-04:00	518989847442	-	C:\Users\leninne.pirovano\OneDrive - SCHEFFER\Documentos\Qlik\Sense\Apps\Comercio exterior algodão	-	RPC Session is inactive
Audit	INFO	2021-07-01T14:07:44.119-04:00	518989880506.7	-	df53a823-09c7-7f30-0bd3-8bbb732e	UserDirectory = INTERNAL; UserID= sa_engine	Engine connection released. Active engine connections: 2
Audit	INFO	2021-07-01T14:17:44.091-04:00	519589849843.4	-	C:\Users\leninne.pirovano\OneDrive - SCHEFFER\Documentos\Qlik\Sense\Apps\Business performance	-	RPC Session is inactive
Audit	INFO	2021-07-01T14:17:44.091-04:00	519589850351.1	-	C:\Users\leninne.pirovano\OneDrive - SCHEFFER\Documentos\Qlik\Sense\Apps\Comercio exterior algodão	-	RPC Session is inactive
Audit	INFO	2021-07-01T14:27:44.094-04:00	520189849974.7	-	C:\Users\leninne.pirovano\OneDrive - SCHEFFER\Documentos\Qlik\Sense\Apps\Business performance	-	RPC Session is inactive
Audit	INFO	2021-07-01T14:27:44.095-04:00	520189850738.8	-	C:\Users\leninne.pirovano\OneDrive - SCHEFFER\Documentos\Qlik\Sense\Apps\Comercio exterior algodão	-	RPC Session is inactive
Audit	INFO	2021-07-01T14:37:44.113-04:00	520789864471.8	-	C:\Users\leninne.pirovano\OneDrive - SCHEFFER\Documentos\Qlik\Sense\Apps\Business performance	-	RPC Session is inactive
Audit	INFO	2021-07-01T14:37:44.113-04:00	520789864980.3	-	C:\Users\leninne.pirovano\OneDrive - SCHEFFER\Documentos\Qlik\Sense\Apps\Comercio exterior algodão	-	RPC Session is inactive
Audit	INFO	2021-07-01T14:47:44.114-04:00	521389867570.7	-	C:\Users\leninne.pirovano\OneDrive - SCHEFFER\Documentos\Qlik\Sense\Apps\Business performance	-	RPC Session is inactive
Audit	INFO	2021-07-01T14:47:44.115-04:00	521389868073.4	-	C:\Users\leninne.pirovano\OneDrive - SCHEFFER\Documentos\Qlik\Sense\Apps\Comercio exterior algodão	-	RPC Session is inactive
Audit	INFO	2021-07-01T14:57:44.126-04:00	521989880604.7	-	C:\Users\leninne.pirovano\OneDrive - SCHEFFER\Documentos\Qlik\Sense\Apps\Business performance	-	RPC Session is inactive
Audit	INFO	2021-07-01T14:57:44.127-04:00	521989881051.7	-	C:\Users\leninne.pirovano\OneDrive - SCHEFFER\Documentos\Qlik\Sense\Apps\Comercio exterior algodão	-	RPC Session is inactive
Audit	INFO	2021-07-01T15:00:51.563-04:00	522177314225.4	-	C:\Users\leninne.pirovano\OneDrive - SCHEFFER\Documentos\Qlik\Sense\Apps\Comercio exterior algodão	-	RPC Session Attach: in context ws
Audit	INFO	2021-07-01T15:00:51.563-04:00	522177314620.4	-	C:\Users\leninne.pirovano\OneDrive - SCHEFFER\Documentos\Qlik\Sense\Apps\Comercio exterior algodão	-	Client connected /dataprepservice/app/C%3A%5CUsers%5Cleninne.pirovano%5COneDrive%20-%20SCHEFFER%5CDocumentos%5CQlik%5CSense%5CApps%5CComercio%20exterior%20algod%C3%A3o.qvf?reloadUri=http%3A%2F%2Flocalhost%3A4848%2Fdatamodelviewer%2Fapp%2FC%253A%255CUsers%255Cleninne.pirovano%255COneDrive%2520-%2520SCHEFFER%255CDocumentos%255CQlik%255CSense%255CApps%255CComercio%2520exterior%2520algod%25C3%25A3o.qvf%2Ffeature%2Fdesktop_authentication Open sessions: 2 Open rest initiated sessions: 0 Open ws initiated sessions: 2 Total client ws connections: 4 # of clients connected to application: 2
Audit	INFO	2021-07-01T15:02:17.214-04:00	522262963131.8	-	C:\Users\leninne.pirovano\OneDrive - SCHEFFER\Documentos\Qlik\Sense\Apps\Comercio exterior algodão	-	Client closed connection, clearing session...}
Audit	INFO	2021-07-01T15:02:17.215-04:00	522262964110.9	-	C:\Users\leninne.pirovano\OneDrive - SCHEFFER\Documentos\Qlik\Sense\Apps\Comercio exterior algodão	-	Client closed connection: C:\Users\leninne.pirovano\OneDrive - SCHEFFER\Documentos\Qlik\Sense\Apps\Comercio exterior algodão Open sessions: 2 Open rest initiated sessions: 0 Open ws initiated sessions: 2 Total client ws connections: 3 # of clients connected to application: 1
Audit	INFO	2021-07-01T15:04:28.815-04:00	522394562285.8	-	C:\Users\leninne.pirovano\OneDrive - SCHEFFER\Documentos\Qlik\Sense\Apps\Comercio exterior algodão	-	Client closed connection, clearing session...}
Audit	INFO	2021-07-01T15:04:28.821-04:00	522394568135.6	-	C:\Users\leninne.pirovano\OneDrive - SCHEFFER\Documentos\Qlik\Sense\Apps\Comercio exterior algodão	-	Client closed connection: C:\Users\leninne.pirovano\OneDrive - SCHEFFER\Documentos\Qlik\Sense\Apps\Comercio exterior algodão Open sessions: 1 Open rest initiated sessions: 0 Open ws initiated sessions: 1 Total client ws connections: 2 # of clients connected to application: 0
Audit	INFO	2021-07-01T15:04:28.827-04:00	522394574417.4	-	C:\Users\leninne.pirovano\OneDrive - SCHEFFER\Documentos\Qlik\Sense\Apps\Comercio exterior algodão	-	Engine connection released. Active engine connections: 1
Audit	INFO	2021-07-01T15:04:34.171-04:00	522399918653.8	-	C:\Users\leninne.pirovano\OneDrive - SCHEFFER\Documentos\Qlik\Sense\Apps\Business performance	-	Client closed connection, clearing session...}
Audit	INFO	2021-07-01T15:04:34.171-04:00	522399918920	-	C:\Users\leninne.pirovano\OneDrive - SCHEFFER\Documentos\Qlik\Sense\Apps\Business performance	-	Client closed connection: C:\Users\leninne.pirovano\OneDrive - SCHEFFER\Documentos\Qlik\Sense\Apps\Business performance Open sessions: 1 Open rest initiated sessions: 0 Open ws initiated sessions: 1 Total client ws connections: 1 # of clients connected to application: 1
Audit	INFO	2021-07-01T15:04:35.352-04:00	522401099190.2	-	C:\Users\leninne.pirovano\OneDrive - SCHEFFER\Documentos\Qlik\Sense\Apps\Business performance	-	Client closed connection, clearing session...}
Audit	INFO	2021-07-01T15:04:35.352-04:00	522401099778.1	-	C:\Users\leninne.pirovano\OneDrive - SCHEFFER\Documentos\Qlik\Sense\Apps\Business performance	-	Engine connection released. Active engine connections: 0
Audit	INFO	2021-07-01T15:04:35.353-04:00	522401100297.3	-	C:\Users\leninne.pirovano\OneDrive - SCHEFFER\Documentos\Qlik\Sense\Apps\Business performance	-	Client closed connection: C:\Users\leninne.pirovano\OneDrive - SCHEFFER\Documentos\Qlik\Sense\Apps\Business performance Open sessions: 0 Open rest initiated sessions: 0 Open ws initiated sessions: 0 Total client ws connections: 0 # of clients connected to application: 0
Audit	INFO	2021-07-01T15:04:39.312-04:00	522405059928.9	-	C:\Users\leninne.pirovano\OneDrive - SCHEFFER\Documentos\Qlik\Sense\Apps\Comercio exterior algodão	-	RPC Session Create: in context ws
Audit	INFO	2021-07-01T15:04:39.313-04:00	522405060513	-	C:\Users\leninne.pirovano\OneDrive - SCHEFFER\Documentos\Qlik\Sense\Apps\Comercio exterior algodão	-	Client connected /dataprepservice/app/C%3A%5CUsers%5Cleninne.pirovano%5COneDrive%20-%20SCHEFFER%5CDocumentos%5CQlik%5CSense%5CApps%5CComercio%20exterior%20algod%C3%A3o.qvf?reloadUri=http%3A%2F%2Flocalhost%3A4848%2Fsense%2Fapp%2FC%253A%255CUsers%255Cleninne.pirovano%255COneDrive%2520-%2520SCHEFFER%255CDocumentos%255CQlik%255CSense%255CApps%255CComercio%2520exterior%2520algod%25C3%25A3o.qvf%2Ffeature%2Fdesktop_authentication Open sessions: 1 Open rest initiated sessions: 0 Open ws initiated sessions: 1 Total client ws connections: 1 # of clients connected to application: 1
Audit	INFO	2021-07-01T15:04:39.627-04:00	522405374216.7	-	C:\Users\leninne.pirovano\OneDrive - SCHEFFER\Documentos\Qlik\Sense\Apps\Comercio exterior algodão	-	RPC Session Attach: in context rest
Audit	INFO	2021-07-01T15:04:39.632-04:00	522405379174.1	-	C:\Users\leninne.pirovano\OneDrive - SCHEFFER\Documentos\Qlik\Sense\Apps\Comercio exterior algodão	-	Engine connection established. Active engine connections: 1
Audit	INFO	2021-07-01T15:04:50.911-04:00	522416658287.2	-	C:\Users\leninne.pirovano\OneDrive - SCHEFFER\Documentos\Qlik\Sense\Apps\Comercio exterior algodão	-	RPC Session Attach: in context ws
Audit	INFO	2021-07-01T15:04:50.911-04:00	522416658697.7	-	C:\Users\leninne.pirovano\OneDrive - SCHEFFER\Documentos\Qlik\Sense\Apps\Comercio exterior algodão	-	Client connected /dataprepservice/app/C%3A%5CUsers%5Cleninne.pirovano%5COneDrive%20-%20SCHEFFER%5CDocumentos%5CQlik%5CSense%5CApps%5CComercio%20exterior%20algod%C3%A3o.qvf?reloadUri=http%3A%2F%2Flocalhost%3A4848%2Fsense%2Fapp%2FC%253A%255CUsers%255Cleninne.pirovano%255COneDrive%2520-%2520SCHEFFER%255CDocumentos%255CQlik%255CSense%255CApps%255CComercio%2520exterior%2520algod%25C3%25A3o.qvf%2Ffeature%2Fdesktop_authentication Open sessions: 1 Open rest initiated sessions: 0 Open ws initiated sessions: 1 Total client ws connections: 2 # of clients connected to application: 2
Audit	INFO	2021-07-01T15:07:44.088-04:00	522589834292.3	-	418c70e0-ad90-d0b2-709f-d77c0b4e	UserDirectory = INTERNAL; UserID= sa_engine	Engine connection established. Active engine connections: 2
Audit	INFO	2021-07-01T15:07:44.109-04:00	522589854749.2	-	418c70e0-ad90-d0b2-709f-d77c0b4e	UserDirectory = INTERNAL; UserID= sa_engine	Engine connection released. Active engine connections: 1
Audit	INFO	2021-07-01T15:07:44.146-04:00	522589892000.1	-	C:\Users\leninne.pirovano\OneDrive - SCHEFFER\Documentos\Qlik\Sense\Apps\Comercio exterior algodão	-	RPC Session is inactive
Audit	INFO	2021-07-01T15:17:44.154-04:00	523189898555.5	-	C:\Users\leninne.pirovano\OneDrive - SCHEFFER\Documentos\Qlik\Sense\Apps\Comercio exterior algodão	-	RPC Session is inactive
Audit	INFO	2021-07-01T15:22:56.084-04:00	523501828368.4	-	C:\Users\leninne.pirovano\OneDrive - SCHEFFER\Documentos\Qlik\Sense\Apps\Comercio exterior algodão	-	RPC Session Attach: in context ws
Audit	INFO	2021-07-01T15:22:56.085-04:00	523501828818.7	-	C:\Users\leninne.pirovano\OneDrive - SCHEFFER\Documentos\Qlik\Sense\Apps\Comercio exterior algodão	-	Client connected /dataprepservice/app/C%3A%5CUsers%5Cleninne.pirovano%5COneDrive%20-%20SCHEFFER%5CDocumentos%5CQlik%5CSense%5CApps%5CComercio%20exterior%20algod%C3%A3o.qvf?reloadUri=http%3A%2F%2Flocalhost%3A4848%2Fdatamodelviewer%2Fapp%2FC%253A%255CUsers%255Cleninne.pirovano%255COneDrive%2520-%2520SCHEFFER%255CDocumentos%255CQlik%255CSense%255CApps%255CComercio%2520exterior%2520algod%25C3%25A3o.qvf%2Ffeature%2Fdesktop_authentication Open sessions: 1 Open rest initiated sessions: 0 Open ws initiated sessions: 1 Total client ws connections: 3 # of clients connected to application: 3
Audit	INFO	2021-07-01T15:24:28.927-04:00	523594670592.5	-	C:\Users\leninne.pirovano\OneDrive - SCHEFFER\Documentos\Qlik\Sense\Apps\Comercio exterior algodão	-	Client closed connection, clearing session...}
Audit	INFO	2021-07-01T15:24:28.927-04:00	523594670943.7	-	C:\Users\leninne.pirovano\OneDrive - SCHEFFER\Documentos\Qlik\Sense\Apps\Comercio exterior algodão	-	Client closed connection: C:\Users\leninne.pirovano\OneDrive - SCHEFFER\Documentos\Qlik\Sense\Apps\Comercio exterior algodão Open sessions: 1 Open rest initiated sessions: 0 Open ws initiated sessions: 1 Total client ws connections: 2 # of clients connected to application: 2
Audit	INFO	2021-07-01T15:24:33.041-04:00	523598784953.1	-	C:\Users\leninne.pirovano\OneDrive - SCHEFFER\Documentos\Qlik\Sense\Apps\Comercio exterior algodão	-	Client closed connection, clearing session...}
Audit	INFO	2021-07-01T15:24:33.042-04:00	523598785438.7	-	C:\Users\leninne.pirovano\OneDrive - SCHEFFER\Documentos\Qlik\Sense\Apps\Comercio exterior algodão	-	Client closed connection: C:\Users\leninne.pirovano\OneDrive - SCHEFFER\Documentos\Qlik\Sense\Apps\Comercio exterior algodão Open sessions: 1 Open rest initiated sessions: 0 Open ws initiated sessions: 1 Total client ws connections: 1 # of clients connected to application: 1
Audit	INFO	2021-07-01T15:24:50.275-04:00	523616018666.5	-	C:\Users\leninne.pirovano\OneDrive - SCHEFFER\Documentos\Qlik\Sense\Apps\Comercio exterior algodão	-	RPC Session Attach: in context ws
Audit	INFO	2021-07-01T15:24:50.278-04:00	523616022237.7	-	C:\Users\leninne.pirovano\OneDrive - SCHEFFER\Documentos\Qlik\Sense\Apps\Comercio exterior algodão	-	Client connected /dataprepservice/app/C%3A%5CUsers%5Cleninne.pirovano%5COneDrive%20-%20SCHEFFER%5CDocumentos%5CQlik%5CSense%5CApps%5CComercio%20exterior%20algod%C3%A3o.qvf?reloadUri=http%3A%2F%2Flocalhost%3A4848%2Fdatamodelviewer%2Fapp%2FC%253A%255CUsers%255Cleninne.pirovano%255COneDrive%2520-%2520SCHEFFER%255CDocumentos%255CQlik%255CSense%255CApps%255CComercio%2520exterior%2520algod%25C3%25A3o.qvf%2Ffeature%2Fdesktop_authentication Open sessions: 1 Open rest initiated sessions: 0 Open ws initiated sessions: 1 Total client ws connections: 2 # of clients connected to application: 2
Audit	INFO	2021-07-01T15:24:56.681-04:00	523622425015.9	-	C:\Users\leninne.pirovano\OneDrive - SCHEFFER\Documentos\Qlik\Sense\Apps\Comercio exterior algodão	-	Client closed connection, clearing session...}
Audit	INFO	2021-07-01T15:24:56.682-04:00	523622425457.9	-	C:\Users\leninne.pirovano\OneDrive - SCHEFFER\Documentos\Qlik\Sense\Apps\Comercio exterior algodão	-	Client closed connection: C:\Users\leninne.pirovano\OneDrive - SCHEFFER\Documentos\Qlik\Sense\Apps\Comercio exterior algodão Open sessions: 1 Open rest initiated sessions: 0 Open ws initiated sessions: 1 Total client ws connections: 1 # of clients connected to application: 1
Audit	INFO	2021-07-01T15:27:44.156-04:00	523789900049.1	-	C:\Users\leninne.pirovano\OneDrive - SCHEFFER\Documentos\Qlik\Sense\Apps\Comercio exterior algodão	-	RPC Session is inactive
Audit	INFO	2021-07-01T15:33:45.105-04:00	524150847439	-	C:\Users\leninne.pirovano\OneDrive - SCHEFFER\Documentos\Qlik\Sense\Apps\Comercio exterior algodão	-	RPC Session Attach: in context ws
Audit	INFO	2021-07-01T15:33:45.106-04:00	524150848109.5	-	C:\Users\leninne.pirovano\OneDrive - SCHEFFER\Documentos\Qlik\Sense\Apps\Comercio exterior algodão	-	Client connected /dataprepservice/app/C%3A%5CUsers%5Cleninne.pirovano%5COneDrive%20-%20SCHEFFER%5CDocumentos%5CQlik%5CSense%5CApps%5CComercio%20exterior%20algod%C3%A3o.qvf?reloadUri=http%3A%2F%2Flocalhost%3A4848%2Fsense%2Fapp%2FC%253A%255CUsers%255Cleninne.pirovano%255COneDrive%2520-%2520SCHEFFER%255CDocumentos%255CQlik%255CSense%255CApps%255CComercio%2520exterior%2520algod%25C3%25A3o.qvf%2Ffeature%2Fdesktop_authentication Open sessions: 1 Open rest initiated sessions: 0 Open ws initiated sessions: 1 Total client ws connections: 2 # of clients connected to application: 2
Audit	INFO	2021-07-01T15:37:44.166-04:00	524389904801.3	-	C:\Users\leninne.pirovano\OneDrive - SCHEFFER\Documentos\Qlik\Sense\Apps\Comercio exterior algodão	-	RPC Session is inactive
Audit	INFO	2021-07-01T15:47:44.178-04:00	524989913909.3	-	C:\Users\leninne.pirovano\OneDrive - SCHEFFER\Documentos\Qlik\Sense\Apps\Comercio exterior algodão	-	RPC Session is inactive
Audit	INFO	2021-07-01T15:57:44.176-04:00	525589923811.6	-	C:\Users\leninne.pirovano\OneDrive - SCHEFFER\Documentos\Qlik\Sense\Apps\Comercio exterior algodão	-	RPC Session is inactive
Audit	INFO	2021-07-01T16:07:44.087-04:00	526189838283.6	-	efd23594-1ce2-d797-76ac-b155bfe0	UserDirectory = INTERNAL; UserID= sa_engine	Engine connection established. Active engine connections: 2
Audit	INFO	2021-07-01T16:07:44.112-04:00	526189862873.7	-	efd23594-1ce2-d797-76ac-b155bfe0	UserDirectory = INTERNAL; UserID= sa_engine	Engine connection released. Active engine connections: 1
Audit	INFO	2021-07-01T16:07:44.181-04:00	526189931967.5	-	C:\Users\leninne.pirovano\OneDrive - SCHEFFER\Documentos\Qlik\Sense\Apps\Comercio exterior algodão	-	RPC Session is inactive
Audit	INFO	2021-07-01T16:17:44.186-04:00	526789937171.9	-	C:\Users\leninne.pirovano\OneDrive - SCHEFFER\Documentos\Qlik\Sense\Apps\Comercio exterior algodão	-	RPC Session is inactive
Audit	INFO	2021-07-01T16:27:44.204-04:00	527389949179.5	-	C:\Users\leninne.pirovano\OneDrive - SCHEFFER\Documentos\Qlik\Sense\Apps\Comercio exterior algodão	-	RPC Session is inactive
Audit	INFO	2021-07-01T16:37:44.225-04:00	527989961355.2	-	C:\Users\leninne.pirovano\OneDrive - SCHEFFER\Documentos\Qlik\Sense\Apps\Comercio exterior algodão	-	RPC Session is inactive
Audit	INFO	2021-07-01T16:47:44.230-04:00	528589961905.6	-	C:\Users\leninne.pirovano\OneDrive - SCHEFFER\Documentos\Qlik\Sense\Apps\Comercio exterior algodão	-	RPC Session is inactive
Audit	INFO	2021-07-01T16:57:44.247-04:00	529189976942.7	-	C:\Users\leninne.pirovano\OneDrive - SCHEFFER\Documentos\Qlik\Sense\Apps\Comercio exterior algodão	-	RPC Session is inactive
Audit	INFO	2021-07-01T16:59:47.419-04:00	529313148209.5	-	C:\Users\leninne.pirovano\OneDrive - SCHEFFER\Documentos\Qlik\Sense\Apps\Comercio exterior algodão	-	Client closed connection, clearing session...}
Audit	INFO	2021-07-01T16:59:47.420-04:00	529313148860.2	-	C:\Users\leninne.pirovano\OneDrive - SCHEFFER\Documentos\Qlik\Sense\Apps\Comercio exterior algodão	-	Client closed connection: C:\Users\leninne.pirovano\OneDrive - SCHEFFER\Documentos\Qlik\Sense\Apps\Comercio exterior algodão Open sessions: 1 Open rest initiated sessions: 0 Open ws initiated sessions: 1 Total client ws connections: 1 # of clients connected to application: 1
Audit	INFO	2021-07-01T16:59:47.463-04:00	529313192194.2	-	C:\Users\leninne.pirovano\OneDrive - SCHEFFER\Documentos\Qlik\Sense\Apps\Comercio exterior algodão	-	Client closed connection, clearing session...}
Audit	INFO	2021-07-01T16:59:47.466-04:00	529313194844	-	C:\Users\leninne.pirovano\OneDrive - SCHEFFER\Documentos\Qlik\Sense\Apps\Comercio exterior algodão	-	Client closed connection: C:\Users\leninne.pirovano\OneDrive - SCHEFFER\Documentos\Qlik\Sense\Apps\Comercio exterior algodão Open sessions: 0 Open rest initiated sessions: 0 Open ws initiated sessions: 0 Total client ws connections: 0 # of clients connected to application: 0
Audit	INFO	2021-07-01T16:59:47.468-04:00	529313197477.6	-	C:\Users\leninne.pirovano\OneDrive - SCHEFFER\Documentos\Qlik\Sense\Apps\Comercio exterior algodão	-	Engine connection released. Active engine connections: 0
