Logger	Severity	Date	MicroSeconds	ipAddress	AppId	UserId	Message
Audit	INFO	2021-07-06T13:04:09.904-04:00	947180855903.8	-	C:\Users\leninne.pirovano\OneDrive - SCHEFFER\Documentos\Qlik\Sense\Apps\teste	-	RPC Session Create: in context ws
Audit	INFO	2021-07-06T13:04:09.907-04:00	947180858711.8	-	C:\Users\leninne.pirovano\OneDrive - SCHEFFER\Documentos\Qlik\Sense\Apps\teste	-	Client connected /dataprepservice/app/C%3A%5CUsers%5Cleninne.pirovano%5COneDrive%20-%20SCHEFFER%5CDocumentos%5CQlik%5CSense%5CApps%5Cteste.qvf?reloadUri=http%3A%2F%2Flocalhost%3A4848%2Fsense%2Fapp%2FC%253A%255CUsers%255Cleninne.pirovano%255COneDrive%2520-%2520SCHEFFER%255CDocumentos%255CQlik%255CSense%255CApps%255Cteste.qvf%2Ffeature%2Fdesktop_authentication Open sessions: 1 Open rest initiated sessions: 0 Open ws initiated sessions: 1 Total client ws connections: 1 # of clients connected to application: 1
Audit	INFO	2021-07-06T13:04:09.927-04:00	947180879134.7	-	C:\Users\leninne.pirovano\OneDrive - SCHEFFER\Documentos\Qlik\Sense\Apps\teste	-	RPC Session Attach: in context rest
Audit	INFO	2021-07-06T13:04:09.946-04:00	947180898239.9	-	C:\Users\leninne.pirovano\OneDrive - SCHEFFER\Documentos\Qlik\Sense\Apps\teste	-	Engine connection established. Active engine connections: 1
Audit	INFO	2021-07-06T13:07:21.066-04:00	947371800511.5	-	C:\Users\leninne.pirovano\OneDrive - SCHEFFER\Documentos\Qlik\Sense\Apps\teste	-	RPC Session Attach: in context ws
Audit	INFO	2021-07-06T13:07:21.066-04:00	947371801105.1	-	C:\Users\leninne.pirovano\OneDrive - SCHEFFER\Documentos\Qlik\Sense\Apps\teste	-	Client connected /dataprepservice/app/C%3A%5CUsers%5Cleninne.pirovano%5COneDrive%20-%20SCHEFFER%5CDocumentos%5CQlik%5CSense%5CApps%5Cteste.qvf?reloadUri=http%3A%2F%2Flocalhost%3A4848%2Fdataloadeditor%2Fapp%2FC%253A%255CUsers%255Cleninne.pirovano%255COneDrive%2520-%2520SCHEFFER%255CDocumentos%255CQlik%255CSense%255CApps%255Cteste.qvf%2Ffeature%2Fdesktop_authentication Open sessions: 1 Open rest initiated sessions: 0 Open ws initiated sessions: 1 Total client ws connections: 2 # of clients connected to application: 2
Audit	INFO	2021-07-06T13:08:05.040-04:00	947415702406.8	-	C:\Users\leninne.pirovano\OneDrive - SCHEFFER\Documentos\Qlik\Sense\Apps\teste	-	RPC Session Attach: in context ws
Audit	INFO	2021-07-06T13:08:05.041-04:00	947415702988.9	-	C:\Users\leninne.pirovano\OneDrive - SCHEFFER\Documentos\Qlik\Sense\Apps\teste	-	Client connected /dataprepservice/app/C%3A%5CUsers%5Cleninne.pirovano%5COneDrive%20-%20SCHEFFER%5CDocumentos%5CQlik%5CSense%5CApps%5Cteste.qvf?reloadUri=http%3A%2F%2Flocalhost%3A4848%2Fdatamodelviewer%2Fapp%2FC%253A%255CUsers%255Cleninne.pirovano%255COneDrive%2520-%2520SCHEFFER%255CDocumentos%255CQlik%255CSense%255CApps%255Cteste.qvf%2Ffeature%2Fdesktop_authentication Open sessions: 1 Open rest initiated sessions: 0 Open ws initiated sessions: 1 Total client ws connections: 3 # of clients connected to application: 3
Audit	INFO	2021-07-06T13:08:46.663-04:00	947457297069.4	-	C:\Users\leninne.pirovano\OneDrive - SCHEFFER\Documentos\Qlik\Sense\Apps\teste	-	RPC Session is inactive
Audit	INFO	2021-07-06T13:18:46.667-04:00	948057298589.2	-	C:\Users\leninne.pirovano\OneDrive - SCHEFFER\Documentos\Qlik\Sense\Apps\teste	-	RPC Session is inactive
Audit	INFO	2021-07-06T13:18:59.756-04:00	948070386464	-	C:\Users\leninne.pirovano\OneDrive - SCHEFFER\Documentos\Qlik\Sense\Apps\Comercio Exterior	-	RPC Session Create: in context ws
Audit	INFO	2021-07-06T13:18:59.757-04:00	948070387000	-	C:\Users\leninne.pirovano\OneDrive - SCHEFFER\Documentos\Qlik\Sense\Apps\Comercio Exterior	-	Client connected /dataprepservice/app/C%3A%5CUsers%5Cleninne.pirovano%5COneDrive%20-%20SCHEFFER%5CDocumentos%5CQlik%5CSense%5CApps%5CComercio%20Exterior.qvf?reloadUri=http%3A%2F%2Flocalhost%3A4848%2Fsense%2Fapp%2FC%253A%255CUsers%255Cleninne.pirovano%255COneDrive%2520-%2520SCHEFFER%255CDocumentos%255CQlik%255CSense%255CApps%255CComercio%2520Exterior.qvf%2Ffeature%2Fdesktop_authentication Open sessions: 2 Open rest initiated sessions: 0 Open ws initiated sessions: 2 Total client ws connections: 4 # of clients connected to application: 1
Audit	INFO	2021-07-06T13:18:59.773-04:00	948070403182.1	-	C:\Users\leninne.pirovano\OneDrive - SCHEFFER\Documentos\Qlik\Sense\Apps\Comercio Exterior	-	RPC Session Attach: in context rest
Audit	INFO	2021-07-06T13:18:59.775-04:00	948070405901.1	-	C:\Users\leninne.pirovano\OneDrive - SCHEFFER\Documentos\Qlik\Sense\Apps\Comercio Exterior	-	Engine connection established. Active engine connections: 2
Audit	INFO	2021-07-06T13:28:46.681-04:00	948657310890.2	-	C:\Users\leninne.pirovano\OneDrive - SCHEFFER\Documentos\Qlik\Sense\Apps\teste	-	RPC Session is inactive
Audit	INFO	2021-07-06T13:28:46.682-04:00	948657311249.7	-	C:\Users\leninne.pirovano\OneDrive - SCHEFFER\Documentos\Qlik\Sense\Apps\Comercio Exterior	-	RPC Session is inactive
Audit	INFO	2021-07-06T13:38:46.685-04:00	949257314684.9	-	C:\Users\leninne.pirovano\OneDrive - SCHEFFER\Documentos\Qlik\Sense\Apps\teste	-	RPC Session is inactive
Audit	INFO	2021-07-06T13:38:46.686-04:00	949257315108.4	-	C:\Users\leninne.pirovano\OneDrive - SCHEFFER\Documentos\Qlik\Sense\Apps\Comercio Exterior	-	RPC Session is inactive
Audit	INFO	2021-07-06T13:48:46.696-04:00	949857325604.1	-	C:\Users\leninne.pirovano\OneDrive - SCHEFFER\Documentos\Qlik\Sense\Apps\teste	-	RPC Session is inactive
Audit	INFO	2021-07-06T13:48:46.696-04:00	949857326048	-	C:\Users\leninne.pirovano\OneDrive - SCHEFFER\Documentos\Qlik\Sense\Apps\Comercio Exterior	-	RPC Session is inactive
Audit	INFO	2021-07-06T13:50:52.984-04:00	949983612783.2	-	C:\Users\leninne.pirovano\OneDrive - SCHEFFER\Documentos\Qlik\Sense\Apps\teste	-	RPC Session Attach: in context ws
Audit	INFO	2021-07-06T13:50:52.984-04:00	949983613288.2	-	C:\Users\leninne.pirovano\OneDrive - SCHEFFER\Documentos\Qlik\Sense\Apps\teste	-	Client connected /dataprepservice/app/C%3A%5CUsers%5Cleninne.pirovano%5COneDrive%20-%20SCHEFFER%5CDocumentos%5CQlik%5CSense%5CApps%5Cteste.qvf?reloadUri=http%3A%2F%2Flocalhost%3A4848%2Fdataloadeditor%2Fapp%2FC%253A%255CUsers%255Cleninne.pirovano%255COneDrive%2520-%2520SCHEFFER%255CDocumentos%255CQlik%255CSense%255CApps%255Cteste.qvf%2Ffeature%2Fdesktop_authentication Open sessions: 2 Open rest initiated sessions: 0 Open ws initiated sessions: 2 Total client ws connections: 5 # of clients connected to application: 4
Audit	INFO	2021-07-06T13:57:16.069-04:00	950366692271	-	C:\Users\leninne.pirovano\OneDrive - SCHEFFER\Documentos\Qlik\Sense\Apps\Comercio Exterior	-	Client closed connection, clearing session...}
Audit	INFO	2021-07-06T13:57:16.072-04:00	950366695484.1	-	C:\Users\leninne.pirovano\OneDrive - SCHEFFER\Documentos\Qlik\Sense\Apps\Comercio Exterior	-	Client closed connection: C:\Users\leninne.pirovano\OneDrive - SCHEFFER\Documentos\Qlik\Sense\Apps\Comercio Exterior Open sessions: 1 Open rest initiated sessions: 0 Open ws initiated sessions: 1 Total client ws connections: 4 # of clients connected to application: 0
Audit	INFO	2021-07-06T13:57:16.073-04:00	950366696339	-	C:\Users\leninne.pirovano\OneDrive - SCHEFFER\Documentos\Qlik\Sense\Apps\Comercio Exterior	-	Engine connection released. Active engine connections: 1
Audit	INFO	2021-07-06T13:58:46.692-04:00	950457315588.9	-	5f9d6a88-7394-8083-1de0-161c2d24	UserDirectory = INTERNAL; UserID= sa_engine	Engine connection established. Active engine connections: 2
Audit	INFO	2021-07-06T13:58:46.716-04:00	950457338956.4	-	C:\Users\leninne.pirovano\OneDrive - SCHEFFER\Documentos\Qlik\Sense\Apps\teste	-	RPC Session is inactive
Audit	INFO	2021-07-06T13:58:46.721-04:00	950457344071.9	-	5f9d6a88-7394-8083-1de0-161c2d24	UserDirectory = INTERNAL; UserID= sa_engine	Engine connection released. Active engine connections: 1
Audit	INFO	2021-07-06T14:08:46.724-04:00	951057351616.3	-	C:\Users\leninne.pirovano\OneDrive - SCHEFFER\Documentos\Qlik\Sense\Apps\teste	-	RPC Session is inactive
Audit	INFO	2021-07-06T14:13:34.733-04:00	951345369758.4	-	C:\Users\leninne.pirovano\OneDrive - SCHEFFER\Documentos\Qlik\Sense\Apps\teste	-	Client closed connection, clearing session...}
Audit	INFO	2021-07-06T14:13:34.741-04:00	951345378177.8	-	C:\Users\leninne.pirovano\OneDrive - SCHEFFER\Documentos\Qlik\Sense\Apps\teste	-	Client closed connection: C:\Users\leninne.pirovano\OneDrive - SCHEFFER\Documentos\Qlik\Sense\Apps\teste Open sessions: 1 Open rest initiated sessions: 0 Open ws initiated sessions: 1 Total client ws connections: 3 # of clients connected to application: 3
Audit	INFO	2021-07-06T14:13:39.393-04:00	951350030176.8	-	C:\Users\leninne.pirovano\OneDrive - SCHEFFER\Documentos\Qlik\Sense\Apps\teste	-	Client closed connection, clearing session...}
Audit	INFO	2021-07-06T14:13:39.395-04:00	951350031981	-	C:\Users\leninne.pirovano\OneDrive - SCHEFFER\Documentos\Qlik\Sense\Apps\teste	-	Client closed connection: C:\Users\leninne.pirovano\OneDrive - SCHEFFER\Documentos\Qlik\Sense\Apps\teste Open sessions: 1 Open rest initiated sessions: 0 Open ws initiated sessions: 1 Total client ws connections: 2 # of clients connected to application: 2
Audit	INFO	2021-07-06T14:13:46.318-04:00	951356954707	-	C:\Users\leninne.pirovano\OneDrive - SCHEFFER\Documentos\Qlik\Sense\Apps\teste	-	RPC Session Attach: in context ws
Audit	INFO	2021-07-06T14:13:46.318-04:00	951356955008.1	-	C:\Users\leninne.pirovano\OneDrive - SCHEFFER\Documentos\Qlik\Sense\Apps\teste	-	Client connected /dataprepservice/app/C%3A%5CUsers%5Cleninne.pirovano%5COneDrive%20-%20SCHEFFER%5CDocumentos%5CQlik%5CSense%5CApps%5Cteste.qvf?reloadUri=http%3A%2F%2Flocalhost%3A4848%2Fdatamodelviewer%2Fapp%2FC%253A%255CUsers%255Cleninne.pirovano%255COneDrive%2520-%2520SCHEFFER%255CDocumentos%255CQlik%255CSense%255CApps%255Cteste.qvf%2Ffeature%2Fdesktop_authentication Open sessions: 1 Open rest initiated sessions: 0 Open ws initiated sessions: 1 Total client ws connections: 3 # of clients connected to application: 3
Audit	INFO	2021-07-06T14:13:51.324-04:00	951361960432	-	C:\Users\leninne.pirovano\OneDrive - SCHEFFER\Documentos\Qlik\Sense\Apps\teste	-	RPC Session Attach: in context ws
Audit	INFO	2021-07-06T14:13:51.324-04:00	951361960917.3	-	C:\Users\leninne.pirovano\OneDrive - SCHEFFER\Documentos\Qlik\Sense\Apps\teste	-	Client connected /dataprepservice/app/C%3A%5CUsers%5Cleninne.pirovano%5COneDrive%20-%20SCHEFFER%5CDocumentos%5CQlik%5CSense%5CApps%5Cteste.qvf?reloadUri=http%3A%2F%2Flocalhost%3A4848%2Fsense%2Fapp%2FC%253A%255CUsers%255Cleninne.pirovano%255COneDrive%2520-%2520SCHEFFER%255CDocumentos%255CQlik%255CSense%255CApps%255Cteste.qvf%2Fsheet%2Fe75ecfa9-887a-4f27-b36c-42ff93ffe1f4%2Fstate%2Fanalysis%2Ffeature%2Fdesktop_authentication Open sessions: 1 Open rest initiated sessions: 0 Open ws initiated sessions: 1 Total client ws connections: 4 # of clients connected to application: 4
Audit	INFO	2021-07-06T14:18:46.716-04:00	951657356662.3	-	C:\Users\leninne.pirovano\OneDrive - SCHEFFER\Documentos\Qlik\Sense\Apps\teste	-	RPC Session is inactive
Audit	INFO	2021-07-06T14:28:46.733-04:00	952257366442.7	-	C:\Users\leninne.pirovano\OneDrive - SCHEFFER\Documentos\Qlik\Sense\Apps\teste	-	RPC Session is inactive
Audit	INFO	2021-07-06T14:38:46.750-04:00	952857377383.3	-	C:\Users\leninne.pirovano\OneDrive - SCHEFFER\Documentos\Qlik\Sense\Apps\teste	-	RPC Session is inactive
Audit	INFO	2021-07-06T14:48:46.776-04:00	953457389000	-	C:\Users\leninne.pirovano\OneDrive - SCHEFFER\Documentos\Qlik\Sense\Apps\teste	-	RPC Session is inactive
Audit	INFO	2021-07-06T14:48:46.853-04:00	953457466173.5	-	C:\Users\leninne.pirovano\OneDrive - SCHEFFER\Documentos\Qlik\Sense\Apps\teste	-	DPS Rest session has reached expiry, clearing rest session
Audit	INFO	2021-07-06T14:57:22.729-04:00	953973337993.7	-	C:\Users\leninne.pirovano\OneDrive - SCHEFFER\Documentos\Qlik\Sense\Apps\Comercio Exterior	-	RPC Session Create: in context ws
Audit	INFO	2021-07-06T14:57:22.730-04:00	953973338602.3	-	C:\Users\leninne.pirovano\OneDrive - SCHEFFER\Documentos\Qlik\Sense\Apps\Comercio Exterior	-	Client connected /dataprepservice/app/C%3A%5CUsers%5Cleninne.pirovano%5COneDrive%20-%20SCHEFFER%5CDocumentos%5CQlik%5CSense%5CApps%5CComercio%20Exterior.qvf?reloadUri=http%3A%2F%2Flocalhost%3A4848%2Fsense%2Fapp%2FC%253A%255CUsers%255Cleninne.pirovano%255COneDrive%2520-%2520SCHEFFER%255CDocumentos%255CQlik%255CSense%255CApps%255CComercio%2520Exterior.qvf%2Ffeature%2Fdesktop_authentication Open sessions: 2 Open rest initiated sessions: 0 Open ws initiated sessions: 2 Total client ws connections: 5 # of clients connected to application: 1
Audit	INFO	2021-07-06T14:57:22.758-04:00	953973367575.2	-	C:\Users\leninne.pirovano\OneDrive - SCHEFFER\Documentos\Qlik\Sense\Apps\Comercio Exterior	-	RPC Session Attach: in context rest
Audit	INFO	2021-07-06T14:57:22.803-04:00	953973412363.8	-	C:\Users\leninne.pirovano\OneDrive - SCHEFFER\Documentos\Qlik\Sense\Apps\Comercio Exterior	-	Engine connection established. Active engine connections: 2
Audit	INFO	2021-07-06T14:58:46.715-04:00	954057323839.9	-	d2bc8f87-edf5-ac41-6877-cb8cd8c7	UserDirectory = INTERNAL; UserID= sa_engine	Engine connection established. Active engine connections: 3
Audit	INFO	2021-07-06T14:58:46.742-04:00	954057350618.6	-	d2bc8f87-edf5-ac41-6877-cb8cd8c7	UserDirectory = INTERNAL; UserID= sa_engine	Engine connection released. Active engine connections: 2
Audit	INFO	2021-07-06T14:58:46.786-04:00	954057394842.5	-	C:\Users\leninne.pirovano\OneDrive - SCHEFFER\Documentos\Qlik\Sense\Apps\teste	-	RPC Session is inactive
Audit	INFO	2021-07-06T14:58:46.787-04:00	954057395418.7	-	C:\Users\leninne.pirovano\OneDrive - SCHEFFER\Documentos\Qlik\Sense\Apps\Comercio Exterior	-	RPC Session is inactive
Audit	INFO	2021-07-06T15:01:25.254-04:00	954215862521.9	-	C:\Users\leninne.pirovano\OneDrive - SCHEFFER\Documentos\Qlik\Sense\Apps\teste	-	RPC Session Attach: in context rest
Audit	INFO	2021-07-06T15:02:31.342-04:00	954281949503	-	C:\Users\leninne.pirovano\OneDrive - SCHEFFER\Documentos\Qlik\Sense\Apps\teste	-	RPC Session Attach: in context ws
Audit	INFO	2021-07-06T15:02:31.343-04:00	954281949841.2	-	C:\Users\leninne.pirovano\OneDrive - SCHEFFER\Documentos\Qlik\Sense\Apps\teste	-	Client connected /dataprepservice/app/C%3A%5CUsers%5Cleninne.pirovano%5COneDrive%20-%20SCHEFFER%5CDocumentos%5CQlik%5CSense%5CApps%5Cteste.qvf?reloadUri=http%3A%2F%2Flocalhost%3A4848%2Fdatamodelviewer%2Fapp%2FC%253A%255CUsers%255Cleninne.pirovano%255COneDrive%2520-%2520SCHEFFER%255CDocumentos%255CQlik%255CSense%255CApps%255Cteste.qvf%2Ffeature%2Fdesktop_authentication Open sessions: 2 Open rest initiated sessions: 0 Open ws initiated sessions: 2 Total client ws connections: 6 # of clients connected to application: 5
Audit	INFO	2021-07-06T15:08:46.794-04:00	954657400311.4	-	C:\Users\leninne.pirovano\OneDrive - SCHEFFER\Documentos\Qlik\Sense\Apps\teste	-	RPC Session is inactive
Audit	INFO	2021-07-06T15:08:46.795-04:00	954657401406.8	-	C:\Users\leninne.pirovano\OneDrive - SCHEFFER\Documentos\Qlik\Sense\Apps\Comercio Exterior	-	RPC Session is inactive
Audit	INFO	2021-07-06T15:18:46.797-04:00	955257401791.2	-	C:\Users\leninne.pirovano\OneDrive - SCHEFFER\Documentos\Qlik\Sense\Apps\teste	-	RPC Session is inactive
Audit	INFO	2021-07-06T15:18:46.798-04:00	955257402149.1	-	C:\Users\leninne.pirovano\OneDrive - SCHEFFER\Documentos\Qlik\Sense\Apps\Comercio Exterior	-	RPC Session is inactive
Audit	INFO	2021-07-06T15:24:05.805-04:00	955576408130.9	-	C:\Users\leninne.pirovano\OneDrive - SCHEFFER\Documentos\Qlik\Sense\Apps\teste	-	Client closed connection, clearing session...}
Audit	INFO	2021-07-06T15:24:05.805-04:00	955576408452.9	-	C:\Users\leninne.pirovano\OneDrive - SCHEFFER\Documentos\Qlik\Sense\Apps\teste	-	Client closed connection: C:\Users\leninne.pirovano\OneDrive - SCHEFFER\Documentos\Qlik\Sense\Apps\teste Open sessions: 2 Open rest initiated sessions: 0 Open ws initiated sessions: 2 Total client ws connections: 5 # of clients connected to application: 4
Audit	INFO	2021-07-06T15:24:12.532-04:00	955583135135.6	-	C:\Users\leninne.pirovano\OneDrive - SCHEFFER\Documentos\Qlik\Sense\Apps\teste	-	Client closed connection, clearing session...}
Audit	INFO	2021-07-06T15:24:12.534-04:00	955583135952.9	-	C:\Users\leninne.pirovano\OneDrive - SCHEFFER\Documentos\Qlik\Sense\Apps\teste	-	Client closed connection: C:\Users\leninne.pirovano\OneDrive - SCHEFFER\Documentos\Qlik\Sense\Apps\teste Open sessions: 2 Open rest initiated sessions: 0 Open ws initiated sessions: 2 Total client ws connections: 4 # of clients connected to application: 3
Audit	INFO	2021-07-06T15:24:21.434-04:00	955592036628	-	C:\Users\leninne.pirovano\OneDrive - SCHEFFER\Documentos\Qlik\Sense\Apps\teste	-	RPC Session Attach: in context ws
Audit	INFO	2021-07-06T15:24:21.434-04:00	955592036894.7	-	C:\Users\leninne.pirovano\OneDrive - SCHEFFER\Documentos\Qlik\Sense\Apps\teste	-	Client connected /dataprepservice/app/C%3A%5CUsers%5Cleninne.pirovano%5COneDrive%20-%20SCHEFFER%5CDocumentos%5CQlik%5CSense%5CApps%5Cteste.qvf?reloadUri=http%3A%2F%2Flocalhost%3A4848%2Fsense%2Fapp%2FC%253A%255CUsers%255Cleninne.pirovano%255COneDrive%2520-%2520SCHEFFER%255CDocumentos%255CQlik%255CSense%255CApps%255Cteste.qvf%2Fsheet%2Fe75ecfa9-887a-4f27-b36c-42ff93ffe1f4%2Fstate%2Fanalysis%2Ffeature%2Fdesktop_authentication Open sessions: 2 Open rest initiated sessions: 0 Open ws initiated sessions: 2 Total client ws connections: 5 # of clients connected to application: 4
Audit	INFO	2021-07-06T15:28:46.816-04:00	955857418033.8	-	C:\Users\leninne.pirovano\OneDrive - SCHEFFER\Documentos\Qlik\Sense\Apps\teste	-	RPC Session is inactive
Audit	INFO	2021-07-06T15:28:46.827-04:00	955857429171.5	-	C:\Users\leninne.pirovano\OneDrive - SCHEFFER\Documentos\Qlik\Sense\Apps\Comercio Exterior	-	RPC Session is inactive
Audit	INFO	2021-07-06T15:28:46.895-04:00	955857497821.1	-	C:\Users\leninne.pirovano\OneDrive - SCHEFFER\Documentos\Qlik\Sense\Apps\Comercio Exterior	-	DPS Rest session has reached expiry, clearing rest session
Audit	INFO	2021-07-06T15:38:46.821-04:00	956457429453.8	-	C:\Users\leninne.pirovano\OneDrive - SCHEFFER\Documentos\Qlik\Sense\Apps\teste	-	RPC Session is inactive
Audit	INFO	2021-07-06T15:38:46.821-04:00	956457429950.4	-	C:\Users\leninne.pirovano\OneDrive - SCHEFFER\Documentos\Qlik\Sense\Apps\Comercio Exterior	-	RPC Session is inactive
Audit	INFO	2021-07-06T15:42:14.634-04:00	956665244565.3	-	C:\Users\leninne.pirovano\OneDrive - SCHEFFER\Documentos\Qlik\Sense\Apps\Extract-COMEX	-	RPC Session Create: in context ws
Audit	INFO	2021-07-06T15:42:14.635-04:00	956665244910.5	-	C:\Users\leninne.pirovano\OneDrive - SCHEFFER\Documentos\Qlik\Sense\Apps\Extract-COMEX	-	Client connected /dataprepservice/app/C%3A%5CUsers%5Cleninne.pirovano%5COneDrive%20-%20SCHEFFER%5CDocumentos%5CQlik%5CSense%5CApps%5CExtract-COMEX.qvf?reloadUri=http%3A%2F%2Flocalhost%3A4848%2Fsense%2Fapp%2FC%253A%255CUsers%255Cleninne.pirovano%255COneDrive%2520-%2520SCHEFFER%255CDocumentos%255CQlik%255CSense%255CApps%255CExtract-COMEX.qvf%2Ffeature%2Fdesktop_authentication Open sessions: 3 Open rest initiated sessions: 0 Open ws initiated sessions: 3 Total client ws connections: 6 # of clients connected to application: 1
Audit	INFO	2021-07-06T15:42:14.648-04:00	956665257714.6	-	C:\Users\leninne.pirovano\OneDrive - SCHEFFER\Documentos\Qlik\Sense\Apps\Extract-COMEX	-	RPC Session Attach: in context rest
Audit	INFO	2021-07-06T15:42:14.652-04:00	956665261700.4	-	C:\Users\leninne.pirovano\OneDrive - SCHEFFER\Documentos\Qlik\Sense\Apps\Extract-COMEX	-	Engine connection established. Active engine connections: 3
Audit	INFO	2021-07-06T15:48:46.832-04:00	957057443294.7	-	C:\Users\leninne.pirovano\OneDrive - SCHEFFER\Documentos\Qlik\Sense\Apps\teste	-	RPC Session is inactive
Audit	INFO	2021-07-06T15:48:46.834-04:00	957057444893.1	-	C:\Users\leninne.pirovano\OneDrive - SCHEFFER\Documentos\Qlik\Sense\Apps\Comercio Exterior	-	RPC Session is inactive
Audit	INFO	2021-07-06T15:48:46.835-04:00	957057446687.1	-	C:\Users\leninne.pirovano\OneDrive - SCHEFFER\Documentos\Qlik\Sense\Apps\Extract-COMEX	-	RPC Session is inactive
Audit	INFO	2021-07-06T15:55:39.514-04:00	957470116182.6	-	C:\Users\leninne.pirovano\OneDrive - SCHEFFER\Documentos\Qlik\Sense\Apps\Extract-COMEX	-	RPC Session Attach: in context ws
Audit	INFO	2021-07-06T15:55:39.515-04:00	957470116710.6	-	C:\Users\leninne.pirovano\OneDrive - SCHEFFER\Documentos\Qlik\Sense\Apps\Extract-COMEX	-	Client connected /dataprepservice/app/C%3A%5CUsers%5Cleninne.pirovano%5COneDrive%20-%20SCHEFFER%5CDocumentos%5CQlik%5CSense%5CApps%5CExtract-COMEX.qvf?reloadUri=http%3A%2F%2Flocalhost%3A4848%2Fsense%2Fapp%2FC%253A%255CUsers%255Cleninne.pirovano%255COneDrive%2520-%2520SCHEFFER%255CDocumentos%255CQlik%255CSense%255CApps%255CExtract-COMEX.qvf%2Fdatamanager%2Fdatamanager%2Ffeature%2Fdesktop_authentication Open sessions: 3 Open rest initiated sessions: 0 Open ws initiated sessions: 3 Total client ws connections: 7 # of clients connected to application: 2
Audit	INFO	2021-07-06T15:55:49.356-04:00	957479957721	-	C:\Users\leninne.pirovano\OneDrive - SCHEFFER\Documentos\Qlik\Sense\Apps\Extract-COMEX	-	Client closed connection, clearing session...}
Audit	INFO	2021-07-06T15:55:49.357-04:00	957479958729.1	-	C:\Users\leninne.pirovano\OneDrive - SCHEFFER\Documentos\Qlik\Sense\Apps\Extract-COMEX	-	Client closed connection: C:\Users\leninne.pirovano\OneDrive - SCHEFFER\Documentos\Qlik\Sense\Apps\Extract-COMEX Open sessions: 3 Open rest initiated sessions: 0 Open ws initiated sessions: 3 Total client ws connections: 6 # of clients connected to application: 1
Audit	INFO	2021-07-06T15:58:46.729-04:00	957657328750.3	-	be96976c-925d-d58a-46d8-7c39b260	UserDirectory = INTERNAL; UserID= sa_engine	Engine connection established. Active engine connections: 4
Audit	INFO	2021-07-06T15:58:46.756-04:00	957657355693.6	-	be96976c-925d-d58a-46d8-7c39b260	UserDirectory = INTERNAL; UserID= sa_engine	Engine connection released. Active engine connections: 3
Audit	INFO	2021-07-06T15:58:46.846-04:00	957657445946.3	-	C:\Users\leninne.pirovano\OneDrive - SCHEFFER\Documentos\Qlik\Sense\Apps\teste	-	RPC Session is inactive
Audit	INFO	2021-07-06T15:58:46.847-04:00	957657446355.5	-	C:\Users\leninne.pirovano\OneDrive - SCHEFFER\Documentos\Qlik\Sense\Apps\Comercio Exterior	-	RPC Session is inactive
Audit	INFO	2021-07-06T15:58:46.847-04:00	957657446558.7	-	C:\Users\leninne.pirovano\OneDrive - SCHEFFER\Documentos\Qlik\Sense\Apps\Extract-COMEX	-	RPC Session is inactive
Audit	INFO	2021-07-06T16:08:46.854-04:00	958257451748.9	-	C:\Users\leninne.pirovano\OneDrive - SCHEFFER\Documentos\Qlik\Sense\Apps\teste	-	RPC Session is inactive
Audit	INFO	2021-07-06T16:08:46.855-04:00	958257452421.8	-	C:\Users\leninne.pirovano\OneDrive - SCHEFFER\Documentos\Qlik\Sense\Apps\Comercio Exterior	-	RPC Session is inactive
Audit	INFO	2021-07-06T16:08:46.855-04:00	958257452629	-	C:\Users\leninne.pirovano\OneDrive - SCHEFFER\Documentos\Qlik\Sense\Apps\Extract-COMEX	-	RPC Session is inactive
Audit	INFO	2021-07-06T16:18:46.862-04:00	958857458956.8	-	C:\Users\leninne.pirovano\OneDrive - SCHEFFER\Documentos\Qlik\Sense\Apps\teste	-	RPC Session is inactive
Audit	INFO	2021-07-06T16:18:46.862-04:00	958857459515.4	-	C:\Users\leninne.pirovano\OneDrive - SCHEFFER\Documentos\Qlik\Sense\Apps\Comercio Exterior	-	RPC Session is inactive
Audit	INFO	2021-07-06T16:18:46.863-04:00	958857459864.8	-	C:\Users\leninne.pirovano\OneDrive - SCHEFFER\Documentos\Qlik\Sense\Apps\Extract-COMEX	-	RPC Session is inactive
Audit	INFO	2021-07-06T16:18:46.939-04:00	958857536053	-	C:\Users\leninne.pirovano\OneDrive - SCHEFFER\Documentos\Qlik\Sense\Apps\teste	-	DPS Rest session has reached expiry, clearing rest session
Audit	INFO	2021-07-06T16:28:46.876-04:00	959457472585.1	-	C:\Users\leninne.pirovano\OneDrive - SCHEFFER\Documentos\Qlik\Sense\Apps\teste	-	RPC Session is inactive
Audit	INFO	2021-07-06T16:28:46.876-04:00	959457473425.2	-	C:\Users\leninne.pirovano\OneDrive - SCHEFFER\Documentos\Qlik\Sense\Apps\Comercio Exterior	-	RPC Session is inactive
Audit	INFO	2021-07-06T16:28:46.877-04:00	959457473694	-	C:\Users\leninne.pirovano\OneDrive - SCHEFFER\Documentos\Qlik\Sense\Apps\Extract-COMEX	-	RPC Session is inactive
Audit	INFO	2021-07-06T16:28:46.938-04:00	959457535477.8	-	C:\Users\leninne.pirovano\OneDrive - SCHEFFER\Documentos\Qlik\Sense\Apps\Extract-COMEX	-	DPS Rest session has reached expiry, clearing rest session
Audit	INFO	2021-07-06T16:38:46.888-04:00	960057485133.1	-	C:\Users\leninne.pirovano\OneDrive - SCHEFFER\Documentos\Qlik\Sense\Apps\teste	-	RPC Session is inactive
Audit	INFO	2021-07-06T16:38:46.889-04:00	960057486058	-	C:\Users\leninne.pirovano\OneDrive - SCHEFFER\Documentos\Qlik\Sense\Apps\Comercio Exterior	-	RPC Session is inactive
Audit	INFO	2021-07-06T16:38:46.890-04:00	960057486522.8	-	C:\Users\leninne.pirovano\OneDrive - SCHEFFER\Documentos\Qlik\Sense\Apps\Extract-COMEX	-	RPC Session is inactive
Audit	INFO	2021-07-06T16:48:46.910-04:00	960657506542.6	-	C:\Users\leninne.pirovano\OneDrive - SCHEFFER\Documentos\Qlik\Sense\Apps\teste	-	RPC Session is inactive
Audit	INFO	2021-07-06T16:48:46.912-04:00	960657508938.2	-	C:\Users\leninne.pirovano\OneDrive - SCHEFFER\Documentos\Qlik\Sense\Apps\Comercio Exterior	-	RPC Session is inactive
Audit	INFO	2021-07-06T16:48:46.925-04:00	960657522017.9	-	C:\Users\leninne.pirovano\OneDrive - SCHEFFER\Documentos\Qlik\Sense\Apps\Extract-COMEX	-	RPC Session is inactive
Audit	INFO	2021-07-06T16:56:35.084-04:00	961125680303.9	-	C:\Users\leninne.pirovano\OneDrive - SCHEFFER\Documentos\Qlik\Sense\Apps\teste	-	Client closed connection, clearing session...}
Audit	INFO	2021-07-06T16:56:35.085-04:00	961125682029.4	-	C:\Users\leninne.pirovano\OneDrive - SCHEFFER\Documentos\Qlik\Sense\Apps\teste	-	Client closed connection: C:\Users\leninne.pirovano\OneDrive - SCHEFFER\Documentos\Qlik\Sense\Apps\teste Open sessions: 3 Open rest initiated sessions: 0 Open ws initiated sessions: 3 Total client ws connections: 5 # of clients connected to application: 3
Audit	INFO	2021-07-06T16:56:35.791-04:00	961126387673.1	-	C:\Users\leninne.pirovano\OneDrive - SCHEFFER\Documentos\Qlik\Sense\Apps\teste	-	Client closed connection, clearing session...}
Audit	INFO	2021-07-06T16:56:35.792-04:00	961126388184.8	-	C:\Users\leninne.pirovano\OneDrive - SCHEFFER\Documentos\Qlik\Sense\Apps\teste	-	Client closed connection: C:\Users\leninne.pirovano\OneDrive - SCHEFFER\Documentos\Qlik\Sense\Apps\teste Open sessions: 3 Open rest initiated sessions: 0 Open ws initiated sessions: 3 Total client ws connections: 4 # of clients connected to application: 2
Audit	INFO	2021-07-06T16:56:35.832-04:00	961126428472.9	-	C:\Users\leninne.pirovano\OneDrive - SCHEFFER\Documentos\Qlik\Sense\Apps\Comercio Exterior	-	Client closed connection, clearing session...}
Audit	INFO	2021-07-06T16:56:35.838-04:00	961126434949.9	-	C:\Users\leninne.pirovano\OneDrive - SCHEFFER\Documentos\Qlik\Sense\Apps\Comercio Exterior	-	Client closed connection: C:\Users\leninne.pirovano\OneDrive - SCHEFFER\Documentos\Qlik\Sense\Apps\Comercio Exterior Open sessions: 2 Open rest initiated sessions: 0 Open ws initiated sessions: 2 Total client ws connections: 3 # of clients connected to application: 0
Audit	INFO	2021-07-06T16:56:35.840-04:00	961126436196.8	-	C:\Users\leninne.pirovano\OneDrive - SCHEFFER\Documentos\Qlik\Sense\Apps\Comercio Exterior	-	Engine connection released. Active engine connections: 2
Audit	INFO	2021-07-06T16:56:35.845-04:00	961126441537.8	-	C:\Users\leninne.pirovano\OneDrive - SCHEFFER\Documentos\Qlik\Sense\Apps\teste	-	Client closed connection, clearing session...}
Audit	INFO	2021-07-06T16:56:35.847-04:00	961126443793.8	-	C:\Users\leninne.pirovano\OneDrive - SCHEFFER\Documentos\Qlik\Sense\Apps\teste	-	Client closed connection: C:\Users\leninne.pirovano\OneDrive - SCHEFFER\Documentos\Qlik\Sense\Apps\teste Open sessions: 2 Open rest initiated sessions: 0 Open ws initiated sessions: 2 Total client ws connections: 2 # of clients connected to application: 1
Audit	INFO	2021-07-06T16:56:35.858-04:00	961126454268	-	C:\Users\leninne.pirovano\OneDrive - SCHEFFER\Documentos\Qlik\Sense\Apps\teste	-	Client closed connection, clearing session...}
Audit	INFO	2021-07-06T16:56:35.861-04:00	961126457976.3	-	C:\Users\leninne.pirovano\OneDrive - SCHEFFER\Documentos\Qlik\Sense\Apps\teste	-	Client closed connection: C:\Users\leninne.pirovano\OneDrive - SCHEFFER\Documentos\Qlik\Sense\Apps\teste Open sessions: 1 Open rest initiated sessions: 0 Open ws initiated sessions: 1 Total client ws connections: 1 # of clients connected to application: 0
Audit	INFO	2021-07-06T16:56:35.891-04:00	961126487093.4	-	C:\Users\leninne.pirovano\OneDrive - SCHEFFER\Documentos\Qlik\Sense\Apps\Extract-COMEX	-	Client closed connection, clearing session...}
Audit	INFO	2021-07-06T16:56:35.891-04:00	961126487960	-	C:\Users\leninne.pirovano\OneDrive - SCHEFFER\Documentos\Qlik\Sense\Apps\Extract-COMEX	-	Client closed connection: C:\Users\leninne.pirovano\OneDrive - SCHEFFER\Documentos\Qlik\Sense\Apps\Extract-COMEX Open sessions: 0 Open rest initiated sessions: 0 Open ws initiated sessions: 0 Total client ws connections: 0 # of clients connected to application: 0
Audit	INFO	2021-07-06T16:56:35.892-04:00	961126488189.2	-	C:\Users\leninne.pirovano\OneDrive - SCHEFFER\Documentos\Qlik\Sense\Apps\Extract-COMEX	-	Engine connection released. Active engine connections: 1
Audit	INFO	2021-07-06T16:56:35.905-04:00	961126501488.3	-	C:\Users\leninne.pirovano\OneDrive - SCHEFFER\Documentos\Qlik\Sense\Apps\teste	-	Engine connection released. Active engine connections: 0
