Logger	Severity	Date	MicroSeconds	ipAddress	AppId	UserId	Message
Audit	INFO	2021-07-30T12:51:19.956-04:00	677441084963.3	-	C:\Users\leninne.pirovano\OneDrive - SCHEFFER\Documentos\Qlik\Sense\Apps\Analise US	-	RPC Session Create: in context ws
Audit	INFO	2021-07-30T12:51:19.957-04:00	677441085819.3	-	C:\Users\leninne.pirovano\OneDrive - SCHEFFER\Documentos\Qlik\Sense\Apps\Analise US	-	Client connected /dataprepservice/app/C%3A%5CUsers%5Cleninne.pirovano%5COneDrive%20-%20SCHEFFER%5CDocumentos%5CQlik%5CSense%5CApps%5CAnalise%20US.qvf?reloadUri=http%3A%2F%2Flocalhost%3A4848%2Fsense%2Fapp%2FC%253A%255CUsers%255Cleninne.pirovano%255COneDrive%2520-%2520SCHEFFER%255CDocumentos%255CQlik%255CSense%255CApps%255CAnalise%2520US.qvf%2Ffeature%2Fdesktop_authentication Open sessions: 1 Open rest initiated sessions: 0 Open ws initiated sessions: 1 Total client ws connections: 1 # of clients connected to application: 1
Audit	INFO	2021-07-30T12:51:19.970-04:00	677441098865.3	-	C:\Users\leninne.pirovano\OneDrive - SCHEFFER\Documentos\Qlik\Sense\Apps\Analise US	-	RPC Session Attach: in context rest
Audit	INFO	2021-07-30T12:51:19.983-04:00	677441112801.4	-	C:\Users\leninne.pirovano\OneDrive - SCHEFFER\Documentos\Qlik\Sense\Apps\Analise US	-	Engine connection established. Active engine connections: 1
Audit	INFO	2021-07-30T13:00:27.093-04:00	677988607374.6	-	C:\Users\leninne.pirovano\OneDrive - SCHEFFER\Documentos\Qlik\Sense\Apps\Analise US	-	RPC Session is inactive
Audit	INFO	2021-07-30T13:10:27.106-04:00	678588617314.1	-	C:\Users\leninne.pirovano\OneDrive - SCHEFFER\Documentos\Qlik\Sense\Apps\Analise US	-	RPC Session is inactive
Audit	INFO	2021-07-30T13:20:27.121-04:00	679188631240.7	-	C:\Users\leninne.pirovano\OneDrive - SCHEFFER\Documentos\Qlik\Sense\Apps\Analise US	-	RPC Session is inactive
Audit	INFO	2021-07-30T13:30:27.130-04:00	679788636107.3	-	C:\Users\leninne.pirovano\OneDrive - SCHEFFER\Documentos\Qlik\Sense\Apps\Analise US	-	RPC Session is inactive
Audit	INFO	2021-07-30T13:30:27.177-04:00	679788682912.8	-	C:\Users\leninne.pirovano\OneDrive - SCHEFFER\Documentos\Qlik\Sense\Apps\Analise US	-	DPS Rest session has reached expiry, clearing rest session
Audit	INFO	2021-07-30T13:40:27.133-04:00	680388638839.8	-	C:\Users\leninne.pirovano\OneDrive - SCHEFFER\Documentos\Qlik\Sense\Apps\Analise US	-	RPC Session is inactive
Audit	INFO	2021-07-30T13:50:27.194-04:00	680988695514.8	-	15ea2f42-ebde-9d07-49cf-37af1674	UserDirectory = INTERNAL; UserID= sa_engine	Engine connection established. Active engine connections: 2
Audit	INFO	2021-07-30T13:50:27.195-04:00	680988697101.5	-	C:\Users\leninne.pirovano\OneDrive - SCHEFFER\Documentos\Qlik\Sense\Apps\Analise US	-	RPC Session is inactive
Audit	INFO	2021-07-30T13:50:27.293-04:00	680988794571.5	-	15ea2f42-ebde-9d07-49cf-37af1674	UserDirectory = INTERNAL; UserID= sa_engine	Engine connection released. Active engine connections: 1
Audit	INFO	2021-07-30T14:00:27.212-04:00	681588710925.4	-	C:\Users\leninne.pirovano\OneDrive - SCHEFFER\Documentos\Qlik\Sense\Apps\Analise US	-	RPC Session is inactive
Audit	INFO	2021-07-30T14:10:27.227-04:00	682188720948.1	-	C:\Users\leninne.pirovano\OneDrive - SCHEFFER\Documentos\Qlik\Sense\Apps\Analise US	-	RPC Session is inactive
Audit	INFO	2021-07-30T14:20:27.218-04:00	682788721473.4	-	C:\Users\leninne.pirovano\OneDrive - SCHEFFER\Documentos\Qlik\Sense\Apps\Analise US	-	RPC Session is inactive
Audit	INFO	2021-07-30T14:27:14.100-04:00	683195608132.5	-	C:\Users\leninne.pirovano\OneDrive - SCHEFFER\Documentos\Qlik\Sense\Apps\Analise US	-	RPC Session Attach: in context ws
Audit	INFO	2021-07-30T14:27:14.104-04:00	683195611783.1	-	C:\Users\leninne.pirovano\OneDrive - SCHEFFER\Documentos\Qlik\Sense\Apps\Analise US	-	Client connected /dataprepservice/app/C%3A%5CUsers%5Cleninne.pirovano%5COneDrive%20-%20SCHEFFER%5CDocumentos%5CQlik%5CSense%5CApps%5CAnalise%20US.qvf?reloadUri=http%3A%2F%2Flocalhost%3A4848%2Fsense%2Fapp%2FC%253A%255CUsers%255Cleninne.pirovano%255COneDrive%2520-%2520SCHEFFER%255CDocumentos%255CQlik%255CSense%255CApps%255CAnalise%2520US.qvf%2Foverview%2Ffeature%2Fdesktop_authentication Open sessions: 1 Open rest initiated sessions: 0 Open ws initiated sessions: 1 Total client ws connections: 2 # of clients connected to application: 2
Audit	INFO	2021-07-30T14:27:14.115-04:00	683195622977.4	-	C:\Users\leninne.pirovano\OneDrive - SCHEFFER\Documentos\Qlik\Sense\Apps\Analise US	-	RPC Session Attach: in context rest
Audit	INFO	2021-07-30T14:28:20.268-04:00	683261775980.8	-	C:\Users\leninne.pirovano\OneDrive - SCHEFFER\Documentos\Qlik\Sense\Apps\Analise US	-	Client closed connection, clearing session...}
Audit	INFO	2021-07-30T14:28:20.269-04:00	683261777042.7	-	C:\Users\leninne.pirovano\OneDrive - SCHEFFER\Documentos\Qlik\Sense\Apps\Analise US	-	Client closed connection: C:\Users\leninne.pirovano\OneDrive - SCHEFFER\Documentos\Qlik\Sense\Apps\Analise US Open sessions: 1 Open rest initiated sessions: 0 Open ws initiated sessions: 1 Total client ws connections: 1 # of clients connected to application: 1
Audit	INFO	2021-07-30T14:28:37.809-04:00	683279317604.4	-	C:\Users\leninne.pirovano\OneDrive - SCHEFFER\Documentos\Qlik\Sense\Apps\Analise US	-	RPC Session Attach: in context ws
Audit	INFO	2021-07-30T14:28:37.810-04:00	683279318245.2	-	C:\Users\leninne.pirovano\OneDrive - SCHEFFER\Documentos\Qlik\Sense\Apps\Analise US	-	Client connected /dataprepservice/app/C%3A%5CUsers%5Cleninne.pirovano%5COneDrive%20-%20SCHEFFER%5CDocumentos%5CQlik%5CSense%5CApps%5CAnalise%20US.qvf?reloadUri=http%3A%2F%2Flocalhost%3A4848%2Fsense%2Fapp%2FC%253A%255CUsers%255Cleninne.pirovano%255COneDrive%2520-%2520SCHEFFER%255CDocumentos%255CQlik%255CSense%255CApps%255CAnalise%2520US.qvf%2Foverview%2Ffeature%2Fdesktop_authentication Open sessions: 1 Open rest initiated sessions: 0 Open ws initiated sessions: 1 Total client ws connections: 2 # of clients connected to application: 2
Audit	INFO	2021-07-30T14:28:39.057-04:00	683280565233.1	-	C:\Users\leninne.pirovano\OneDrive - SCHEFFER\Documentos\Qlik\Sense\Apps\Analise US	-	Client closed connection, clearing session...}
Audit	INFO	2021-07-30T14:28:39.058-04:00	683280566448	-	C:\Users\leninne.pirovano\OneDrive - SCHEFFER\Documentos\Qlik\Sense\Apps\Analise US	-	Client closed connection: C:\Users\leninne.pirovano\OneDrive - SCHEFFER\Documentos\Qlik\Sense\Apps\Analise US Open sessions: 1 Open rest initiated sessions: 0 Open ws initiated sessions: 1 Total client ws connections: 1 # of clients connected to application: 1
Audit	INFO	2021-07-30T14:28:48.504-04:00	683290012343.6	-	C:\Users\leninne.pirovano\OneDrive - SCHEFFER\Documentos\Qlik\Sense\Apps\Analise US	-	RPC Session Attach: in context ws
Audit	INFO	2021-07-30T14:28:48.504-04:00	683290013233.1	-	C:\Users\leninne.pirovano\OneDrive - SCHEFFER\Documentos\Qlik\Sense\Apps\Analise US	-	Client connected /dataprepservice/app/C%3A%5CUsers%5Cleninne.pirovano%5COneDrive%20-%20SCHEFFER%5CDocumentos%5CQlik%5CSense%5CApps%5CAnalise%20US.qvf?reloadUri=http%3A%2F%2Flocalhost%3A4848%2Fsense%2Fapp%2FC%253A%255CUsers%255Cleninne.pirovano%255COneDrive%2520-%2520SCHEFFER%255CDocumentos%255CQlik%255CSense%255CApps%255CAnalise%2520US.qvf%2Ffeature%2Fdesktop_authentication Open sessions: 1 Open rest initiated sessions: 0 Open ws initiated sessions: 1 Total client ws connections: 2 # of clients connected to application: 2
Audit	INFO	2021-07-30T14:29:07.690-04:00	683309198931.3	-	C:\Users\leninne.pirovano\OneDrive - SCHEFFER\Documentos\Qlik\Sense\Apps\Analise US	-	Client closed connection, clearing session...}
Audit	INFO	2021-07-30T14:29:07.690-04:00	683309199262.2	-	C:\Users\leninne.pirovano\OneDrive - SCHEFFER\Documentos\Qlik\Sense\Apps\Analise US	-	Client closed connection: C:\Users\leninne.pirovano\OneDrive - SCHEFFER\Documentos\Qlik\Sense\Apps\Analise US Open sessions: 1 Open rest initiated sessions: 0 Open ws initiated sessions: 1 Total client ws connections: 1 # of clients connected to application: 1
Audit	INFO	2021-07-30T14:29:21.583-04:00	683323091309.2	-	C:\Users\leninne.pirovano\OneDrive - SCHEFFER\Documentos\Qlik\Sense\Apps\Analise US	-	Client closed connection, clearing session...}
Audit	INFO	2021-07-30T14:29:21.590-04:00	683323098343.4	-	C:\Users\leninne.pirovano\OneDrive - SCHEFFER\Documentos\Qlik\Sense\Apps\Analise US	-	Engine connection released. Active engine connections: 0
Audit	INFO	2021-07-30T14:29:21.590-04:00	683323098973.6	-	C:\Users\leninne.pirovano\OneDrive - SCHEFFER\Documentos\Qlik\Sense\Apps\Analise US	-	Client closed connection: C:\Users\leninne.pirovano\OneDrive - SCHEFFER\Documentos\Qlik\Sense\Apps\Analise US Open sessions: 0 Open rest initiated sessions: 0 Open ws initiated sessions: 0 Total client ws connections: 0 # of clients connected to application: 0
Audit	INFO	2021-07-30T14:29:27.744-04:00	683329252385	-	C:\Users\leninne.pirovano\OneDrive - SCHEFFER\Documentos\Qlik\Sense\Apps\Analise US	-	RPC Session Create: in context ws
Audit	INFO	2021-07-30T14:29:27.747-04:00	683329255692.5	-	C:\Users\leninne.pirovano\OneDrive - SCHEFFER\Documentos\Qlik\Sense\Apps\Analise US	-	Client connected /dataprepservice/app/C%3A%5CUsers%5Cleninne.pirovano%5COneDrive%20-%20SCHEFFER%5CDocumentos%5CQlik%5CSense%5CApps%5CAnalise%20US.qvf?reloadUri=http%3A%2F%2Flocalhost%3A4848%2Fsense%2Fapp%2FC%253A%255CUsers%255Cleninne.pirovano%255COneDrive%2520-%2520SCHEFFER%255CDocumentos%255CQlik%255CSense%255CApps%255CAnalise%2520US.qvf%2Ffeature%2Fdesktop_authentication Open sessions: 1 Open rest initiated sessions: 0 Open ws initiated sessions: 1 Total client ws connections: 1 # of clients connected to application: 1
Audit	INFO	2021-07-30T14:29:27.757-04:00	683329266168.5	-	C:\Users\leninne.pirovano\OneDrive - SCHEFFER\Documentos\Qlik\Sense\Apps\Analise US	-	RPC Session Attach: in context rest
Audit	INFO	2021-07-30T14:29:27.760-04:00	683329268617.7	-	C:\Users\leninne.pirovano\OneDrive - SCHEFFER\Documentos\Qlik\Sense\Apps\Analise US	-	Engine connection established. Active engine connections: 1
Audit	INFO	2021-07-30T14:29:39.770-04:00	683341278653.3	-	C:\Users\leninne.pirovano\OneDrive - SCHEFFER\Documentos\Qlik\Sense\Apps\Analise US	-	Client closed connection, clearing session...}
Audit	INFO	2021-07-30T14:29:39.770-04:00	683341279240.5	-	C:\Users\leninne.pirovano\OneDrive - SCHEFFER\Documentos\Qlik\Sense\Apps\Analise US	-	Engine connection released. Active engine connections: 0
Audit	INFO	2021-07-30T14:29:39.771-04:00	683341279799.7	-	C:\Users\leninne.pirovano\OneDrive - SCHEFFER\Documentos\Qlik\Sense\Apps\Analise US	-	Client closed connection: C:\Users\leninne.pirovano\OneDrive - SCHEFFER\Documentos\Qlik\Sense\Apps\Analise US Open sessions: 0 Open rest initiated sessions: 0 Open ws initiated sessions: 0 Total client ws connections: 0 # of clients connected to application: 0
Audit	INFO	2021-07-30T14:29:42.157-04:00	683343665695.7	-	C:\Users\leninne.pirovano\OneDrive - SCHEFFER\Documentos\Qlik\Sense\Apps\Analise US	-	RPC Session Create: in context ws
Audit	INFO	2021-07-30T14:29:42.157-04:00	683343666130.6	-	C:\Users\leninne.pirovano\OneDrive - SCHEFFER\Documentos\Qlik\Sense\Apps\Analise US	-	Client connected /dataprepservice/app/C%3A%5CUsers%5Cleninne.pirovano%5COneDrive%20-%20SCHEFFER%5CDocumentos%5CQlik%5CSense%5CApps%5CAnalise%20US.qvf?reloadUri=http%3A%2F%2Flocalhost%3A4848%2Fsense%2Fapp%2FC%253A%255CUsers%255Cleninne.pirovano%255COneDrive%2520-%2520SCHEFFER%255CDocumentos%255CQlik%255CSense%255CApps%255CAnalise%2520US.qvf%2Ffeature%2Fdesktop_authentication Open sessions: 1 Open rest initiated sessions: 0 Open ws initiated sessions: 1 Total client ws connections: 1 # of clients connected to application: 1
Audit	INFO	2021-07-30T14:29:42.167-04:00	683343675821	-	C:\Users\leninne.pirovano\OneDrive - SCHEFFER\Documentos\Qlik\Sense\Apps\Analise US	-	RPC Session Attach: in context rest
Audit	INFO	2021-07-30T14:29:42.168-04:00	683343677037.5	-	C:\Users\leninne.pirovano\OneDrive - SCHEFFER\Documentos\Qlik\Sense\Apps\Analise US	-	Engine connection established. Active engine connections: 1
Audit	INFO	2021-07-30T14:30:27.216-04:00	683388725026.5	-	C:\Users\leninne.pirovano\OneDrive - SCHEFFER\Documentos\Qlik\Sense\Apps\Analise US	-	RPC Session is inactive
Audit	INFO	2021-07-30T14:40:27.223-04:00	683988732456.1	-	C:\Users\leninne.pirovano\OneDrive - SCHEFFER\Documentos\Qlik\Sense\Apps\Analise US	-	RPC Session is inactive
Audit	INFO	2021-07-30T14:48:04.816-04:00	684446325974.6	-	C:\Users\leninne.pirovano\OneDrive - SCHEFFER\Documentos\Qlik\Sense\Apps\Analise US	-	RPC Session Attach: in context ws
Audit	INFO	2021-07-30T14:48:04.817-04:00	684446326481.1	-	C:\Users\leninne.pirovano\OneDrive - SCHEFFER\Documentos\Qlik\Sense\Apps\Analise US	-	Client connected /dataprepservice/app/C%3A%5CUsers%5Cleninne.pirovano%5COneDrive%20-%20SCHEFFER%5CDocumentos%5CQlik%5CSense%5CApps%5CAnalise%20US.qvf?reloadUri=http%3A%2F%2Flocalhost%3A4848%2Fsense%2Fapp%2FC%253A%255CUsers%255Cleninne.pirovano%255COneDrive%2520-%2520SCHEFFER%255CDocumentos%255CQlik%255CSense%255CApps%255CAnalise%2520US.qvf%2Foverview%2Ffeature%2Fdesktop_authentication Open sessions: 1 Open rest initiated sessions: 0 Open ws initiated sessions: 1 Total client ws connections: 2 # of clients connected to application: 2
Audit	INFO	2021-07-30T14:50:27.113-04:00	684588618147.7	-	217ef0f6-088d-c069-df3c-77aba899	UserDirectory = INTERNAL; UserID= sa_engine	Engine connection established. Active engine connections: 2
Audit	INFO	2021-07-30T14:50:27.148-04:00	684588654077	-	217ef0f6-088d-c069-df3c-77aba899	UserDirectory = INTERNAL; UserID= sa_engine	Engine connection released. Active engine connections: 1
Audit	INFO	2021-07-30T14:50:27.235-04:00	684588740172.3	-	C:\Users\leninne.pirovano\OneDrive - SCHEFFER\Documentos\Qlik\Sense\Apps\Analise US	-	RPC Session is inactive
Audit	INFO	2021-07-30T15:00:27.251-04:00	685188742365.7	-	C:\Users\leninne.pirovano\OneDrive - SCHEFFER\Documentos\Qlik\Sense\Apps\Analise US	-	RPC Session is inactive
Audit	INFO	2021-07-30T15:10:27.259-04:00	685788744751.2	-	C:\Users\leninne.pirovano\OneDrive - SCHEFFER\Documentos\Qlik\Sense\Apps\Analise US	-	RPC Session is inactive
Audit	INFO	2021-07-30T15:20:27.271-04:00	686388753663.7	-	C:\Users\leninne.pirovano\OneDrive - SCHEFFER\Documentos\Qlik\Sense\Apps\Analise US	-	RPC Session is inactive
Audit	INFO	2021-07-30T15:20:27.272-04:00	686388754683.5	-	C:\Users\leninne.pirovano\OneDrive - SCHEFFER\Documentos\Qlik\Sense\Apps\Analise US	-	DPS Rest session has reached expiry, clearing rest session
Audit	INFO	2021-07-30T15:30:27.287-04:00	686988763159.9	-	C:\Users\leninne.pirovano\OneDrive - SCHEFFER\Documentos\Qlik\Sense\Apps\Analise US	-	RPC Session is inactive
Audit	INFO	2021-07-30T15:40:27.295-04:00	687588768330.9	-	C:\Users\leninne.pirovano\OneDrive - SCHEFFER\Documentos\Qlik\Sense\Apps\Analise US	-	RPC Session is inactive
Audit	INFO	2021-07-30T15:48:26.587-04:00	688068050031.5	-	C:\Users\leninne.pirovano\OneDrive - SCHEFFER\Documentos\Qlik\Sense\Apps\Analise US	-	Client closed connection, clearing session...}
Audit	INFO	2021-07-30T15:48:26.588-04:00	688068051397.1	-	C:\Users\leninne.pirovano\OneDrive - SCHEFFER\Documentos\Qlik\Sense\Apps\Analise US	-	Client closed connection: C:\Users\leninne.pirovano\OneDrive - SCHEFFER\Documentos\Qlik\Sense\Apps\Analise US Open sessions: 1 Open rest initiated sessions: 0 Open ws initiated sessions: 1 Total client ws connections: 1 # of clients connected to application: 1
Audit	INFO	2021-07-30T15:49:03.674-04:00	688105137303.2	-	C:\Users\leninne.pirovano\OneDrive - SCHEFFER\Documentos\Qlik\Sense\Apps\teste	-	RPC Session Create: in context ws
Audit	INFO	2021-07-30T15:49:03.675-04:00	688105138125.4	-	C:\Users\leninne.pirovano\OneDrive - SCHEFFER\Documentos\Qlik\Sense\Apps\teste	-	Client connected /dataprepservice/app/C%3A%5CUsers%5Cleninne.pirovano%5COneDrive%20-%20SCHEFFER%5CDocumentos%5CQlik%5CSense%5CApps%5Cteste.qvf?reloadUri=http%3A%2F%2Flocalhost%3A4848%2Fsense%2Fapp%2FC%253A%255CUsers%255Cleninne.pirovano%255COneDrive%2520-%2520SCHEFFER%255CDocumentos%255CQlik%255CSense%255CApps%255Cteste.qvf%2Ffeature%2Fdesktop_authentication Open sessions: 2 Open rest initiated sessions: 0 Open ws initiated sessions: 2 Total client ws connections: 2 # of clients connected to application: 1
Audit	INFO	2021-07-30T15:49:03.693-04:00	688105156364.2	-	C:\Users\leninne.pirovano\OneDrive - SCHEFFER\Documentos\Qlik\Sense\Apps\teste	-	RPC Session Attach: in context rest
Audit	INFO	2021-07-30T15:49:03.706-04:00	688105169033.9	-	C:\Users\leninne.pirovano\OneDrive - SCHEFFER\Documentos\Qlik\Sense\Apps\teste	-	Engine connection established. Active engine connections: 2
Audit	INFO	2021-07-30T15:50:27.172-04:00	688188634397.6	-	9ea5159e-dc3d-5262-3650-de87ce87	UserDirectory = INTERNAL; UserID= sa_engine	Engine connection established. Active engine connections: 3
Audit	INFO	2021-07-30T15:50:27.256-04:00	688188718085.3	-	9ea5159e-dc3d-5262-3650-de87ce87	UserDirectory = INTERNAL; UserID= sa_engine	Engine connection released. Active engine connections: 2
Audit	INFO	2021-07-30T15:50:27.321-04:00	688188783046.3	-	C:\Users\leninne.pirovano\OneDrive - SCHEFFER\Documentos\Qlik\Sense\Apps\Analise US	-	RPC Session is inactive
Audit	INFO	2021-07-30T15:50:27.321-04:00	688188783398.7	-	C:\Users\leninne.pirovano\OneDrive - SCHEFFER\Documentos\Qlik\Sense\Apps\teste	-	RPC Session is inactive
Audit	INFO	2021-07-30T15:50:32.648-04:00	688194110361.9	-	C:\Users\leninne.pirovano\OneDrive - SCHEFFER\Documentos\Qlik\Sense\Apps\teste	-	Client closed connection, clearing session...}
Audit	INFO	2021-07-30T15:50:32.649-04:00	688194111539.4	-	C:\Users\leninne.pirovano\OneDrive - SCHEFFER\Documentos\Qlik\Sense\Apps\teste	-	Engine connection released. Active engine connections: 1
Audit	INFO	2021-07-30T15:50:32.653-04:00	688194115169.7	-	C:\Users\leninne.pirovano\OneDrive - SCHEFFER\Documentos\Qlik\Sense\Apps\teste	-	Client closed connection: C:\Users\leninne.pirovano\OneDrive - SCHEFFER\Documentos\Qlik\Sense\Apps\teste Open sessions: 1 Open rest initiated sessions: 0 Open ws initiated sessions: 1 Total client ws connections: 1 # of clients connected to application: 0
Audit	INFO	2021-07-30T15:50:32.667-04:00	688194129048.8	-	C:\Users\leninne.pirovano\OneDrive - SCHEFFER\Documentos\Qlik\Sense\Apps\Analise US	-	Client closed connection, clearing session...}
Audit	INFO	2021-07-30T15:50:32.667-04:00	688194129540.5	-	C:\Users\leninne.pirovano\OneDrive - SCHEFFER\Documentos\Qlik\Sense\Apps\Analise US	-	Engine connection released. Active engine connections: 0
Audit	INFO	2021-07-30T15:50:32.668-04:00	688194130042.6	-	C:\Users\leninne.pirovano\OneDrive - SCHEFFER\Documentos\Qlik\Sense\Apps\Analise US	-	Client closed connection: C:\Users\leninne.pirovano\OneDrive - SCHEFFER\Documentos\Qlik\Sense\Apps\Analise US Open sessions: 0 Open rest initiated sessions: 0 Open ws initiated sessions: 0 Total client ws connections: 0 # of clients connected to application: 0
