Logger	Severity	Date	MicroSeconds	AppId	UserId	Message
Perf	INFO	2021-07-30T16:28:30.675-04:00	2214289218.6	C:\Users\leninne.pirovano\OneDrive - SCHEFFER\Documentos\Qlik\Sense\Apps\Analise US	-	OPEN_DATA_MANAGER_CORE
Perf	INFO	2021-07-30T16:28:30.689-04:00	2214303304.6	C:\Users\leninne.pirovano\OneDrive - SCHEFFER\Documentos\Qlik\Sense\Apps\Analise US	-	OPEN_DATA_MANAGER_CORE Execution time:  13
Perf	INFO	2021-07-30T16:28:30.690-04:00	2214303788.1	C:\Users\leninne.pirovano\OneDrive - SCHEFFER\Documentos\Qlik\Sense\Apps\Analise US	-	GET_FEATURE_FLAGS
Perf	INFO	2021-07-30T16:28:30.690-04:00	2214304278.7	C:\Users\leninne.pirovano\OneDrive - SCHEFFER\Documentos\Qlik\Sense\Apps\Analise US	-	GET_FEATURE_FLAGS Execution time:  0
Perf	INFO	2021-07-30T16:28:30.691-04:00	2214305573.1	C:\Users\leninne.pirovano\OneDrive - SCHEFFER\Documentos\Qlik\Sense\Apps\Analise US	-	QUERY_BUSINESS_MODEL
Perf	INFO	2021-07-30T16:28:30.692-04:00	2214306209.4	C:\Users\leninne.pirovano\OneDrive - SCHEFFER\Documentos\Qlik\Sense\Apps\Analise US	-	QUERY_BUSINESS_MODEL Execution time:  0
Perf	INFO	2021-07-30T16:28:30.695-04:00	2214309585.6	C:\Users\leninne.pirovano\OneDrive - SCHEFFER\Documentos\Qlik\Sense\Apps\Analise US	-	ANNOTATION_QUEUE
Perf	INFO	2021-07-30T16:28:30.696-04:00	2214309986.4	C:\Users\leninne.pirovano\OneDrive - SCHEFFER\Documentos\Qlik\Sense\Apps\Analise US	-	ANNOTATION_QUEUE Execution time:  0
Perf	INFO	2021-07-30T16:28:30.708-04:00	2214321707.8	C:\Users\leninne.pirovano\OneDrive - SCHEFFER\Documentos\Qlik\Sense\Apps\Analise US	-	INIT_ANNOTATION_BOARD_TABLE_FIELDS: Tables&Fields
Perf	INFO	2021-07-30T16:28:30.710-04:00	2214323667.3	C:\Users\leninne.pirovano\OneDrive - SCHEFFER\Documentos\Qlik\Sense\Apps\Analise US	-	GET_TABLES_AND_KEYS
Perf	INFO	2021-07-30T16:28:30.723-04:00	2214336921.5	C:\Users\leninne.pirovano\OneDrive - SCHEFFER\Documentos\Qlik\Sense\Apps\Analise US	-	GET_TABLES_AND_KEYS Execution time:  13
Perf	INFO	2021-07-30T16:28:30.728-04:00	2214342613.7	C:\Users\leninne.pirovano\OneDrive - SCHEFFER\Documentos\Qlik\Sense\Apps\Analise US	-	CALCULATE_FIELDS_FOR_NOT_FOUND_AND_TRANSFORMED: Field count: 106
Perf	INFO	2021-07-30T16:28:30.729-04:00	2214343025.9	C:\Users\leninne.pirovano\OneDrive - SCHEFFER\Documentos\Qlik\Sense\Apps\Analise US	-	CALCULATE_FIELDS_FOR_NOT_FOUND_AND_TRANSFORMED: Field count: 106 Execution time:  0
Perf	INFO	2021-07-30T16:28:30.729-04:00	2214343495.2	C:\Users\leninne.pirovano\OneDrive - SCHEFFER\Documentos\Qlik\Sense\Apps\Analise US	-	SAMPLES_AND_MIN_MAX
Perf	INFO	2021-07-30T16:28:30.733-04:00	2214347298.4	C:\Users\leninne.pirovano\OneDrive - SCHEFFER\Documentos\Qlik\Sense\Apps\Analise US	-	SAMPLE_VALUE_RETRIEVAL: Field count: 75
Perf	INFO	2021-07-30T16:28:30.828-04:00	2214441784.8	C:\Users\leninne.pirovano\OneDrive - SCHEFFER\Documentos\Qlik\Sense\Apps\Analise US	-	SAMPLE_VALUE_RETRIEVAL: Field count: 75 Execution time:  95
Perf	INFO	2021-07-30T16:28:30.828-04:00	2214442054.6	C:\Users\leninne.pirovano\OneDrive - SCHEFFER\Documentos\Qlik\Sense\Apps\Analise US	-	SAMPLE_VALUE_UPDATING
Perf	INFO	2021-07-30T16:28:30.829-04:00	2214442934	C:\Users\leninne.pirovano\OneDrive - SCHEFFER\Documentos\Qlik\Sense\Apps\Analise US	-	SAMPLE_VALUE_UPDATING Execution time:  1
Perf	INFO	2021-07-30T16:28:30.831-04:00	2214444984	C:\Users\leninne.pirovano\OneDrive - SCHEFFER\Documentos\Qlik\Sense\Apps\Analise US	-	MINMAX
Perf	INFO	2021-07-30T16:28:30.860-04:00	2214474253.1	C:\Users\leninne.pirovano\OneDrive - SCHEFFER\Documentos\Qlik\Sense\Apps\Analise US	-	MINMAX Execution time:  29
Perf	INFO	2021-07-30T16:28:30.860-04:00	2214474498.8	C:\Users\leninne.pirovano\OneDrive - SCHEFFER\Documentos\Qlik\Sense\Apps\Analise US	-	NUMERIC_RATIO
Perf	INFO	2021-07-30T16:28:30.862-04:00	2214476237.6	C:\Users\leninne.pirovano\OneDrive - SCHEFFER\Documentos\Qlik\Sense\Apps\Analise US	-	NUMERIC_RATIO Execution time:  1
Perf	INFO	2021-07-30T16:28:30.862-04:00	2214476451.5	C:\Users\leninne.pirovano\OneDrive - SCHEFFER\Documentos\Qlik\Sense\Apps\Analise US	-	SAMPLES_AND_MIN_MAX Execution time:  133
Perf	INFO	2021-07-30T16:28:30.865-04:00	2214478982.2	C:\Users\leninne.pirovano\OneDrive - SCHEFFER\Documentos\Qlik\Sense\Apps\Analise US	-	CLASSIFICATION_PIPELINE
Perf	INFO	2021-07-30T16:28:30.866-04:00	2214480371.7	C:\Users\leninne.pirovano\OneDrive - SCHEFFER\Documentos\Qlik\Sense\Apps\Analise US	-	Annotation Step: Tokenizer
Perf	INFO	2021-07-30T16:28:30.892-04:00	2214505694.5	C:\Users\leninne.pirovano\OneDrive - SCHEFFER\Documentos\Qlik\Sense\Apps\Analise US	-	Annotation Step: Tokenizer Execution time:  25
Perf	INFO	2021-07-30T16:28:30.892-04:00	2214506148	C:\Users\leninne.pirovano\OneDrive - SCHEFFER\Documentos\Qlik\Sense\Apps\Analise US	-	Annotation Step: CaptionDecorator
Perf	INFO	2021-07-30T16:28:30.893-04:00	2214506676.3	C:\Users\leninne.pirovano\OneDrive - SCHEFFER\Documentos\Qlik\Sense\Apps\Analise US	-	Annotation Step: CaptionDecorator Execution time:  1
Perf	INFO	2021-07-30T16:28:30.893-04:00	2214507289.3	C:\Users\leninne.pirovano\OneDrive - SCHEFFER\Documentos\Qlik\Sense\Apps\Analise US	-	Annotation Step: DateTime
Perf	INFO	2021-07-30T16:28:30.896-04:00	2214509709.5	C:\Users\leninne.pirovano\OneDrive - SCHEFFER\Documentos\Qlik\Sense\Apps\Analise US	-	Annotation Step: DateTime Execution time:  3
Perf	INFO	2021-07-30T16:28:30.896-04:00	2214509916.6	C:\Users\leninne.pirovano\OneDrive - SCHEFFER\Documentos\Qlik\Sense\Apps\Analise US	-	Annotation Step: MissingValue
Perf	INFO	2021-07-30T16:28:30.896-04:00	2214510194.9	C:\Users\leninne.pirovano\OneDrive - SCHEFFER\Documentos\Qlik\Sense\Apps\Analise US	-	Annotation Step: MissingValue Execution time:  0
Perf	INFO	2021-07-30T16:28:30.896-04:00	2214510625.2	C:\Users\leninne.pirovano\OneDrive - SCHEFFER\Documentos\Qlik\Sense\Apps\Analise US	-	Annotation Step: CompoundValue
Perf	INFO	2021-07-30T16:28:30.898-04:00	2214511860.1	C:\Users\leninne.pirovano\OneDrive - SCHEFFER\Documentos\Qlik\Sense\Apps\Analise US	-	Annotation Step: CompoundValue Execution time:  1
Perf	INFO	2021-07-30T16:28:30.898-04:00	2214512023.2	C:\Users\leninne.pirovano\OneDrive - SCHEFFER\Documentos\Qlik\Sense\Apps\Analise US	-	Annotation Step: RecommendedDataType
Perf	INFO	2021-07-30T16:28:30.899-04:00	2214512959.5	C:\Users\leninne.pirovano\OneDrive - SCHEFFER\Documentos\Qlik\Sense\Apps\Analise US	-	Annotation Step: RecommendedDataType Execution time:  1
Perf	INFO	2021-07-30T16:28:30.899-04:00	2214513126.1	C:\Users\leninne.pirovano\OneDrive - SCHEFFER\Documentos\Qlik\Sense\Apps\Analise US	-	Annotation Step: ValueDecorator
Perf	INFO	2021-07-30T16:28:30.900-04:00	2214513696.9	C:\Users\leninne.pirovano\OneDrive - SCHEFFER\Documentos\Qlik\Sense\Apps\Analise US	-	Annotation Step: ValueDecorator Execution time:  1
Perf	INFO	2021-07-30T16:28:30.900-04:00	2214513865	C:\Users\leninne.pirovano\OneDrive - SCHEFFER\Documentos\Qlik\Sense\Apps\Analise US	-	Annotation Step: SemanticClassifier
Perf	INFO	2021-07-30T16:28:30.920-04:00	2214534333.1	C:\Users\leninne.pirovano\OneDrive - SCHEFFER\Documentos\Qlik\Sense\Apps\Analise US	-	Annotation Step: SemanticClassifier Execution time:  20
Perf	INFO	2021-07-30T16:28:30.921-04:00	2214534838.8	C:\Users\leninne.pirovano\OneDrive - SCHEFFER\Documentos\Qlik\Sense\Apps\Analise US	-	Annotation Step: AdhocTransformations
Perf	INFO	2021-07-30T16:28:30.921-04:00	2214535369.5	C:\Users\leninne.pirovano\OneDrive - SCHEFFER\Documentos\Qlik\Sense\Apps\Analise US	-	Annotation Step: AdhocTransformations Execution time:  0
Perf	INFO	2021-07-30T16:28:30.922-04:00	2214535725.1	C:\Users\leninne.pirovano\OneDrive - SCHEFFER\Documentos\Qlik\Sense\Apps\Analise US	-	Annotation Step: AdhocCompoundValue
Perf	INFO	2021-07-30T16:28:30.922-04:00	2214536218.8	C:\Users\leninne.pirovano\OneDrive - SCHEFFER\Documentos\Qlik\Sense\Apps\Analise US	-	Annotation Step: AdhocCompoundValue Execution time:  0
Perf	INFO	2021-07-30T16:28:30.922-04:00	2214536473.5	C:\Users\leninne.pirovano\OneDrive - SCHEFFER\Documentos\Qlik\Sense\Apps\Analise US	-	Annotation Step: ValueBasedGeoClassifier
Perf	INFO	2021-07-30T16:28:30.941-04:00	2214554742.4	C:\Users\leninne.pirovano\OneDrive - SCHEFFER\Documentos\Qlik\Sense\Apps\Analise US	-	Annotation Step: ValueBasedGeoClassifier Execution time:  18
Perf	INFO	2021-07-30T16:28:30.941-04:00	2214555167.9	C:\Users\leninne.pirovano\OneDrive - SCHEFFER\Documentos\Qlik\Sense\Apps\Analise US	-	Annotation Step: CrossDatasetClassifier
Perf	INFO	2021-07-30T16:28:30.942-04:00	2214555848.5	C:\Users\leninne.pirovano\OneDrive - SCHEFFER\Documentos\Qlik\Sense\Apps\Analise US	-	Annotation Step: CrossDatasetClassifier Execution time:  1
Perf	INFO	2021-07-30T16:28:30.942-04:00	2214556054.7	C:\Users\leninne.pirovano\OneDrive - SCHEFFER\Documentos\Qlik\Sense\Apps\Analise US	-	Annotation Step: TimeBoundMeasureFinder
Perf	INFO	2021-07-30T16:28:30.942-04:00	2214556299	C:\Users\leninne.pirovano\OneDrive - SCHEFFER\Documentos\Qlik\Sense\Apps\Analise US	-	Annotation Step: TimeBoundMeasureFinder Execution time:  0
Perf	INFO	2021-07-30T16:28:30.942-04:00	2214556473.5	C:\Users\leninne.pirovano\OneDrive - SCHEFFER\Documentos\Qlik\Sense\Apps\Analise US	-	CLASSIFICATION_PIPELINE Execution time:  77
Perf	INFO	2021-07-30T16:28:30.943-04:00	2214556731.6	C:\Users\leninne.pirovano\OneDrive - SCHEFFER\Documentos\Qlik\Sense\Apps\Analise US	-	INIT_ANNOTATION_BOARD_TABLE_FIELDS: Tables&Fields Execution time:  235
Perf	INFO	2021-07-30T16:28:30.944-04:00	2214557740.4	C:\Users\leninne.pirovano\OneDrive - SCHEFFER\Documentos\Qlik\Sense\Apps\Analise US	-	GetClassificationHandler::execute
Perf	INFO	2021-07-30T16:28:30.944-04:00	2214557925.7	C:\Users\leninne.pirovano\OneDrive - SCHEFFER\Documentos\Qlik\Sense\Apps\Analise US	-	{"value":"OPEN_DATA_MANAGER_CORE","steps":[{"value":"GET_FEATURE_FLAGS","steps":[],"duration_ms":0},{"value":"QUERY_BUSINESS_MODEL","steps":[],"duration_ms":0},{"value":"ANNOTATION_QUEUE","steps":[],"duration_ms":0},{"value":"INIT_ANNOTATION_BOARD_TABLE_FIELDS: Tables&Fields","steps":[{"value":"GET_TABLES_AND_KEYS","steps":[],"duration_ms":13},{"value":"CALCULATE_FIELDS_FOR_NOT_FOUND_AND_TRANSFORMED: Field count: 106","steps":[],"duration_ms":0},{"value":"SAMPLES_AND_MIN_MAX","steps":[{"value":"SAMPLE_VALUE_RETRIEVAL: Field count: 75","steps":[],"duration_ms":95},{"value":"SAMPLE_VALUE_UPDATING","steps":[],"duration_ms":1},{"value":"MINMAX","steps":[],"duration_ms":29},{"value":"NUMERIC_RATIO","steps":[],"duration_ms":1}],"duration_ms":133},{"value":"CLASSIFICATION_PIPELINE","steps":[{"value":"Annotation Step: Tokenizer","steps":[],"duration_ms":25},{"value":"Annotation Step: CaptionDecorator","steps":[],"duration_ms":1},{"value":"Annotation Step: DateTime","steps":[],"duration_ms":3},{"value":"Annotation Step: MissingValue","steps":[],"duration_ms":0},{"value":"Annotation Step: CompoundValue","steps":[],"duration_ms":1},{"value":"Annotation Step: RecommendedDataType","steps":[],"duration_ms":1},{"value":"Annotation Step: ValueDecorator","steps":[],"duration_ms":1},{"value":"Annotation Step: SemanticClassifier","steps":[],"duration_ms":20},{"value":"Annotation Step: AdhocTransformations","steps":[],"duration_ms":0},{"value":"Annotation Step: AdhocCompoundValue","steps":[],"duration_ms":0},{"value":"Annotation Step: ValueBasedGeoClassifier","steps":[],"duration_ms":18},{"value":"Annotation Step: CrossDatasetClassifier","steps":[],"duration_ms":1},{"value":"Annotation Step: TimeBoundMeasureFinder","steps":[],"duration_ms":0}],"duration_ms":77}],"duration_ms":235}],"duration_ms":13}
