Logger	Severity	Date	MicroSeconds	AppId	UserId	Message
Perf	INFO	2021-07-23T13:03:04.217-04:00	73338747285.3	C:\Users\leninne.pirovano\OneDrive - SCHEFFER\Documentos\Qlik\Sense\Apps\Analise US	-	OPEN_DATA_MANAGER_CORE
Perf	INFO	2021-07-23T13:03:04.219-04:00	73338749399.2	C:\Users\leninne.pirovano\OneDrive - SCHEFFER\Documentos\Qlik\Sense\Apps\Analise US	-	OPEN_DATA_MANAGER_CORE Execution time:  1
Perf	INFO	2021-07-23T13:03:04.219-04:00	73338749666.9	C:\Users\leninne.pirovano\OneDrive - SCHEFFER\Documentos\Qlik\Sense\Apps\Analise US	-	GET_FEATURE_FLAGS
Perf	INFO	2021-07-23T13:03:04.219-04:00	73338749910.9	C:\Users\leninne.pirovano\OneDrive - SCHEFFER\Documentos\Qlik\Sense\Apps\Analise US	-	GET_FEATURE_FLAGS Execution time:  0
Perf	INFO	2021-07-23T13:03:04.219-04:00	73338750102	C:\Users\leninne.pirovano\OneDrive - SCHEFFER\Documentos\Qlik\Sense\Apps\Analise US	-	QUERY_BUSINESS_MODEL
Perf	INFO	2021-07-23T13:03:04.220-04:00	73338750378.6	C:\Users\leninne.pirovano\OneDrive - SCHEFFER\Documentos\Qlik\Sense\Apps\Analise US	-	QUERY_BUSINESS_MODEL Execution time:  0
Perf	INFO	2021-07-23T13:03:04.220-04:00	73338750816.4	C:\Users\leninne.pirovano\OneDrive - SCHEFFER\Documentos\Qlik\Sense\Apps\Analise US	-	ANNOTATION_QUEUE
Perf	INFO	2021-07-23T13:03:04.220-04:00	73338751122.6	C:\Users\leninne.pirovano\OneDrive - SCHEFFER\Documentos\Qlik\Sense\Apps\Analise US	-	ANNOTATION_QUEUE Execution time:  0
Perf	INFO	2021-07-23T13:03:04.222-04:00	73338752803.3	C:\Users\leninne.pirovano\OneDrive - SCHEFFER\Documentos\Qlik\Sense\Apps\Analise US	-	INIT_ANNOTATION_BOARD_TABLE_FIELDS: Tables&Fields
Perf	INFO	2021-07-23T13:03:04.223-04:00	73338753340.8	C:\Users\leninne.pirovano\OneDrive - SCHEFFER\Documentos\Qlik\Sense\Apps\Analise US	-	GET_TABLES_AND_KEYS
Perf	INFO	2021-07-23T13:03:04.225-04:00	73338756038.1	C:\Users\leninne.pirovano\OneDrive - SCHEFFER\Documentos\Qlik\Sense\Apps\Analise US	-	GET_TABLES_AND_KEYS Execution time:  2
Perf	INFO	2021-07-23T13:03:04.228-04:00	73338758234.6	C:\Users\leninne.pirovano\OneDrive - SCHEFFER\Documentos\Qlik\Sense\Apps\Analise US	-	CALCULATE_FIELDS_FOR_NOT_FOUND_AND_TRANSFORMED: Field count: 100
Perf	INFO	2021-07-23T13:03:04.228-04:00	73338758753.5	C:\Users\leninne.pirovano\OneDrive - SCHEFFER\Documentos\Qlik\Sense\Apps\Analise US	-	CALCULATE_FIELDS_FOR_NOT_FOUND_AND_TRANSFORMED: Field count: 100 Execution time:  0
Perf	INFO	2021-07-23T13:03:04.228-04:00	73338759002.5	C:\Users\leninne.pirovano\OneDrive - SCHEFFER\Documentos\Qlik\Sense\Apps\Analise US	-	SAMPLES_AND_MIN_MAX
Perf	INFO	2021-07-23T13:03:04.231-04:00	73338761457.1	C:\Users\leninne.pirovano\OneDrive - SCHEFFER\Documentos\Qlik\Sense\Apps\Analise US	-	SAMPLE_VALUE_RETRIEVAL: Field count: 79
Perf	INFO	2021-07-23T13:03:04.315-04:00	73338845784.2	C:\Users\leninne.pirovano\OneDrive - SCHEFFER\Documentos\Qlik\Sense\Apps\Analise US	-	SAMPLE_VALUE_RETRIEVAL: Field count: 79 Execution time:  84
Perf	INFO	2021-07-23T13:03:04.315-04:00	73338846052.3	C:\Users\leninne.pirovano\OneDrive - SCHEFFER\Documentos\Qlik\Sense\Apps\Analise US	-	SAMPLE_VALUE_UPDATING
Perf	INFO	2021-07-23T13:03:04.317-04:00	73338847805.8	C:\Users\leninne.pirovano\OneDrive - SCHEFFER\Documentos\Qlik\Sense\Apps\Analise US	-	SAMPLE_VALUE_UPDATING Execution time:  1
Perf	INFO	2021-07-23T13:03:04.319-04:00	73338849352	C:\Users\leninne.pirovano\OneDrive - SCHEFFER\Documentos\Qlik\Sense\Apps\Analise US	-	MINMAX
Perf	INFO	2021-07-23T13:03:04.348-04:00	73338878274.4	C:\Users\leninne.pirovano\OneDrive - SCHEFFER\Documentos\Qlik\Sense\Apps\Analise US	-	MINMAX Execution time:  29
Perf	INFO	2021-07-23T13:03:04.348-04:00	73338878765.1	C:\Users\leninne.pirovano\OneDrive - SCHEFFER\Documentos\Qlik\Sense\Apps\Analise US	-	NUMERIC_RATIO
Perf	INFO	2021-07-23T13:03:04.350-04:00	73338880655.7	C:\Users\leninne.pirovano\OneDrive - SCHEFFER\Documentos\Qlik\Sense\Apps\Analise US	-	NUMERIC_RATIO Execution time:  2
Perf	INFO	2021-07-23T13:03:04.350-04:00	73338880971.6	C:\Users\leninne.pirovano\OneDrive - SCHEFFER\Documentos\Qlik\Sense\Apps\Analise US	-	SAMPLES_AND_MIN_MAX Execution time:  121
Perf	INFO	2021-07-23T13:03:04.352-04:00	73338882878.4	C:\Users\leninne.pirovano\OneDrive - SCHEFFER\Documentos\Qlik\Sense\Apps\Analise US	-	CLASSIFICATION_PIPELINE
Perf	INFO	2021-07-23T13:03:04.353-04:00	73338883190	C:\Users\leninne.pirovano\OneDrive - SCHEFFER\Documentos\Qlik\Sense\Apps\Analise US	-	Annotation Step: Tokenizer
Perf	INFO	2021-07-23T13:03:04.371-04:00	73338901976.5	C:\Users\leninne.pirovano\OneDrive - SCHEFFER\Documentos\Qlik\Sense\Apps\Analise US	-	Annotation Step: Tokenizer Execution time:  18
Perf	INFO	2021-07-23T13:03:04.372-04:00	73338902741.7	C:\Users\leninne.pirovano\OneDrive - SCHEFFER\Documentos\Qlik\Sense\Apps\Analise US	-	Annotation Step: CaptionDecorator
Perf	INFO	2021-07-23T13:03:04.373-04:00	73338903451.6	C:\Users\leninne.pirovano\OneDrive - SCHEFFER\Documentos\Qlik\Sense\Apps\Analise US	-	Annotation Step: CaptionDecorator Execution time:  1
Perf	INFO	2021-07-23T13:03:04.373-04:00	73338903880.1	C:\Users\leninne.pirovano\OneDrive - SCHEFFER\Documentos\Qlik\Sense\Apps\Analise US	-	Annotation Step: DateTime
Perf	INFO	2021-07-23T13:03:04.375-04:00	73338905908.7	C:\Users\leninne.pirovano\OneDrive - SCHEFFER\Documentos\Qlik\Sense\Apps\Analise US	-	Annotation Step: DateTime Execution time:  2
Perf	INFO	2021-07-23T13:03:04.375-04:00	73338906119	C:\Users\leninne.pirovano\OneDrive - SCHEFFER\Documentos\Qlik\Sense\Apps\Analise US	-	Annotation Step: MissingValue
Perf	INFO	2021-07-23T13:03:04.376-04:00	73338906378.4	C:\Users\leninne.pirovano\OneDrive - SCHEFFER\Documentos\Qlik\Sense\Apps\Analise US	-	Annotation Step: MissingValue Execution time:  0
Perf	INFO	2021-07-23T13:03:04.376-04:00	73338906591.4	C:\Users\leninne.pirovano\OneDrive - SCHEFFER\Documentos\Qlik\Sense\Apps\Analise US	-	Annotation Step: CompoundValue
Perf	INFO	2021-07-23T13:03:04.377-04:00	73338908003.6	C:\Users\leninne.pirovano\OneDrive - SCHEFFER\Documentos\Qlik\Sense\Apps\Analise US	-	Annotation Step: CompoundValue Execution time:  1
Perf	INFO	2021-07-23T13:03:04.378-04:00	73338908220.1	C:\Users\leninne.pirovano\OneDrive - SCHEFFER\Documentos\Qlik\Sense\Apps\Analise US	-	Annotation Step: RecommendedDataType
Perf	INFO	2021-07-23T13:03:04.379-04:00	73338909197.3	C:\Users\leninne.pirovano\OneDrive - SCHEFFER\Documentos\Qlik\Sense\Apps\Analise US	-	Annotation Step: RecommendedDataType Execution time:  1
Perf	INFO	2021-07-23T13:03:04.379-04:00	73338909369.1	C:\Users\leninne.pirovano\OneDrive - SCHEFFER\Documentos\Qlik\Sense\Apps\Analise US	-	Annotation Step: ValueDecorator
Perf	INFO	2021-07-23T13:03:04.379-04:00	73338909928.6	C:\Users\leninne.pirovano\OneDrive - SCHEFFER\Documentos\Qlik\Sense\Apps\Analise US	-	Annotation Step: ValueDecorator Execution time:  0
Perf	INFO	2021-07-23T13:03:04.380-04:00	73338910142	C:\Users\leninne.pirovano\OneDrive - SCHEFFER\Documentos\Qlik\Sense\Apps\Analise US	-	Annotation Step: SemanticClassifier
Perf	INFO	2021-07-23T13:03:04.397-04:00	73338927421.2	C:\Users\leninne.pirovano\OneDrive - SCHEFFER\Documentos\Qlik\Sense\Apps\Analise US	-	Annotation Step: SemanticClassifier Execution time:  17
Perf	INFO	2021-07-23T13:03:04.397-04:00	73338927972.5	C:\Users\leninne.pirovano\OneDrive - SCHEFFER\Documentos\Qlik\Sense\Apps\Analise US	-	Annotation Step: AdhocTransformations
Perf	INFO	2021-07-23T13:03:04.398-04:00	73338928461.8	C:\Users\leninne.pirovano\OneDrive - SCHEFFER\Documentos\Qlik\Sense\Apps\Analise US	-	Annotation Step: AdhocTransformations Execution time:  1
Perf	INFO	2021-07-23T13:03:04.398-04:00	73338928816.9	C:\Users\leninne.pirovano\OneDrive - SCHEFFER\Documentos\Qlik\Sense\Apps\Analise US	-	Annotation Step: AdhocCompoundValue
Perf	INFO	2021-07-23T13:03:04.399-04:00	73338929252.2	C:\Users\leninne.pirovano\OneDrive - SCHEFFER\Documentos\Qlik\Sense\Apps\Analise US	-	Annotation Step: AdhocCompoundValue Execution time:  1
Perf	INFO	2021-07-23T13:03:04.399-04:00	73338929465.3	C:\Users\leninne.pirovano\OneDrive - SCHEFFER\Documentos\Qlik\Sense\Apps\Analise US	-	Annotation Step: ValueBasedGeoClassifier
Perf	INFO	2021-07-23T13:03:04.402-04:00	73338932154.5	C:\Users\leninne.pirovano\OneDrive - SCHEFFER\Documentos\Qlik\Sense\Apps\Analise US	-	Annotation Step: ValueBasedGeoClassifier Execution time:  2
Perf	INFO	2021-07-23T13:03:04.402-04:00	73338932468	C:\Users\leninne.pirovano\OneDrive - SCHEFFER\Documentos\Qlik\Sense\Apps\Analise US	-	Annotation Step: CrossDatasetClassifier
Perf	INFO	2021-07-23T13:03:04.402-04:00	73338933080.4	C:\Users\leninne.pirovano\OneDrive - SCHEFFER\Documentos\Qlik\Sense\Apps\Analise US	-	Annotation Step: CrossDatasetClassifier Execution time:  0
Perf	INFO	2021-07-23T13:03:04.403-04:00	73338933314	C:\Users\leninne.pirovano\OneDrive - SCHEFFER\Documentos\Qlik\Sense\Apps\Analise US	-	Annotation Step: TimeBoundMeasureFinder
Perf	INFO	2021-07-23T13:03:04.403-04:00	73338933577.8	C:\Users\leninne.pirovano\OneDrive - SCHEFFER\Documentos\Qlik\Sense\Apps\Analise US	-	Annotation Step: TimeBoundMeasureFinder Execution time:  0
Perf	INFO	2021-07-23T13:03:04.403-04:00	73338933799.1	C:\Users\leninne.pirovano\OneDrive - SCHEFFER\Documentos\Qlik\Sense\Apps\Analise US	-	CLASSIFICATION_PIPELINE Execution time:  51
Perf	INFO	2021-07-23T13:03:04.403-04:00	73338934065.1	C:\Users\leninne.pirovano\OneDrive - SCHEFFER\Documentos\Qlik\Sense\Apps\Analise US	-	INIT_ANNOTATION_BOARD_TABLE_FIELDS: Tables&Fields Execution time:  181
Perf	INFO	2021-07-23T13:03:04.404-04:00	73338935085.7	C:\Users\leninne.pirovano\OneDrive - SCHEFFER\Documentos\Qlik\Sense\Apps\Analise US	-	GetClassificationHandler::execute
Perf	INFO	2021-07-23T13:03:04.405-04:00	73338935299.7	C:\Users\leninne.pirovano\OneDrive - SCHEFFER\Documentos\Qlik\Sense\Apps\Analise US	-	{"value":"OPEN_DATA_MANAGER_CORE","steps":[{"value":"GET_FEATURE_FLAGS","steps":[],"duration_ms":0},{"value":"QUERY_BUSINESS_MODEL","steps":[],"duration_ms":0},{"value":"ANNOTATION_QUEUE","steps":[],"duration_ms":0},{"value":"INIT_ANNOTATION_BOARD_TABLE_FIELDS: Tables&Fields","steps":[{"value":"GET_TABLES_AND_KEYS","steps":[],"duration_ms":2},{"value":"CALCULATE_FIELDS_FOR_NOT_FOUND_AND_TRANSFORMED: Field count: 100","steps":[],"duration_ms":0},{"value":"SAMPLES_AND_MIN_MAX","steps":[{"value":"SAMPLE_VALUE_RETRIEVAL: Field count: 79","steps":[],"duration_ms":84},{"value":"SAMPLE_VALUE_UPDATING","steps":[],"duration_ms":1},{"value":"MINMAX","steps":[],"duration_ms":29},{"value":"NUMERIC_RATIO","steps":[],"duration_ms":2}],"duration_ms":121},{"value":"CLASSIFICATION_PIPELINE","steps":[{"value":"Annotation Step: Tokenizer","steps":[],"duration_ms":18},{"value":"Annotation Step: CaptionDecorator","steps":[],"duration_ms":1},{"value":"Annotation Step: DateTime","steps":[],"duration_ms":2},{"value":"Annotation Step: MissingValue","steps":[],"duration_ms":0},{"value":"Annotation Step: CompoundValue","steps":[],"duration_ms":1},{"value":"Annotation Step: RecommendedDataType","steps":[],"duration_ms":1},{"value":"Annotation Step: ValueDecorator","steps":[],"duration_ms":0},{"value":"Annotation Step: SemanticClassifier","steps":[],"duration_ms":17},{"value":"Annotation Step: AdhocTransformations","steps":[],"duration_ms":1},{"value":"Annotation Step: AdhocCompoundValue","steps":[],"duration_ms":1},{"value":"Annotation Step: ValueBasedGeoClassifier","steps":[],"duration_ms":2},{"value":"Annotation Step: CrossDatasetClassifier","steps":[],"duration_ms":0},{"value":"Annotation Step: TimeBoundMeasureFinder","steps":[],"duration_ms":0}],"duration_ms":51}],"duration_ms":181}],"duration_ms":1}
Perf	INFO	2021-07-23T13:05:07.972-04:00	73462375699.1	C:\Users\leninne.pirovano\OneDrive - SCHEFFER\Documentos\Qlik\Sense\Apps\Analise US	-	OPEN_DATA_MANAGER_CORE
Perf	INFO	2021-07-23T13:05:07.972-04:00	73462375958.6	C:\Users\leninne.pirovano\OneDrive - SCHEFFER\Documentos\Qlik\Sense\Apps\Analise US	-	OPEN_DATA_MANAGER_CORE Execution time:  0
Perf	INFO	2021-07-23T13:05:07.972-04:00	73462376146.9	C:\Users\leninne.pirovano\OneDrive - SCHEFFER\Documentos\Qlik\Sense\Apps\Analise US	-	GET_FEATURE_FLAGS
Perf	INFO	2021-07-23T13:05:07.972-04:00	73462376375.7	C:\Users\leninne.pirovano\OneDrive - SCHEFFER\Documentos\Qlik\Sense\Apps\Analise US	-	GET_FEATURE_FLAGS Execution time:  0
Perf	INFO	2021-07-23T13:05:07.973-04:00	73462376569.2	C:\Users\leninne.pirovano\OneDrive - SCHEFFER\Documentos\Qlik\Sense\Apps\Analise US	-	QUERY_BUSINESS_MODEL
Perf	INFO	2021-07-23T13:05:07.973-04:00	73462376791.8	C:\Users\leninne.pirovano\OneDrive - SCHEFFER\Documentos\Qlik\Sense\Apps\Analise US	-	QUERY_BUSINESS_MODEL Execution time:  0
Perf	INFO	2021-07-23T13:05:07.973-04:00	73462377007.9	C:\Users\leninne.pirovano\OneDrive - SCHEFFER\Documentos\Qlik\Sense\Apps\Analise US	-	ANNOTATION_QUEUE
Perf	INFO	2021-07-23T13:05:07.973-04:00	73462377231.5	C:\Users\leninne.pirovano\OneDrive - SCHEFFER\Documentos\Qlik\Sense\Apps\Analise US	-	ANNOTATION_QUEUE Execution time:  0
Perf	INFO	2021-07-23T13:05:07.974-04:00	73462378082.2	C:\Users\leninne.pirovano\OneDrive - SCHEFFER\Documentos\Qlik\Sense\Apps\Analise US	-	INIT_ANNOTATION_BOARD_TABLE_FIELDS: Tables&Fields
Perf	INFO	2021-07-23T13:05:07.974-04:00	73462378346.9	C:\Users\leninne.pirovano\OneDrive - SCHEFFER\Documentos\Qlik\Sense\Apps\Analise US	-	GET_TABLES_AND_KEYS
Perf	INFO	2021-07-23T13:05:07.977-04:00	73462381341.7	C:\Users\leninne.pirovano\OneDrive - SCHEFFER\Documentos\Qlik\Sense\Apps\Analise US	-	GET_TABLES_AND_KEYS Execution time:  2
Perf	INFO	2021-07-23T13:05:07.978-04:00	73462382050.6	C:\Users\leninne.pirovano\OneDrive - SCHEFFER\Documentos\Qlik\Sense\Apps\Analise US	-	CALCULATE_FIELDS_FOR_NOT_FOUND_AND_TRANSFORMED: Field count: 100
Perf	INFO	2021-07-23T13:05:07.978-04:00	73462382340.2	C:\Users\leninne.pirovano\OneDrive - SCHEFFER\Documentos\Qlik\Sense\Apps\Analise US	-	CALCULATE_FIELDS_FOR_NOT_FOUND_AND_TRANSFORMED: Field count: 100 Execution time:  0
Perf	INFO	2021-07-23T13:05:07.979-04:00	73462382523.8	C:\Users\leninne.pirovano\OneDrive - SCHEFFER\Documentos\Qlik\Sense\Apps\Analise US	-	SAMPLES_AND_MIN_MAX
Perf	INFO	2021-07-23T13:05:07.980-04:00	73462383519.2	C:\Users\leninne.pirovano\OneDrive - SCHEFFER\Documentos\Qlik\Sense\Apps\Analise US	-	SAMPLE_VALUE_RETRIEVAL: Field count: 79
Perf	INFO	2021-07-23T13:05:08.055-04:00	73462458564.4	C:\Users\leninne.pirovano\OneDrive - SCHEFFER\Documentos\Qlik\Sense\Apps\Analise US	-	SAMPLE_VALUE_RETRIEVAL: Field count: 79 Execution time:  75
Perf	INFO	2021-07-23T13:05:08.055-04:00	73462458935.3	C:\Users\leninne.pirovano\OneDrive - SCHEFFER\Documentos\Qlik\Sense\Apps\Analise US	-	SAMPLE_VALUE_UPDATING
Perf	INFO	2021-07-23T13:05:08.056-04:00	73462459791.1	C:\Users\leninne.pirovano\OneDrive - SCHEFFER\Documentos\Qlik\Sense\Apps\Analise US	-	SAMPLE_VALUE_UPDATING Execution time:  1
Perf	INFO	2021-07-23T13:05:08.057-04:00	73462461316.4	C:\Users\leninne.pirovano\OneDrive - SCHEFFER\Documentos\Qlik\Sense\Apps\Analise US	-	MINMAX
Perf	INFO	2021-07-23T13:05:08.083-04:00	73462487433.9	C:\Users\leninne.pirovano\OneDrive - SCHEFFER\Documentos\Qlik\Sense\Apps\Analise US	-	MINMAX Execution time:  25
Perf	INFO	2021-07-23T13:05:08.084-04:00	73462487984.4	C:\Users\leninne.pirovano\OneDrive - SCHEFFER\Documentos\Qlik\Sense\Apps\Analise US	-	NUMERIC_RATIO
Perf	INFO	2021-07-23T13:05:08.086-04:00	73462490311.2	C:\Users\leninne.pirovano\OneDrive - SCHEFFER\Documentos\Qlik\Sense\Apps\Analise US	-	NUMERIC_RATIO Execution time:  2
Perf	INFO	2021-07-23T13:05:08.087-04:00	73462490587.3	C:\Users\leninne.pirovano\OneDrive - SCHEFFER\Documentos\Qlik\Sense\Apps\Analise US	-	SAMPLES_AND_MIN_MAX Execution time:  108
Perf	INFO	2021-07-23T13:05:08.087-04:00	73462491195.3	C:\Users\leninne.pirovano\OneDrive - SCHEFFER\Documentos\Qlik\Sense\Apps\Analise US	-	CLASSIFICATION_PIPELINE
Perf	INFO	2021-07-23T13:05:08.087-04:00	73462491340.8	C:\Users\leninne.pirovano\OneDrive - SCHEFFER\Documentos\Qlik\Sense\Apps\Analise US	-	Annotation Step: Tokenizer
Perf	INFO	2021-07-23T13:05:08.097-04:00	73462501306	C:\Users\leninne.pirovano\OneDrive - SCHEFFER\Documentos\Qlik\Sense\Apps\Analise US	-	Annotation Step: Tokenizer Execution time:  10
Perf	INFO	2021-07-23T13:05:08.098-04:00	73462501743.2	C:\Users\leninne.pirovano\OneDrive - SCHEFFER\Documentos\Qlik\Sense\Apps\Analise US	-	Annotation Step: CaptionDecorator
Perf	INFO	2021-07-23T13:05:08.098-04:00	73462502311.9	C:\Users\leninne.pirovano\OneDrive - SCHEFFER\Documentos\Qlik\Sense\Apps\Analise US	-	Annotation Step: CaptionDecorator Execution time:  0
Perf	INFO	2021-07-23T13:05:08.099-04:00	73462502583.5	C:\Users\leninne.pirovano\OneDrive - SCHEFFER\Documentos\Qlik\Sense\Apps\Analise US	-	Annotation Step: DateTime
Perf	INFO	2021-07-23T13:05:08.101-04:00	73462505194.4	C:\Users\leninne.pirovano\OneDrive - SCHEFFER\Documentos\Qlik\Sense\Apps\Analise US	-	Annotation Step: DateTime Execution time:  2
Perf	INFO	2021-07-23T13:05:08.102-04:00	73462505621.7	C:\Users\leninne.pirovano\OneDrive - SCHEFFER\Documentos\Qlik\Sense\Apps\Analise US	-	Annotation Step: MissingValue
Perf	INFO	2021-07-23T13:05:08.102-04:00	73462505990.4	C:\Users\leninne.pirovano\OneDrive - SCHEFFER\Documentos\Qlik\Sense\Apps\Analise US	-	Annotation Step: MissingValue Execution time:  0
Perf	INFO	2021-07-23T13:05:08.102-04:00	73462506227.6	C:\Users\leninne.pirovano\OneDrive - SCHEFFER\Documentos\Qlik\Sense\Apps\Analise US	-	Annotation Step: CompoundValue
Perf	INFO	2021-07-23T13:05:08.103-04:00	73462507014.9	C:\Users\leninne.pirovano\OneDrive - SCHEFFER\Documentos\Qlik\Sense\Apps\Analise US	-	Annotation Step: CompoundValue Execution time:  1
Perf	INFO	2021-07-23T13:05:08.103-04:00	73462507239.8	C:\Users\leninne.pirovano\OneDrive - SCHEFFER\Documentos\Qlik\Sense\Apps\Analise US	-	Annotation Step: RecommendedDataType
Perf	INFO	2021-07-23T13:05:08.105-04:00	73462508709.7	C:\Users\leninne.pirovano\OneDrive - SCHEFFER\Documentos\Qlik\Sense\Apps\Analise US	-	Annotation Step: RecommendedDataType Execution time:  1
Perf	INFO	2021-07-23T13:05:08.105-04:00	73462508971.8	C:\Users\leninne.pirovano\OneDrive - SCHEFFER\Documentos\Qlik\Sense\Apps\Analise US	-	Annotation Step: ValueDecorator
Perf	INFO	2021-07-23T13:05:08.105-04:00	73462509483.3	C:\Users\leninne.pirovano\OneDrive - SCHEFFER\Documentos\Qlik\Sense\Apps\Analise US	-	Annotation Step: ValueDecorator Execution time:  0
Perf	INFO	2021-07-23T13:05:08.106-04:00	73462509696.7	C:\Users\leninne.pirovano\OneDrive - SCHEFFER\Documentos\Qlik\Sense\Apps\Analise US	-	Annotation Step: SemanticClassifier
Perf	INFO	2021-07-23T13:05:08.127-04:00	73462531252	C:\Users\leninne.pirovano\OneDrive - SCHEFFER\Documentos\Qlik\Sense\Apps\Analise US	-	Annotation Step: SemanticClassifier Execution time:  21
Perf	INFO	2021-07-23T13:05:08.128-04:00	73462531652.4	C:\Users\leninne.pirovano\OneDrive - SCHEFFER\Documentos\Qlik\Sense\Apps\Analise US	-	Annotation Step: AdhocTransformations
Perf	INFO	2021-07-23T13:05:08.128-04:00	73462532002	C:\Users\leninne.pirovano\OneDrive - SCHEFFER\Documentos\Qlik\Sense\Apps\Analise US	-	Annotation Step: AdhocTransformations Execution time:  0
Perf	INFO	2021-07-23T13:05:08.128-04:00	73462532357.1	C:\Users\leninne.pirovano\OneDrive - SCHEFFER\Documentos\Qlik\Sense\Apps\Analise US	-	Annotation Step: AdhocCompoundValue
Perf	INFO	2021-07-23T13:05:08.130-04:00	73462533815.3	C:\Users\leninne.pirovano\OneDrive - SCHEFFER\Documentos\Qlik\Sense\Apps\Analise US	-	Annotation Step: AdhocCompoundValue Execution time:  0
Perf	INFO	2021-07-23T13:05:08.130-04:00	73462534144.5	C:\Users\leninne.pirovano\OneDrive - SCHEFFER\Documentos\Qlik\Sense\Apps\Analise US	-	Annotation Step: ValueBasedGeoClassifier
Perf	INFO	2021-07-23T13:05:08.132-04:00	73462535584.4	C:\Users\leninne.pirovano\OneDrive - SCHEFFER\Documentos\Qlik\Sense\Apps\Analise US	-	Annotation Step: ValueBasedGeoClassifier Execution time:  1
Perf	INFO	2021-07-23T13:05:08.132-04:00	73462535929	C:\Users\leninne.pirovano\OneDrive - SCHEFFER\Documentos\Qlik\Sense\Apps\Analise US	-	Annotation Step: CrossDatasetClassifier
Perf	INFO	2021-07-23T13:05:08.132-04:00	73462536425.2	C:\Users\leninne.pirovano\OneDrive - SCHEFFER\Documentos\Qlik\Sense\Apps\Analise US	-	Annotation Step: CrossDatasetClassifier Execution time:  0
Perf	INFO	2021-07-23T13:05:08.133-04:00	73462536681.7	C:\Users\leninne.pirovano\OneDrive - SCHEFFER\Documentos\Qlik\Sense\Apps\Analise US	-	Annotation Step: TimeBoundMeasureFinder
Perf	INFO	2021-07-23T13:05:08.133-04:00	73462536946.7	C:\Users\leninne.pirovano\OneDrive - SCHEFFER\Documentos\Qlik\Sense\Apps\Analise US	-	Annotation Step: TimeBoundMeasureFinder Execution time:  0
Perf	INFO	2021-07-23T13:05:08.133-04:00	73462537149.1	C:\Users\leninne.pirovano\OneDrive - SCHEFFER\Documentos\Qlik\Sense\Apps\Analise US	-	CLASSIFICATION_PIPELINE Execution time:  46
Perf	INFO	2021-07-23T13:05:08.133-04:00	73462537392.8	C:\Users\leninne.pirovano\OneDrive - SCHEFFER\Documentos\Qlik\Sense\Apps\Analise US	-	INIT_ANNOTATION_BOARD_TABLE_FIELDS: Tables&Fields Execution time:  159
Perf	INFO	2021-07-23T13:05:08.134-04:00	73462537913.4	C:\Users\leninne.pirovano\OneDrive - SCHEFFER\Documentos\Qlik\Sense\Apps\Analise US	-	GetClassificationHandler::execute
Perf	INFO	2021-07-23T13:05:08.134-04:00	73462538214.6	C:\Users\leninne.pirovano\OneDrive - SCHEFFER\Documentos\Qlik\Sense\Apps\Analise US	-	{"value":"OPEN_DATA_MANAGER_CORE","steps":[{"value":"GET_FEATURE_FLAGS","steps":[],"duration_ms":0},{"value":"QUERY_BUSINESS_MODEL","steps":[],"duration_ms":0},{"value":"ANNOTATION_QUEUE","steps":[],"duration_ms":0},{"value":"INIT_ANNOTATION_BOARD_TABLE_FIELDS: Tables&Fields","steps":[{"value":"GET_TABLES_AND_KEYS","steps":[],"duration_ms":2},{"value":"CALCULATE_FIELDS_FOR_NOT_FOUND_AND_TRANSFORMED: Field count: 100","steps":[],"duration_ms":0},{"value":"SAMPLES_AND_MIN_MAX","steps":[{"value":"SAMPLE_VALUE_RETRIEVAL: Field count: 79","steps":[],"duration_ms":75},{"value":"SAMPLE_VALUE_UPDATING","steps":[],"duration_ms":1},{"value":"MINMAX","steps":[],"duration_ms":25},{"value":"NUMERIC_RATIO","steps":[],"duration_ms":2}],"duration_ms":108},{"value":"CLASSIFICATION_PIPELINE","steps":[{"value":"Annotation Step: Tokenizer","steps":[],"duration_ms":10},{"value":"Annotation Step: CaptionDecorator","steps":[],"duration_ms":0},{"value":"Annotation Step: DateTime","steps":[],"duration_ms":2},{"value":"Annotation Step: MissingValue","steps":[],"duration_ms":0},{"value":"Annotation Step: CompoundValue","steps":[],"duration_ms":1},{"value":"Annotation Step: RecommendedDataType","steps":[],"duration_ms":1},{"value":"Annotation Step: ValueDecorator","steps":[],"duration_ms":0},{"value":"Annotation Step: SemanticClassifier","steps":[],"duration_ms":21},{"value":"Annotation Step: AdhocTransformations","steps":[],"duration_ms":0},{"value":"Annotation Step: AdhocCompoundValue","steps":[],"duration_ms":0},{"value":"Annotation Step: ValueBasedGeoClassifier","steps":[],"duration_ms":1},{"value":"Annotation Step: CrossDatasetClassifier","steps":[],"duration_ms":0},{"value":"Annotation Step: TimeBoundMeasureFinder","steps":[],"duration_ms":0}],"duration_ms":46}],"duration_ms":159}],"duration_ms":0}
Perf	INFO	2021-07-23T13:34:48.647-04:00	75242882299.4	C:\Users\leninne.pirovano\OneDrive - SCHEFFER\Documentos\Qlik\Sense\Apps\Analise US	-	OPEN_DATA_MANAGER_CORE
Perf	INFO	2021-07-23T13:34:48.647-04:00	75242882527.8	C:\Users\leninne.pirovano\OneDrive - SCHEFFER\Documentos\Qlik\Sense\Apps\Analise US	-	OPEN_DATA_MANAGER_CORE Execution time:  0
Perf	INFO	2021-07-23T13:34:48.647-04:00	75242882649.4	C:\Users\leninne.pirovano\OneDrive - SCHEFFER\Documentos\Qlik\Sense\Apps\Analise US	-	GET_FEATURE_FLAGS
Perf	INFO	2021-07-23T13:34:48.647-04:00	75242882861.8	C:\Users\leninne.pirovano\OneDrive - SCHEFFER\Documentos\Qlik\Sense\Apps\Analise US	-	GET_FEATURE_FLAGS Execution time:  0
Perf	INFO	2021-07-23T13:34:48.648-04:00	75242883179.9	C:\Users\leninne.pirovano\OneDrive - SCHEFFER\Documentos\Qlik\Sense\Apps\Analise US	-	QUERY_BUSINESS_MODEL
Perf	INFO	2021-07-23T13:34:48.648-04:00	75242883516.3	C:\Users\leninne.pirovano\OneDrive - SCHEFFER\Documentos\Qlik\Sense\Apps\Analise US	-	QUERY_BUSINESS_MODEL Execution time:  0
Perf	INFO	2021-07-23T13:34:48.648-04:00	75242883735.4	C:\Users\leninne.pirovano\OneDrive - SCHEFFER\Documentos\Qlik\Sense\Apps\Analise US	-	ANNOTATION_QUEUE
Perf	INFO	2021-07-23T13:34:48.649-04:00	75242884314.5	C:\Users\leninne.pirovano\OneDrive - SCHEFFER\Documentos\Qlik\Sense\Apps\Analise US	-	ANNOTATION_QUEUE Execution time:  0
Perf	INFO	2021-07-23T13:34:48.650-04:00	75242884980.8	C:\Users\leninne.pirovano\OneDrive - SCHEFFER\Documentos\Qlik\Sense\Apps\Analise US	-	INIT_ANNOTATION_BOARD_TABLE_FIELDS: Tables&Fields
Perf	INFO	2021-07-23T13:34:48.650-04:00	75242885143.6	C:\Users\leninne.pirovano\OneDrive - SCHEFFER\Documentos\Qlik\Sense\Apps\Analise US	-	GET_TABLES_AND_KEYS
Perf	INFO	2021-07-23T13:34:48.651-04:00	75242886816.9	C:\Users\leninne.pirovano\OneDrive - SCHEFFER\Documentos\Qlik\Sense\Apps\Analise US	-	GET_TABLES_AND_KEYS Execution time:  1
Perf	INFO	2021-07-23T13:34:48.652-04:00	75242887369.8	C:\Users\leninne.pirovano\OneDrive - SCHEFFER\Documentos\Qlik\Sense\Apps\Analise US	-	CALCULATE_FIELDS_FOR_NOT_FOUND_AND_TRANSFORMED: Field count: 96
Perf	INFO	2021-07-23T13:34:48.652-04:00	75242887540.7	C:\Users\leninne.pirovano\OneDrive - SCHEFFER\Documentos\Qlik\Sense\Apps\Analise US	-	CALCULATE_FIELDS_FOR_NOT_FOUND_AND_TRANSFORMED: Field count: 96 Execution time:  0
Perf	INFO	2021-07-23T13:34:48.652-04:00	75242887679.3	C:\Users\leninne.pirovano\OneDrive - SCHEFFER\Documentos\Qlik\Sense\Apps\Analise US	-	SAMPLES_AND_MIN_MAX
Perf	INFO	2021-07-23T13:34:48.653-04:00	75242888611.3	C:\Users\leninne.pirovano\OneDrive - SCHEFFER\Documentos\Qlik\Sense\Apps\Analise US	-	SAMPLE_VALUE_RETRIEVAL: Field count: 75
Perf	INFO	2021-07-23T13:34:48.731-04:00	75242966069.1	C:\Users\leninne.pirovano\OneDrive - SCHEFFER\Documentos\Qlik\Sense\Apps\Analise US	-	SAMPLE_VALUE_RETRIEVAL: Field count: 75 Execution time:  78
Perf	INFO	2021-07-23T13:34:48.731-04:00	75242966564.4	C:\Users\leninne.pirovano\OneDrive - SCHEFFER\Documentos\Qlik\Sense\Apps\Analise US	-	SAMPLE_VALUE_UPDATING
Perf	INFO	2021-07-23T13:34:48.732-04:00	75242967904.8	C:\Users\leninne.pirovano\OneDrive - SCHEFFER\Documentos\Qlik\Sense\Apps\Analise US	-	SAMPLE_VALUE_UPDATING Execution time:  1
Perf	INFO	2021-07-23T13:34:48.733-04:00	75242968640.5	C:\Users\leninne.pirovano\OneDrive - SCHEFFER\Documentos\Qlik\Sense\Apps\Analise US	-	MINMAX
Perf	INFO	2021-07-23T13:34:48.758-04:00	75242993357.6	C:\Users\leninne.pirovano\OneDrive - SCHEFFER\Documentos\Qlik\Sense\Apps\Analise US	-	MINMAX Execution time:  25
Perf	INFO	2021-07-23T13:34:48.758-04:00	75242993814.2	C:\Users\leninne.pirovano\OneDrive - SCHEFFER\Documentos\Qlik\Sense\Apps\Analise US	-	NUMERIC_RATIO
Perf	INFO	2021-07-23T13:34:48.761-04:00	75242996825.9	C:\Users\leninne.pirovano\OneDrive - SCHEFFER\Documentos\Qlik\Sense\Apps\Analise US	-	NUMERIC_RATIO Execution time:  2
Perf	INFO	2021-07-23T13:34:48.762-04:00	75242997237.9	C:\Users\leninne.pirovano\OneDrive - SCHEFFER\Documentos\Qlik\Sense\Apps\Analise US	-	SAMPLES_AND_MIN_MAX Execution time:  110
Perf	INFO	2021-07-23T13:34:48.762-04:00	75242997929.8	C:\Users\leninne.pirovano\OneDrive - SCHEFFER\Documentos\Qlik\Sense\Apps\Analise US	-	CLASSIFICATION_PIPELINE
Perf	INFO	2021-07-23T13:34:48.763-04:00	75242998096.9	C:\Users\leninne.pirovano\OneDrive - SCHEFFER\Documentos\Qlik\Sense\Apps\Analise US	-	Annotation Step: Tokenizer
Perf	INFO	2021-07-23T13:34:48.770-04:00	75243005432	C:\Users\leninne.pirovano\OneDrive - SCHEFFER\Documentos\Qlik\Sense\Apps\Analise US	-	Annotation Step: Tokenizer Execution time:  7
Perf	INFO	2021-07-23T13:34:48.770-04:00	75243005873.3	C:\Users\leninne.pirovano\OneDrive - SCHEFFER\Documentos\Qlik\Sense\Apps\Analise US	-	Annotation Step: CaptionDecorator
Perf	INFO	2021-07-23T13:34:48.771-04:00	75243006491.7	C:\Users\leninne.pirovano\OneDrive - SCHEFFER\Documentos\Qlik\Sense\Apps\Analise US	-	Annotation Step: CaptionDecorator Execution time:  0
Perf	INFO	2021-07-23T13:34:48.771-04:00	75243006741.9	C:\Users\leninne.pirovano\OneDrive - SCHEFFER\Documentos\Qlik\Sense\Apps\Analise US	-	Annotation Step: DateTime
Perf	INFO	2021-07-23T13:34:48.774-04:00	75243009586.6	C:\Users\leninne.pirovano\OneDrive - SCHEFFER\Documentos\Qlik\Sense\Apps\Analise US	-	Annotation Step: DateTime Execution time:  1
Perf	INFO	2021-07-23T13:34:48.775-04:00	75243010383.1	C:\Users\leninne.pirovano\OneDrive - SCHEFFER\Documentos\Qlik\Sense\Apps\Analise US	-	Annotation Step: MissingValue
Perf	INFO	2021-07-23T13:34:48.775-04:00	75243010723.4	C:\Users\leninne.pirovano\OneDrive - SCHEFFER\Documentos\Qlik\Sense\Apps\Analise US	-	Annotation Step: MissingValue Execution time:  0
Perf	INFO	2021-07-23T13:34:48.776-04:00	75243010970.5	C:\Users\leninne.pirovano\OneDrive - SCHEFFER\Documentos\Qlik\Sense\Apps\Analise US	-	Annotation Step: CompoundValue
Perf	INFO	2021-07-23T13:34:48.777-04:00	75243011979.8	C:\Users\leninne.pirovano\OneDrive - SCHEFFER\Documentos\Qlik\Sense\Apps\Analise US	-	Annotation Step: CompoundValue Execution time:  0
Perf	INFO	2021-07-23T13:34:48.777-04:00	75243012271.9	C:\Users\leninne.pirovano\OneDrive - SCHEFFER\Documentos\Qlik\Sense\Apps\Analise US	-	Annotation Step: RecommendedDataType
Perf	INFO	2021-07-23T13:34:48.778-04:00	75243012999.5	C:\Users\leninne.pirovano\OneDrive - SCHEFFER\Documentos\Qlik\Sense\Apps\Analise US	-	Annotation Step: RecommendedDataType Execution time:  1
Perf	INFO	2021-07-23T13:34:48.778-04:00	75243013235.6	C:\Users\leninne.pirovano\OneDrive - SCHEFFER\Documentos\Qlik\Sense\Apps\Analise US	-	Annotation Step: ValueDecorator
Perf	INFO	2021-07-23T13:34:48.779-04:00	75243013983.3	C:\Users\leninne.pirovano\OneDrive - SCHEFFER\Documentos\Qlik\Sense\Apps\Analise US	-	Annotation Step: ValueDecorator Execution time:  0
Perf	INFO	2021-07-23T13:34:48.779-04:00	75243014217	C:\Users\leninne.pirovano\OneDrive - SCHEFFER\Documentos\Qlik\Sense\Apps\Analise US	-	Annotation Step: SemanticClassifier
Perf	INFO	2021-07-23T13:34:48.785-04:00	75243020232.6	C:\Users\leninne.pirovano\OneDrive - SCHEFFER\Documentos\Qlik\Sense\Apps\Analise US	-	Annotation Step: SemanticClassifier Execution time:  6
Perf	INFO	2021-07-23T13:34:48.785-04:00	75243020636.8	C:\Users\leninne.pirovano\OneDrive - SCHEFFER\Documentos\Qlik\Sense\Apps\Analise US	-	Annotation Step: AdhocTransformations
Perf	INFO	2021-07-23T13:34:48.785-04:00	75243020922	C:\Users\leninne.pirovano\OneDrive - SCHEFFER\Documentos\Qlik\Sense\Apps\Analise US	-	Annotation Step: AdhocTransformations Execution time:  0
Perf	INFO	2021-07-23T13:34:48.786-04:00	75243021121.5	C:\Users\leninne.pirovano\OneDrive - SCHEFFER\Documentos\Qlik\Sense\Apps\Analise US	-	Annotation Step: AdhocCompoundValue
Perf	INFO	2021-07-23T13:34:48.786-04:00	75243021710	C:\Users\leninne.pirovano\OneDrive - SCHEFFER\Documentos\Qlik\Sense\Apps\Analise US	-	Annotation Step: AdhocCompoundValue Execution time:  0
Perf	INFO	2021-07-23T13:34:48.786-04:00	75243021870.3	C:\Users\leninne.pirovano\OneDrive - SCHEFFER\Documentos\Qlik\Sense\Apps\Analise US	-	Annotation Step: ValueBasedGeoClassifier
Perf	INFO	2021-07-23T13:34:48.789-04:00	75243024013.1	C:\Users\leninne.pirovano\OneDrive - SCHEFFER\Documentos\Qlik\Sense\Apps\Analise US	-	Annotation Step: ValueBasedGeoClassifier Execution time:  2
Perf	INFO	2021-07-23T13:34:48.789-04:00	75243024205.4	C:\Users\leninne.pirovano\OneDrive - SCHEFFER\Documentos\Qlik\Sense\Apps\Analise US	-	Annotation Step: CrossDatasetClassifier
Perf	INFO	2021-07-23T13:34:48.789-04:00	75243024650.5	C:\Users\leninne.pirovano\OneDrive - SCHEFFER\Documentos\Qlik\Sense\Apps\Analise US	-	Annotation Step: CrossDatasetClassifier Execution time:  0
Perf	INFO	2021-07-23T13:34:48.789-04:00	75243024829.6	C:\Users\leninne.pirovano\OneDrive - SCHEFFER\Documentos\Qlik\Sense\Apps\Analise US	-	Annotation Step: TimeBoundMeasureFinder
Perf	INFO	2021-07-23T13:34:48.790-04:00	75243025409.4	C:\Users\leninne.pirovano\OneDrive - SCHEFFER\Documentos\Qlik\Sense\Apps\Analise US	-	Annotation Step: TimeBoundMeasureFinder Execution time:  0
Perf	INFO	2021-07-23T13:34:48.790-04:00	75243025626.6	C:\Users\leninne.pirovano\OneDrive - SCHEFFER\Documentos\Qlik\Sense\Apps\Analise US	-	CLASSIFICATION_PIPELINE Execution time:  27
Perf	INFO	2021-07-23T13:34:48.790-04:00	75243025827.1	C:\Users\leninne.pirovano\OneDrive - SCHEFFER\Documentos\Qlik\Sense\Apps\Analise US	-	INIT_ANNOTATION_BOARD_TABLE_FIELDS: Tables&Fields Execution time:  140
Perf	INFO	2021-07-23T13:34:48.791-04:00	75243026173.4	C:\Users\leninne.pirovano\OneDrive - SCHEFFER\Documentos\Qlik\Sense\Apps\Analise US	-	GetClassificationHandler::execute
Perf	INFO	2021-07-23T13:34:48.791-04:00	75243026413.1	C:\Users\leninne.pirovano\OneDrive - SCHEFFER\Documentos\Qlik\Sense\Apps\Analise US	-	{"value":"OPEN_DATA_MANAGER_CORE","steps":[{"value":"GET_FEATURE_FLAGS","steps":[],"duration_ms":0},{"value":"QUERY_BUSINESS_MODEL","steps":[],"duration_ms":0},{"value":"ANNOTATION_QUEUE","steps":[],"duration_ms":0},{"value":"INIT_ANNOTATION_BOARD_TABLE_FIELDS: Tables&Fields","steps":[{"value":"GET_TABLES_AND_KEYS","steps":[],"duration_ms":1},{"value":"CALCULATE_FIELDS_FOR_NOT_FOUND_AND_TRANSFORMED: Field count: 96","steps":[],"duration_ms":0},{"value":"SAMPLES_AND_MIN_MAX","steps":[{"value":"SAMPLE_VALUE_RETRIEVAL: Field count: 75","steps":[],"duration_ms":78},{"value":"SAMPLE_VALUE_UPDATING","steps":[],"duration_ms":1},{"value":"MINMAX","steps":[],"duration_ms":25},{"value":"NUMERIC_RATIO","steps":[],"duration_ms":2}],"duration_ms":110},{"value":"CLASSIFICATION_PIPELINE","steps":[{"value":"Annotation Step: Tokenizer","steps":[],"duration_ms":7},{"value":"Annotation Step: CaptionDecorator","steps":[],"duration_ms":0},{"value":"Annotation Step: DateTime","steps":[],"duration_ms":1},{"value":"Annotation Step: MissingValue","steps":[],"duration_ms":0},{"value":"Annotation Step: CompoundValue","steps":[],"duration_ms":0},{"value":"Annotation Step: RecommendedDataType","steps":[],"duration_ms":1},{"value":"Annotation Step: ValueDecorator","steps":[],"duration_ms":0},{"value":"Annotation Step: SemanticClassifier","steps":[],"duration_ms":6},{"value":"Annotation Step: AdhocTransformations","steps":[],"duration_ms":0},{"value":"Annotation Step: AdhocCompoundValue","steps":[],"duration_ms":0},{"value":"Annotation Step: ValueBasedGeoClassifier","steps":[],"duration_ms":2},{"value":"Annotation Step: CrossDatasetClassifier","steps":[],"duration_ms":0},{"value":"Annotation Step: TimeBoundMeasureFinder","steps":[],"duration_ms":0}],"duration_ms":27}],"duration_ms":140}],"duration_ms":0}
Perf	INFO	2021-07-23T13:39:01.838-04:00	75496056864.7	C:\Users\leninne.pirovano\OneDrive - SCHEFFER\Documentos\Qlik\Sense\Apps\Analise US	-	OPEN_DATA_MANAGER_CORE
Perf	INFO	2021-07-23T13:39:01.842-04:00	75496060572.6	C:\Users\leninne.pirovano\OneDrive - SCHEFFER\Documentos\Qlik\Sense\Apps\Analise US	-	OPEN_DATA_MANAGER_CORE Execution time:  0
Perf	INFO	2021-07-23T13:39:01.842-04:00	75496060957.8	C:\Users\leninne.pirovano\OneDrive - SCHEFFER\Documentos\Qlik\Sense\Apps\Analise US	-	GET_FEATURE_FLAGS
Perf	INFO	2021-07-23T13:39:01.843-04:00	75496062135.4	C:\Users\leninne.pirovano\OneDrive - SCHEFFER\Documentos\Qlik\Sense\Apps\Analise US	-	GET_FEATURE_FLAGS Execution time:  0
Perf	INFO	2021-07-23T13:39:01.844-04:00	75496062477.7	C:\Users\leninne.pirovano\OneDrive - SCHEFFER\Documentos\Qlik\Sense\Apps\Analise US	-	QUERY_BUSINESS_MODEL
Perf	INFO	2021-07-23T13:39:01.845-04:00	75496063462.6	C:\Users\leninne.pirovano\OneDrive - SCHEFFER\Documentos\Qlik\Sense\Apps\Analise US	-	QUERY_BUSINESS_MODEL Execution time:  0
Perf	INFO	2021-07-23T13:39:01.845-04:00	75496063721.9	C:\Users\leninne.pirovano\OneDrive - SCHEFFER\Documentos\Qlik\Sense\Apps\Analise US	-	ANNOTATION_QUEUE
Perf	INFO	2021-07-23T13:39:01.845-04:00	75496063943.7	C:\Users\leninne.pirovano\OneDrive - SCHEFFER\Documentos\Qlik\Sense\Apps\Analise US	-	ANNOTATION_QUEUE Execution time:  0
Perf	INFO	2021-07-23T13:39:01.846-04:00	75496064924.4	C:\Users\leninne.pirovano\OneDrive - SCHEFFER\Documentos\Qlik\Sense\Apps\Analise US	-	INIT_ANNOTATION_BOARD_TABLE_FIELDS: Tables&Fields
Perf	INFO	2021-07-23T13:39:01.847-04:00	75496065195.7	C:\Users\leninne.pirovano\OneDrive - SCHEFFER\Documentos\Qlik\Sense\Apps\Analise US	-	GET_TABLES_AND_KEYS
Perf	INFO	2021-07-23T13:39:01.850-04:00	75496068253.5	C:\Users\leninne.pirovano\OneDrive - SCHEFFER\Documentos\Qlik\Sense\Apps\Analise US	-	GET_TABLES_AND_KEYS Execution time:  3
Perf	INFO	2021-07-23T13:39:01.850-04:00	75496068960	C:\Users\leninne.pirovano\OneDrive - SCHEFFER\Documentos\Qlik\Sense\Apps\Analise US	-	CALCULATE_FIELDS_FOR_NOT_FOUND_AND_TRANSFORMED: Field count: 96
Perf	INFO	2021-07-23T13:39:01.851-04:00	75496069195.7	C:\Users\leninne.pirovano\OneDrive - SCHEFFER\Documentos\Qlik\Sense\Apps\Analise US	-	CALCULATE_FIELDS_FOR_NOT_FOUND_AND_TRANSFORMED: Field count: 96 Execution time:  1
Perf	INFO	2021-07-23T13:39:01.851-04:00	75496069867.8	C:\Users\leninne.pirovano\OneDrive - SCHEFFER\Documentos\Qlik\Sense\Apps\Analise US	-	SAMPLES_AND_MIN_MAX
Perf	INFO	2021-07-23T13:39:01.852-04:00	75496070466.4	C:\Users\leninne.pirovano\OneDrive - SCHEFFER\Documentos\Qlik\Sense\Apps\Analise US	-	SAMPLE_VALUE_RETRIEVAL: Field count: 75
Perf	INFO	2021-07-23T13:39:01.925-04:00	75496143353.3	C:\Users\leninne.pirovano\OneDrive - SCHEFFER\Documentos\Qlik\Sense\Apps\Analise US	-	SAMPLE_VALUE_RETRIEVAL: Field count: 75 Execution time:  73
Perf	INFO	2021-07-23T13:39:01.925-04:00	75496143616.9	C:\Users\leninne.pirovano\OneDrive - SCHEFFER\Documentos\Qlik\Sense\Apps\Analise US	-	SAMPLE_VALUE_UPDATING
Perf	INFO	2021-07-23T13:39:01.926-04:00	75496144696.2	C:\Users\leninne.pirovano\OneDrive - SCHEFFER\Documentos\Qlik\Sense\Apps\Analise US	-	SAMPLE_VALUE_UPDATING Execution time:  1
Perf	INFO	2021-07-23T13:39:01.927-04:00	75496145318.9	C:\Users\leninne.pirovano\OneDrive - SCHEFFER\Documentos\Qlik\Sense\Apps\Analise US	-	MINMAX
Perf	INFO	2021-07-23T13:39:01.947-04:00	75496165569.3	C:\Users\leninne.pirovano\OneDrive - SCHEFFER\Documentos\Qlik\Sense\Apps\Analise US	-	MINMAX Execution time:  20
Perf	INFO	2021-07-23T13:39:01.947-04:00	75496165786.2	C:\Users\leninne.pirovano\OneDrive - SCHEFFER\Documentos\Qlik\Sense\Apps\Analise US	-	NUMERIC_RATIO
Perf	INFO	2021-07-23T13:39:01.948-04:00	75496166837.1	C:\Users\leninne.pirovano\OneDrive - SCHEFFER\Documentos\Qlik\Sense\Apps\Analise US	-	NUMERIC_RATIO Execution time:  1
Perf	INFO	2021-07-23T13:39:01.949-04:00	75496167716.1	C:\Users\leninne.pirovano\OneDrive - SCHEFFER\Documentos\Qlik\Sense\Apps\Analise US	-	SAMPLES_AND_MIN_MAX Execution time:  97
Perf	INFO	2021-07-23T13:39:01.950-04:00	75496168313.9	C:\Users\leninne.pirovano\OneDrive - SCHEFFER\Documentos\Qlik\Sense\Apps\Analise US	-	CLASSIFICATION_PIPELINE
Perf	INFO	2021-07-23T13:39:01.950-04:00	75496168450.6	C:\Users\leninne.pirovano\OneDrive - SCHEFFER\Documentos\Qlik\Sense\Apps\Analise US	-	Annotation Step: Tokenizer
Perf	INFO	2021-07-23T13:39:01.955-04:00	75496173627.2	C:\Users\leninne.pirovano\OneDrive - SCHEFFER\Documentos\Qlik\Sense\Apps\Analise US	-	Annotation Step: Tokenizer Execution time:  5
Perf	INFO	2021-07-23T13:39:01.955-04:00	75496173897.6	C:\Users\leninne.pirovano\OneDrive - SCHEFFER\Documentos\Qlik\Sense\Apps\Analise US	-	Annotation Step: CaptionDecorator
Perf	INFO	2021-07-23T13:39:01.956-04:00	75496174219.1	C:\Users\leninne.pirovano\OneDrive - SCHEFFER\Documentos\Qlik\Sense\Apps\Analise US	-	Annotation Step: CaptionDecorator Execution time:  1
Perf	INFO	2021-07-23T13:39:01.956-04:00	75496174399.9	C:\Users\leninne.pirovano\OneDrive - SCHEFFER\Documentos\Qlik\Sense\Apps\Analise US	-	Annotation Step: DateTime
Perf	INFO	2021-07-23T13:39:01.956-04:00	75496174991.4	C:\Users\leninne.pirovano\OneDrive - SCHEFFER\Documentos\Qlik\Sense\Apps\Analise US	-	Annotation Step: DateTime Execution time:  0
Perf	INFO	2021-07-23T13:39:01.956-04:00	75496175144.8	C:\Users\leninne.pirovano\OneDrive - SCHEFFER\Documentos\Qlik\Sense\Apps\Analise US	-	Annotation Step: MissingValue
Perf	INFO	2021-07-23T13:39:01.957-04:00	75496175316.7	C:\Users\leninne.pirovano\OneDrive - SCHEFFER\Documentos\Qlik\Sense\Apps\Analise US	-	Annotation Step: MissingValue Execution time:  0
Perf	INFO	2021-07-23T13:39:01.957-04:00	75496175442.5	C:\Users\leninne.pirovano\OneDrive - SCHEFFER\Documentos\Qlik\Sense\Apps\Analise US	-	Annotation Step: CompoundValue
Perf	INFO	2021-07-23T13:39:01.959-04:00	75496177852.4	C:\Users\leninne.pirovano\OneDrive - SCHEFFER\Documentos\Qlik\Sense\Apps\Analise US	-	Annotation Step: CompoundValue Execution time:  2
Perf	INFO	2021-07-23T13:39:01.960-04:00	75496178240.9	C:\Users\leninne.pirovano\OneDrive - SCHEFFER\Documentos\Qlik\Sense\Apps\Analise US	-	Annotation Step: RecommendedDataType
Perf	INFO	2021-07-23T13:39:01.961-04:00	75496179938.3	C:\Users\leninne.pirovano\OneDrive - SCHEFFER\Documentos\Qlik\Sense\Apps\Analise US	-	Annotation Step: RecommendedDataType Execution time:  1
Perf	INFO	2021-07-23T13:39:01.962-04:00	75496180213.4	C:\Users\leninne.pirovano\OneDrive - SCHEFFER\Documentos\Qlik\Sense\Apps\Analise US	-	Annotation Step: ValueDecorator
Perf	INFO	2021-07-23T13:39:01.963-04:00	75496181716.3	C:\Users\leninne.pirovano\OneDrive - SCHEFFER\Documentos\Qlik\Sense\Apps\Analise US	-	Annotation Step: ValueDecorator Execution time:  0
Perf	INFO	2021-07-23T13:39:01.963-04:00	75496181862	C:\Users\leninne.pirovano\OneDrive - SCHEFFER\Documentos\Qlik\Sense\Apps\Analise US	-	Annotation Step: SemanticClassifier
Perf	INFO	2021-07-23T13:39:01.966-04:00	75496184811.6	C:\Users\leninne.pirovano\OneDrive - SCHEFFER\Documentos\Qlik\Sense\Apps\Analise US	-	Annotation Step: SemanticClassifier Execution time:  3
Perf	INFO	2021-07-23T13:39:01.966-04:00	75496185028.9	C:\Users\leninne.pirovano\OneDrive - SCHEFFER\Documentos\Qlik\Sense\Apps\Analise US	-	Annotation Step: AdhocTransformations
Perf	INFO	2021-07-23T13:39:01.967-04:00	75496185217.1	C:\Users\leninne.pirovano\OneDrive - SCHEFFER\Documentos\Qlik\Sense\Apps\Analise US	-	Annotation Step: AdhocTransformations Execution time:  0
Perf	INFO	2021-07-23T13:39:01.967-04:00	75496185657.8	C:\Users\leninne.pirovano\OneDrive - SCHEFFER\Documentos\Qlik\Sense\Apps\Analise US	-	Annotation Step: AdhocCompoundValue
Perf	INFO	2021-07-23T13:39:01.967-04:00	75496186029.7	C:\Users\leninne.pirovano\OneDrive - SCHEFFER\Documentos\Qlik\Sense\Apps\Analise US	-	Annotation Step: AdhocCompoundValue Execution time:  0
Perf	INFO	2021-07-23T13:39:01.968-04:00	75496186163.2	C:\Users\leninne.pirovano\OneDrive - SCHEFFER\Documentos\Qlik\Sense\Apps\Analise US	-	Annotation Step: ValueBasedGeoClassifier
Perf	INFO	2021-07-23T13:39:01.968-04:00	75496186942.2	C:\Users\leninne.pirovano\OneDrive - SCHEFFER\Documentos\Qlik\Sense\Apps\Analise US	-	Annotation Step: ValueBasedGeoClassifier Execution time:  0
Perf	INFO	2021-07-23T13:39:01.968-04:00	75496187107	C:\Users\leninne.pirovano\OneDrive - SCHEFFER\Documentos\Qlik\Sense\Apps\Analise US	-	Annotation Step: CrossDatasetClassifier
Perf	INFO	2021-07-23T13:39:01.969-04:00	75496187392.4	C:\Users\leninne.pirovano\OneDrive - SCHEFFER\Documentos\Qlik\Sense\Apps\Analise US	-	Annotation Step: CrossDatasetClassifier Execution time:  0
Perf	INFO	2021-07-23T13:39:01.969-04:00	75496187520.7	C:\Users\leninne.pirovano\OneDrive - SCHEFFER\Documentos\Qlik\Sense\Apps\Analise US	-	Annotation Step: TimeBoundMeasureFinder
Perf	INFO	2021-07-23T13:39:01.969-04:00	75496187671.1	C:\Users\leninne.pirovano\OneDrive - SCHEFFER\Documentos\Qlik\Sense\Apps\Analise US	-	Annotation Step: TimeBoundMeasureFinder Execution time:  0
Perf	INFO	2021-07-23T13:39:01.969-04:00	75496187795.6	C:\Users\leninne.pirovano\OneDrive - SCHEFFER\Documentos\Qlik\Sense\Apps\Analise US	-	CLASSIFICATION_PIPELINE Execution time:  19
Perf	INFO	2021-07-23T13:39:01.969-04:00	75496187957.5	C:\Users\leninne.pirovano\OneDrive - SCHEFFER\Documentos\Qlik\Sense\Apps\Analise US	-	INIT_ANNOTATION_BOARD_TABLE_FIELDS: Tables&Fields Execution time:  123
Perf	INFO	2021-07-23T13:39:01.970-04:00	75496188277.4	C:\Users\leninne.pirovano\OneDrive - SCHEFFER\Documentos\Qlik\Sense\Apps\Analise US	-	GetClassificationHandler::execute
Perf	INFO	2021-07-23T13:39:01.970-04:00	75496188449.3	C:\Users\leninne.pirovano\OneDrive - SCHEFFER\Documentos\Qlik\Sense\Apps\Analise US	-	{"value":"OPEN_DATA_MANAGER_CORE","steps":[{"value":"GET_FEATURE_FLAGS","steps":[],"duration_ms":0},{"value":"QUERY_BUSINESS_MODEL","steps":[],"duration_ms":0},{"value":"ANNOTATION_QUEUE","steps":[],"duration_ms":0},{"value":"INIT_ANNOTATION_BOARD_TABLE_FIELDS: Tables&Fields","steps":[{"value":"GET_TABLES_AND_KEYS","steps":[],"duration_ms":3},{"value":"CALCULATE_FIELDS_FOR_NOT_FOUND_AND_TRANSFORMED: Field count: 96","steps":[],"duration_ms":1},{"value":"SAMPLES_AND_MIN_MAX","steps":[{"value":"SAMPLE_VALUE_RETRIEVAL: Field count: 75","steps":[],"duration_ms":73},{"value":"SAMPLE_VALUE_UPDATING","steps":[],"duration_ms":1},{"value":"MINMAX","steps":[],"duration_ms":20},{"value":"NUMERIC_RATIO","steps":[],"duration_ms":1}],"duration_ms":97},{"value":"CLASSIFICATION_PIPELINE","steps":[{"value":"Annotation Step: Tokenizer","steps":[],"duration_ms":5},{"value":"Annotation Step: CaptionDecorator","steps":[],"duration_ms":1},{"value":"Annotation Step: DateTime","steps":[],"duration_ms":0},{"value":"Annotation Step: MissingValue","steps":[],"duration_ms":0},{"value":"Annotation Step: CompoundValue","steps":[],"duration_ms":2},{"value":"Annotation Step: RecommendedDataType","steps":[],"duration_ms":1},{"value":"Annotation Step: ValueDecorator","steps":[],"duration_ms":0},{"value":"Annotation Step: SemanticClassifier","steps":[],"duration_ms":3},{"value":"Annotation Step: AdhocTransformations","steps":[],"duration_ms":0},{"value":"Annotation Step: AdhocCompoundValue","steps":[],"duration_ms":0},{"value":"Annotation Step: ValueBasedGeoClassifier","steps":[],"duration_ms":0},{"value":"Annotation Step: CrossDatasetClassifier","steps":[],"duration_ms":0},{"value":"Annotation Step: TimeBoundMeasureFinder","steps":[],"duration_ms":0}],"duration_ms":19}],"duration_ms":123}],"duration_ms":0}
Perf	INFO	2021-07-23T13:52:43.331-04:00	76317556939.7	C:\Users\leninne.pirovano\OneDrive - SCHEFFER\Documentos\Qlik\Sense\Apps\Analise US	-	OPEN_DATA_MANAGER_CORE
Perf	INFO	2021-07-23T13:52:43.331-04:00	76317557270.3	C:\Users\leninne.pirovano\OneDrive - SCHEFFER\Documentos\Qlik\Sense\Apps\Analise US	-	OPEN_DATA_MANAGER_CORE Execution time:  0
Perf	INFO	2021-07-23T13:52:43.332-04:00	76317557472.2	C:\Users\leninne.pirovano\OneDrive - SCHEFFER\Documentos\Qlik\Sense\Apps\Analise US	-	GET_FEATURE_FLAGS
Perf	INFO	2021-07-23T13:52:43.332-04:00	76317557646.7	C:\Users\leninne.pirovano\OneDrive - SCHEFFER\Documentos\Qlik\Sense\Apps\Analise US	-	GET_FEATURE_FLAGS Execution time:  0
Perf	INFO	2021-07-23T13:52:43.332-04:00	76317557780.2	C:\Users\leninne.pirovano\OneDrive - SCHEFFER\Documentos\Qlik\Sense\Apps\Analise US	-	QUERY_BUSINESS_MODEL
Perf	INFO	2021-07-23T13:52:43.332-04:00	76317558281.8	C:\Users\leninne.pirovano\OneDrive - SCHEFFER\Documentos\Qlik\Sense\Apps\Analise US	-	QUERY_BUSINESS_MODEL Execution time:  0
Perf	INFO	2021-07-23T13:52:43.333-04:00	76317558460.2	C:\Users\leninne.pirovano\OneDrive - SCHEFFER\Documentos\Qlik\Sense\Apps\Analise US	-	ANNOTATION_QUEUE
Perf	INFO	2021-07-23T13:52:43.333-04:00	76317558590	C:\Users\leninne.pirovano\OneDrive - SCHEFFER\Documentos\Qlik\Sense\Apps\Analise US	-	ANNOTATION_QUEUE Execution time:  0
Perf	INFO	2021-07-23T13:52:43.334-04:00	76317559950.1	C:\Users\leninne.pirovano\OneDrive - SCHEFFER\Documentos\Qlik\Sense\Apps\Analise US	-	INIT_ANNOTATION_BOARD_MASTER_ITEMS: MasterItems
Perf	INFO	2021-07-23T13:52:44.281-04:00	76318507350.8	C:\Users\leninne.pirovano\OneDrive - SCHEFFER\Documentos\Qlik\Sense\Apps\Analise US	-	CLASSIFICATION_PIPELINE
Perf	INFO	2021-07-23T13:52:44.282-04:00	76318507662.6	C:\Users\leninne.pirovano\OneDrive - SCHEFFER\Documentos\Qlik\Sense\Apps\Analise US	-	Annotation Step: Tokenizer
Perf	INFO	2021-07-23T13:52:44.282-04:00	76318508206.9	C:\Users\leninne.pirovano\OneDrive - SCHEFFER\Documentos\Qlik\Sense\Apps\Analise US	-	Annotation Step: Tokenizer Execution time:  0
Perf	INFO	2021-07-23T13:52:44.283-04:00	76318508409.4	C:\Users\leninne.pirovano\OneDrive - SCHEFFER\Documentos\Qlik\Sense\Apps\Analise US	-	Annotation Step: CaptionDecorator
Perf	INFO	2021-07-23T13:52:44.283-04:00	76318508784.5	C:\Users\leninne.pirovano\OneDrive - SCHEFFER\Documentos\Qlik\Sense\Apps\Analise US	-	Annotation Step: CaptionDecorator Execution time:  0
Perf	INFO	2021-07-23T13:52:44.283-04:00	76318509005	C:\Users\leninne.pirovano\OneDrive - SCHEFFER\Documentos\Qlik\Sense\Apps\Analise US	-	Annotation Step: DateTime
Perf	INFO	2021-07-23T13:52:44.283-04:00	76318509173.8	C:\Users\leninne.pirovano\OneDrive - SCHEFFER\Documentos\Qlik\Sense\Apps\Analise US	-	Annotation Step: DateTime Execution time:  0
Perf	INFO	2021-07-23T13:52:44.283-04:00	76318509342.2	C:\Users\leninne.pirovano\OneDrive - SCHEFFER\Documentos\Qlik\Sense\Apps\Analise US	-	Annotation Step: MissingValue
Perf	INFO	2021-07-23T13:52:44.284-04:00	76318509522.3	C:\Users\leninne.pirovano\OneDrive - SCHEFFER\Documentos\Qlik\Sense\Apps\Analise US	-	Annotation Step: MissingValue Execution time:  0
Perf	INFO	2021-07-23T13:52:44.284-04:00	76318509693.9	C:\Users\leninne.pirovano\OneDrive - SCHEFFER\Documentos\Qlik\Sense\Apps\Analise US	-	Annotation Step: CompoundValue
Perf	INFO	2021-07-23T13:52:44.284-04:00	76318509871.8	C:\Users\leninne.pirovano\OneDrive - SCHEFFER\Documentos\Qlik\Sense\Apps\Analise US	-	Annotation Step: CompoundValue Execution time:  0
Perf	INFO	2021-07-23T13:52:44.284-04:00	76318510020.8	C:\Users\leninne.pirovano\OneDrive - SCHEFFER\Documentos\Qlik\Sense\Apps\Analise US	-	Annotation Step: RecommendedDataType
Perf	INFO	2021-07-23T13:52:44.284-04:00	76318510172.3	C:\Users\leninne.pirovano\OneDrive - SCHEFFER\Documentos\Qlik\Sense\Apps\Analise US	-	Annotation Step: RecommendedDataType Execution time:  0
Perf	INFO	2021-07-23T13:52:44.284-04:00	76318510307.2	C:\Users\leninne.pirovano\OneDrive - SCHEFFER\Documentos\Qlik\Sense\Apps\Analise US	-	Annotation Step: ValueDecorator
Perf	INFO	2021-07-23T13:52:44.285-04:00	76318510461.7	C:\Users\leninne.pirovano\OneDrive - SCHEFFER\Documentos\Qlik\Sense\Apps\Analise US	-	Annotation Step: ValueDecorator Execution time:  0
Perf	INFO	2021-07-23T13:52:44.285-04:00	76318510593.7	C:\Users\leninne.pirovano\OneDrive - SCHEFFER\Documentos\Qlik\Sense\Apps\Analise US	-	Annotation Step: SemanticClassifier
Perf	INFO	2021-07-23T13:52:44.285-04:00	76318510938.7	C:\Users\leninne.pirovano\OneDrive - SCHEFFER\Documentos\Qlik\Sense\Apps\Analise US	-	Annotation Step: SemanticClassifier Execution time:  0
Perf	INFO	2021-07-23T13:52:44.285-04:00	76318511055.9	C:\Users\leninne.pirovano\OneDrive - SCHEFFER\Documentos\Qlik\Sense\Apps\Analise US	-	Annotation Step: AdhocTransformations
Perf	INFO	2021-07-23T13:52:44.285-04:00	76318511221.1	C:\Users\leninne.pirovano\OneDrive - SCHEFFER\Documentos\Qlik\Sense\Apps\Analise US	-	Annotation Step: AdhocTransformations Execution time:  0
Perf	INFO	2021-07-23T13:52:44.286-04:00	76318511514.4	C:\Users\leninne.pirovano\OneDrive - SCHEFFER\Documentos\Qlik\Sense\Apps\Analise US	-	Annotation Step: AdhocCompoundValue
Perf	INFO	2021-07-23T13:52:44.286-04:00	76318511759.9	C:\Users\leninne.pirovano\OneDrive - SCHEFFER\Documentos\Qlik\Sense\Apps\Analise US	-	Annotation Step: AdhocCompoundValue Execution time:  0
Perf	INFO	2021-07-23T13:52:44.286-04:00	76318511889.7	C:\Users\leninne.pirovano\OneDrive - SCHEFFER\Documentos\Qlik\Sense\Apps\Analise US	-	Annotation Step: ValueBasedGeoClassifier
Perf	INFO	2021-07-23T13:52:44.286-04:00	76318512037.5	C:\Users\leninne.pirovano\OneDrive - SCHEFFER\Documentos\Qlik\Sense\Apps\Analise US	-	Annotation Step: ValueBasedGeoClassifier Execution time:  0
Perf	INFO	2021-07-23T13:52:44.286-04:00	76318512195.7	C:\Users\leninne.pirovano\OneDrive - SCHEFFER\Documentos\Qlik\Sense\Apps\Analise US	-	Annotation Step: CrossDatasetClassifier
Perf	INFO	2021-07-23T13:52:44.286-04:00	76318512321.1	C:\Users\leninne.pirovano\OneDrive - SCHEFFER\Documentos\Qlik\Sense\Apps\Analise US	-	Annotation Step: CrossDatasetClassifier Execution time:  0
Perf	INFO	2021-07-23T13:52:44.287-04:00	76318512445.2	C:\Users\leninne.pirovano\OneDrive - SCHEFFER\Documentos\Qlik\Sense\Apps\Analise US	-	Annotation Step: TimeBoundMeasureFinder
Perf	INFO	2021-07-23T13:52:44.287-04:00	76318512642.1	C:\Users\leninne.pirovano\OneDrive - SCHEFFER\Documentos\Qlik\Sense\Apps\Analise US	-	Annotation Step: TimeBoundMeasureFinder Execution time:  0
Perf	INFO	2021-07-23T13:52:44.287-04:00	76318512762.4	C:\Users\leninne.pirovano\OneDrive - SCHEFFER\Documentos\Qlik\Sense\Apps\Analise US	-	CLASSIFICATION_PIPELINE Execution time:  5
Perf	INFO	2021-07-23T13:52:44.287-04:00	76318512877	C:\Users\leninne.pirovano\OneDrive - SCHEFFER\Documentos\Qlik\Sense\Apps\Analise US	-	INIT_ANNOTATION_BOARD_MASTER_ITEMS: MasterItems Execution time:  953
Perf	INFO	2021-07-23T13:52:44.287-04:00	76318513037.7	C:\Users\leninne.pirovano\OneDrive - SCHEFFER\Documentos\Qlik\Sense\Apps\Analise US	-	OPEN_DATA_MANAGER_CORE Execution time:  NaN
Perf	INFO	2021-07-23T13:52:44.287-04:00	76318513366.7	C:\Users\leninne.pirovano\OneDrive - SCHEFFER\Documentos\Qlik\Sense\Apps\Analise US	-	INIT_ANNOTATION_BOARD_FIELD_STATS: FieldStats
Perf	INFO	2021-07-23T13:52:44.289-04:00	76318515002.9	C:\Users\leninne.pirovano\OneDrive - SCHEFFER\Documentos\Qlik\Sense\Apps\Analise US	-	INIT_ANNOTATION_BOARD_FIELD_STATS: FieldStats Execution time:  1
Perf	INFO	2021-07-23T13:52:44.290-04:00	76318515741.6	C:\Users\leninne.pirovano\OneDrive - SCHEFFER\Documentos\Qlik\Sense\Apps\Analise US	-	INIT_ANNOTATION_BOARD_DEPENDENCIES: AssociationCardinality
Perf	INFO	2021-07-23T13:52:44.290-04:00	76318515937	C:\Users\leninne.pirovano\OneDrive - SCHEFFER\Documentos\Qlik\Sense\Apps\Analise US	-	ATTRIBUTE_DETECTION
Perf	INFO	2021-07-23T13:52:44.297-04:00	76318523155.2	C:\Users\leninne.pirovano\OneDrive - SCHEFFER\Documentos\Qlik\Sense\Apps\Analise US	-	ATTRIBUTE_DETECTION Execution time:  7
Perf	INFO	2021-07-23T13:52:44.297-04:00	76318523372.4	C:\Users\leninne.pirovano\OneDrive - SCHEFFER\Documentos\Qlik\Sense\Apps\Analise US	-	INIT_ANNOTATION_BOARD_DEPENDENCIES: AssociationCardinality Execution time:  7
Perf	INFO	2021-07-23T13:52:44.298-04:00	76318523785.2	C:\Users\leninne.pirovano\OneDrive - SCHEFFER\Documentos\Qlik\Sense\Apps\Analise US	-	INIT_ANNOTATION_BOARD_DERIVED: DerivedFields
Perf	INFO	2021-07-23T13:52:44.300-04:00	76318525971.3	C:\Users\leninne.pirovano\OneDrive - SCHEFFER\Documentos\Qlik\Sense\Apps\Analise US	-	INIT_ANNOTATION_BOARD_DERIVED: DerivedFields Execution time:  2
Perf	INFO	2021-07-23T13:52:44.302-04:00	76318527480.9	C:\Users\leninne.pirovano\OneDrive - SCHEFFER\Documentos\Qlik\Sense\Apps\Analise US	-	APPLICATION_BASED_ANALYSIS
Perf	INFO	2021-07-23T13:52:44.302-04:00	76318528116.6	C:\Users\leninne.pirovano\OneDrive - SCHEFFER\Documentos\Qlik\Sense\Apps\Analise US	-	FIELDS_WITH_SELECTIONS
Perf	INFO	2021-07-23T13:52:44.304-04:00	76318529854.8	C:\Users\leninne.pirovano\OneDrive - SCHEFFER\Documentos\Qlik\Sense\Apps\Analise US	-	FIELDS_WITH_SELECTIONS Execution time:  2
Perf	INFO	2021-07-23T13:52:44.309-04:00	76318535136.2	C:\Users\leninne.pirovano\OneDrive - SCHEFFER\Documentos\Qlik\Sense\Apps\Analise US	-	RECOMMEND
Perf	INFO	2021-07-23T13:52:44.322-04:00	76318547420.8	C:\Users\leninne.pirovano\OneDrive - SCHEFFER\Documentos\Qlik\Sense\Apps\Analise US	-	RECOMMEND Execution time:  11
Perf	INFO	2021-07-23T13:52:44.322-04:00	76318547860.7	C:\Users\leninne.pirovano\OneDrive - SCHEFFER\Documentos\Qlik\Sense\Apps\Analise US	-	OVERALL_INDICATORS
Perf	INFO	2021-07-23T13:52:44.322-04:00	76318548199.9	C:\Users\leninne.pirovano\OneDrive - SCHEFFER\Documentos\Qlik\Sense\Apps\Analise US	-	OVERALL_INDICATORS Execution time:  0
Perf	INFO	2021-07-23T13:52:44.323-04:00	76318548716.1	C:\Users\leninne.pirovano\OneDrive - SCHEFFER\Documentos\Qlik\Sense\Apps\Analise US	-	MARK_FOR_RELATIONS
Perf	INFO	2021-07-23T13:52:44.323-04:00	76318549068.8	C:\Users\leninne.pirovano\OneDrive - SCHEFFER\Documentos\Qlik\Sense\Apps\Analise US	-	MARK_FOR_RELATIONS Execution time:  0
Perf	INFO	2021-07-23T13:52:44.326-04:00	76318551890	C:\Users\leninne.pirovano\OneDrive - SCHEFFER\Documentos\Qlik\Sense\Apps\Analise US	-	APPLICATION_BASED_ANALYSIS Execution time:  24
Perf	INFO	2021-07-23T13:52:44.326-04:00	76318552236.9	C:\Users\leninne.pirovano\OneDrive - SCHEFFER\Documentos\Qlik\Sense\Apps\Analise US	-	GitVisRecommendations complete
Perf	INFO	2021-07-23T13:52:44.327-04:00	76318552668.5	C:\Users\leninne.pirovano\OneDrive - SCHEFFER\Documentos\Qlik\Sense\Apps\Analise US	-	{"value":"OPEN_DATA_MANAGER_CORE","steps":[{"value":"GET_FEATURE_FLAGS","steps":[],"duration_ms":0},{"value":"QUERY_BUSINESS_MODEL","steps":[],"duration_ms":0},{"value":"ANNOTATION_QUEUE","steps":[],"duration_ms":0},{"value":"INIT_ANNOTATION_BOARD_MASTER_ITEMS: MasterItems","steps":[{"value":"CLASSIFICATION_PIPELINE","steps":[{"value":"Annotation Step: Tokenizer","steps":[],"duration_ms":0},{"value":"Annotation Step: CaptionDecorator","steps":[],"duration_ms":0},{"value":"Annotation Step: DateTime","steps":[],"duration_ms":0},{"value":"Annotation Step: MissingValue","steps":[],"duration_ms":0},{"value":"Annotation Step: CompoundValue","steps":[],"duration_ms":0},{"value":"Annotation Step: RecommendedDataType","steps":[],"duration_ms":0},{"value":"Annotation Step: ValueDecorator","steps":[],"duration_ms":0},{"value":"Annotation Step: SemanticClassifier","steps":[],"duration_ms":0},{"value":"Annotation Step: AdhocTransformations","steps":[],"duration_ms":0},{"value":"Annotation Step: AdhocCompoundValue","steps":[],"duration_ms":0},{"value":"Annotation Step: ValueBasedGeoClassifier","steps":[],"duration_ms":0},{"value":"Annotation Step: CrossDatasetClassifier","steps":[],"duration_ms":0},{"value":"Annotation Step: TimeBoundMeasureFinder","steps":[],"duration_ms":0}],"duration_ms":5}],"duration_ms":953},{"value":"INIT_ANNOTATION_BOARD_FIELD_STATS: FieldStats","steps":[],"duration_ms":1},{"value":"INIT_ANNOTATION_BOARD_DEPENDENCIES: AssociationCardinality","steps":[{"value":"ATTRIBUTE_DETECTION","steps":[],"duration_ms":7}],"duration_ms":7},{"value":"INIT_ANNOTATION_BOARD_DERIVED: DerivedFields","steps":[],"duration_ms":2},{"value":"APPLICATION_BASED_ANALYSIS","steps":[{"value":"FIELDS_WITH_SELECTIONS","steps":[],"duration_ms":2},{"value":"RECOMMEND","steps":[],"duration_ms":11},{"value":"OVERALL_INDICATORS","steps":[],"duration_ms":0},{"value":"MARK_FOR_RELATIONS","steps":[],"duration_ms":0}],"duration_ms":24}],"duration_ms":null}
Perf	INFO	2021-07-23T13:52:44.328-04:00	76318553658.7	C:\Users\leninne.pirovano\OneDrive - SCHEFFER\Documentos\Qlik\Sense\Apps\Analise US	-	GetVisRecommendationHandler::execute
Perf	INFO	2021-07-23T13:52:44.328-04:00	76318554162.5	C:\Users\leninne.pirovano\OneDrive - SCHEFFER\Documentos\Qlik\Sense\Apps\Analise US	-	{"value":"OPEN_DATA_MANAGER_CORE","steps":[{"value":"GET_FEATURE_FLAGS","steps":[],"duration_ms":0},{"value":"QUERY_BUSINESS_MODEL","steps":[],"duration_ms":0},{"value":"ANNOTATION_QUEUE","steps":[],"duration_ms":0},{"value":"INIT_ANNOTATION_BOARD_MASTER_ITEMS: MasterItems","steps":[{"value":"CLASSIFICATION_PIPELINE","steps":[{"value":"Annotation Step: Tokenizer","steps":[],"duration_ms":0},{"value":"Annotation Step: CaptionDecorator","steps":[],"duration_ms":0},{"value":"Annotation Step: DateTime","steps":[],"duration_ms":0},{"value":"Annotation Step: MissingValue","steps":[],"duration_ms":0},{"value":"Annotation Step: CompoundValue","steps":[],"duration_ms":0},{"value":"Annotation Step: RecommendedDataType","steps":[],"duration_ms":0},{"value":"Annotation Step: ValueDecorator","steps":[],"duration_ms":0},{"value":"Annotation Step: SemanticClassifier","steps":[],"duration_ms":0},{"value":"Annotation Step: AdhocTransformations","steps":[],"duration_ms":0},{"value":"Annotation Step: AdhocCompoundValue","steps":[],"duration_ms":0},{"value":"Annotation Step: ValueBasedGeoClassifier","steps":[],"duration_ms":0},{"value":"Annotation Step: CrossDatasetClassifier","steps":[],"duration_ms":0},{"value":"Annotation Step: TimeBoundMeasureFinder","steps":[],"duration_ms":0}],"duration_ms":5}],"duration_ms":953},{"value":"INIT_ANNOTATION_BOARD_FIELD_STATS: FieldStats","steps":[],"duration_ms":1},{"value":"INIT_ANNOTATION_BOARD_DEPENDENCIES: AssociationCardinality","steps":[{"value":"ATTRIBUTE_DETECTION","steps":[],"duration_ms":7}],"duration_ms":7},{"value":"INIT_ANNOTATION_BOARD_DERIVED: DerivedFields","steps":[],"duration_ms":2},{"value":"APPLICATION_BASED_ANALYSIS","steps":[{"value":"FIELDS_WITH_SELECTIONS","steps":[],"duration_ms":2},{"value":"RECOMMEND","steps":[],"duration_ms":11},{"value":"OVERALL_INDICATORS","steps":[],"duration_ms":0},{"value":"MARK_FOR_RELATIONS","steps":[],"duration_ms":0}],"duration_ms":24}],"duration_ms":null}
