Logger	Severity	Date	MicroSeconds	AppId	UserId	Message
Perf	INFO	2021-07-29T14:59:17.570-04:00	598717618349.9	C:\Users\leninne.pirovano\OneDrive - SCHEFFER\Documentos\Qlik\Sense\Apps\teste	-	OPEN_DATA_MANAGER_CORE
Perf	INFO	2021-07-29T14:59:17.582-04:00	598717630998	C:\Users\leninne.pirovano\OneDrive - SCHEFFER\Documentos\Qlik\Sense\Apps\teste	-	OPEN_DATA_MANAGER_CORE Execution time:  12
Perf	INFO	2021-07-29T14:59:17.583-04:00	598717631209.8	C:\Users\leninne.pirovano\OneDrive - SCHEFFER\Documentos\Qlik\Sense\Apps\teste	-	GET_FEATURE_FLAGS
Perf	INFO	2021-07-29T14:59:17.583-04:00	598717631432.6	C:\Users\leninne.pirovano\OneDrive - SCHEFFER\Documentos\Qlik\Sense\Apps\teste	-	GET_FEATURE_FLAGS Execution time:  0
Perf	INFO	2021-07-29T14:59:17.583-04:00	598717631808.3	C:\Users\leninne.pirovano\OneDrive - SCHEFFER\Documentos\Qlik\Sense\Apps\teste	-	QUERY_BUSINESS_MODEL
Perf	INFO	2021-07-29T14:59:17.583-04:00	598717632017.5	C:\Users\leninne.pirovano\OneDrive - SCHEFFER\Documentos\Qlik\Sense\Apps\teste	-	QUERY_BUSINESS_MODEL Execution time:  0
Perf	INFO	2021-07-29T14:59:17.585-04:00	598717633940.6	C:\Users\leninne.pirovano\OneDrive - SCHEFFER\Documentos\Qlik\Sense\Apps\teste	-	ANNOTATION_QUEUE
Perf	INFO	2021-07-29T14:59:17.586-04:00	598717634175.9	C:\Users\leninne.pirovano\OneDrive - SCHEFFER\Documentos\Qlik\Sense\Apps\teste	-	ANNOTATION_QUEUE Execution time:  1
Perf	INFO	2021-07-29T14:59:17.596-04:00	598717644386.2	C:\Users\leninne.pirovano\OneDrive - SCHEFFER\Documentos\Qlik\Sense\Apps\teste	-	INIT_ANNOTATION_BOARD_TABLE_FIELDS: Tables&Fields
Perf	INFO	2021-07-29T14:59:17.597-04:00	598717645480.1	C:\Users\leninne.pirovano\OneDrive - SCHEFFER\Documentos\Qlik\Sense\Apps\teste	-	GET_TABLES_AND_KEYS
Perf	INFO	2021-07-29T14:59:17.605-04:00	598717654073	C:\Users\leninne.pirovano\OneDrive - SCHEFFER\Documentos\Qlik\Sense\Apps\teste	-	GET_TABLES_AND_KEYS Execution time:  8
Perf	INFO	2021-07-29T14:59:17.611-04:00	598717659779.8	C:\Users\leninne.pirovano\OneDrive - SCHEFFER\Documentos\Qlik\Sense\Apps\teste	-	CALCULATE_FIELDS_FOR_NOT_FOUND_AND_TRANSFORMED: Field count: 50
Perf	INFO	2021-07-29T14:59:17.612-04:00	598717660127.8	C:\Users\leninne.pirovano\OneDrive - SCHEFFER\Documentos\Qlik\Sense\Apps\teste	-	CALCULATE_FIELDS_FOR_NOT_FOUND_AND_TRANSFORMED: Field count: 50 Execution time:  1
Perf	INFO	2021-07-29T14:59:17.612-04:00	598717660374.7	C:\Users\leninne.pirovano\OneDrive - SCHEFFER\Documentos\Qlik\Sense\Apps\teste	-	SAMPLES_AND_MIN_MAX
Perf	INFO	2021-07-29T14:59:17.615-04:00	598717663870.7	C:\Users\leninne.pirovano\OneDrive - SCHEFFER\Documentos\Qlik\Sense\Apps\teste	-	SAMPLE_VALUE_RETRIEVAL: Field count: 46
Perf	INFO	2021-07-29T14:59:18.410-04:00	598718458255.6	C:\Users\leninne.pirovano\OneDrive - SCHEFFER\Documentos\Qlik\Sense\Apps\teste	-	SAMPLE_VALUE_RETRIEVAL: Field count: 46 Execution time:  795
Perf	INFO	2021-07-29T14:59:18.410-04:00	598718458587.2	C:\Users\leninne.pirovano\OneDrive - SCHEFFER\Documentos\Qlik\Sense\Apps\teste	-	SAMPLE_VALUE_UPDATING
Perf	INFO	2021-07-29T14:59:18.411-04:00	598718459909.1	C:\Users\leninne.pirovano\OneDrive - SCHEFFER\Documentos\Qlik\Sense\Apps\teste	-	SAMPLE_VALUE_UPDATING Execution time:  1
Perf	INFO	2021-07-29T14:59:18.412-04:00	598718460845.4	C:\Users\leninne.pirovano\OneDrive - SCHEFFER\Documentos\Qlik\Sense\Apps\teste	-	MINMAX
Perf	INFO	2021-07-29T14:59:18.533-04:00	598718582016.6	C:\Users\leninne.pirovano\OneDrive - SCHEFFER\Documentos\Qlik\Sense\Apps\teste	-	MINMAX Execution time:  120
Perf	INFO	2021-07-29T14:59:18.534-04:00	598718582509.4	C:\Users\leninne.pirovano\OneDrive - SCHEFFER\Documentos\Qlik\Sense\Apps\teste	-	NUMERIC_RATIO
Perf	INFO	2021-07-29T14:59:18.535-04:00	598718583817.5	C:\Users\leninne.pirovano\OneDrive - SCHEFFER\Documentos\Qlik\Sense\Apps\teste	-	NUMERIC_RATIO Execution time:  1
Perf	INFO	2021-07-29T14:59:18.535-04:00	598718584008.8	C:\Users\leninne.pirovano\OneDrive - SCHEFFER\Documentos\Qlik\Sense\Apps\teste	-	SAMPLES_AND_MIN_MAX Execution time:  923
Perf	INFO	2021-07-29T14:59:18.540-04:00	598718588539.7	C:\Users\leninne.pirovano\OneDrive - SCHEFFER\Documentos\Qlik\Sense\Apps\teste	-	CLASSIFICATION_PIPELINE
Perf	INFO	2021-07-29T14:59:18.540-04:00	598718589060.6	C:\Users\leninne.pirovano\OneDrive - SCHEFFER\Documentos\Qlik\Sense\Apps\teste	-	Annotation Step: Tokenizer
Perf	INFO	2021-07-29T14:59:18.556-04:00	598718604440.8	C:\Users\leninne.pirovano\OneDrive - SCHEFFER\Documentos\Qlik\Sense\Apps\teste	-	Annotation Step: Tokenizer Execution time:  15
Perf	INFO	2021-07-29T14:59:18.556-04:00	598718604784.3	C:\Users\leninne.pirovano\OneDrive - SCHEFFER\Documentos\Qlik\Sense\Apps\teste	-	Annotation Step: CaptionDecorator
Perf	INFO	2021-07-29T14:59:18.557-04:00	598718605161.1	C:\Users\leninne.pirovano\OneDrive - SCHEFFER\Documentos\Qlik\Sense\Apps\teste	-	Annotation Step: CaptionDecorator Execution time:  1
Perf	INFO	2021-07-29T14:59:18.557-04:00	598718605498.9	C:\Users\leninne.pirovano\OneDrive - SCHEFFER\Documentos\Qlik\Sense\Apps\teste	-	Annotation Step: DateTime
Perf	INFO	2021-07-29T14:59:18.561-04:00	598718609810.3	C:\Users\leninne.pirovano\OneDrive - SCHEFFER\Documentos\Qlik\Sense\Apps\teste	-	Annotation Step: DateTime Execution time:  4
Perf	INFO	2021-07-29T14:59:18.562-04:00	598718610181.1	C:\Users\leninne.pirovano\OneDrive - SCHEFFER\Documentos\Qlik\Sense\Apps\teste	-	Annotation Step: MissingValue
Perf	INFO	2021-07-29T14:59:18.562-04:00	598718610431.1	C:\Users\leninne.pirovano\OneDrive - SCHEFFER\Documentos\Qlik\Sense\Apps\teste	-	Annotation Step: MissingValue Execution time:  0
Perf	INFO	2021-07-29T14:59:18.562-04:00	598718610982.5	C:\Users\leninne.pirovano\OneDrive - SCHEFFER\Documentos\Qlik\Sense\Apps\teste	-	Annotation Step: CompoundValue
Perf	INFO	2021-07-29T14:59:18.563-04:00	598718611548.5	C:\Users\leninne.pirovano\OneDrive - SCHEFFER\Documentos\Qlik\Sense\Apps\teste	-	Annotation Step: CompoundValue Execution time:  0
Perf	INFO	2021-07-29T14:59:18.563-04:00	598718611726.3	C:\Users\leninne.pirovano\OneDrive - SCHEFFER\Documentos\Qlik\Sense\Apps\teste	-	Annotation Step: RecommendedDataType
Perf	INFO	2021-07-29T14:59:18.564-04:00	598718612997.5	C:\Users\leninne.pirovano\OneDrive - SCHEFFER\Documentos\Qlik\Sense\Apps\teste	-	Annotation Step: RecommendedDataType Execution time:  1
Perf	INFO	2021-07-29T14:59:18.565-04:00	598718613172.5	C:\Users\leninne.pirovano\OneDrive - SCHEFFER\Documentos\Qlik\Sense\Apps\teste	-	Annotation Step: ValueDecorator
Perf	INFO	2021-07-29T14:59:18.566-04:00	598718614139.9	C:\Users\leninne.pirovano\OneDrive - SCHEFFER\Documentos\Qlik\Sense\Apps\teste	-	Annotation Step: ValueDecorator Execution time:  1
Perf	INFO	2021-07-29T14:59:18.566-04:00	598718614315.4	C:\Users\leninne.pirovano\OneDrive - SCHEFFER\Documentos\Qlik\Sense\Apps\teste	-	Annotation Step: SemanticClassifier
Perf	INFO	2021-07-29T14:59:18.574-04:00	598718622995.3	C:\Users\leninne.pirovano\OneDrive - SCHEFFER\Documentos\Qlik\Sense\Apps\teste	-	Annotation Step: SemanticClassifier Execution time:  8
Perf	INFO	2021-07-29T14:59:18.575-04:00	598718623491.5	C:\Users\leninne.pirovano\OneDrive - SCHEFFER\Documentos\Qlik\Sense\Apps\teste	-	Annotation Step: AdhocTransformations
Perf	INFO	2021-07-29T14:59:18.576-04:00	598718624240.3	C:\Users\leninne.pirovano\OneDrive - SCHEFFER\Documentos\Qlik\Sense\Apps\teste	-	Annotation Step: AdhocTransformations Execution time:  1
Perf	INFO	2021-07-29T14:59:18.576-04:00	598718624911.8	C:\Users\leninne.pirovano\OneDrive - SCHEFFER\Documentos\Qlik\Sense\Apps\teste	-	Annotation Step: AdhocCompoundValue
Perf	INFO	2021-07-29T14:59:18.577-04:00	598718625392.2	C:\Users\leninne.pirovano\OneDrive - SCHEFFER\Documentos\Qlik\Sense\Apps\teste	-	Annotation Step: AdhocCompoundValue Execution time:  0
Perf	INFO	2021-07-29T14:59:18.577-04:00	598718625670.5	C:\Users\leninne.pirovano\OneDrive - SCHEFFER\Documentos\Qlik\Sense\Apps\teste	-	Annotation Step: ValueBasedGeoClassifier
Perf	INFO	2021-07-29T14:59:18.603-04:00	598718651359.8	C:\Users\leninne.pirovano\OneDrive - SCHEFFER\Documentos\Qlik\Sense\Apps\teste	-	Annotation Step: ValueBasedGeoClassifier Execution time:  26
Perf	INFO	2021-07-29T14:59:18.603-04:00	598718651693.3	C:\Users\leninne.pirovano\OneDrive - SCHEFFER\Documentos\Qlik\Sense\Apps\teste	-	Annotation Step: CrossDatasetClassifier
Perf	INFO	2021-07-29T14:59:18.604-04:00	598718652371.1	C:\Users\leninne.pirovano\OneDrive - SCHEFFER\Documentos\Qlik\Sense\Apps\teste	-	Annotation Step: CrossDatasetClassifier Execution time:  1
Perf	INFO	2021-07-29T14:59:18.604-04:00	598718652698	C:\Users\leninne.pirovano\OneDrive - SCHEFFER\Documentos\Qlik\Sense\Apps\teste	-	Annotation Step: TimeBoundMeasureFinder
Perf	INFO	2021-07-29T14:59:18.604-04:00	598718652986.1	C:\Users\leninne.pirovano\OneDrive - SCHEFFER\Documentos\Qlik\Sense\Apps\teste	-	Annotation Step: TimeBoundMeasureFinder Execution time:  0
Perf	INFO	2021-07-29T14:59:18.605-04:00	598718653364.8	C:\Users\leninne.pirovano\OneDrive - SCHEFFER\Documentos\Qlik\Sense\Apps\teste	-	CLASSIFICATION_PIPELINE Execution time:  65
Perf	INFO	2021-07-29T14:59:18.605-04:00	598718653871.1	C:\Users\leninne.pirovano\OneDrive - SCHEFFER\Documentos\Qlik\Sense\Apps\teste	-	INIT_ANNOTATION_BOARD_TABLE_FIELDS: Tables&Fields Execution time:  1009
Perf	INFO	2021-07-29T14:59:18.606-04:00	598718654882.4	C:\Users\leninne.pirovano\OneDrive - SCHEFFER\Documentos\Qlik\Sense\Apps\teste	-	GetClassificationHandler::execute
Perf	INFO	2021-07-29T14:59:18.607-04:00	598718655115.2	C:\Users\leninne.pirovano\OneDrive - SCHEFFER\Documentos\Qlik\Sense\Apps\teste	-	{"value":"OPEN_DATA_MANAGER_CORE","steps":[{"value":"GET_FEATURE_FLAGS","steps":[],"duration_ms":0},{"value":"QUERY_BUSINESS_MODEL","steps":[],"duration_ms":0},{"value":"ANNOTATION_QUEUE","steps":[],"duration_ms":1},{"value":"INIT_ANNOTATION_BOARD_TABLE_FIELDS: Tables&Fields","steps":[{"value":"GET_TABLES_AND_KEYS","steps":[],"duration_ms":8},{"value":"CALCULATE_FIELDS_FOR_NOT_FOUND_AND_TRANSFORMED: Field count: 50","steps":[],"duration_ms":1},{"value":"SAMPLES_AND_MIN_MAX","steps":[{"value":"SAMPLE_VALUE_RETRIEVAL: Field count: 46","steps":[],"duration_ms":795},{"value":"SAMPLE_VALUE_UPDATING","steps":[],"duration_ms":1},{"value":"MINMAX","steps":[],"duration_ms":120},{"value":"NUMERIC_RATIO","steps":[],"duration_ms":1}],"duration_ms":923},{"value":"CLASSIFICATION_PIPELINE","steps":[{"value":"Annotation Step: Tokenizer","steps":[],"duration_ms":15},{"value":"Annotation Step: CaptionDecorator","steps":[],"duration_ms":1},{"value":"Annotation Step: DateTime","steps":[],"duration_ms":4},{"value":"Annotation Step: MissingValue","steps":[],"duration_ms":0},{"value":"Annotation Step: CompoundValue","steps":[],"duration_ms":0},{"value":"Annotation Step: RecommendedDataType","steps":[],"duration_ms":1},{"value":"Annotation Step: ValueDecorator","steps":[],"duration_ms":1},{"value":"Annotation Step: SemanticClassifier","steps":[],"duration_ms":8},{"value":"Annotation Step: AdhocTransformations","steps":[],"duration_ms":1},{"value":"Annotation Step: AdhocCompoundValue","steps":[],"duration_ms":0},{"value":"Annotation Step: ValueBasedGeoClassifier","steps":[],"duration_ms":26},{"value":"Annotation Step: CrossDatasetClassifier","steps":[],"duration_ms":1},{"value":"Annotation Step: TimeBoundMeasureFinder","steps":[],"duration_ms":0}],"duration_ms":65}],"duration_ms":1009}],"duration_ms":12}
Perf	INFO	2021-07-29T15:04:59.636-04:00	599059683124.5	C:\Users\leninne.pirovano\OneDrive - SCHEFFER\Documentos\Qlik\Sense\Apps\sd22	-	OPEN_DATA_MANAGER_CORE
Perf	INFO	2021-07-29T15:04:59.636-04:00	599059683413.7	C:\Users\leninne.pirovano\OneDrive - SCHEFFER\Documentos\Qlik\Sense\Apps\sd22	-	OPEN_DATA_MANAGER_CORE Execution time:  0
Perf	INFO	2021-07-29T15:04:59.636-04:00	599059683649.5	C:\Users\leninne.pirovano\OneDrive - SCHEFFER\Documentos\Qlik\Sense\Apps\sd22	-	GET_FEATURE_FLAGS
Perf	INFO	2021-07-29T15:04:59.637-04:00	599059684498.1	C:\Users\leninne.pirovano\OneDrive - SCHEFFER\Documentos\Qlik\Sense\Apps\sd22	-	GET_FEATURE_FLAGS Execution time:  0
Perf	INFO	2021-07-29T15:04:59.638-04:00	599059685009	C:\Users\leninne.pirovano\OneDrive - SCHEFFER\Documentos\Qlik\Sense\Apps\sd22	-	QUERY_BUSINESS_MODEL
Perf	INFO	2021-07-29T15:04:59.638-04:00	599059685210.6	C:\Users\leninne.pirovano\OneDrive - SCHEFFER\Documentos\Qlik\Sense\Apps\sd22	-	QUERY_BUSINESS_MODEL Execution time:  0
Perf	INFO	2021-07-29T15:04:59.638-04:00	599059685385.6	C:\Users\leninne.pirovano\OneDrive - SCHEFFER\Documentos\Qlik\Sense\Apps\sd22	-	ANNOTATION_QUEUE
Perf	INFO	2021-07-29T15:04:59.638-04:00	599059685575.6	C:\Users\leninne.pirovano\OneDrive - SCHEFFER\Documentos\Qlik\Sense\Apps\sd22	-	ANNOTATION_QUEUE Execution time:  0
Perf	INFO	2021-07-29T15:04:59.639-04:00	599059686221.4	C:\Users\leninne.pirovano\OneDrive - SCHEFFER\Documentos\Qlik\Sense\Apps\sd22	-	INIT_ANNOTATION_BOARD_TABLE_FIELDS: Tables&Fields
Perf	INFO	2021-07-29T15:04:59.639-04:00	599059686396.1	C:\Users\leninne.pirovano\OneDrive - SCHEFFER\Documentos\Qlik\Sense\Apps\sd22	-	GET_TABLES_AND_KEYS
Perf	INFO	2021-07-29T15:04:59.640-04:00	599059687239.9	C:\Users\leninne.pirovano\OneDrive - SCHEFFER\Documentos\Qlik\Sense\Apps\sd22	-	GET_TABLES_AND_KEYS Execution time:  1
Perf	INFO	2021-07-29T15:04:59.640-04:00	599059687568.9	C:\Users\leninne.pirovano\OneDrive - SCHEFFER\Documentos\Qlik\Sense\Apps\sd22	-	CALCULATE_FIELDS_FOR_NOT_FOUND_AND_TRANSFORMED: Field count: 30
Perf	INFO	2021-07-29T15:04:59.641-04:00	599059687749.5	C:\Users\leninne.pirovano\OneDrive - SCHEFFER\Documentos\Qlik\Sense\Apps\sd22	-	CALCULATE_FIELDS_FOR_NOT_FOUND_AND_TRANSFORMED: Field count: 30 Execution time:  0
Perf	INFO	2021-07-29T15:04:59.641-04:00	599059687917.4	C:\Users\leninne.pirovano\OneDrive - SCHEFFER\Documentos\Qlik\Sense\Apps\sd22	-	SAMPLES_AND_MIN_MAX
Perf	INFO	2021-07-29T15:04:59.641-04:00	599059688301.6	C:\Users\leninne.pirovano\OneDrive - SCHEFFER\Documentos\Qlik\Sense\Apps\sd22	-	SAMPLE_VALUE_RETRIEVAL: Field count: 30
Perf	INFO	2021-07-29T15:04:59.714-04:00	599059761538.6	C:\Users\leninne.pirovano\OneDrive - SCHEFFER\Documentos\Qlik\Sense\Apps\sd22	-	SAMPLE_VALUE_RETRIEVAL: Field count: 30 Execution time:  73
Perf	INFO	2021-07-29T15:04:59.715-04:00	599059761872.7	C:\Users\leninne.pirovano\OneDrive - SCHEFFER\Documentos\Qlik\Sense\Apps\sd22	-	SAMPLE_VALUE_UPDATING
Perf	INFO	2021-07-29T15:04:59.716-04:00	599059763135.7	C:\Users\leninne.pirovano\OneDrive - SCHEFFER\Documentos\Qlik\Sense\Apps\sd22	-	SAMPLE_VALUE_UPDATING Execution time:  1
Perf	INFO	2021-07-29T15:04:59.716-04:00	599059763636.4	C:\Users\leninne.pirovano\OneDrive - SCHEFFER\Documentos\Qlik\Sense\Apps\sd22	-	MINMAX
Perf	INFO	2021-07-29T15:04:59.734-04:00	599059781126.5	C:\Users\leninne.pirovano\OneDrive - SCHEFFER\Documentos\Qlik\Sense\Apps\sd22	-	MINMAX Execution time:  17
Perf	INFO	2021-07-29T15:04:59.734-04:00	599059781337.1	C:\Users\leninne.pirovano\OneDrive - SCHEFFER\Documentos\Qlik\Sense\Apps\sd22	-	NUMERIC_RATIO
Perf	INFO	2021-07-29T15:04:59.736-04:00	599059783509.2	C:\Users\leninne.pirovano\OneDrive - SCHEFFER\Documentos\Qlik\Sense\Apps\sd22	-	NUMERIC_RATIO Execution time:  2
Perf	INFO	2021-07-29T15:04:59.737-04:00	599059783688.3	C:\Users\leninne.pirovano\OneDrive - SCHEFFER\Documentos\Qlik\Sense\Apps\sd22	-	SAMPLES_AND_MIN_MAX Execution time:  95
Perf	INFO	2021-07-29T15:04:59.737-04:00	599059784153.7	C:\Users\leninne.pirovano\OneDrive - SCHEFFER\Documentos\Qlik\Sense\Apps\sd22	-	CLASSIFICATION_PIPELINE
Perf	INFO	2021-07-29T15:04:59.737-04:00	599059784286	C:\Users\leninne.pirovano\OneDrive - SCHEFFER\Documentos\Qlik\Sense\Apps\sd22	-	Annotation Step: Tokenizer
Perf	INFO	2021-07-29T15:04:59.739-04:00	599059786061.7	C:\Users\leninne.pirovano\OneDrive - SCHEFFER\Documentos\Qlik\Sense\Apps\sd22	-	Annotation Step: Tokenizer Execution time:  2
Perf	INFO	2021-07-29T15:04:59.739-04:00	599059786204.2	C:\Users\leninne.pirovano\OneDrive - SCHEFFER\Documentos\Qlik\Sense\Apps\sd22	-	Annotation Step: CaptionDecorator
Perf	INFO	2021-07-29T15:04:59.739-04:00	599059786384.5	C:\Users\leninne.pirovano\OneDrive - SCHEFFER\Documentos\Qlik\Sense\Apps\sd22	-	Annotation Step: CaptionDecorator Execution time:  0
Perf	INFO	2021-07-29T15:04:59.739-04:00	599059786531.8	C:\Users\leninne.pirovano\OneDrive - SCHEFFER\Documentos\Qlik\Sense\Apps\sd22	-	Annotation Step: DateTime
Perf	INFO	2021-07-29T15:04:59.742-04:00	599059788686.3	C:\Users\leninne.pirovano\OneDrive - SCHEFFER\Documentos\Qlik\Sense\Apps\sd22	-	Annotation Step: DateTime Execution time:  1
Perf	INFO	2021-07-29T15:04:59.742-04:00	599059788839.7	C:\Users\leninne.pirovano\OneDrive - SCHEFFER\Documentos\Qlik\Sense\Apps\sd22	-	Annotation Step: MissingValue
Perf	INFO	2021-07-29T15:04:59.742-04:00	599059789034.4	C:\Users\leninne.pirovano\OneDrive - SCHEFFER\Documentos\Qlik\Sense\Apps\sd22	-	Annotation Step: MissingValue Execution time:  0
Perf	INFO	2021-07-29T15:04:59.742-04:00	599059789174.9	C:\Users\leninne.pirovano\OneDrive - SCHEFFER\Documentos\Qlik\Sense\Apps\sd22	-	Annotation Step: CompoundValue
Perf	INFO	2021-07-29T15:04:59.742-04:00	599059789361.2	C:\Users\leninne.pirovano\OneDrive - SCHEFFER\Documentos\Qlik\Sense\Apps\sd22	-	Annotation Step: CompoundValue Execution time:  0
Perf	INFO	2021-07-29T15:04:59.742-04:00	599059789491.5	C:\Users\leninne.pirovano\OneDrive - SCHEFFER\Documentos\Qlik\Sense\Apps\sd22	-	Annotation Step: RecommendedDataType
Perf	INFO	2021-07-29T15:04:59.743-04:00	599059790524.9	C:\Users\leninne.pirovano\OneDrive - SCHEFFER\Documentos\Qlik\Sense\Apps\sd22	-	Annotation Step: RecommendedDataType Execution time:  1
Perf	INFO	2021-07-29T15:04:59.743-04:00	599059790668	C:\Users\leninne.pirovano\OneDrive - SCHEFFER\Documentos\Qlik\Sense\Apps\sd22	-	Annotation Step: ValueDecorator
Perf	INFO	2021-07-29T15:04:59.744-04:00	599059791555.9	C:\Users\leninne.pirovano\OneDrive - SCHEFFER\Documentos\Qlik\Sense\Apps\sd22	-	Annotation Step: ValueDecorator Execution time:  0
Perf	INFO	2021-07-29T15:04:59.745-04:00	599059791705	C:\Users\leninne.pirovano\OneDrive - SCHEFFER\Documentos\Qlik\Sense\Apps\sd22	-	Annotation Step: SemanticClassifier
Perf	INFO	2021-07-29T15:04:59.751-04:00	599059798176.9	C:\Users\leninne.pirovano\OneDrive - SCHEFFER\Documentos\Qlik\Sense\Apps\sd22	-	Annotation Step: SemanticClassifier Execution time:  6
Perf	INFO	2021-07-29T15:04:59.751-04:00	599059798440.3	C:\Users\leninne.pirovano\OneDrive - SCHEFFER\Documentos\Qlik\Sense\Apps\sd22	-	Annotation Step: AdhocTransformations
Perf	INFO	2021-07-29T15:04:59.751-04:00	599059798650.2	C:\Users\leninne.pirovano\OneDrive - SCHEFFER\Documentos\Qlik\Sense\Apps\sd22	-	Annotation Step: AdhocTransformations Execution time:  0
Perf	INFO	2021-07-29T15:04:59.752-04:00	599059798859.4	C:\Users\leninne.pirovano\OneDrive - SCHEFFER\Documentos\Qlik\Sense\Apps\sd22	-	Annotation Step: AdhocCompoundValue
Perf	INFO	2021-07-29T15:04:59.752-04:00	599059799069.4	C:\Users\leninne.pirovano\OneDrive - SCHEFFER\Documentos\Qlik\Sense\Apps\sd22	-	Annotation Step: AdhocCompoundValue Execution time:  0
Perf	INFO	2021-07-29T15:04:59.752-04:00	599059799252.9	C:\Users\leninne.pirovano\OneDrive - SCHEFFER\Documentos\Qlik\Sense\Apps\sd22	-	Annotation Step: ValueBasedGeoClassifier
Perf	INFO	2021-07-29T15:04:59.756-04:00	599059803420.1	C:\Users\leninne.pirovano\OneDrive - SCHEFFER\Documentos\Qlik\Sense\Apps\sd22	-	Annotation Step: ValueBasedGeoClassifier Execution time:  4
Perf	INFO	2021-07-29T15:04:59.756-04:00	599059803636.4	C:\Users\leninne.pirovano\OneDrive - SCHEFFER\Documentos\Qlik\Sense\Apps\sd22	-	Annotation Step: CrossDatasetClassifier
Perf	INFO	2021-07-29T15:04:59.757-04:00	599059804244.9	C:\Users\leninne.pirovano\OneDrive - SCHEFFER\Documentos\Qlik\Sense\Apps\sd22	-	Annotation Step: CrossDatasetClassifier Execution time:  0
Perf	INFO	2021-07-29T15:04:59.757-04:00	599059804425	C:\Users\leninne.pirovano\OneDrive - SCHEFFER\Documentos\Qlik\Sense\Apps\sd22	-	Annotation Step: TimeBoundMeasureFinder
Perf	INFO	2021-07-29T15:04:59.757-04:00	599059804624.2	C:\Users\leninne.pirovano\OneDrive - SCHEFFER\Documentos\Qlik\Sense\Apps\sd22	-	Annotation Step: TimeBoundMeasureFinder Execution time:  0
Perf	INFO	2021-07-29T15:04:59.758-04:00	599059804813.9	C:\Users\leninne.pirovano\OneDrive - SCHEFFER\Documentos\Qlik\Sense\Apps\sd22	-	CLASSIFICATION_PIPELINE Execution time:  21
Perf	INFO	2021-07-29T15:04:59.758-04:00	599059805013	C:\Users\leninne.pirovano\OneDrive - SCHEFFER\Documentos\Qlik\Sense\Apps\sd22	-	INIT_ANNOTATION_BOARD_TABLE_FIELDS: Tables&Fields Execution time:  119
Perf	INFO	2021-07-29T15:04:59.758-04:00	599059805340.2	C:\Users\leninne.pirovano\OneDrive - SCHEFFER\Documentos\Qlik\Sense\Apps\sd22	-	GetClassificationHandler::execute
Perf	INFO	2021-07-29T15:04:59.758-04:00	599059805565.8	C:\Users\leninne.pirovano\OneDrive - SCHEFFER\Documentos\Qlik\Sense\Apps\sd22	-	{"value":"OPEN_DATA_MANAGER_CORE","steps":[{"value":"GET_FEATURE_FLAGS","steps":[],"duration_ms":0},{"value":"QUERY_BUSINESS_MODEL","steps":[],"duration_ms":0},{"value":"ANNOTATION_QUEUE","steps":[],"duration_ms":0},{"value":"INIT_ANNOTATION_BOARD_TABLE_FIELDS: Tables&Fields","steps":[{"value":"GET_TABLES_AND_KEYS","steps":[],"duration_ms":1},{"value":"CALCULATE_FIELDS_FOR_NOT_FOUND_AND_TRANSFORMED: Field count: 30","steps":[],"duration_ms":0},{"value":"SAMPLES_AND_MIN_MAX","steps":[{"value":"SAMPLE_VALUE_RETRIEVAL: Field count: 30","steps":[],"duration_ms":73},{"value":"SAMPLE_VALUE_UPDATING","steps":[],"duration_ms":1},{"value":"MINMAX","steps":[],"duration_ms":17},{"value":"NUMERIC_RATIO","steps":[],"duration_ms":2}],"duration_ms":95},{"value":"CLASSIFICATION_PIPELINE","steps":[{"value":"Annotation Step: Tokenizer","steps":[],"duration_ms":2},{"value":"Annotation Step: CaptionDecorator","steps":[],"duration_ms":0},{"value":"Annotation Step: DateTime","steps":[],"duration_ms":1},{"value":"Annotation Step: MissingValue","steps":[],"duration_ms":0},{"value":"Annotation Step: CompoundValue","steps":[],"duration_ms":0},{"value":"Annotation Step: RecommendedDataType","steps":[],"duration_ms":1},{"value":"Annotation Step: ValueDecorator","steps":[],"duration_ms":0},{"value":"Annotation Step: SemanticClassifier","steps":[],"duration_ms":6},{"value":"Annotation Step: AdhocTransformations","steps":[],"duration_ms":0},{"value":"Annotation Step: AdhocCompoundValue","steps":[],"duration_ms":0},{"value":"Annotation Step: ValueBasedGeoClassifier","steps":[],"duration_ms":4},{"value":"Annotation Step: CrossDatasetClassifier","steps":[],"duration_ms":0},{"value":"Annotation Step: TimeBoundMeasureFinder","steps":[],"duration_ms":0}],"duration_ms":21}],"duration_ms":119}],"duration_ms":0}
Perf	INFO	2021-07-29T15:04:59.955-04:00	599060002371.7	C:\Users\leninne.pirovano\OneDrive - SCHEFFER\Documentos\Qlik\Sense\Apps\sd22	-	OPEN_DATA_MANAGER_CORE
Perf	INFO	2021-07-29T15:04:59.955-04:00	599060002605	C:\Users\leninne.pirovano\OneDrive - SCHEFFER\Documentos\Qlik\Sense\Apps\sd22	-	OPEN_DATA_MANAGER_CORE Execution time:  0
Perf	INFO	2021-07-29T15:04:59.956-04:00	599060002746.7	C:\Users\leninne.pirovano\OneDrive - SCHEFFER\Documentos\Qlik\Sense\Apps\sd22	-	GET_FEATURE_FLAGS
Perf	INFO	2021-07-29T15:04:59.956-04:00	599060003104.2	C:\Users\leninne.pirovano\OneDrive - SCHEFFER\Documentos\Qlik\Sense\Apps\sd22	-	GET_FEATURE_FLAGS Execution time:  0
Perf	INFO	2021-07-29T15:04:59.956-04:00	599060003255.6	C:\Users\leninne.pirovano\OneDrive - SCHEFFER\Documentos\Qlik\Sense\Apps\sd22	-	QUERY_BUSINESS_MODEL
Perf	INFO	2021-07-29T15:04:59.957-04:00	599060004071	C:\Users\leninne.pirovano\OneDrive - SCHEFFER\Documentos\Qlik\Sense\Apps\sd22	-	QUERY_BUSINESS_MODEL Execution time:  0
Perf	INFO	2021-07-29T15:04:59.957-04:00	599060004240.4	C:\Users\leninne.pirovano\OneDrive - SCHEFFER\Documentos\Qlik\Sense\Apps\sd22	-	ANNOTATION_QUEUE
Perf	INFO	2021-07-29T15:04:59.957-04:00	599060004383	C:\Users\leninne.pirovano\OneDrive - SCHEFFER\Documentos\Qlik\Sense\Apps\sd22	-	ANNOTATION_QUEUE Execution time:  0
Perf	INFO	2021-07-29T15:04:59.958-04:00	599060005375.1	C:\Users\leninne.pirovano\OneDrive - SCHEFFER\Documentos\Qlik\Sense\Apps\sd22	-	INIT_ANNOTATION_BOARD_MASTER_ITEMS: MasterItems
Perf	INFO	2021-07-29T15:05:00.708-04:00	599060755306	C:\Users\leninne.pirovano\OneDrive - SCHEFFER\Documentos\Qlik\Sense\Apps\sd22	-	CLASSIFICATION_PIPELINE
Perf	INFO	2021-07-29T15:05:00.708-04:00	599060755602	C:\Users\leninne.pirovano\OneDrive - SCHEFFER\Documentos\Qlik\Sense\Apps\sd22	-	Annotation Step: Tokenizer
Perf	INFO	2021-07-29T15:05:00.709-04:00	599060756419.7	C:\Users\leninne.pirovano\OneDrive - SCHEFFER\Documentos\Qlik\Sense\Apps\sd22	-	Annotation Step: Tokenizer Execution time:  0
Perf	INFO	2021-07-29T15:05:00.710-04:00	599060756955.6	C:\Users\leninne.pirovano\OneDrive - SCHEFFER\Documentos\Qlik\Sense\Apps\sd22	-	Annotation Step: CaptionDecorator
Perf	INFO	2021-07-29T15:05:00.710-04:00	599060757194.8	C:\Users\leninne.pirovano\OneDrive - SCHEFFER\Documentos\Qlik\Sense\Apps\sd22	-	Annotation Step: CaptionDecorator Execution time:  0
Perf	INFO	2021-07-29T15:05:00.710-04:00	599060757400.3	C:\Users\leninne.pirovano\OneDrive - SCHEFFER\Documentos\Qlik\Sense\Apps\sd22	-	Annotation Step: DateTime
Perf	INFO	2021-07-29T15:05:00.710-04:00	599060757568.5	C:\Users\leninne.pirovano\OneDrive - SCHEFFER\Documentos\Qlik\Sense\Apps\sd22	-	Annotation Step: DateTime Execution time:  0
Perf	INFO	2021-07-29T15:05:00.711-04:00	599060757749.8	C:\Users\leninne.pirovano\OneDrive - SCHEFFER\Documentos\Qlik\Sense\Apps\sd22	-	Annotation Step: MissingValue
Perf	INFO	2021-07-29T15:05:00.711-04:00	599060757920.8	C:\Users\leninne.pirovano\OneDrive - SCHEFFER\Documentos\Qlik\Sense\Apps\sd22	-	Annotation Step: MissingValue Execution time:  0
Perf	INFO	2021-07-29T15:05:00.711-04:00	599060758109.2	C:\Users\leninne.pirovano\OneDrive - SCHEFFER\Documentos\Qlik\Sense\Apps\sd22	-	Annotation Step: CompoundValue
Perf	INFO	2021-07-29T15:05:00.711-04:00	599060758277.6	C:\Users\leninne.pirovano\OneDrive - SCHEFFER\Documentos\Qlik\Sense\Apps\sd22	-	Annotation Step: CompoundValue Execution time:  0
Perf	INFO	2021-07-29T15:05:00.711-04:00	599060758464.6	C:\Users\leninne.pirovano\OneDrive - SCHEFFER\Documentos\Qlik\Sense\Apps\sd22	-	Annotation Step: RecommendedDataType
Perf	INFO	2021-07-29T15:05:00.711-04:00	599060758647.3	C:\Users\leninne.pirovano\OneDrive - SCHEFFER\Documentos\Qlik\Sense\Apps\sd22	-	Annotation Step: RecommendedDataType Execution time:  0
Perf	INFO	2021-07-29T15:05:00.712-04:00	599060758788.2	C:\Users\leninne.pirovano\OneDrive - SCHEFFER\Documentos\Qlik\Sense\Apps\sd22	-	Annotation Step: ValueDecorator
Perf	INFO	2021-07-29T15:05:00.712-04:00	599060758910.6	C:\Users\leninne.pirovano\OneDrive - SCHEFFER\Documentos\Qlik\Sense\Apps\sd22	-	Annotation Step: ValueDecorator Execution time:  0
Perf	INFO	2021-07-29T15:05:00.712-04:00	599060759082.9	C:\Users\leninne.pirovano\OneDrive - SCHEFFER\Documentos\Qlik\Sense\Apps\sd22	-	Annotation Step: SemanticClassifier
Perf	INFO	2021-07-29T15:05:00.712-04:00	599060759209.4	C:\Users\leninne.pirovano\OneDrive - SCHEFFER\Documentos\Qlik\Sense\Apps\sd22	-	Annotation Step: SemanticClassifier Execution time:  0
Perf	INFO	2021-07-29T15:05:00.712-04:00	599060759350.2	C:\Users\leninne.pirovano\OneDrive - SCHEFFER\Documentos\Qlik\Sense\Apps\sd22	-	Annotation Step: AdhocTransformations
Perf	INFO	2021-07-29T15:05:00.712-04:00	599060759471	C:\Users\leninne.pirovano\OneDrive - SCHEFFER\Documentos\Qlik\Sense\Apps\sd22	-	Annotation Step: AdhocTransformations Execution time:  0
Perf	INFO	2021-07-29T15:05:00.712-04:00	599060759644	C:\Users\leninne.pirovano\OneDrive - SCHEFFER\Documentos\Qlik\Sense\Apps\sd22	-	Annotation Step: AdhocCompoundValue
Perf	INFO	2021-07-29T15:05:00.713-04:00	599060759783.1	C:\Users\leninne.pirovano\OneDrive - SCHEFFER\Documentos\Qlik\Sense\Apps\sd22	-	Annotation Step: AdhocCompoundValue Execution time:  0
Perf	INFO	2021-07-29T15:05:00.713-04:00	599060759913.9	C:\Users\leninne.pirovano\OneDrive - SCHEFFER\Documentos\Qlik\Sense\Apps\sd22	-	Annotation Step: ValueBasedGeoClassifier
Perf	INFO	2021-07-29T15:05:00.713-04:00	599060760034.6	C:\Users\leninne.pirovano\OneDrive - SCHEFFER\Documentos\Qlik\Sense\Apps\sd22	-	Annotation Step: ValueBasedGeoClassifier Execution time:  0
Perf	INFO	2021-07-29T15:05:00.713-04:00	599060760172.4	C:\Users\leninne.pirovano\OneDrive - SCHEFFER\Documentos\Qlik\Sense\Apps\sd22	-	Annotation Step: CrossDatasetClassifier
Perf	INFO	2021-07-29T15:05:00.713-04:00	599060760297.8	C:\Users\leninne.pirovano\OneDrive - SCHEFFER\Documentos\Qlik\Sense\Apps\sd22	-	Annotation Step: CrossDatasetClassifier Execution time:  0
Perf	INFO	2021-07-29T15:05:00.713-04:00	599060760427.7	C:\Users\leninne.pirovano\OneDrive - SCHEFFER\Documentos\Qlik\Sense\Apps\sd22	-	Annotation Step: TimeBoundMeasureFinder
Perf	INFO	2021-07-29T15:05:00.713-04:00	599060760541.8	C:\Users\leninne.pirovano\OneDrive - SCHEFFER\Documentos\Qlik\Sense\Apps\sd22	-	Annotation Step: TimeBoundMeasureFinder Execution time:  0
Perf	INFO	2021-07-29T15:05:00.714-04:00	599060760680.2	C:\Users\leninne.pirovano\OneDrive - SCHEFFER\Documentos\Qlik\Sense\Apps\sd22	-	CLASSIFICATION_PIPELINE Execution time:  5
Perf	INFO	2021-07-29T15:05:00.714-04:00	599060760796.3	C:\Users\leninne.pirovano\OneDrive - SCHEFFER\Documentos\Qlik\Sense\Apps\sd22	-	INIT_ANNOTATION_BOARD_MASTER_ITEMS: MasterItems Execution time:  756
Perf	INFO	2021-07-29T15:05:00.714-04:00	599060761006.9	C:\Users\leninne.pirovano\OneDrive - SCHEFFER\Documentos\Qlik\Sense\Apps\sd22	-	OPEN_DATA_MANAGER_CORE Execution time:  NaN
Perf	INFO	2021-07-29T15:05:00.714-04:00	599060761366.5	C:\Users\leninne.pirovano\OneDrive - SCHEFFER\Documentos\Qlik\Sense\Apps\sd22	-	INIT_ANNOTATION_BOARD_FIELD_STATS: FieldStats
Perf	INFO	2021-07-29T15:05:00.716-04:00	599060763329.3	C:\Users\leninne.pirovano\OneDrive - SCHEFFER\Documentos\Qlik\Sense\Apps\sd22	-	INIT_ANNOTATION_BOARD_FIELD_STATS: FieldStats Execution time:  2
Perf	INFO	2021-07-29T15:05:00.717-04:00	599060763717.9	C:\Users\leninne.pirovano\OneDrive - SCHEFFER\Documentos\Qlik\Sense\Apps\sd22	-	INIT_ANNOTATION_BOARD_DEPENDENCIES: AssociationCardinality
Perf	INFO	2021-07-29T15:05:00.717-04:00	599060763967.4	C:\Users\leninne.pirovano\OneDrive - SCHEFFER\Documentos\Qlik\Sense\Apps\sd22	-	ATTRIBUTE_DETECTION
Perf	INFO	2021-07-29T15:05:00.719-04:00	599060765855.2	C:\Users\leninne.pirovano\OneDrive - SCHEFFER\Documentos\Qlik\Sense\Apps\sd22	-	ATTRIBUTE_DETECTION Execution time:  2
Perf	INFO	2021-07-29T15:05:00.719-04:00	599060766077.2	C:\Users\leninne.pirovano\OneDrive - SCHEFFER\Documentos\Qlik\Sense\Apps\sd22	-	INIT_ANNOTATION_BOARD_DEPENDENCIES: AssociationCardinality Execution time:  2
Perf	INFO	2021-07-29T15:05:00.719-04:00	599060766667	C:\Users\leninne.pirovano\OneDrive - SCHEFFER\Documentos\Qlik\Sense\Apps\sd22	-	INIT_ANNOTATION_BOARD_DERIVED: DerivedFields
Perf	INFO	2021-07-29T15:05:00.721-04:00	599060767932.6	C:\Users\leninne.pirovano\OneDrive - SCHEFFER\Documentos\Qlik\Sense\Apps\sd22	-	INIT_ANNOTATION_BOARD_DERIVED: DerivedFields Execution time:  1
Perf	INFO	2021-07-29T15:05:00.722-04:00	599060768877.1	C:\Users\leninne.pirovano\OneDrive - SCHEFFER\Documentos\Qlik\Sense\Apps\sd22	-	APPLICATION_BASED_ANALYSIS
Perf	INFO	2021-07-29T15:05:00.722-04:00	599060769218.6	C:\Users\leninne.pirovano\OneDrive - SCHEFFER\Documentos\Qlik\Sense\Apps\sd22	-	FIELDS_WITH_SELECTIONS
Perf	INFO	2021-07-29T15:05:00.723-04:00	599060770243.6	C:\Users\leninne.pirovano\OneDrive - SCHEFFER\Documentos\Qlik\Sense\Apps\sd22	-	FIELDS_WITH_SELECTIONS Execution time:  1
Perf	INFO	2021-07-29T15:05:00.727-04:00	599060774467.4	C:\Users\leninne.pirovano\OneDrive - SCHEFFER\Documentos\Qlik\Sense\Apps\sd22	-	RECOMMEND
Perf	INFO	2021-07-29T15:05:00.743-04:00	599060789672.7	C:\Users\leninne.pirovano\OneDrive - SCHEFFER\Documentos\Qlik\Sense\Apps\sd22	-	RECOMMEND Execution time:  15
Perf	INFO	2021-07-29T15:05:00.743-04:00	599060790076	C:\Users\leninne.pirovano\OneDrive - SCHEFFER\Documentos\Qlik\Sense\Apps\sd22	-	OVERALL_INDICATORS
Perf	INFO	2021-07-29T15:05:00.743-04:00	599060790425.6	C:\Users\leninne.pirovano\OneDrive - SCHEFFER\Documentos\Qlik\Sense\Apps\sd22	-	OVERALL_INDICATORS Execution time:  0
Perf	INFO	2021-07-29T15:05:00.744-04:00	599060791446	C:\Users\leninne.pirovano\OneDrive - SCHEFFER\Documentos\Qlik\Sense\Apps\sd22	-	MARK_FOR_RELATIONS
Perf	INFO	2021-07-29T15:05:00.745-04:00	599060791761.7	C:\Users\leninne.pirovano\OneDrive - SCHEFFER\Documentos\Qlik\Sense\Apps\sd22	-	MARK_FOR_RELATIONS Execution time:  1
Perf	INFO	2021-07-29T15:05:00.751-04:00	599060797842.3	C:\Users\leninne.pirovano\OneDrive - SCHEFFER\Documentos\Qlik\Sense\Apps\sd22	-	APPLICATION_BASED_ANALYSIS Execution time:  29
Perf	INFO	2021-07-29T15:05:00.751-04:00	599060798457.4	C:\Users\leninne.pirovano\OneDrive - SCHEFFER\Documentos\Qlik\Sense\Apps\sd22	-	GitVisRecommendations complete
Perf	INFO	2021-07-29T15:05:00.752-04:00	599060798761.1	C:\Users\leninne.pirovano\OneDrive - SCHEFFER\Documentos\Qlik\Sense\Apps\sd22	-	{"value":"OPEN_DATA_MANAGER_CORE","steps":[{"value":"GET_FEATURE_FLAGS","steps":[],"duration_ms":0},{"value":"QUERY_BUSINESS_MODEL","steps":[],"duration_ms":0},{"value":"ANNOTATION_QUEUE","steps":[],"duration_ms":0},{"value":"INIT_ANNOTATION_BOARD_MASTER_ITEMS: MasterItems","steps":[{"value":"CLASSIFICATION_PIPELINE","steps":[{"value":"Annotation Step: Tokenizer","steps":[],"duration_ms":0},{"value":"Annotation Step: CaptionDecorator","steps":[],"duration_ms":0},{"value":"Annotation Step: DateTime","steps":[],"duration_ms":0},{"value":"Annotation Step: MissingValue","steps":[],"duration_ms":0},{"value":"Annotation Step: CompoundValue","steps":[],"duration_ms":0},{"value":"Annotation Step: RecommendedDataType","steps":[],"duration_ms":0},{"value":"Annotation Step: ValueDecorator","steps":[],"duration_ms":0},{"value":"Annotation Step: SemanticClassifier","steps":[],"duration_ms":0},{"value":"Annotation Step: AdhocTransformations","steps":[],"duration_ms":0},{"value":"Annotation Step: AdhocCompoundValue","steps":[],"duration_ms":0},{"value":"Annotation Step: ValueBasedGeoClassifier","steps":[],"duration_ms":0},{"value":"Annotation Step: CrossDatasetClassifier","steps":[],"duration_ms":0},{"value":"Annotation Step: TimeBoundMeasureFinder","steps":[],"duration_ms":0}],"duration_ms":5}],"duration_ms":756},{"value":"INIT_ANNOTATION_BOARD_FIELD_STATS: FieldStats","steps":[],"duration_ms":2},{"value":"INIT_ANNOTATION_BOARD_DEPENDENCIES: AssociationCardinality","steps":[{"value":"ATTRIBUTE_DETECTION","steps":[],"duration_ms":2}],"duration_ms":2},{"value":"INIT_ANNOTATION_BOARD_DERIVED: DerivedFields","steps":[],"duration_ms":1},{"value":"APPLICATION_BASED_ANALYSIS","steps":[{"value":"FIELDS_WITH_SELECTIONS","steps":[],"duration_ms":1},{"value":"RECOMMEND","steps":[],"duration_ms":15},{"value":"OVERALL_INDICATORS","steps":[],"duration_ms":0},{"value":"MARK_FOR_RELATIONS","steps":[],"duration_ms":1}],"duration_ms":29}],"duration_ms":null}
Perf	INFO	2021-07-29T15:05:00.752-04:00	599060799158.4	C:\Users\leninne.pirovano\OneDrive - SCHEFFER\Documentos\Qlik\Sense\Apps\sd22	-	GetVisRecommendationHandler::execute
Perf	INFO	2021-07-29T15:05:00.752-04:00	599060799494.2	C:\Users\leninne.pirovano\OneDrive - SCHEFFER\Documentos\Qlik\Sense\Apps\sd22	-	{"value":"OPEN_DATA_MANAGER_CORE","steps":[{"value":"GET_FEATURE_FLAGS","steps":[],"duration_ms":0},{"value":"QUERY_BUSINESS_MODEL","steps":[],"duration_ms":0},{"value":"ANNOTATION_QUEUE","steps":[],"duration_ms":0},{"value":"INIT_ANNOTATION_BOARD_MASTER_ITEMS: MasterItems","steps":[{"value":"CLASSIFICATION_PIPELINE","steps":[{"value":"Annotation Step: Tokenizer","steps":[],"duration_ms":0},{"value":"Annotation Step: CaptionDecorator","steps":[],"duration_ms":0},{"value":"Annotation Step: DateTime","steps":[],"duration_ms":0},{"value":"Annotation Step: MissingValue","steps":[],"duration_ms":0},{"value":"Annotation Step: CompoundValue","steps":[],"duration_ms":0},{"value":"Annotation Step: RecommendedDataType","steps":[],"duration_ms":0},{"value":"Annotation Step: ValueDecorator","steps":[],"duration_ms":0},{"value":"Annotation Step: SemanticClassifier","steps":[],"duration_ms":0},{"value":"Annotation Step: AdhocTransformations","steps":[],"duration_ms":0},{"value":"Annotation Step: AdhocCompoundValue","steps":[],"duration_ms":0},{"value":"Annotation Step: ValueBasedGeoClassifier","steps":[],"duration_ms":0},{"value":"Annotation Step: CrossDatasetClassifier","steps":[],"duration_ms":0},{"value":"Annotation Step: TimeBoundMeasureFinder","steps":[],"duration_ms":0}],"duration_ms":5}],"duration_ms":756},{"value":"INIT_ANNOTATION_BOARD_FIELD_STATS: FieldStats","steps":[],"duration_ms":2},{"value":"INIT_ANNOTATION_BOARD_DEPENDENCIES: AssociationCardinality","steps":[{"value":"ATTRIBUTE_DETECTION","steps":[],"duration_ms":2}],"duration_ms":2},{"value":"INIT_ANNOTATION_BOARD_DERIVED: DerivedFields","steps":[],"duration_ms":1},{"value":"APPLICATION_BASED_ANALYSIS","steps":[{"value":"FIELDS_WITH_SELECTIONS","steps":[],"duration_ms":1},{"value":"RECOMMEND","steps":[],"duration_ms":15},{"value":"OVERALL_INDICATORS","steps":[],"duration_ms":0},{"value":"MARK_FOR_RELATIONS","steps":[],"duration_ms":1}],"duration_ms":29}],"duration_ms":null}
Perf	INFO	2021-07-29T15:06:55.386-04:00	599175432856.9	C:\Users\leninne.pirovano\OneDrive - SCHEFFER\Documentos\Qlik\Sense\Apps\sd22	-	OPEN_DATA_MANAGER_CORE
Perf	INFO	2021-07-29T15:06:55.386-04:00	599175433433.4	C:\Users\leninne.pirovano\OneDrive - SCHEFFER\Documentos\Qlik\Sense\Apps\sd22	-	OPEN_DATA_MANAGER_CORE Execution time:  0
Perf	INFO	2021-07-29T15:06:55.387-04:00	599175433730.8	C:\Users\leninne.pirovano\OneDrive - SCHEFFER\Documentos\Qlik\Sense\Apps\sd22	-	GET_FEATURE_FLAGS
Perf	INFO	2021-07-29T15:06:55.387-04:00	599175434018.8	C:\Users\leninne.pirovano\OneDrive - SCHEFFER\Documentos\Qlik\Sense\Apps\sd22	-	GET_FEATURE_FLAGS Execution time:  0
Perf	INFO	2021-07-29T15:06:55.387-04:00	599175434281.8	C:\Users\leninne.pirovano\OneDrive - SCHEFFER\Documentos\Qlik\Sense\Apps\sd22	-	QUERY_BUSINESS_MODEL
Perf	INFO	2021-07-29T15:06:55.387-04:00	599175434522.9	C:\Users\leninne.pirovano\OneDrive - SCHEFFER\Documentos\Qlik\Sense\Apps\sd22	-	QUERY_BUSINESS_MODEL Execution time:  0
Perf	INFO	2021-07-29T15:06:55.388-04:00	599175434748.9	C:\Users\leninne.pirovano\OneDrive - SCHEFFER\Documentos\Qlik\Sense\Apps\sd22	-	ANNOTATION_QUEUE
Perf	INFO	2021-07-29T15:06:55.388-04:00	599175434987.4	C:\Users\leninne.pirovano\OneDrive - SCHEFFER\Documentos\Qlik\Sense\Apps\sd22	-	ANNOTATION_QUEUE Execution time:  0
Perf	INFO	2021-07-29T15:06:55.389-04:00	599175435920.9	C:\Users\leninne.pirovano\OneDrive - SCHEFFER\Documentos\Qlik\Sense\Apps\sd22	-	INIT_ANNOTATION_BOARD_TABLE_FIELDS: Tables&Fields
Perf	INFO	2021-07-29T15:06:55.389-04:00	599175436126.3	C:\Users\leninne.pirovano\OneDrive - SCHEFFER\Documentos\Qlik\Sense\Apps\sd22	-	GET_TABLES_AND_KEYS
Perf	INFO	2021-07-29T15:06:55.390-04:00	599175437141.9	C:\Users\leninne.pirovano\OneDrive - SCHEFFER\Documentos\Qlik\Sense\Apps\sd22	-	GET_TABLES_AND_KEYS Execution time:  1
Perf	INFO	2021-07-29T15:06:55.390-04:00	599175437505.7	C:\Users\leninne.pirovano\OneDrive - SCHEFFER\Documentos\Qlik\Sense\Apps\sd22	-	CALCULATE_FIELDS_FOR_NOT_FOUND_AND_TRANSFORMED: Field count: 30
Perf	INFO	2021-07-29T15:06:55.391-04:00	599175437745.9	C:\Users\leninne.pirovano\OneDrive - SCHEFFER\Documentos\Qlik\Sense\Apps\sd22	-	CALCULATE_FIELDS_FOR_NOT_FOUND_AND_TRANSFORMED: Field count: 30 Execution time:  0
Perf	INFO	2021-07-29T15:06:55.391-04:00	599175437930.7	C:\Users\leninne.pirovano\OneDrive - SCHEFFER\Documentos\Qlik\Sense\Apps\sd22	-	SAMPLES_AND_MIN_MAX
Perf	INFO	2021-07-29T15:06:55.391-04:00	599175438405.1	C:\Users\leninne.pirovano\OneDrive - SCHEFFER\Documentos\Qlik\Sense\Apps\sd22	-	SAMPLE_VALUE_RETRIEVAL: Field count: 30
Perf	INFO	2021-07-29T15:06:55.448-04:00	599175495586.5	C:\Users\leninne.pirovano\OneDrive - SCHEFFER\Documentos\Qlik\Sense\Apps\sd22	-	SAMPLE_VALUE_RETRIEVAL: Field count: 30 Execution time:  57
Perf	INFO	2021-07-29T15:06:55.449-04:00	599175495953	C:\Users\leninne.pirovano\OneDrive - SCHEFFER\Documentos\Qlik\Sense\Apps\sd22	-	SAMPLE_VALUE_UPDATING
Perf	INFO	2021-07-29T15:06:55.454-04:00	599175500945.6	C:\Users\leninne.pirovano\OneDrive - SCHEFFER\Documentos\Qlik\Sense\Apps\sd22	-	SAMPLE_VALUE_UPDATING Execution time:  5
Perf	INFO	2021-07-29T15:06:55.455-04:00	599175501712.2	C:\Users\leninne.pirovano\OneDrive - SCHEFFER\Documentos\Qlik\Sense\Apps\sd22	-	MINMAX
Perf	INFO	2021-07-29T15:06:55.473-04:00	599175519632	C:\Users\leninne.pirovano\OneDrive - SCHEFFER\Documentos\Qlik\Sense\Apps\sd22	-	MINMAX Execution time:  17
Perf	INFO	2021-07-29T15:06:55.473-04:00	599175519997.5	C:\Users\leninne.pirovano\OneDrive - SCHEFFER\Documentos\Qlik\Sense\Apps\sd22	-	NUMERIC_RATIO
Perf	INFO	2021-07-29T15:06:55.476-04:00	599175522796.4	C:\Users\leninne.pirovano\OneDrive - SCHEFFER\Documentos\Qlik\Sense\Apps\sd22	-	NUMERIC_RATIO Execution time:  3
Perf	INFO	2021-07-29T15:06:55.476-04:00	599175523241.5	C:\Users\leninne.pirovano\OneDrive - SCHEFFER\Documentos\Qlik\Sense\Apps\sd22	-	SAMPLES_AND_MIN_MAX Execution time:  85
Perf	INFO	2021-07-29T15:06:55.477-04:00	599175523849	C:\Users\leninne.pirovano\OneDrive - SCHEFFER\Documentos\Qlik\Sense\Apps\sd22	-	CLASSIFICATION_PIPELINE
Perf	INFO	2021-07-29T15:06:55.477-04:00	599175524001.7	C:\Users\leninne.pirovano\OneDrive - SCHEFFER\Documentos\Qlik\Sense\Apps\sd22	-	Annotation Step: Tokenizer
Perf	INFO	2021-07-29T15:06:55.479-04:00	599175526540.2	C:\Users\leninne.pirovano\OneDrive - SCHEFFER\Documentos\Qlik\Sense\Apps\sd22	-	Annotation Step: Tokenizer Execution time:  2
Perf	INFO	2021-07-29T15:06:55.480-04:00	599175526704.6	C:\Users\leninne.pirovano\OneDrive - SCHEFFER\Documentos\Qlik\Sense\Apps\sd22	-	Annotation Step: CaptionDecorator
Perf	INFO	2021-07-29T15:06:55.480-04:00	599175526907.2	C:\Users\leninne.pirovano\OneDrive - SCHEFFER\Documentos\Qlik\Sense\Apps\sd22	-	Annotation Step: CaptionDecorator Execution time:  0
Perf	INFO	2021-07-29T15:06:55.480-04:00	599175527050.1	C:\Users\leninne.pirovano\OneDrive - SCHEFFER\Documentos\Qlik\Sense\Apps\sd22	-	Annotation Step: DateTime
Perf	INFO	2021-07-29T15:06:55.481-04:00	599175527623	C:\Users\leninne.pirovano\OneDrive - SCHEFFER\Documentos\Qlik\Sense\Apps\sd22	-	Annotation Step: DateTime Execution time:  0
Perf	INFO	2021-07-29T15:06:55.481-04:00	599175527751.9	C:\Users\leninne.pirovano\OneDrive - SCHEFFER\Documentos\Qlik\Sense\Apps\sd22	-	Annotation Step: MissingValue
Perf	INFO	2021-07-29T15:06:55.481-04:00	599175527962.7	C:\Users\leninne.pirovano\OneDrive - SCHEFFER\Documentos\Qlik\Sense\Apps\sd22	-	Annotation Step: MissingValue Execution time:  0
Perf	INFO	2021-07-29T15:06:55.481-04:00	599175528110.6	C:\Users\leninne.pirovano\OneDrive - SCHEFFER\Documentos\Qlik\Sense\Apps\sd22	-	Annotation Step: CompoundValue
Perf	INFO	2021-07-29T15:06:55.481-04:00	599175528331.7	C:\Users\leninne.pirovano\OneDrive - SCHEFFER\Documentos\Qlik\Sense\Apps\sd22	-	Annotation Step: CompoundValue Execution time:  0
Perf	INFO	2021-07-29T15:06:55.481-04:00	599175528460.8	C:\Users\leninne.pirovano\OneDrive - SCHEFFER\Documentos\Qlik\Sense\Apps\sd22	-	Annotation Step: RecommendedDataType
Perf	INFO	2021-07-29T15:06:55.483-04:00	599175529828.1	C:\Users\leninne.pirovano\OneDrive - SCHEFFER\Documentos\Qlik\Sense\Apps\sd22	-	Annotation Step: RecommendedDataType Execution time:  2
Perf	INFO	2021-07-29T15:06:55.483-04:00	599175530180.6	C:\Users\leninne.pirovano\OneDrive - SCHEFFER\Documentos\Qlik\Sense\Apps\sd22	-	Annotation Step: ValueDecorator
Perf	INFO	2021-07-29T15:06:55.486-04:00	599175532671.5	C:\Users\leninne.pirovano\OneDrive - SCHEFFER\Documentos\Qlik\Sense\Apps\sd22	-	Annotation Step: ValueDecorator Execution time:  2
Perf	INFO	2021-07-29T15:06:55.487-04:00	599175533762.6	C:\Users\leninne.pirovano\OneDrive - SCHEFFER\Documentos\Qlik\Sense\Apps\sd22	-	Annotation Step: SemanticClassifier
Perf	INFO	2021-07-29T15:06:55.493-04:00	599175540170.2	C:\Users\leninne.pirovano\OneDrive - SCHEFFER\Documentos\Qlik\Sense\Apps\sd22	-	Annotation Step: SemanticClassifier Execution time:  6
Perf	INFO	2021-07-29T15:06:55.493-04:00	599175540572	C:\Users\leninne.pirovano\OneDrive - SCHEFFER\Documentos\Qlik\Sense\Apps\sd22	-	Annotation Step: AdhocTransformations
Perf	INFO	2021-07-29T15:06:55.494-04:00	599175540905.1	C:\Users\leninne.pirovano\OneDrive - SCHEFFER\Documentos\Qlik\Sense\Apps\sd22	-	Annotation Step: AdhocTransformations Execution time:  0
Perf	INFO	2021-07-29T15:06:55.494-04:00	599175541128.5	C:\Users\leninne.pirovano\OneDrive - SCHEFFER\Documentos\Qlik\Sense\Apps\sd22	-	Annotation Step: AdhocCompoundValue
Perf	INFO	2021-07-29T15:06:55.494-04:00	599175541353.9	C:\Users\leninne.pirovano\OneDrive - SCHEFFER\Documentos\Qlik\Sense\Apps\sd22	-	Annotation Step: AdhocCompoundValue Execution time:  0
Perf	INFO	2021-07-29T15:06:55.494-04:00	599175541546.2	C:\Users\leninne.pirovano\OneDrive - SCHEFFER\Documentos\Qlik\Sense\Apps\sd22	-	Annotation Step: ValueBasedGeoClassifier
Perf	INFO	2021-07-29T15:06:55.497-04:00	599175543714.2	C:\Users\leninne.pirovano\OneDrive - SCHEFFER\Documentos\Qlik\Sense\Apps\sd22	-	Annotation Step: ValueBasedGeoClassifier Execution time:  2
Perf	INFO	2021-07-29T15:06:55.497-04:00	599175543958.9	C:\Users\leninne.pirovano\OneDrive - SCHEFFER\Documentos\Qlik\Sense\Apps\sd22	-	Annotation Step: CrossDatasetClassifier
Perf	INFO	2021-07-29T15:06:55.497-04:00	599175544222.5	C:\Users\leninne.pirovano\OneDrive - SCHEFFER\Documentos\Qlik\Sense\Apps\sd22	-	Annotation Step: CrossDatasetClassifier Execution time:  0
Perf	INFO	2021-07-29T15:06:55.497-04:00	599175544421.4	C:\Users\leninne.pirovano\OneDrive - SCHEFFER\Documentos\Qlik\Sense\Apps\sd22	-	Annotation Step: TimeBoundMeasureFinder
Perf	INFO	2021-07-29T15:06:55.498-04:00	599175544633.6	C:\Users\leninne.pirovano\OneDrive - SCHEFFER\Documentos\Qlik\Sense\Apps\sd22	-	Annotation Step: TimeBoundMeasureFinder Execution time:  0
Perf	INFO	2021-07-29T15:06:55.498-04:00	599175544837.1	C:\Users\leninne.pirovano\OneDrive - SCHEFFER\Documentos\Qlik\Sense\Apps\sd22	-	CLASSIFICATION_PIPELINE Execution time:  21
Perf	INFO	2021-07-29T15:06:55.498-04:00	599175545123.8	C:\Users\leninne.pirovano\OneDrive - SCHEFFER\Documentos\Qlik\Sense\Apps\sd22	-	INIT_ANNOTATION_BOARD_TABLE_FIELDS: Tables&Fields Execution time:  109
Perf	INFO	2021-07-29T15:06:55.498-04:00	599175545434.4	C:\Users\leninne.pirovano\OneDrive - SCHEFFER\Documentos\Qlik\Sense\Apps\sd22	-	GetClassificationHandler::execute
Perf	INFO	2021-07-29T15:06:55.499-04:00	599175545652.9	C:\Users\leninne.pirovano\OneDrive - SCHEFFER\Documentos\Qlik\Sense\Apps\sd22	-	{"value":"OPEN_DATA_MANAGER_CORE","steps":[{"value":"GET_FEATURE_FLAGS","steps":[],"duration_ms":0},{"value":"QUERY_BUSINESS_MODEL","steps":[],"duration_ms":0},{"value":"ANNOTATION_QUEUE","steps":[],"duration_ms":0},{"value":"INIT_ANNOTATION_BOARD_TABLE_FIELDS: Tables&Fields","steps":[{"value":"GET_TABLES_AND_KEYS","steps":[],"duration_ms":1},{"value":"CALCULATE_FIELDS_FOR_NOT_FOUND_AND_TRANSFORMED: Field count: 30","steps":[],"duration_ms":0},{"value":"SAMPLES_AND_MIN_MAX","steps":[{"value":"SAMPLE_VALUE_RETRIEVAL: Field count: 30","steps":[],"duration_ms":57},{"value":"SAMPLE_VALUE_UPDATING","steps":[],"duration_ms":5},{"value":"MINMAX","steps":[],"duration_ms":17},{"value":"NUMERIC_RATIO","steps":[],"duration_ms":3}],"duration_ms":85},{"value":"CLASSIFICATION_PIPELINE","steps":[{"value":"Annotation Step: Tokenizer","steps":[],"duration_ms":2},{"value":"Annotation Step: CaptionDecorator","steps":[],"duration_ms":0},{"value":"Annotation Step: DateTime","steps":[],"duration_ms":0},{"value":"Annotation Step: MissingValue","steps":[],"duration_ms":0},{"value":"Annotation Step: CompoundValue","steps":[],"duration_ms":0},{"value":"Annotation Step: RecommendedDataType","steps":[],"duration_ms":2},{"value":"Annotation Step: ValueDecorator","steps":[],"duration_ms":2},{"value":"Annotation Step: SemanticClassifier","steps":[],"duration_ms":6},{"value":"Annotation Step: AdhocTransformations","steps":[],"duration_ms":0},{"value":"Annotation Step: AdhocCompoundValue","steps":[],"duration_ms":0},{"value":"Annotation Step: ValueBasedGeoClassifier","steps":[],"duration_ms":2},{"value":"Annotation Step: CrossDatasetClassifier","steps":[],"duration_ms":0},{"value":"Annotation Step: TimeBoundMeasureFinder","steps":[],"duration_ms":0}],"duration_ms":21}],"duration_ms":109}],"duration_ms":0}
Perf	INFO	2021-07-29T15:14:33.291-04:00	599633338471.6	C:\Users\leninne.pirovano\OneDrive - SCHEFFER\Documentos\Qlik\Sense\Apps\Analise US	-	OPEN_DATA_MANAGER_CORE
Perf	INFO	2021-07-29T15:14:33.292-04:00	599633340057.8	C:\Users\leninne.pirovano\OneDrive - SCHEFFER\Documentos\Qlik\Sense\Apps\Analise US	-	OPEN_DATA_MANAGER_CORE Execution time:  1
Perf	INFO	2021-07-29T15:14:33.292-04:00	599633340222.1	C:\Users\leninne.pirovano\OneDrive - SCHEFFER\Documentos\Qlik\Sense\Apps\Analise US	-	GET_FEATURE_FLAGS
Perf	INFO	2021-07-29T15:14:33.293-04:00	599633340465.3	C:\Users\leninne.pirovano\OneDrive - SCHEFFER\Documentos\Qlik\Sense\Apps\Analise US	-	GET_FEATURE_FLAGS Execution time:  0
Perf	INFO	2021-07-29T15:14:33.293-04:00	599633340693.5	C:\Users\leninne.pirovano\OneDrive - SCHEFFER\Documentos\Qlik\Sense\Apps\Analise US	-	QUERY_BUSINESS_MODEL
Perf	INFO	2021-07-29T15:14:33.293-04:00	599633340922.2	C:\Users\leninne.pirovano\OneDrive - SCHEFFER\Documentos\Qlik\Sense\Apps\Analise US	-	QUERY_BUSINESS_MODEL Execution time:  0
Perf	INFO	2021-07-29T15:14:33.293-04:00	599633341184.3	C:\Users\leninne.pirovano\OneDrive - SCHEFFER\Documentos\Qlik\Sense\Apps\Analise US	-	ANNOTATION_QUEUE
Perf	INFO	2021-07-29T15:14:33.294-04:00	599633341740.1	C:\Users\leninne.pirovano\OneDrive - SCHEFFER\Documentos\Qlik\Sense\Apps\Analise US	-	ANNOTATION_QUEUE Execution time:  0
Perf	INFO	2021-07-29T15:14:33.299-04:00	599633347275.2	C:\Users\leninne.pirovano\OneDrive - SCHEFFER\Documentos\Qlik\Sense\Apps\Analise US	-	INIT_ANNOTATION_BOARD_TABLE_FIELDS: Tables&Fields
Perf	INFO	2021-07-29T15:14:33.300-04:00	599633347597	C:\Users\leninne.pirovano\OneDrive - SCHEFFER\Documentos\Qlik\Sense\Apps\Analise US	-	GET_TABLES_AND_KEYS
Perf	INFO	2021-07-29T15:14:33.314-04:00	599633362045	C:\Users\leninne.pirovano\OneDrive - SCHEFFER\Documentos\Qlik\Sense\Apps\Analise US	-	GET_TABLES_AND_KEYS Execution time:  14
Perf	INFO	2021-07-29T15:14:33.315-04:00	599633362894.5	C:\Users\leninne.pirovano\OneDrive - SCHEFFER\Documentos\Qlik\Sense\Apps\Analise US	-	CALCULATE_FIELDS_FOR_NOT_FOUND_AND_TRANSFORMED: Field count: 97
Perf	INFO	2021-07-29T15:14:33.315-04:00	599633363148.8	C:\Users\leninne.pirovano\OneDrive - SCHEFFER\Documentos\Qlik\Sense\Apps\Analise US	-	CALCULATE_FIELDS_FOR_NOT_FOUND_AND_TRANSFORMED: Field count: 97 Execution time:  0
Perf	INFO	2021-07-29T15:14:33.316-04:00	599633363998.7	C:\Users\leninne.pirovano\OneDrive - SCHEFFER\Documentos\Qlik\Sense\Apps\Analise US	-	SAMPLES_AND_MIN_MAX
Perf	INFO	2021-07-29T15:14:33.319-04:00	599633367233.4	C:\Users\leninne.pirovano\OneDrive - SCHEFFER\Documentos\Qlik\Sense\Apps\Analise US	-	SAMPLE_VALUE_RETRIEVAL: Field count: 76
Perf	INFO	2021-07-29T15:14:33.420-04:00	599633467570.4	C:\Users\leninne.pirovano\OneDrive - SCHEFFER\Documentos\Qlik\Sense\Apps\Analise US	-	SAMPLE_VALUE_RETRIEVAL: Field count: 76 Execution time:  101
Perf	INFO	2021-07-29T15:14:33.420-04:00	599633467855.7	C:\Users\leninne.pirovano\OneDrive - SCHEFFER\Documentos\Qlik\Sense\Apps\Analise US	-	SAMPLE_VALUE_UPDATING
Perf	INFO	2021-07-29T15:14:33.421-04:00	599633469380.4	C:\Users\leninne.pirovano\OneDrive - SCHEFFER\Documentos\Qlik\Sense\Apps\Analise US	-	SAMPLE_VALUE_UPDATING Execution time:  1
Perf	INFO	2021-07-29T15:14:33.424-04:00	599633471890.5	C:\Users\leninne.pirovano\OneDrive - SCHEFFER\Documentos\Qlik\Sense\Apps\Analise US	-	MINMAX
Perf	INFO	2021-07-29T15:14:33.448-04:00	599633496071.6	C:\Users\leninne.pirovano\OneDrive - SCHEFFER\Documentos\Qlik\Sense\Apps\Analise US	-	MINMAX Execution time:  24
Perf	INFO	2021-07-29T15:14:33.448-04:00	599633496290.3	C:\Users\leninne.pirovano\OneDrive - SCHEFFER\Documentos\Qlik\Sense\Apps\Analise US	-	NUMERIC_RATIO
Perf	INFO	2021-07-29T15:14:33.451-04:00	599633499145.9	C:\Users\leninne.pirovano\OneDrive - SCHEFFER\Documentos\Qlik\Sense\Apps\Analise US	-	NUMERIC_RATIO Execution time:  3
Perf	INFO	2021-07-29T15:14:33.451-04:00	599633499389.1	C:\Users\leninne.pirovano\OneDrive - SCHEFFER\Documentos\Qlik\Sense\Apps\Analise US	-	SAMPLES_AND_MIN_MAX Execution time:  135
Perf	INFO	2021-07-29T15:14:33.452-04:00	599633500410.8	C:\Users\leninne.pirovano\OneDrive - SCHEFFER\Documentos\Qlik\Sense\Apps\Analise US	-	CLASSIFICATION_PIPELINE
Perf	INFO	2021-07-29T15:14:33.453-04:00	599633500923.4	C:\Users\leninne.pirovano\OneDrive - SCHEFFER\Documentos\Qlik\Sense\Apps\Analise US	-	Annotation Step: Tokenizer
Perf	INFO	2021-07-29T15:14:33.470-04:00	599633518302.9	C:\Users\leninne.pirovano\OneDrive - SCHEFFER\Documentos\Qlik\Sense\Apps\Analise US	-	Annotation Step: Tokenizer Execution time:  17
Perf	INFO	2021-07-29T15:14:33.471-04:00	599633518553.3	C:\Users\leninne.pirovano\OneDrive - SCHEFFER\Documentos\Qlik\Sense\Apps\Analise US	-	Annotation Step: CaptionDecorator
Perf	INFO	2021-07-29T15:14:33.471-04:00	599633518855.3	C:\Users\leninne.pirovano\OneDrive - SCHEFFER\Documentos\Qlik\Sense\Apps\Analise US	-	Annotation Step: CaptionDecorator Execution time:  0
Perf	INFO	2021-07-29T15:14:33.471-04:00	599633519016.5	C:\Users\leninne.pirovano\OneDrive - SCHEFFER\Documentos\Qlik\Sense\Apps\Analise US	-	Annotation Step: DateTime
Perf	INFO	2021-07-29T15:14:33.472-04:00	599633520055.6	C:\Users\leninne.pirovano\OneDrive - SCHEFFER\Documentos\Qlik\Sense\Apps\Analise US	-	Annotation Step: DateTime Execution time:  1
Perf	INFO	2021-07-29T15:14:33.472-04:00	599633520193.6	C:\Users\leninne.pirovano\OneDrive - SCHEFFER\Documentos\Qlik\Sense\Apps\Analise US	-	Annotation Step: MissingValue
Perf	INFO	2021-07-29T15:14:33.472-04:00	599633520373.6	C:\Users\leninne.pirovano\OneDrive - SCHEFFER\Documentos\Qlik\Sense\Apps\Analise US	-	Annotation Step: MissingValue Execution time:  0
Perf	INFO	2021-07-29T15:14:33.473-04:00	599633520584.5	C:\Users\leninne.pirovano\OneDrive - SCHEFFER\Documentos\Qlik\Sense\Apps\Analise US	-	Annotation Step: CompoundValue
Perf	INFO	2021-07-29T15:14:33.474-04:00	599633521686.2	C:\Users\leninne.pirovano\OneDrive - SCHEFFER\Documentos\Qlik\Sense\Apps\Analise US	-	Annotation Step: CompoundValue Execution time:  1
Perf	INFO	2021-07-29T15:14:33.474-04:00	599633521847.8	C:\Users\leninne.pirovano\OneDrive - SCHEFFER\Documentos\Qlik\Sense\Apps\Analise US	-	Annotation Step: RecommendedDataType
Perf	INFO	2021-07-29T15:14:33.475-04:00	599633522627.2	C:\Users\leninne.pirovano\OneDrive - SCHEFFER\Documentos\Qlik\Sense\Apps\Analise US	-	Annotation Step: RecommendedDataType Execution time:  1
Perf	INFO	2021-07-29T15:14:33.475-04:00	599633522773.7	C:\Users\leninne.pirovano\OneDrive - SCHEFFER\Documentos\Qlik\Sense\Apps\Analise US	-	Annotation Step: ValueDecorator
Perf	INFO	2021-07-29T15:14:33.475-04:00	599633523386.7	C:\Users\leninne.pirovano\OneDrive - SCHEFFER\Documentos\Qlik\Sense\Apps\Analise US	-	Annotation Step: ValueDecorator Execution time:  0
Perf	INFO	2021-07-29T15:14:33.476-04:00	599633523883.6	C:\Users\leninne.pirovano\OneDrive - SCHEFFER\Documentos\Qlik\Sense\Apps\Analise US	-	Annotation Step: SemanticClassifier
Perf	INFO	2021-07-29T15:14:33.496-04:00	599633544152.5	C:\Users\leninne.pirovano\OneDrive - SCHEFFER\Documentos\Qlik\Sense\Apps\Analise US	-	Annotation Step: SemanticClassifier Execution time:  20
Perf	INFO	2021-07-29T15:14:33.497-04:00	599633544625.6	C:\Users\leninne.pirovano\OneDrive - SCHEFFER\Documentos\Qlik\Sense\Apps\Analise US	-	Annotation Step: AdhocTransformations
Perf	INFO	2021-07-29T15:14:33.498-04:00	599633545632.8	C:\Users\leninne.pirovano\OneDrive - SCHEFFER\Documentos\Qlik\Sense\Apps\Analise US	-	Annotation Step: AdhocTransformations Execution time:  0
Perf	INFO	2021-07-29T15:14:33.499-04:00	599633546885.4	C:\Users\leninne.pirovano\OneDrive - SCHEFFER\Documentos\Qlik\Sense\Apps\Analise US	-	Annotation Step: AdhocCompoundValue
Perf	INFO	2021-07-29T15:14:33.499-04:00	599633547246.2	C:\Users\leninne.pirovano\OneDrive - SCHEFFER\Documentos\Qlik\Sense\Apps\Analise US	-	Annotation Step: AdhocCompoundValue Execution time:  0
Perf	INFO	2021-07-29T15:14:33.500-04:00	599633547477.4	C:\Users\leninne.pirovano\OneDrive - SCHEFFER\Documentos\Qlik\Sense\Apps\Analise US	-	Annotation Step: ValueBasedGeoClassifier
Perf	INFO	2021-07-29T15:14:33.520-04:00	599633567555.8	C:\Users\leninne.pirovano\OneDrive - SCHEFFER\Documentos\Qlik\Sense\Apps\Analise US	-	Annotation Step: ValueBasedGeoClassifier Execution time:  20
Perf	INFO	2021-07-29T15:14:33.520-04:00	599633567803.1	C:\Users\leninne.pirovano\OneDrive - SCHEFFER\Documentos\Qlik\Sense\Apps\Analise US	-	Annotation Step: CrossDatasetClassifier
Perf	INFO	2021-07-29T15:14:33.520-04:00	599633568153.3	C:\Users\leninne.pirovano\OneDrive - SCHEFFER\Documentos\Qlik\Sense\Apps\Analise US	-	Annotation Step: CrossDatasetClassifier Execution time:  0
Perf	INFO	2021-07-29T15:14:33.520-04:00	599633568352.6	C:\Users\leninne.pirovano\OneDrive - SCHEFFER\Documentos\Qlik\Sense\Apps\Analise US	-	Annotation Step: TimeBoundMeasureFinder
Perf	INFO	2021-07-29T15:14:33.521-04:00	599633568598.3	C:\Users\leninne.pirovano\OneDrive - SCHEFFER\Documentos\Qlik\Sense\Apps\Analise US	-	Annotation Step: TimeBoundMeasureFinder Execution time:  0
Perf	INFO	2021-07-29T15:14:33.521-04:00	599633568771.4	C:\Users\leninne.pirovano\OneDrive - SCHEFFER\Documentos\Qlik\Sense\Apps\Analise US	-	CLASSIFICATION_PIPELINE Execution time:  68
Perf	INFO	2021-07-29T15:14:33.521-04:00	599633568945.4	C:\Users\leninne.pirovano\OneDrive - SCHEFFER\Documentos\Qlik\Sense\Apps\Analise US	-	INIT_ANNOTATION_BOARD_TABLE_FIELDS: Tables&Fields Execution time:  221
Perf	INFO	2021-07-29T15:14:33.525-04:00	599633572596.9	C:\Users\leninne.pirovano\OneDrive - SCHEFFER\Documentos\Qlik\Sense\Apps\Analise US	-	GetClassificationHandler::execute
Perf	INFO	2021-07-29T15:14:33.525-04:00	599633572959.3	C:\Users\leninne.pirovano\OneDrive - SCHEFFER\Documentos\Qlik\Sense\Apps\Analise US	-	{"value":"OPEN_DATA_MANAGER_CORE","steps":[{"value":"GET_FEATURE_FLAGS","steps":[],"duration_ms":0},{"value":"QUERY_BUSINESS_MODEL","steps":[],"duration_ms":0},{"value":"ANNOTATION_QUEUE","steps":[],"duration_ms":0},{"value":"INIT_ANNOTATION_BOARD_TABLE_FIELDS: Tables&Fields","steps":[{"value":"GET_TABLES_AND_KEYS","steps":[],"duration_ms":14},{"value":"CALCULATE_FIELDS_FOR_NOT_FOUND_AND_TRANSFORMED: Field count: 97","steps":[],"duration_ms":0},{"value":"SAMPLES_AND_MIN_MAX","steps":[{"value":"SAMPLE_VALUE_RETRIEVAL: Field count: 76","steps":[],"duration_ms":101},{"value":"SAMPLE_VALUE_UPDATING","steps":[],"duration_ms":1},{"value":"MINMAX","steps":[],"duration_ms":24},{"value":"NUMERIC_RATIO","steps":[],"duration_ms":3}],"duration_ms":135},{"value":"CLASSIFICATION_PIPELINE","steps":[{"value":"Annotation Step: Tokenizer","steps":[],"duration_ms":17},{"value":"Annotation Step: CaptionDecorator","steps":[],"duration_ms":0},{"value":"Annotation Step: DateTime","steps":[],"duration_ms":1},{"value":"Annotation Step: MissingValue","steps":[],"duration_ms":0},{"value":"Annotation Step: CompoundValue","steps":[],"duration_ms":1},{"value":"Annotation Step: RecommendedDataType","steps":[],"duration_ms":1},{"value":"Annotation Step: ValueDecorator","steps":[],"duration_ms":0},{"value":"Annotation Step: SemanticClassifier","steps":[],"duration_ms":20},{"value":"Annotation Step: AdhocTransformations","steps":[],"duration_ms":0},{"value":"Annotation Step: AdhocCompoundValue","steps":[],"duration_ms":0},{"value":"Annotation Step: ValueBasedGeoClassifier","steps":[],"duration_ms":20},{"value":"Annotation Step: CrossDatasetClassifier","steps":[],"duration_ms":0},{"value":"Annotation Step: TimeBoundMeasureFinder","steps":[],"duration_ms":0}],"duration_ms":68}],"duration_ms":221}],"duration_ms":1}
Perf	INFO	2021-07-29T15:21:22.026-04:00	600042073714.8	C:\Users\leninne.pirovano\OneDrive - SCHEFFER\Documentos\Qlik\Sense\Apps\Analise US	-	OPEN_DATA_MANAGER_CORE
Perf	INFO	2021-07-29T15:21:22.026-04:00	600042074136	C:\Users\leninne.pirovano\OneDrive - SCHEFFER\Documentos\Qlik\Sense\Apps\Analise US	-	OPEN_DATA_MANAGER_CORE Execution time:  0
Perf	INFO	2021-07-29T15:21:22.026-04:00	600042074429	C:\Users\leninne.pirovano\OneDrive - SCHEFFER\Documentos\Qlik\Sense\Apps\Analise US	-	GET_FEATURE_FLAGS
Perf	INFO	2021-07-29T15:21:22.027-04:00	600042074766.3	C:\Users\leninne.pirovano\OneDrive - SCHEFFER\Documentos\Qlik\Sense\Apps\Analise US	-	GET_FEATURE_FLAGS Execution time:  0
Perf	INFO	2021-07-29T15:21:22.027-04:00	600042075409.7	C:\Users\leninne.pirovano\OneDrive - SCHEFFER\Documentos\Qlik\Sense\Apps\Analise US	-	QUERY_BUSINESS_MODEL
Perf	INFO	2021-07-29T15:21:22.028-04:00	600042075748.3	C:\Users\leninne.pirovano\OneDrive - SCHEFFER\Documentos\Qlik\Sense\Apps\Analise US	-	QUERY_BUSINESS_MODEL Execution time:  0
Perf	INFO	2021-07-29T15:21:22.028-04:00	600042076135.5	C:\Users\leninne.pirovano\OneDrive - SCHEFFER\Documentos\Qlik\Sense\Apps\Analise US	-	ANNOTATION_QUEUE
Perf	INFO	2021-07-29T15:21:22.028-04:00	600042076434.4	C:\Users\leninne.pirovano\OneDrive - SCHEFFER\Documentos\Qlik\Sense\Apps\Analise US	-	ANNOTATION_QUEUE Execution time:  0
Perf	INFO	2021-07-29T15:21:22.029-04:00	600042077362.7	C:\Users\leninne.pirovano\OneDrive - SCHEFFER\Documentos\Qlik\Sense\Apps\Analise US	-	INIT_ANNOTATION_BOARD_TABLE_FIELDS: Tables&Fields
Perf	INFO	2021-07-29T15:21:22.029-04:00	600042077634.5	C:\Users\leninne.pirovano\OneDrive - SCHEFFER\Documentos\Qlik\Sense\Apps\Analise US	-	GET_TABLES_AND_KEYS
Perf	INFO	2021-07-29T15:21:22.031-04:00	600042079240	C:\Users\leninne.pirovano\OneDrive - SCHEFFER\Documentos\Qlik\Sense\Apps\Analise US	-	GET_TABLES_AND_KEYS Execution time:  1
Perf	INFO	2021-07-29T15:21:22.032-04:00	600042080235.8	C:\Users\leninne.pirovano\OneDrive - SCHEFFER\Documentos\Qlik\Sense\Apps\Analise US	-	CALCULATE_FIELDS_FOR_NOT_FOUND_AND_TRANSFORMED: Field count: 98
Perf	INFO	2021-07-29T15:21:22.032-04:00	600042080431.9	C:\Users\leninne.pirovano\OneDrive - SCHEFFER\Documentos\Qlik\Sense\Apps\Analise US	-	CALCULATE_FIELDS_FOR_NOT_FOUND_AND_TRANSFORMED: Field count: 98 Execution time:  0
Perf	INFO	2021-07-29T15:21:22.032-04:00	600042080592.9	C:\Users\leninne.pirovano\OneDrive - SCHEFFER\Documentos\Qlik\Sense\Apps\Analise US	-	SAMPLES_AND_MIN_MAX
Perf	INFO	2021-07-29T15:21:22.033-04:00	600042081233.2	C:\Users\leninne.pirovano\OneDrive - SCHEFFER\Documentos\Qlik\Sense\Apps\Analise US	-	SAMPLE_VALUE_RETRIEVAL: Field count: 75
Perf	INFO	2021-07-29T15:21:22.115-04:00	600042162707.5	C:\Users\leninne.pirovano\OneDrive - SCHEFFER\Documentos\Qlik\Sense\Apps\Analise US	-	SAMPLE_VALUE_RETRIEVAL: Field count: 75 Execution time:  81
Perf	INFO	2021-07-29T15:21:22.115-04:00	600042163228.7	C:\Users\leninne.pirovano\OneDrive - SCHEFFER\Documentos\Qlik\Sense\Apps\Analise US	-	SAMPLE_VALUE_UPDATING
Perf	INFO	2021-07-29T15:21:22.117-04:00	600042165408.5	C:\Users\leninne.pirovano\OneDrive - SCHEFFER\Documentos\Qlik\Sense\Apps\Analise US	-	SAMPLE_VALUE_UPDATING Execution time:  2
Perf	INFO	2021-07-29T15:21:22.119-04:00	600042167510.5	C:\Users\leninne.pirovano\OneDrive - SCHEFFER\Documentos\Qlik\Sense\Apps\Analise US	-	MINMAX
Perf	INFO	2021-07-29T15:21:22.150-04:00	600042198494.3	C:\Users\leninne.pirovano\OneDrive - SCHEFFER\Documentos\Qlik\Sense\Apps\Analise US	-	MINMAX Execution time:  30
Perf	INFO	2021-07-29T15:21:22.151-04:00	600042198879.3	C:\Users\leninne.pirovano\OneDrive - SCHEFFER\Documentos\Qlik\Sense\Apps\Analise US	-	NUMERIC_RATIO
Perf	INFO	2021-07-29T15:21:22.153-04:00	600042200914.8	C:\Users\leninne.pirovano\OneDrive - SCHEFFER\Documentos\Qlik\Sense\Apps\Analise US	-	NUMERIC_RATIO Execution time:  2
Perf	INFO	2021-07-29T15:21:22.153-04:00	600042201399.2	C:\Users\leninne.pirovano\OneDrive - SCHEFFER\Documentos\Qlik\Sense\Apps\Analise US	-	SAMPLES_AND_MIN_MAX Execution time:  120
Perf	INFO	2021-07-29T15:21:22.155-04:00	600042203055.1	C:\Users\leninne.pirovano\OneDrive - SCHEFFER\Documentos\Qlik\Sense\Apps\Analise US	-	CLASSIFICATION_PIPELINE
Perf	INFO	2021-07-29T15:21:22.155-04:00	600042203614.2	C:\Users\leninne.pirovano\OneDrive - SCHEFFER\Documentos\Qlik\Sense\Apps\Analise US	-	Annotation Step: Tokenizer
Perf	INFO	2021-07-29T15:21:22.168-04:00	600042215775.7	C:\Users\leninne.pirovano\OneDrive - SCHEFFER\Documentos\Qlik\Sense\Apps\Analise US	-	Annotation Step: Tokenizer Execution time:  12
Perf	INFO	2021-07-29T15:21:22.168-04:00	600042216045.4	C:\Users\leninne.pirovano\OneDrive - SCHEFFER\Documentos\Qlik\Sense\Apps\Analise US	-	Annotation Step: CaptionDecorator
Perf	INFO	2021-07-29T15:21:22.169-04:00	600042216917.9	C:\Users\leninne.pirovano\OneDrive - SCHEFFER\Documentos\Qlik\Sense\Apps\Analise US	-	Annotation Step: CaptionDecorator Execution time:  1
Perf	INFO	2021-07-29T15:21:22.169-04:00	600042217264.4	C:\Users\leninne.pirovano\OneDrive - SCHEFFER\Documentos\Qlik\Sense\Apps\Analise US	-	Annotation Step: DateTime
Perf	INFO	2021-07-29T15:21:22.170-04:00	600042218210.7	C:\Users\leninne.pirovano\OneDrive - SCHEFFER\Documentos\Qlik\Sense\Apps\Analise US	-	Annotation Step: DateTime Execution time:  1
Perf	INFO	2021-07-29T15:21:22.170-04:00	600042218530.9	C:\Users\leninne.pirovano\OneDrive - SCHEFFER\Documentos\Qlik\Sense\Apps\Analise US	-	Annotation Step: MissingValue
Perf	INFO	2021-07-29T15:21:22.171-04:00	600042219034.5	C:\Users\leninne.pirovano\OneDrive - SCHEFFER\Documentos\Qlik\Sense\Apps\Analise US	-	Annotation Step: MissingValue Execution time:  0
Perf	INFO	2021-07-29T15:21:22.171-04:00	600042219312.4	C:\Users\leninne.pirovano\OneDrive - SCHEFFER\Documentos\Qlik\Sense\Apps\Analise US	-	Annotation Step: CompoundValue
Perf	INFO	2021-07-29T15:21:22.172-04:00	600042220278.1	C:\Users\leninne.pirovano\OneDrive - SCHEFFER\Documentos\Qlik\Sense\Apps\Analise US	-	Annotation Step: CompoundValue Execution time:  1
Perf	INFO	2021-07-29T15:21:22.172-04:00	600042220448	C:\Users\leninne.pirovano\OneDrive - SCHEFFER\Documentos\Qlik\Sense\Apps\Analise US	-	Annotation Step: RecommendedDataType
Perf	INFO	2021-07-29T15:21:22.173-04:00	600042220827.8	C:\Users\leninne.pirovano\OneDrive - SCHEFFER\Documentos\Qlik\Sense\Apps\Analise US	-	Annotation Step: RecommendedDataType Execution time:  1
Perf	INFO	2021-07-29T15:21:22.173-04:00	600042220995.1	C:\Users\leninne.pirovano\OneDrive - SCHEFFER\Documentos\Qlik\Sense\Apps\Analise US	-	Annotation Step: ValueDecorator
Perf	INFO	2021-07-29T15:21:22.174-04:00	600042221701.7	C:\Users\leninne.pirovano\OneDrive - SCHEFFER\Documentos\Qlik\Sense\Apps\Analise US	-	Annotation Step: ValueDecorator Execution time:  1
Perf	INFO	2021-07-29T15:21:22.174-04:00	600042221835	C:\Users\leninne.pirovano\OneDrive - SCHEFFER\Documentos\Qlik\Sense\Apps\Analise US	-	Annotation Step: SemanticClassifier
Perf	INFO	2021-07-29T15:21:22.185-04:00	600042233502	C:\Users\leninne.pirovano\OneDrive - SCHEFFER\Documentos\Qlik\Sense\Apps\Analise US	-	Annotation Step: SemanticClassifier Execution time:  11
Perf	INFO	2021-07-29T15:21:22.186-04:00	600042234115.8	C:\Users\leninne.pirovano\OneDrive - SCHEFFER\Documentos\Qlik\Sense\Apps\Analise US	-	Annotation Step: AdhocTransformations
Perf	INFO	2021-07-29T15:21:22.187-04:00	600042235056.8	C:\Users\leninne.pirovano\OneDrive - SCHEFFER\Documentos\Qlik\Sense\Apps\Analise US	-	Annotation Step: AdhocTransformations Execution time:  0
Perf	INFO	2021-07-29T15:21:22.187-04:00	600042235350.2	C:\Users\leninne.pirovano\OneDrive - SCHEFFER\Documentos\Qlik\Sense\Apps\Analise US	-	Annotation Step: AdhocCompoundValue
Perf	INFO	2021-07-29T15:21:22.189-04:00	600042236809.1	C:\Users\leninne.pirovano\OneDrive - SCHEFFER\Documentos\Qlik\Sense\Apps\Analise US	-	Annotation Step: AdhocCompoundValue Execution time:  2
Perf	INFO	2021-07-29T15:21:22.189-04:00	600042237117.1	C:\Users\leninne.pirovano\OneDrive - SCHEFFER\Documentos\Qlik\Sense\Apps\Analise US	-	Annotation Step: ValueBasedGeoClassifier
Perf	INFO	2021-07-29T15:21:22.190-04:00	600042237895.6	C:\Users\leninne.pirovano\OneDrive - SCHEFFER\Documentos\Qlik\Sense\Apps\Analise US	-	Annotation Step: ValueBasedGeoClassifier Execution time:  1
Perf	INFO	2021-07-29T15:21:22.190-04:00	600042238078.2	C:\Users\leninne.pirovano\OneDrive - SCHEFFER\Documentos\Qlik\Sense\Apps\Analise US	-	Annotation Step: CrossDatasetClassifier
Perf	INFO	2021-07-29T15:21:22.190-04:00	600042238365.9	C:\Users\leninne.pirovano\OneDrive - SCHEFFER\Documentos\Qlik\Sense\Apps\Analise US	-	Annotation Step: CrossDatasetClassifier Execution time:  0
Perf	INFO	2021-07-29T15:21:22.190-04:00	600042238492.9	C:\Users\leninne.pirovano\OneDrive - SCHEFFER\Documentos\Qlik\Sense\Apps\Analise US	-	Annotation Step: TimeBoundMeasureFinder
Perf	INFO	2021-07-29T15:21:22.191-04:00	600042238836.8	C:\Users\leninne.pirovano\OneDrive - SCHEFFER\Documentos\Qlik\Sense\Apps\Analise US	-	Annotation Step: TimeBoundMeasureFinder Execution time:  1
Perf	INFO	2021-07-29T15:21:22.191-04:00	600042239324.8	C:\Users\leninne.pirovano\OneDrive - SCHEFFER\Documentos\Qlik\Sense\Apps\Analise US	-	CLASSIFICATION_PIPELINE Execution time:  36
Perf	INFO	2021-07-29T15:21:22.191-04:00	600042239504.9	C:\Users\leninne.pirovano\OneDrive - SCHEFFER\Documentos\Qlik\Sense\Apps\Analise US	-	INIT_ANNOTATION_BOARD_TABLE_FIELDS: Tables&Fields Execution time:  162
Perf	INFO	2021-07-29T15:21:22.192-04:00	600042239933.7	C:\Users\leninne.pirovano\OneDrive - SCHEFFER\Documentos\Qlik\Sense\Apps\Analise US	-	GetClassificationHandler::execute
Perf	INFO	2021-07-29T15:21:22.192-04:00	600042240116.1	C:\Users\leninne.pirovano\OneDrive - SCHEFFER\Documentos\Qlik\Sense\Apps\Analise US	-	{"value":"OPEN_DATA_MANAGER_CORE","steps":[{"value":"GET_FEATURE_FLAGS","steps":[],"duration_ms":0},{"value":"QUERY_BUSINESS_MODEL","steps":[],"duration_ms":0},{"value":"ANNOTATION_QUEUE","steps":[],"duration_ms":0},{"value":"INIT_ANNOTATION_BOARD_TABLE_FIELDS: Tables&Fields","steps":[{"value":"GET_TABLES_AND_KEYS","steps":[],"duration_ms":1},{"value":"CALCULATE_FIELDS_FOR_NOT_FOUND_AND_TRANSFORMED: Field count: 98","steps":[],"duration_ms":0},{"value":"SAMPLES_AND_MIN_MAX","steps":[{"value":"SAMPLE_VALUE_RETRIEVAL: Field count: 75","steps":[],"duration_ms":81},{"value":"SAMPLE_VALUE_UPDATING","steps":[],"duration_ms":2},{"value":"MINMAX","steps":[],"duration_ms":30},{"value":"NUMERIC_RATIO","steps":[],"duration_ms":2}],"duration_ms":120},{"value":"CLASSIFICATION_PIPELINE","steps":[{"value":"Annotation Step: Tokenizer","steps":[],"duration_ms":12},{"value":"Annotation Step: CaptionDecorator","steps":[],"duration_ms":1},{"value":"Annotation Step: DateTime","steps":[],"duration_ms":1},{"value":"Annotation Step: MissingValue","steps":[],"duration_ms":0},{"value":"Annotation Step: CompoundValue","steps":[],"duration_ms":1},{"value":"Annotation Step: RecommendedDataType","steps":[],"duration_ms":1},{"value":"Annotation Step: ValueDecorator","steps":[],"duration_ms":1},{"value":"Annotation Step: SemanticClassifier","steps":[],"duration_ms":11},{"value":"Annotation Step: AdhocTransformations","steps":[],"duration_ms":0},{"value":"Annotation Step: AdhocCompoundValue","steps":[],"duration_ms":2},{"value":"Annotation Step: ValueBasedGeoClassifier","steps":[],"duration_ms":1},{"value":"Annotation Step: CrossDatasetClassifier","steps":[],"duration_ms":0},{"value":"Annotation Step: TimeBoundMeasureFinder","steps":[],"duration_ms":1}],"duration_ms":36}],"duration_ms":162}],"duration_ms":0}
Perf	INFO	2021-07-29T15:31:16.444-04:00	600636490074.4	C:\Users\leninne.pirovano\OneDrive - SCHEFFER\Documentos\Qlik\Sense\Apps\Analise US	-	OPEN_DATA_MANAGER_CORE
Perf	INFO	2021-07-29T15:31:16.444-04:00	600636490329.1	C:\Users\leninne.pirovano\OneDrive - SCHEFFER\Documentos\Qlik\Sense\Apps\Analise US	-	OPEN_DATA_MANAGER_CORE Execution time:  0
Perf	INFO	2021-07-29T15:31:16.444-04:00	600636490515.9	C:\Users\leninne.pirovano\OneDrive - SCHEFFER\Documentos\Qlik\Sense\Apps\Analise US	-	GET_FEATURE_FLAGS
Perf	INFO	2021-07-29T15:31:16.445-04:00	600636490726.3	C:\Users\leninne.pirovano\OneDrive - SCHEFFER\Documentos\Qlik\Sense\Apps\Analise US	-	GET_FEATURE_FLAGS Execution time:  0
Perf	INFO	2021-07-29T15:31:16.445-04:00	600636490913.9	C:\Users\leninne.pirovano\OneDrive - SCHEFFER\Documentos\Qlik\Sense\Apps\Analise US	-	QUERY_BUSINESS_MODEL
Perf	INFO	2021-07-29T15:31:16.445-04:00	600636491490.7	C:\Users\leninne.pirovano\OneDrive - SCHEFFER\Documentos\Qlik\Sense\Apps\Analise US	-	QUERY_BUSINESS_MODEL Execution time:  0
Perf	INFO	2021-07-29T15:31:16.446-04:00	600636491706.7	C:\Users\leninne.pirovano\OneDrive - SCHEFFER\Documentos\Qlik\Sense\Apps\Analise US	-	ANNOTATION_QUEUE
Perf	INFO	2021-07-29T15:31:16.446-04:00	600636492425.6	C:\Users\leninne.pirovano\OneDrive - SCHEFFER\Documentos\Qlik\Sense\Apps\Analise US	-	ANNOTATION_QUEUE Execution time:  0
Perf	INFO	2021-07-29T15:31:16.447-04:00	600636493389.6	C:\Users\leninne.pirovano\OneDrive - SCHEFFER\Documentos\Qlik\Sense\Apps\Analise US	-	INIT_ANNOTATION_BOARD_TABLE_FIELDS: Tables&Fields
Perf	INFO	2021-07-29T15:31:16.447-04:00	600636493577.2	C:\Users\leninne.pirovano\OneDrive - SCHEFFER\Documentos\Qlik\Sense\Apps\Analise US	-	GET_TABLES_AND_KEYS
Perf	INFO	2021-07-29T15:31:16.449-04:00	600636495507.8	C:\Users\leninne.pirovano\OneDrive - SCHEFFER\Documentos\Qlik\Sense\Apps\Analise US	-	GET_TABLES_AND_KEYS Execution time:  1
Perf	INFO	2021-07-29T15:31:16.450-04:00	600636495934.3	C:\Users\leninne.pirovano\OneDrive - SCHEFFER\Documentos\Qlik\Sense\Apps\Analise US	-	CALCULATE_FIELDS_FOR_NOT_FOUND_AND_TRANSFORMED: Field count: 102
Perf	INFO	2021-07-29T15:31:16.450-04:00	600636496073.2	C:\Users\leninne.pirovano\OneDrive - SCHEFFER\Documentos\Qlik\Sense\Apps\Analise US	-	CALCULATE_FIELDS_FOR_NOT_FOUND_AND_TRANSFORMED: Field count: 102 Execution time:  0
Perf	INFO	2021-07-29T15:31:16.450-04:00	600636496243.9	C:\Users\leninne.pirovano\OneDrive - SCHEFFER\Documentos\Qlik\Sense\Apps\Analise US	-	SAMPLES_AND_MIN_MAX
Perf	INFO	2021-07-29T15:31:16.451-04:00	600636496768.9	C:\Users\leninne.pirovano\OneDrive - SCHEFFER\Documentos\Qlik\Sense\Apps\Analise US	-	SAMPLE_VALUE_RETRIEVAL: Field count: 75
Perf	INFO	2021-07-29T15:31:16.507-04:00	600636552687.7	C:\Users\leninne.pirovano\OneDrive - SCHEFFER\Documentos\Qlik\Sense\Apps\Analise US	-	SAMPLE_VALUE_RETRIEVAL: Field count: 75 Execution time:  55
Perf	INFO	2021-07-29T15:31:16.507-04:00	600636552993.2	C:\Users\leninne.pirovano\OneDrive - SCHEFFER\Documentos\Qlik\Sense\Apps\Analise US	-	SAMPLE_VALUE_UPDATING
Perf	INFO	2021-07-29T15:31:16.508-04:00	600636553962.8	C:\Users\leninne.pirovano\OneDrive - SCHEFFER\Documentos\Qlik\Sense\Apps\Analise US	-	SAMPLE_VALUE_UPDATING Execution time:  1
Perf	INFO	2021-07-29T15:31:16.509-04:00	600636555270.2	C:\Users\leninne.pirovano\OneDrive - SCHEFFER\Documentos\Qlik\Sense\Apps\Analise US	-	MINMAX
Perf	INFO	2021-07-29T15:31:16.533-04:00	600636579393.9	C:\Users\leninne.pirovano\OneDrive - SCHEFFER\Documentos\Qlik\Sense\Apps\Analise US	-	MINMAX Execution time:  23
Perf	INFO	2021-07-29T15:31:16.534-04:00	600636579650.8	C:\Users\leninne.pirovano\OneDrive - SCHEFFER\Documentos\Qlik\Sense\Apps\Analise US	-	NUMERIC_RATIO
Perf	INFO	2021-07-29T15:31:16.535-04:00	600636581209	C:\Users\leninne.pirovano\OneDrive - SCHEFFER\Documentos\Qlik\Sense\Apps\Analise US	-	NUMERIC_RATIO Execution time:  1
Perf	INFO	2021-07-29T15:31:16.535-04:00	600636581453.5	C:\Users\leninne.pirovano\OneDrive - SCHEFFER\Documentos\Qlik\Sense\Apps\Analise US	-	SAMPLES_AND_MIN_MAX Execution time:  85
Perf	INFO	2021-07-29T15:31:16.536-04:00	600636582460.4	C:\Users\leninne.pirovano\OneDrive - SCHEFFER\Documentos\Qlik\Sense\Apps\Analise US	-	CLASSIFICATION_PIPELINE
Perf	INFO	2021-07-29T15:31:16.537-04:00	600636582642.4	C:\Users\leninne.pirovano\OneDrive - SCHEFFER\Documentos\Qlik\Sense\Apps\Analise US	-	Annotation Step: Tokenizer
Perf	INFO	2021-07-29T15:31:16.546-04:00	600636591984.3	C:\Users\leninne.pirovano\OneDrive - SCHEFFER\Documentos\Qlik\Sense\Apps\Analise US	-	Annotation Step: Tokenizer Execution time:  9
Perf	INFO	2021-07-29T15:31:16.546-04:00	600636592291.4	C:\Users\leninne.pirovano\OneDrive - SCHEFFER\Documentos\Qlik\Sense\Apps\Analise US	-	Annotation Step: CaptionDecorator
Perf	INFO	2021-07-29T15:31:16.546-04:00	600636592597.4	C:\Users\leninne.pirovano\OneDrive - SCHEFFER\Documentos\Qlik\Sense\Apps\Analise US	-	Annotation Step: CaptionDecorator Execution time:  0
Perf	INFO	2021-07-29T15:31:16.547-04:00	600636592769.6	C:\Users\leninne.pirovano\OneDrive - SCHEFFER\Documentos\Qlik\Sense\Apps\Analise US	-	Annotation Step: DateTime
Perf	INFO	2021-07-29T15:31:16.547-04:00	600636593354.3	C:\Users\leninne.pirovano\OneDrive - SCHEFFER\Documentos\Qlik\Sense\Apps\Analise US	-	Annotation Step: DateTime Execution time:  0
Perf	INFO	2021-07-29T15:31:16.547-04:00	600636593514.8	C:\Users\leninne.pirovano\OneDrive - SCHEFFER\Documentos\Qlik\Sense\Apps\Analise US	-	Annotation Step: MissingValue
Perf	INFO	2021-07-29T15:31:16.548-04:00	600636593732.1	C:\Users\leninne.pirovano\OneDrive - SCHEFFER\Documentos\Qlik\Sense\Apps\Analise US	-	Annotation Step: MissingValue Execution time:  0
Perf	INFO	2021-07-29T15:31:16.548-04:00	600636593905.2	C:\Users\leninne.pirovano\OneDrive - SCHEFFER\Documentos\Qlik\Sense\Apps\Analise US	-	Annotation Step: CompoundValue
Perf	INFO	2021-07-29T15:31:16.549-04:00	600636594731.7	C:\Users\leninne.pirovano\OneDrive - SCHEFFER\Documentos\Qlik\Sense\Apps\Analise US	-	Annotation Step: CompoundValue Execution time:  1
Perf	INFO	2021-07-29T15:31:16.549-04:00	600636594934.8	C:\Users\leninne.pirovano\OneDrive - SCHEFFER\Documentos\Qlik\Sense\Apps\Analise US	-	Annotation Step: RecommendedDataType
Perf	INFO	2021-07-29T15:31:16.549-04:00	600636595298.3	C:\Users\leninne.pirovano\OneDrive - SCHEFFER\Documentos\Qlik\Sense\Apps\Analise US	-	Annotation Step: RecommendedDataType Execution time:  0
Perf	INFO	2021-07-29T15:31:16.549-04:00	600636595498.5	C:\Users\leninne.pirovano\OneDrive - SCHEFFER\Documentos\Qlik\Sense\Apps\Analise US	-	Annotation Step: ValueDecorator
Perf	INFO	2021-07-29T15:31:16.550-04:00	600636595948.6	C:\Users\leninne.pirovano\OneDrive - SCHEFFER\Documentos\Qlik\Sense\Apps\Analise US	-	Annotation Step: ValueDecorator Execution time:  0
Perf	INFO	2021-07-29T15:31:16.550-04:00	600636596157.5	C:\Users\leninne.pirovano\OneDrive - SCHEFFER\Documentos\Qlik\Sense\Apps\Analise US	-	Annotation Step: SemanticClassifier
Perf	INFO	2021-07-29T15:31:16.553-04:00	600636599611.8	C:\Users\leninne.pirovano\OneDrive - SCHEFFER\Documentos\Qlik\Sense\Apps\Analise US	-	Annotation Step: SemanticClassifier Execution time:  3
Perf	INFO	2021-07-29T15:31:16.554-04:00	600636599890.9	C:\Users\leninne.pirovano\OneDrive - SCHEFFER\Documentos\Qlik\Sense\Apps\Analise US	-	Annotation Step: AdhocTransformations
Perf	INFO	2021-07-29T15:31:16.554-04:00	600636600071.9	C:\Users\leninne.pirovano\OneDrive - SCHEFFER\Documentos\Qlik\Sense\Apps\Analise US	-	Annotation Step: AdhocTransformations Execution time:  0
Perf	INFO	2021-07-29T15:31:16.554-04:00	600636600272.6	C:\Users\leninne.pirovano\OneDrive - SCHEFFER\Documentos\Qlik\Sense\Apps\Analise US	-	Annotation Step: AdhocCompoundValue
Perf	INFO	2021-07-29T15:31:16.555-04:00	600636600748.6	C:\Users\leninne.pirovano\OneDrive - SCHEFFER\Documentos\Qlik\Sense\Apps\Analise US	-	Annotation Step: AdhocCompoundValue Execution time:  0
Perf	INFO	2021-07-29T15:31:16.555-04:00	600636600913.4	C:\Users\leninne.pirovano\OneDrive - SCHEFFER\Documentos\Qlik\Sense\Apps\Analise US	-	Annotation Step: ValueBasedGeoClassifier
Perf	INFO	2021-07-29T15:31:16.556-04:00	600636602064.9	C:\Users\leninne.pirovano\OneDrive - SCHEFFER\Documentos\Qlik\Sense\Apps\Analise US	-	Annotation Step: ValueBasedGeoClassifier Execution time:  1
Perf	INFO	2021-07-29T15:31:16.556-04:00	600636602204.3	C:\Users\leninne.pirovano\OneDrive - SCHEFFER\Documentos\Qlik\Sense\Apps\Analise US	-	Annotation Step: CrossDatasetClassifier
Perf	INFO	2021-07-29T15:31:16.556-04:00	600636602470.7	C:\Users\leninne.pirovano\OneDrive - SCHEFFER\Documentos\Qlik\Sense\Apps\Analise US	-	Annotation Step: CrossDatasetClassifier Execution time:  0
Perf	INFO	2021-07-29T15:31:16.556-04:00	600636602601.1	C:\Users\leninne.pirovano\OneDrive - SCHEFFER\Documentos\Qlik\Sense\Apps\Analise US	-	Annotation Step: TimeBoundMeasureFinder
Perf	INFO	2021-07-29T15:31:16.557-04:00	600636602759.2	C:\Users\leninne.pirovano\OneDrive - SCHEFFER\Documentos\Qlik\Sense\Apps\Analise US	-	Annotation Step: TimeBoundMeasureFinder Execution time:  0
Perf	INFO	2021-07-29T15:31:16.557-04:00	600636602882.4	C:\Users\leninne.pirovano\OneDrive - SCHEFFER\Documentos\Qlik\Sense\Apps\Analise US	-	CLASSIFICATION_PIPELINE Execution time:  21
Perf	INFO	2021-07-29T15:31:16.557-04:00	600636603024.7	C:\Users\leninne.pirovano\OneDrive - SCHEFFER\Documentos\Qlik\Sense\Apps\Analise US	-	INIT_ANNOTATION_BOARD_TABLE_FIELDS: Tables&Fields Execution time:  110
Perf	INFO	2021-07-29T15:31:16.557-04:00	600636603298.7	C:\Users\leninne.pirovano\OneDrive - SCHEFFER\Documentos\Qlik\Sense\Apps\Analise US	-	GetClassificationHandler::execute
Perf	INFO	2021-07-29T15:31:16.557-04:00	600636603460.3	C:\Users\leninne.pirovano\OneDrive - SCHEFFER\Documentos\Qlik\Sense\Apps\Analise US	-	{"value":"OPEN_DATA_MANAGER_CORE","steps":[{"value":"GET_FEATURE_FLAGS","steps":[],"duration_ms":0},{"value":"QUERY_BUSINESS_MODEL","steps":[],"duration_ms":0},{"value":"ANNOTATION_QUEUE","steps":[],"duration_ms":0},{"value":"INIT_ANNOTATION_BOARD_TABLE_FIELDS: Tables&Fields","steps":[{"value":"GET_TABLES_AND_KEYS","steps":[],"duration_ms":1},{"value":"CALCULATE_FIELDS_FOR_NOT_FOUND_AND_TRANSFORMED: Field count: 102","steps":[],"duration_ms":0},{"value":"SAMPLES_AND_MIN_MAX","steps":[{"value":"SAMPLE_VALUE_RETRIEVAL: Field count: 75","steps":[],"duration_ms":55},{"value":"SAMPLE_VALUE_UPDATING","steps":[],"duration_ms":1},{"value":"MINMAX","steps":[],"duration_ms":23},{"value":"NUMERIC_RATIO","steps":[],"duration_ms":1}],"duration_ms":85},{"value":"CLASSIFICATION_PIPELINE","steps":[{"value":"Annotation Step: Tokenizer","steps":[],"duration_ms":9},{"value":"Annotation Step: CaptionDecorator","steps":[],"duration_ms":0},{"value":"Annotation Step: DateTime","steps":[],"duration_ms":0},{"value":"Annotation Step: MissingValue","steps":[],"duration_ms":0},{"value":"Annotation Step: CompoundValue","steps":[],"duration_ms":1},{"value":"Annotation Step: RecommendedDataType","steps":[],"duration_ms":0},{"value":"Annotation Step: ValueDecorator","steps":[],"duration_ms":0},{"value":"Annotation Step: SemanticClassifier","steps":[],"duration_ms":3},{"value":"Annotation Step: AdhocTransformations","steps":[],"duration_ms":0},{"value":"Annotation Step: AdhocCompoundValue","steps":[],"duration_ms":0},{"value":"Annotation Step: ValueBasedGeoClassifier","steps":[],"duration_ms":1},{"value":"Annotation Step: CrossDatasetClassifier","steps":[],"duration_ms":0},{"value":"Annotation Step: TimeBoundMeasureFinder","steps":[],"duration_ms":0}],"duration_ms":21}],"duration_ms":110}],"duration_ms":0}
Perf	INFO	2021-07-29T15:33:06.570-04:00	600746615985.1	C:\Users\leninne.pirovano\OneDrive - SCHEFFER\Documentos\Qlik\Sense\Apps\Analise US	-	OPEN_DATA_MANAGER_CORE
Perf	INFO	2021-07-29T15:33:06.570-04:00	600746616211.4	C:\Users\leninne.pirovano\OneDrive - SCHEFFER\Documentos\Qlik\Sense\Apps\Analise US	-	OPEN_DATA_MANAGER_CORE Execution time:  0
Perf	INFO	2021-07-29T15:33:06.571-04:00	600746616409.9	C:\Users\leninne.pirovano\OneDrive - SCHEFFER\Documentos\Qlik\Sense\Apps\Analise US	-	GET_FEATURE_FLAGS
Perf	INFO	2021-07-29T15:33:06.571-04:00	600746616617.7	C:\Users\leninne.pirovano\OneDrive - SCHEFFER\Documentos\Qlik\Sense\Apps\Analise US	-	GET_FEATURE_FLAGS Execution time:  0
Perf	INFO	2021-07-29T15:33:06.571-04:00	600746616802.7	C:\Users\leninne.pirovano\OneDrive - SCHEFFER\Documentos\Qlik\Sense\Apps\Analise US	-	QUERY_BUSINESS_MODEL
Perf	INFO	2021-07-29T15:33:06.571-04:00	600746617007.2	C:\Users\leninne.pirovano\OneDrive - SCHEFFER\Documentos\Qlik\Sense\Apps\Analise US	-	QUERY_BUSINESS_MODEL Execution time:  0
Perf	INFO	2021-07-29T15:33:06.571-04:00	600746617251	C:\Users\leninne.pirovano\OneDrive - SCHEFFER\Documentos\Qlik\Sense\Apps\Analise US	-	ANNOTATION_QUEUE
Perf	INFO	2021-07-29T15:33:06.572-04:00	600746617900.7	C:\Users\leninne.pirovano\OneDrive - SCHEFFER\Documentos\Qlik\Sense\Apps\Analise US	-	ANNOTATION_QUEUE Execution time:  0
Perf	INFO	2021-07-29T15:33:06.574-04:00	600746619422.9	C:\Users\leninne.pirovano\OneDrive - SCHEFFER\Documentos\Qlik\Sense\Apps\Analise US	-	INIT_ANNOTATION_BOARD_TABLE_FIELDS: Tables&Fields
Perf	INFO	2021-07-29T15:33:06.574-04:00	600746619868.5	C:\Users\leninne.pirovano\OneDrive - SCHEFFER\Documentos\Qlik\Sense\Apps\Analise US	-	GET_TABLES_AND_KEYS
Perf	INFO	2021-07-29T15:33:06.575-04:00	600746621298.9	C:\Users\leninne.pirovano\OneDrive - SCHEFFER\Documentos\Qlik\Sense\Apps\Analise US	-	GET_TABLES_AND_KEYS Execution time:  1
Perf	INFO	2021-07-29T15:33:06.577-04:00	600746622353.8	C:\Users\leninne.pirovano\OneDrive - SCHEFFER\Documentos\Qlik\Sense\Apps\Analise US	-	CALCULATE_FIELDS_FOR_NOT_FOUND_AND_TRANSFORMED: Field count: 106
Perf	INFO	2021-07-29T15:33:06.577-04:00	600746622534.5	C:\Users\leninne.pirovano\OneDrive - SCHEFFER\Documentos\Qlik\Sense\Apps\Analise US	-	CALCULATE_FIELDS_FOR_NOT_FOUND_AND_TRANSFORMED: Field count: 106 Execution time:  0
Perf	INFO	2021-07-29T15:33:06.577-04:00	600746622696.4	C:\Users\leninne.pirovano\OneDrive - SCHEFFER\Documentos\Qlik\Sense\Apps\Analise US	-	SAMPLES_AND_MIN_MAX
Perf	INFO	2021-07-29T15:33:06.577-04:00	600746623172.9	C:\Users\leninne.pirovano\OneDrive - SCHEFFER\Documentos\Qlik\Sense\Apps\Analise US	-	SAMPLE_VALUE_RETRIEVAL: Field count: 75
Perf	INFO	2021-07-29T15:33:06.627-04:00	600746673215.7	C:\Users\leninne.pirovano\OneDrive - SCHEFFER\Documentos\Qlik\Sense\Apps\Analise US	-	SAMPLE_VALUE_RETRIEVAL: Field count: 75 Execution time:  50
Perf	INFO	2021-07-29T15:33:06.628-04:00	600746673391	C:\Users\leninne.pirovano\OneDrive - SCHEFFER\Documentos\Qlik\Sense\Apps\Analise US	-	SAMPLE_VALUE_UPDATING
Perf	INFO	2021-07-29T15:33:06.629-04:00	600746674649	C:\Users\leninne.pirovano\OneDrive - SCHEFFER\Documentos\Qlik\Sense\Apps\Analise US	-	SAMPLE_VALUE_UPDATING Execution time:  1
Perf	INFO	2021-07-29T15:33:06.629-04:00	600746675240.6	C:\Users\leninne.pirovano\OneDrive - SCHEFFER\Documentos\Qlik\Sense\Apps\Analise US	-	MINMAX
Perf	INFO	2021-07-29T15:33:06.656-04:00	600746701865.4	C:\Users\leninne.pirovano\OneDrive - SCHEFFER\Documentos\Qlik\Sense\Apps\Analise US	-	MINMAX Execution time:  26
Perf	INFO	2021-07-29T15:33:06.656-04:00	600746702074.6	C:\Users\leninne.pirovano\OneDrive - SCHEFFER\Documentos\Qlik\Sense\Apps\Analise US	-	NUMERIC_RATIO
Perf	INFO	2021-07-29T15:33:06.657-04:00	600746703295.5	C:\Users\leninne.pirovano\OneDrive - SCHEFFER\Documentos\Qlik\Sense\Apps\Analise US	-	NUMERIC_RATIO Execution time:  1
Perf	INFO	2021-07-29T15:33:06.658-04:00	600746703491.1	C:\Users\leninne.pirovano\OneDrive - SCHEFFER\Documentos\Qlik\Sense\Apps\Analise US	-	SAMPLES_AND_MIN_MAX Execution time:  81
Perf	INFO	2021-07-29T15:33:06.658-04:00	600746703932.9	C:\Users\leninne.pirovano\OneDrive - SCHEFFER\Documentos\Qlik\Sense\Apps\Analise US	-	CLASSIFICATION_PIPELINE
Perf	INFO	2021-07-29T15:33:06.658-04:00	600746704090.4	C:\Users\leninne.pirovano\OneDrive - SCHEFFER\Documentos\Qlik\Sense\Apps\Analise US	-	Annotation Step: Tokenizer
Perf	INFO	2021-07-29T15:33:06.664-04:00	600746710018.7	C:\Users\leninne.pirovano\OneDrive - SCHEFFER\Documentos\Qlik\Sense\Apps\Analise US	-	Annotation Step: Tokenizer Execution time:  6
Perf	INFO	2021-07-29T15:33:06.664-04:00	600746710253.5	C:\Users\leninne.pirovano\OneDrive - SCHEFFER\Documentos\Qlik\Sense\Apps\Analise US	-	Annotation Step: CaptionDecorator
Perf	INFO	2021-07-29T15:33:06.665-04:00	600746710610.7	C:\Users\leninne.pirovano\OneDrive - SCHEFFER\Documentos\Qlik\Sense\Apps\Analise US	-	Annotation Step: CaptionDecorator Execution time:  0
Perf	INFO	2021-07-29T15:33:06.665-04:00	600746710817.8	C:\Users\leninne.pirovano\OneDrive - SCHEFFER\Documentos\Qlik\Sense\Apps\Analise US	-	Annotation Step: DateTime
Perf	INFO	2021-07-29T15:33:06.666-04:00	600746711454.9	C:\Users\leninne.pirovano\OneDrive - SCHEFFER\Documentos\Qlik\Sense\Apps\Analise US	-	Annotation Step: DateTime Execution time:  1
Perf	INFO	2021-07-29T15:33:06.666-04:00	600746711627.4	C:\Users\leninne.pirovano\OneDrive - SCHEFFER\Documentos\Qlik\Sense\Apps\Analise US	-	Annotation Step: MissingValue
Perf	INFO	2021-07-29T15:33:06.666-04:00	600746711823.6	C:\Users\leninne.pirovano\OneDrive - SCHEFFER\Documentos\Qlik\Sense\Apps\Analise US	-	Annotation Step: MissingValue Execution time:  0
Perf	INFO	2021-07-29T15:33:06.666-04:00	600746711987.6	C:\Users\leninne.pirovano\OneDrive - SCHEFFER\Documentos\Qlik\Sense\Apps\Analise US	-	Annotation Step: CompoundValue
Perf	INFO	2021-07-29T15:33:06.668-04:00	600746713871.6	C:\Users\leninne.pirovano\OneDrive - SCHEFFER\Documentos\Qlik\Sense\Apps\Analise US	-	Annotation Step: CompoundValue Execution time:  2
Perf	INFO	2021-07-29T15:33:06.668-04:00	600746714045.7	C:\Users\leninne.pirovano\OneDrive - SCHEFFER\Documentos\Qlik\Sense\Apps\Analise US	-	Annotation Step: RecommendedDataType
Perf	INFO	2021-07-29T15:33:06.669-04:00	600746714394.1	C:\Users\leninne.pirovano\OneDrive - SCHEFFER\Documentos\Qlik\Sense\Apps\Analise US	-	Annotation Step: RecommendedDataType Execution time:  1
Perf	INFO	2021-07-29T15:33:06.669-04:00	600746714553.2	C:\Users\leninne.pirovano\OneDrive - SCHEFFER\Documentos\Qlik\Sense\Apps\Analise US	-	Annotation Step: ValueDecorator
Perf	INFO	2021-07-29T15:33:06.670-04:00	600746715515.5	C:\Users\leninne.pirovano\OneDrive - SCHEFFER\Documentos\Qlik\Sense\Apps\Analise US	-	Annotation Step: ValueDecorator Execution time:  1
Perf	INFO	2021-07-29T15:33:06.670-04:00	600746715680.5	C:\Users\leninne.pirovano\OneDrive - SCHEFFER\Documentos\Qlik\Sense\Apps\Analise US	-	Annotation Step: SemanticClassifier
Perf	INFO	2021-07-29T15:33:06.674-04:00	600746719802.7	C:\Users\leninne.pirovano\OneDrive - SCHEFFER\Documentos\Qlik\Sense\Apps\Analise US	-	Annotation Step: SemanticClassifier Execution time:  4
Perf	INFO	2021-07-29T15:33:06.674-04:00	600746720012.1	C:\Users\leninne.pirovano\OneDrive - SCHEFFER\Documentos\Qlik\Sense\Apps\Analise US	-	Annotation Step: AdhocTransformations
Perf	INFO	2021-07-29T15:33:06.674-04:00	600746720245.7	C:\Users\leninne.pirovano\OneDrive - SCHEFFER\Documentos\Qlik\Sense\Apps\Analise US	-	Annotation Step: AdhocTransformations Execution time:  0
Perf	INFO	2021-07-29T15:33:06.675-04:00	600746720477.7	C:\Users\leninne.pirovano\OneDrive - SCHEFFER\Documentos\Qlik\Sense\Apps\Analise US	-	Annotation Step: AdhocCompoundValue
Perf	INFO	2021-07-29T15:33:06.675-04:00	600746720698	C:\Users\leninne.pirovano\OneDrive - SCHEFFER\Documentos\Qlik\Sense\Apps\Analise US	-	Annotation Step: AdhocCompoundValue Execution time:  0
Perf	INFO	2021-07-29T15:33:06.676-04:00	600746721543.6	C:\Users\leninne.pirovano\OneDrive - SCHEFFER\Documentos\Qlik\Sense\Apps\Analise US	-	Annotation Step: ValueBasedGeoClassifier
Perf	INFO	2021-07-29T15:33:06.677-04:00	600746722446.4	C:\Users\leninne.pirovano\OneDrive - SCHEFFER\Documentos\Qlik\Sense\Apps\Analise US	-	Annotation Step: ValueBasedGeoClassifier Execution time:  1
Perf	INFO	2021-07-29T15:33:06.677-04:00	600746722618.7	C:\Users\leninne.pirovano\OneDrive - SCHEFFER\Documentos\Qlik\Sense\Apps\Analise US	-	Annotation Step: CrossDatasetClassifier
Perf	INFO	2021-07-29T15:33:06.677-04:00	600746722906.8	C:\Users\leninne.pirovano\OneDrive - SCHEFFER\Documentos\Qlik\Sense\Apps\Analise US	-	Annotation Step: CrossDatasetClassifier Execution time:  0
Perf	INFO	2021-07-29T15:33:06.677-04:00	600746723069.5	C:\Users\leninne.pirovano\OneDrive - SCHEFFER\Documentos\Qlik\Sense\Apps\Analise US	-	Annotation Step: TimeBoundMeasureFinder
Perf	INFO	2021-07-29T15:33:06.677-04:00	600746723205	C:\Users\leninne.pirovano\OneDrive - SCHEFFER\Documentos\Qlik\Sense\Apps\Analise US	-	Annotation Step: TimeBoundMeasureFinder Execution time:  0
Perf	INFO	2021-07-29T15:33:06.678-04:00	600746723339.6	C:\Users\leninne.pirovano\OneDrive - SCHEFFER\Documentos\Qlik\Sense\Apps\Analise US	-	CLASSIFICATION_PIPELINE Execution time:  20
Perf	INFO	2021-07-29T15:33:06.678-04:00	600746723489.4	C:\Users\leninne.pirovano\OneDrive - SCHEFFER\Documentos\Qlik\Sense\Apps\Analise US	-	INIT_ANNOTATION_BOARD_TABLE_FIELDS: Tables&Fields Execution time:  104
Perf	INFO	2021-07-29T15:33:06.678-04:00	600746723785.6	C:\Users\leninne.pirovano\OneDrive - SCHEFFER\Documentos\Qlik\Sense\Apps\Analise US	-	GetClassificationHandler::execute
Perf	INFO	2021-07-29T15:33:06.678-04:00	600746723955.3	C:\Users\leninne.pirovano\OneDrive - SCHEFFER\Documentos\Qlik\Sense\Apps\Analise US	-	{"value":"OPEN_DATA_MANAGER_CORE","steps":[{"value":"GET_FEATURE_FLAGS","steps":[],"duration_ms":0},{"value":"QUERY_BUSINESS_MODEL","steps":[],"duration_ms":0},{"value":"ANNOTATION_QUEUE","steps":[],"duration_ms":0},{"value":"INIT_ANNOTATION_BOARD_TABLE_FIELDS: Tables&Fields","steps":[{"value":"GET_TABLES_AND_KEYS","steps":[],"duration_ms":1},{"value":"CALCULATE_FIELDS_FOR_NOT_FOUND_AND_TRANSFORMED: Field count: 106","steps":[],"duration_ms":0},{"value":"SAMPLES_AND_MIN_MAX","steps":[{"value":"SAMPLE_VALUE_RETRIEVAL: Field count: 75","steps":[],"duration_ms":50},{"value":"SAMPLE_VALUE_UPDATING","steps":[],"duration_ms":1},{"value":"MINMAX","steps":[],"duration_ms":26},{"value":"NUMERIC_RATIO","steps":[],"duration_ms":1}],"duration_ms":81},{"value":"CLASSIFICATION_PIPELINE","steps":[{"value":"Annotation Step: Tokenizer","steps":[],"duration_ms":6},{"value":"Annotation Step: CaptionDecorator","steps":[],"duration_ms":0},{"value":"Annotation Step: DateTime","steps":[],"duration_ms":1},{"value":"Annotation Step: MissingValue","steps":[],"duration_ms":0},{"value":"Annotation Step: CompoundValue","steps":[],"duration_ms":2},{"value":"Annotation Step: RecommendedDataType","steps":[],"duration_ms":1},{"value":"Annotation Step: ValueDecorator","steps":[],"duration_ms":1},{"value":"Annotation Step: SemanticClassifier","steps":[],"duration_ms":4},{"value":"Annotation Step: AdhocTransformations","steps":[],"duration_ms":0},{"value":"Annotation Step: AdhocCompoundValue","steps":[],"duration_ms":0},{"value":"Annotation Step: ValueBasedGeoClassifier","steps":[],"duration_ms":1},{"value":"Annotation Step: CrossDatasetClassifier","steps":[],"duration_ms":0},{"value":"Annotation Step: TimeBoundMeasureFinder","steps":[],"duration_ms":0}],"duration_ms":20}],"duration_ms":104}],"duration_ms":0}
