Logger	Severity	Date	MicroSeconds	AppId	UserId	Message
Perf	INFO	2021-08-02T13:28:50.897-04:00	250636643599.9	C:\Users\leninne.pirovano\OneDrive - SCHEFFER\Documentos\Qlik\Sense\Apps\Analise US	-	OPEN_DATA_MANAGER_CORE
Perf	INFO	2021-08-02T13:28:50.900-04:00	250636646873.2	C:\Users\leninne.pirovano\OneDrive - SCHEFFER\Documentos\Qlik\Sense\Apps\Analise US	-	OPEN_DATA_MANAGER_CORE Execution time:  3
Perf	INFO	2021-08-02T13:28:50.900-04:00	250636647199.3	C:\Users\leninne.pirovano\OneDrive - SCHEFFER\Documentos\Qlik\Sense\Apps\Analise US	-	GET_FEATURE_FLAGS
Perf	INFO	2021-08-02T13:28:50.901-04:00	250636647494.4	C:\Users\leninne.pirovano\OneDrive - SCHEFFER\Documentos\Qlik\Sense\Apps\Analise US	-	GET_FEATURE_FLAGS Execution time:  0
Perf	INFO	2021-08-02T13:28:50.901-04:00	250636648172.6	C:\Users\leninne.pirovano\OneDrive - SCHEFFER\Documentos\Qlik\Sense\Apps\Analise US	-	QUERY_BUSINESS_MODEL
Perf	INFO	2021-08-02T13:28:50.902-04:00	250636648513.9	C:\Users\leninne.pirovano\OneDrive - SCHEFFER\Documentos\Qlik\Sense\Apps\Analise US	-	QUERY_BUSINESS_MODEL Execution time:  0
Perf	INFO	2021-08-02T13:28:50.902-04:00	250636648933.7	C:\Users\leninne.pirovano\OneDrive - SCHEFFER\Documentos\Qlik\Sense\Apps\Analise US	-	ANNOTATION_QUEUE
Perf	INFO	2021-08-02T13:28:50.902-04:00	250636649243.9	C:\Users\leninne.pirovano\OneDrive - SCHEFFER\Documentos\Qlik\Sense\Apps\Analise US	-	ANNOTATION_QUEUE Execution time:  0
Perf	INFO	2021-08-02T13:28:50.905-04:00	250636652026.6	C:\Users\leninne.pirovano\OneDrive - SCHEFFER\Documentos\Qlik\Sense\Apps\Analise US	-	INIT_ANNOTATION_BOARD_TABLE_FIELDS: Tables&Fields
Perf	INFO	2021-08-02T13:28:50.906-04:00	250636652455.4	C:\Users\leninne.pirovano\OneDrive - SCHEFFER\Documentos\Qlik\Sense\Apps\Analise US	-	GET_TABLES_AND_KEYS
Perf	INFO	2021-08-02T13:28:50.907-04:00	250636654268.2	C:\Users\leninne.pirovano\OneDrive - SCHEFFER\Documentos\Qlik\Sense\Apps\Analise US	-	GET_TABLES_AND_KEYS Execution time:  1
Perf	INFO	2021-08-02T13:28:50.910-04:00	250636656729.1	C:\Users\leninne.pirovano\OneDrive - SCHEFFER\Documentos\Qlik\Sense\Apps\Analise US	-	CALCULATE_FIELDS_FOR_NOT_FOUND_AND_TRANSFORMED: Field count: 106
Perf	INFO	2021-08-02T13:28:50.910-04:00	250636657044.2	C:\Users\leninne.pirovano\OneDrive - SCHEFFER\Documentos\Qlik\Sense\Apps\Analise US	-	CALCULATE_FIELDS_FOR_NOT_FOUND_AND_TRANSFORMED: Field count: 106 Execution time:  0
Perf	INFO	2021-08-02T13:28:50.911-04:00	250636657480.2	C:\Users\leninne.pirovano\OneDrive - SCHEFFER\Documentos\Qlik\Sense\Apps\Analise US	-	SAMPLES_AND_MIN_MAX
Perf	INFO	2021-08-02T13:28:50.913-04:00	250636660025.2	C:\Users\leninne.pirovano\OneDrive - SCHEFFER\Documentos\Qlik\Sense\Apps\Analise US	-	SAMPLE_VALUE_RETRIEVAL: Field count: 75
Perf	INFO	2021-08-02T13:28:50.980-04:00	250636726532.7	C:\Users\leninne.pirovano\OneDrive - SCHEFFER\Documentos\Qlik\Sense\Apps\Analise US	-	SAMPLE_VALUE_RETRIEVAL: Field count: 75 Execution time:  67
Perf	INFO	2021-08-02T13:28:50.980-04:00	250636726790.2	C:\Users\leninne.pirovano\OneDrive - SCHEFFER\Documentos\Qlik\Sense\Apps\Analise US	-	SAMPLE_VALUE_UPDATING
Perf	INFO	2021-08-02T13:28:50.981-04:00	250636727616.4	C:\Users\leninne.pirovano\OneDrive - SCHEFFER\Documentos\Qlik\Sense\Apps\Analise US	-	SAMPLE_VALUE_UPDATING Execution time:  1
Perf	INFO	2021-08-02T13:28:50.982-04:00	250636728891	C:\Users\leninne.pirovano\OneDrive - SCHEFFER\Documentos\Qlik\Sense\Apps\Analise US	-	MINMAX
Perf	INFO	2021-08-02T13:28:51.009-04:00	250636755451.3	C:\Users\leninne.pirovano\OneDrive - SCHEFFER\Documentos\Qlik\Sense\Apps\Analise US	-	MINMAX Execution time:  27
Perf	INFO	2021-08-02T13:28:51.009-04:00	250636755650.9	C:\Users\leninne.pirovano\OneDrive - SCHEFFER\Documentos\Qlik\Sense\Apps\Analise US	-	NUMERIC_RATIO
Perf	INFO	2021-08-02T13:28:51.010-04:00	250636757110.6	C:\Users\leninne.pirovano\OneDrive - SCHEFFER\Documentos\Qlik\Sense\Apps\Analise US	-	NUMERIC_RATIO Execution time:  1
Perf	INFO	2021-08-02T13:28:51.010-04:00	250636757283	C:\Users\leninne.pirovano\OneDrive - SCHEFFER\Documentos\Qlik\Sense\Apps\Analise US	-	SAMPLES_AND_MIN_MAX Execution time:  99
Perf	INFO	2021-08-02T13:28:51.012-04:00	250636759293.6	C:\Users\leninne.pirovano\OneDrive - SCHEFFER\Documentos\Qlik\Sense\Apps\Analise US	-	CLASSIFICATION_PIPELINE
Perf	INFO	2021-08-02T13:28:51.013-04:00	250636759517.8	C:\Users\leninne.pirovano\OneDrive - SCHEFFER\Documentos\Qlik\Sense\Apps\Analise US	-	Annotation Step: Tokenizer
Perf	INFO	2021-08-02T13:28:51.029-04:00	250636776254.6	C:\Users\leninne.pirovano\OneDrive - SCHEFFER\Documentos\Qlik\Sense\Apps\Analise US	-	Annotation Step: Tokenizer Execution time:  16
Perf	INFO	2021-08-02T13:28:51.030-04:00	250636776580.4	C:\Users\leninne.pirovano\OneDrive - SCHEFFER\Documentos\Qlik\Sense\Apps\Analise US	-	Annotation Step: CaptionDecorator
Perf	INFO	2021-08-02T13:28:51.030-04:00	250636777141.7	C:\Users\leninne.pirovano\OneDrive - SCHEFFER\Documentos\Qlik\Sense\Apps\Analise US	-	Annotation Step: CaptionDecorator Execution time:  0
Perf	INFO	2021-08-02T13:28:51.031-04:00	250636777410	C:\Users\leninne.pirovano\OneDrive - SCHEFFER\Documentos\Qlik\Sense\Apps\Analise US	-	Annotation Step: DateTime
Perf	INFO	2021-08-02T13:28:51.033-04:00	250636779368.7	C:\Users\leninne.pirovano\OneDrive - SCHEFFER\Documentos\Qlik\Sense\Apps\Analise US	-	Annotation Step: DateTime Execution time:  2
Perf	INFO	2021-08-02T13:28:51.033-04:00	250636779624.9	C:\Users\leninne.pirovano\OneDrive - SCHEFFER\Documentos\Qlik\Sense\Apps\Analise US	-	Annotation Step: MissingValue
Perf	INFO	2021-08-02T13:28:51.033-04:00	250636779899	C:\Users\leninne.pirovano\OneDrive - SCHEFFER\Documentos\Qlik\Sense\Apps\Analise US	-	Annotation Step: MissingValue Execution time:  0
Perf	INFO	2021-08-02T13:28:51.033-04:00	250636780129.9	C:\Users\leninne.pirovano\OneDrive - SCHEFFER\Documentos\Qlik\Sense\Apps\Analise US	-	Annotation Step: CompoundValue
Perf	INFO	2021-08-02T13:28:51.034-04:00	250636781244.1	C:\Users\leninne.pirovano\OneDrive - SCHEFFER\Documentos\Qlik\Sense\Apps\Analise US	-	Annotation Step: CompoundValue Execution time:  1
Perf	INFO	2021-08-02T13:28:51.035-04:00	250636781403.7	C:\Users\leninne.pirovano\OneDrive - SCHEFFER\Documentos\Qlik\Sense\Apps\Analise US	-	Annotation Step: RecommendedDataType
Perf	INFO	2021-08-02T13:28:51.036-04:00	250636782528.7	C:\Users\leninne.pirovano\OneDrive - SCHEFFER\Documentos\Qlik\Sense\Apps\Analise US	-	Annotation Step: RecommendedDataType Execution time:  1
Perf	INFO	2021-08-02T13:28:51.036-04:00	250636782699.7	C:\Users\leninne.pirovano\OneDrive - SCHEFFER\Documentos\Qlik\Sense\Apps\Analise US	-	Annotation Step: ValueDecorator
Perf	INFO	2021-08-02T13:28:51.036-04:00	250636783241.1	C:\Users\leninne.pirovano\OneDrive - SCHEFFER\Documentos\Qlik\Sense\Apps\Analise US	-	Annotation Step: ValueDecorator Execution time:  0
Perf	INFO	2021-08-02T13:28:51.037-04:00	250636783473.8	C:\Users\leninne.pirovano\OneDrive - SCHEFFER\Documentos\Qlik\Sense\Apps\Analise US	-	Annotation Step: SemanticClassifier
Perf	INFO	2021-08-02T13:28:51.055-04:00	250636801598.8	C:\Users\leninne.pirovano\OneDrive - SCHEFFER\Documentos\Qlik\Sense\Apps\Analise US	-	Annotation Step: SemanticClassifier Execution time:  18
Perf	INFO	2021-08-02T13:28:51.055-04:00	250636802038	C:\Users\leninne.pirovano\OneDrive - SCHEFFER\Documentos\Qlik\Sense\Apps\Analise US	-	Annotation Step: AdhocTransformations
Perf	INFO	2021-08-02T13:28:51.056-04:00	250636802549.1	C:\Users\leninne.pirovano\OneDrive - SCHEFFER\Documentos\Qlik\Sense\Apps\Analise US	-	Annotation Step: AdhocTransformations Execution time:  1
Perf	INFO	2021-08-02T13:28:51.056-04:00	250636802925	C:\Users\leninne.pirovano\OneDrive - SCHEFFER\Documentos\Qlik\Sense\Apps\Analise US	-	Annotation Step: AdhocCompoundValue
Perf	INFO	2021-08-02T13:28:51.056-04:00	250636803284.3	C:\Users\leninne.pirovano\OneDrive - SCHEFFER\Documentos\Qlik\Sense\Apps\Analise US	-	Annotation Step: AdhocCompoundValue Execution time:  0
Perf	INFO	2021-08-02T13:28:51.057-04:00	250636803483.7	C:\Users\leninne.pirovano\OneDrive - SCHEFFER\Documentos\Qlik\Sense\Apps\Analise US	-	Annotation Step: ValueBasedGeoClassifier
Perf	INFO	2021-08-02T13:28:51.059-04:00	250636805452.4	C:\Users\leninne.pirovano\OneDrive - SCHEFFER\Documentos\Qlik\Sense\Apps\Analise US	-	Annotation Step: ValueBasedGeoClassifier Execution time:  2
Perf	INFO	2021-08-02T13:28:51.059-04:00	250636805622.1	C:\Users\leninne.pirovano\OneDrive - SCHEFFER\Documentos\Qlik\Sense\Apps\Analise US	-	Annotation Step: CrossDatasetClassifier
Perf	INFO	2021-08-02T13:28:51.059-04:00	250636806209.6	C:\Users\leninne.pirovano\OneDrive - SCHEFFER\Documentos\Qlik\Sense\Apps\Analise US	-	Annotation Step: CrossDatasetClassifier Execution time:  0
Perf	INFO	2021-08-02T13:28:51.060-04:00	250636806381.1	C:\Users\leninne.pirovano\OneDrive - SCHEFFER\Documentos\Qlik\Sense\Apps\Analise US	-	Annotation Step: TimeBoundMeasureFinder
Perf	INFO	2021-08-02T13:28:51.060-04:00	250636806554	C:\Users\leninne.pirovano\OneDrive - SCHEFFER\Documentos\Qlik\Sense\Apps\Analise US	-	Annotation Step: TimeBoundMeasureFinder Execution time:  0
Perf	INFO	2021-08-02T13:28:51.060-04:00	250636806687.8	C:\Users\leninne.pirovano\OneDrive - SCHEFFER\Documentos\Qlik\Sense\Apps\Analise US	-	CLASSIFICATION_PIPELINE Execution time:  47
Perf	INFO	2021-08-02T13:28:51.060-04:00	250636807019.2	C:\Users\leninne.pirovano\OneDrive - SCHEFFER\Documentos\Qlik\Sense\Apps\Analise US	-	INIT_ANNOTATION_BOARD_TABLE_FIELDS: Tables&Fields Execution time:  155
Perf	INFO	2021-08-02T13:28:51.061-04:00	250636808064.2	C:\Users\leninne.pirovano\OneDrive - SCHEFFER\Documentos\Qlik\Sense\Apps\Analise US	-	GetClassificationHandler::execute
Perf	INFO	2021-08-02T13:28:51.061-04:00	250636808254.7	C:\Users\leninne.pirovano\OneDrive - SCHEFFER\Documentos\Qlik\Sense\Apps\Analise US	-	{"value":"OPEN_DATA_MANAGER_CORE","steps":[{"value":"GET_FEATURE_FLAGS","steps":[],"duration_ms":0},{"value":"QUERY_BUSINESS_MODEL","steps":[],"duration_ms":0},{"value":"ANNOTATION_QUEUE","steps":[],"duration_ms":0},{"value":"INIT_ANNOTATION_BOARD_TABLE_FIELDS: Tables&Fields","steps":[{"value":"GET_TABLES_AND_KEYS","steps":[],"duration_ms":1},{"value":"CALCULATE_FIELDS_FOR_NOT_FOUND_AND_TRANSFORMED: Field count: 106","steps":[],"duration_ms":0},{"value":"SAMPLES_AND_MIN_MAX","steps":[{"value":"SAMPLE_VALUE_RETRIEVAL: Field count: 75","steps":[],"duration_ms":67},{"value":"SAMPLE_VALUE_UPDATING","steps":[],"duration_ms":1},{"value":"MINMAX","steps":[],"duration_ms":27},{"value":"NUMERIC_RATIO","steps":[],"duration_ms":1}],"duration_ms":99},{"value":"CLASSIFICATION_PIPELINE","steps":[{"value":"Annotation Step: Tokenizer","steps":[],"duration_ms":16},{"value":"Annotation Step: CaptionDecorator","steps":[],"duration_ms":0},{"value":"Annotation Step: DateTime","steps":[],"duration_ms":2},{"value":"Annotation Step: MissingValue","steps":[],"duration_ms":0},{"value":"Annotation Step: CompoundValue","steps":[],"duration_ms":1},{"value":"Annotation Step: RecommendedDataType","steps":[],"duration_ms":1},{"value":"Annotation Step: ValueDecorator","steps":[],"duration_ms":0},{"value":"Annotation Step: SemanticClassifier","steps":[],"duration_ms":18},{"value":"Annotation Step: AdhocTransformations","steps":[],"duration_ms":1},{"value":"Annotation Step: AdhocCompoundValue","steps":[],"duration_ms":0},{"value":"Annotation Step: ValueBasedGeoClassifier","steps":[],"duration_ms":2},{"value":"Annotation Step: CrossDatasetClassifier","steps":[],"duration_ms":0},{"value":"Annotation Step: TimeBoundMeasureFinder","steps":[],"duration_ms":0}],"duration_ms":47}],"duration_ms":155}],"duration_ms":3}
Perf	INFO	2021-08-02T13:30:22.419-04:00	250728165613.4	C:\Users\leninne.pirovano\OneDrive - SCHEFFER\Documentos\Qlik\Sense\Apps\Analise US	-	OPEN_DATA_MANAGER_CORE
Perf	INFO	2021-08-02T13:30:22.419-04:00	250728165910.2	C:\Users\leninne.pirovano\OneDrive - SCHEFFER\Documentos\Qlik\Sense\Apps\Analise US	-	OPEN_DATA_MANAGER_CORE Execution time:  0
Perf	INFO	2021-08-02T13:30:22.419-04:00	250728166072.7	C:\Users\leninne.pirovano\OneDrive - SCHEFFER\Documentos\Qlik\Sense\Apps\Analise US	-	GET_FEATURE_FLAGS
Perf	INFO	2021-08-02T13:30:22.419-04:00	250728166335.4	C:\Users\leninne.pirovano\OneDrive - SCHEFFER\Documentos\Qlik\Sense\Apps\Analise US	-	GET_FEATURE_FLAGS Execution time:  0
Perf	INFO	2021-08-02T13:30:22.420-04:00	250728166574.5	C:\Users\leninne.pirovano\OneDrive - SCHEFFER\Documentos\Qlik\Sense\Apps\Analise US	-	QUERY_BUSINESS_MODEL
Perf	INFO	2021-08-02T13:30:22.420-04:00	250728166959.8	C:\Users\leninne.pirovano\OneDrive - SCHEFFER\Documentos\Qlik\Sense\Apps\Analise US	-	QUERY_BUSINESS_MODEL Execution time:  0
Perf	INFO	2021-08-02T13:30:22.420-04:00	250728167333.8	C:\Users\leninne.pirovano\OneDrive - SCHEFFER\Documentos\Qlik\Sense\Apps\Analise US	-	ANNOTATION_QUEUE
Perf	INFO	2021-08-02T13:30:22.421-04:00	250728167535.2	C:\Users\leninne.pirovano\OneDrive - SCHEFFER\Documentos\Qlik\Sense\Apps\Analise US	-	ANNOTATION_QUEUE Execution time:  0
Perf	INFO	2021-08-02T13:30:22.422-04:00	250728168541.2	C:\Users\leninne.pirovano\OneDrive - SCHEFFER\Documentos\Qlik\Sense\Apps\Analise US	-	INIT_ANNOTATION_BOARD_MASTER_ITEMS: MasterItems
Perf	INFO	2021-08-02T13:30:28.733-04:00	250734479642.3	C:\Users\leninne.pirovano\OneDrive - SCHEFFER\Documentos\Qlik\Sense\Apps\Analise US	-	CLASSIFICATION_PIPELINE
Perf	INFO	2021-08-02T13:30:28.733-04:00	250734480116.9	C:\Users\leninne.pirovano\OneDrive - SCHEFFER\Documentos\Qlik\Sense\Apps\Analise US	-	Annotation Step: Tokenizer
Perf	INFO	2021-08-02T13:30:28.740-04:00	250734486530.9	C:\Users\leninne.pirovano\OneDrive - SCHEFFER\Documentos\Qlik\Sense\Apps\Analise US	-	Annotation Step: Tokenizer Execution time:  7
Perf	INFO	2021-08-02T13:30:28.740-04:00	250734486885.1	C:\Users\leninne.pirovano\OneDrive - SCHEFFER\Documentos\Qlik\Sense\Apps\Analise US	-	Annotation Step: CaptionDecorator
Perf	INFO	2021-08-02T13:30:28.741-04:00	250734487813.1	C:\Users\leninne.pirovano\OneDrive - SCHEFFER\Documentos\Qlik\Sense\Apps\Analise US	-	Annotation Step: CaptionDecorator Execution time:  1
Perf	INFO	2021-08-02T13:30:28.741-04:00	250734488096.3	C:\Users\leninne.pirovano\OneDrive - SCHEFFER\Documentos\Qlik\Sense\Apps\Analise US	-	Annotation Step: DateTime
Perf	INFO	2021-08-02T13:30:28.741-04:00	250734488447.3	C:\Users\leninne.pirovano\OneDrive - SCHEFFER\Documentos\Qlik\Sense\Apps\Analise US	-	Annotation Step: DateTime Execution time:  0
Perf	INFO	2021-08-02T13:30:28.742-04:00	250734489126.5	C:\Users\leninne.pirovano\OneDrive - SCHEFFER\Documentos\Qlik\Sense\Apps\Analise US	-	Annotation Step: MissingValue
Perf	INFO	2021-08-02T13:30:28.742-04:00	250734489412.8	C:\Users\leninne.pirovano\OneDrive - SCHEFFER\Documentos\Qlik\Sense\Apps\Analise US	-	Annotation Step: MissingValue Execution time:  0
Perf	INFO	2021-08-02T13:30:28.743-04:00	250734489773.5	C:\Users\leninne.pirovano\OneDrive - SCHEFFER\Documentos\Qlik\Sense\Apps\Analise US	-	Annotation Step: CompoundValue
Perf	INFO	2021-08-02T13:30:28.743-04:00	250734490085.1	C:\Users\leninne.pirovano\OneDrive - SCHEFFER\Documentos\Qlik\Sense\Apps\Analise US	-	Annotation Step: CompoundValue Execution time:  0
Perf	INFO	2021-08-02T13:30:28.743-04:00	250734490349.7	C:\Users\leninne.pirovano\OneDrive - SCHEFFER\Documentos\Qlik\Sense\Apps\Analise US	-	Annotation Step: RecommendedDataType
Perf	INFO	2021-08-02T13:30:28.744-04:00	250734490739.8	C:\Users\leninne.pirovano\OneDrive - SCHEFFER\Documentos\Qlik\Sense\Apps\Analise US	-	Annotation Step: RecommendedDataType Execution time:  0
Perf	INFO	2021-08-02T13:30:28.744-04:00	250734490985.2	C:\Users\leninne.pirovano\OneDrive - SCHEFFER\Documentos\Qlik\Sense\Apps\Analise US	-	Annotation Step: ValueDecorator
Perf	INFO	2021-08-02T13:30:28.744-04:00	250734491261.3	C:\Users\leninne.pirovano\OneDrive - SCHEFFER\Documentos\Qlik\Sense\Apps\Analise US	-	Annotation Step: ValueDecorator Execution time:  0
Perf	INFO	2021-08-02T13:30:28.745-04:00	250734491493.3	C:\Users\leninne.pirovano\OneDrive - SCHEFFER\Documentos\Qlik\Sense\Apps\Analise US	-	Annotation Step: SemanticClassifier
Perf	INFO	2021-08-02T13:30:28.745-04:00	250734492228.4	C:\Users\leninne.pirovano\OneDrive - SCHEFFER\Documentos\Qlik\Sense\Apps\Analise US	-	Annotation Step: SemanticClassifier Execution time:  0
Perf	INFO	2021-08-02T13:30:28.745-04:00	250734492427.8	C:\Users\leninne.pirovano\OneDrive - SCHEFFER\Documentos\Qlik\Sense\Apps\Analise US	-	Annotation Step: AdhocTransformations
Perf	INFO	2021-08-02T13:30:28.746-04:00	250734492657.6	C:\Users\leninne.pirovano\OneDrive - SCHEFFER\Documentos\Qlik\Sense\Apps\Analise US	-	Annotation Step: AdhocTransformations Execution time:  0
Perf	INFO	2021-08-02T13:30:28.746-04:00	250734492869.8	C:\Users\leninne.pirovano\OneDrive - SCHEFFER\Documentos\Qlik\Sense\Apps\Analise US	-	Annotation Step: AdhocCompoundValue
Perf	INFO	2021-08-02T13:30:28.746-04:00	250734493099.9	C:\Users\leninne.pirovano\OneDrive - SCHEFFER\Documentos\Qlik\Sense\Apps\Analise US	-	Annotation Step: AdhocCompoundValue Execution time:  0
Perf	INFO	2021-08-02T13:30:28.746-04:00	250734493288.9	C:\Users\leninne.pirovano\OneDrive - SCHEFFER\Documentos\Qlik\Sense\Apps\Analise US	-	Annotation Step: ValueBasedGeoClassifier
Perf	INFO	2021-08-02T13:30:28.747-04:00	250734493490.8	C:\Users\leninne.pirovano\OneDrive - SCHEFFER\Documentos\Qlik\Sense\Apps\Analise US	-	Annotation Step: ValueBasedGeoClassifier Execution time:  1
Perf	INFO	2021-08-02T13:30:28.747-04:00	250734493652.3	C:\Users\leninne.pirovano\OneDrive - SCHEFFER\Documentos\Qlik\Sense\Apps\Analise US	-	Annotation Step: CrossDatasetClassifier
Perf	INFO	2021-08-02T13:30:28.747-04:00	250734493814.3	C:\Users\leninne.pirovano\OneDrive - SCHEFFER\Documentos\Qlik\Sense\Apps\Analise US	-	Annotation Step: CrossDatasetClassifier Execution time:  0
Perf	INFO	2021-08-02T13:30:28.747-04:00	250734493980.6	C:\Users\leninne.pirovano\OneDrive - SCHEFFER\Documentos\Qlik\Sense\Apps\Analise US	-	Annotation Step: TimeBoundMeasureFinder
Perf	INFO	2021-08-02T13:30:28.748-04:00	250734494910.6	C:\Users\leninne.pirovano\OneDrive - SCHEFFER\Documentos\Qlik\Sense\Apps\Analise US	-	Annotation Step: TimeBoundMeasureFinder Execution time:  1
Perf	INFO	2021-08-02T13:30:28.748-04:00	250734495113.9	C:\Users\leninne.pirovano\OneDrive - SCHEFFER\Documentos\Qlik\Sense\Apps\Analise US	-	CLASSIFICATION_PIPELINE Execution time:  15
Perf	INFO	2021-08-02T13:30:28.749-04:00	250734496174.4	C:\Users\leninne.pirovano\OneDrive - SCHEFFER\Documentos\Qlik\Sense\Apps\Analise US	-	INIT_ANNOTATION_BOARD_MASTER_ITEMS: MasterItems Execution time:  6327
Perf	INFO	2021-08-02T13:30:28.749-04:00	250734496402.6	C:\Users\leninne.pirovano\OneDrive - SCHEFFER\Documentos\Qlik\Sense\Apps\Analise US	-	OPEN_DATA_MANAGER_CORE Execution time:  NaN
Perf	INFO	2021-08-02T13:30:28.750-04:00	250734496787.1	C:\Users\leninne.pirovano\OneDrive - SCHEFFER\Documentos\Qlik\Sense\Apps\Analise US	-	INIT_ANNOTATION_BOARD_FIELD_STATS: FieldStats
Perf	INFO	2021-08-02T13:30:28.751-04:00	250734498447.8	C:\Users\leninne.pirovano\OneDrive - SCHEFFER\Documentos\Qlik\Sense\Apps\Analise US	-	INIT_ANNOTATION_BOARD_FIELD_STATS: FieldStats Execution time:  1
Perf	INFO	2021-08-02T13:30:28.752-04:00	250734498810.4	C:\Users\leninne.pirovano\OneDrive - SCHEFFER\Documentos\Qlik\Sense\Apps\Analise US	-	INIT_ANNOTATION_BOARD_DEPENDENCIES: AssociationCardinality
Perf	INFO	2021-08-02T13:30:28.752-04:00	250734499006.4	C:\Users\leninne.pirovano\OneDrive - SCHEFFER\Documentos\Qlik\Sense\Apps\Analise US	-	ATTRIBUTE_DETECTION
Perf	INFO	2021-08-02T13:30:28.765-04:00	250734511884.1	C:\Users\leninne.pirovano\OneDrive - SCHEFFER\Documentos\Qlik\Sense\Apps\Analise US	-	ATTRIBUTE_DETECTION Execution time:  13
Perf	INFO	2021-08-02T13:30:28.765-04:00	250734512076.7	C:\Users\leninne.pirovano\OneDrive - SCHEFFER\Documentos\Qlik\Sense\Apps\Analise US	-	INIT_ANNOTATION_BOARD_DEPENDENCIES: AssociationCardinality Execution time:  13
Perf	INFO	2021-08-02T13:30:28.766-04:00	250734512453.7	C:\Users\leninne.pirovano\OneDrive - SCHEFFER\Documentos\Qlik\Sense\Apps\Analise US	-	INIT_ANNOTATION_BOARD_DERIVED: DerivedFields
Perf	INFO	2021-08-02T13:30:28.767-04:00	250734514042.6	C:\Users\leninne.pirovano\OneDrive - SCHEFFER\Documentos\Qlik\Sense\Apps\Analise US	-	INIT_ANNOTATION_BOARD_DERIVED: DerivedFields Execution time:  1
Perf	INFO	2021-08-02T13:30:28.768-04:00	250734515124.3	C:\Users\leninne.pirovano\OneDrive - SCHEFFER\Documentos\Qlik\Sense\Apps\Analise US	-	APPLICATION_BASED_ANALYSIS
Perf	INFO	2021-08-02T13:30:28.769-04:00	250734515792.9	C:\Users\leninne.pirovano\OneDrive - SCHEFFER\Documentos\Qlik\Sense\Apps\Analise US	-	FIELDS_WITH_SELECTIONS
Perf	INFO	2021-08-02T13:30:28.770-04:00	250734517184.1	C:\Users\leninne.pirovano\OneDrive - SCHEFFER\Documentos\Qlik\Sense\Apps\Analise US	-	FIELDS_WITH_SELECTIONS Execution time:  1
Perf	INFO	2021-08-02T13:30:28.774-04:00	250734520565.8	C:\Users\leninne.pirovano\OneDrive - SCHEFFER\Documentos\Qlik\Sense\Apps\Analise US	-	RECOMMEND
Perf	INFO	2021-08-02T13:30:28.784-04:00	250734531255.4	C:\Users\leninne.pirovano\OneDrive - SCHEFFER\Documentos\Qlik\Sense\Apps\Analise US	-	RECOMMEND Execution time:  10
Perf	INFO	2021-08-02T13:30:28.785-04:00	250734531569.5	C:\Users\leninne.pirovano\OneDrive - SCHEFFER\Documentos\Qlik\Sense\Apps\Analise US	-	OVERALL_INDICATORS
Perf	INFO	2021-08-02T13:30:28.785-04:00	250734531816.6	C:\Users\leninne.pirovano\OneDrive - SCHEFFER\Documentos\Qlik\Sense\Apps\Analise US	-	OVERALL_INDICATORS Execution time:  0
Perf	INFO	2021-08-02T13:30:28.785-04:00	250734532176.7	C:\Users\leninne.pirovano\OneDrive - SCHEFFER\Documentos\Qlik\Sense\Apps\Analise US	-	MARK_FOR_RELATIONS
Perf	INFO	2021-08-02T13:30:28.786-04:00	250734532474.3	C:\Users\leninne.pirovano\OneDrive - SCHEFFER\Documentos\Qlik\Sense\Apps\Analise US	-	MARK_FOR_RELATIONS Execution time:  0
Perf	INFO	2021-08-02T13:30:28.788-04:00	250734534584.8	C:\Users\leninne.pirovano\OneDrive - SCHEFFER\Documentos\Qlik\Sense\Apps\Analise US	-	APPLICATION_BASED_ANALYSIS Execution time:  19
Perf	INFO	2021-08-02T13:30:28.788-04:00	250734534762.1	C:\Users\leninne.pirovano\OneDrive - SCHEFFER\Documentos\Qlik\Sense\Apps\Analise US	-	GitVisRecommendations complete
Perf	INFO	2021-08-02T13:30:28.788-04:00	250734534988.9	C:\Users\leninne.pirovano\OneDrive - SCHEFFER\Documentos\Qlik\Sense\Apps\Analise US	-	{"value":"OPEN_DATA_MANAGER_CORE","steps":[{"value":"GET_FEATURE_FLAGS","steps":[],"duration_ms":0},{"value":"QUERY_BUSINESS_MODEL","steps":[],"duration_ms":0},{"value":"ANNOTATION_QUEUE","steps":[],"duration_ms":0},{"value":"INIT_ANNOTATION_BOARD_MASTER_ITEMS: MasterItems","steps":[{"value":"CLASSIFICATION_PIPELINE","steps":[{"value":"Annotation Step: Tokenizer","steps":[],"duration_ms":7},{"value":"Annotation Step: CaptionDecorator","steps":[],"duration_ms":1},{"value":"Annotation Step: DateTime","steps":[],"duration_ms":0},{"value":"Annotation Step: MissingValue","steps":[],"duration_ms":0},{"value":"Annotation Step: CompoundValue","steps":[],"duration_ms":0},{"value":"Annotation Step: RecommendedDataType","steps":[],"duration_ms":0},{"value":"Annotation Step: ValueDecorator","steps":[],"duration_ms":0},{"value":"Annotation Step: SemanticClassifier","steps":[],"duration_ms":0},{"value":"Annotation Step: AdhocTransformations","steps":[],"duration_ms":0},{"value":"Annotation Step: AdhocCompoundValue","steps":[],"duration_ms":0},{"value":"Annotation Step: ValueBasedGeoClassifier","steps":[],"duration_ms":1},{"value":"Annotation Step: CrossDatasetClassifier","steps":[],"duration_ms":0},{"value":"Annotation Step: TimeBoundMeasureFinder","steps":[],"duration_ms":1}],"duration_ms":15}],"duration_ms":6327},{"value":"INIT_ANNOTATION_BOARD_FIELD_STATS: FieldStats","steps":[],"duration_ms":1},{"value":"INIT_ANNOTATION_BOARD_DEPENDENCIES: AssociationCardinality","steps":[{"value":"ATTRIBUTE_DETECTION","steps":[],"duration_ms":13}],"duration_ms":13},{"value":"INIT_ANNOTATION_BOARD_DERIVED: DerivedFields","steps":[],"duration_ms":1},{"value":"APPLICATION_BASED_ANALYSIS","steps":[{"value":"FIELDS_WITH_SELECTIONS","steps":[],"duration_ms":1},{"value":"RECOMMEND","steps":[],"duration_ms":10},{"value":"OVERALL_INDICATORS","steps":[],"duration_ms":0},{"value":"MARK_FOR_RELATIONS","steps":[],"duration_ms":0}],"duration_ms":19}],"duration_ms":null}
Perf	INFO	2021-08-02T13:30:28.789-04:00	250734535581.3	C:\Users\leninne.pirovano\OneDrive - SCHEFFER\Documentos\Qlik\Sense\Apps\Analise US	-	GetVisRecommendationHandler::execute
Perf	INFO	2021-08-02T13:30:28.789-04:00	250734535796.5	C:\Users\leninne.pirovano\OneDrive - SCHEFFER\Documentos\Qlik\Sense\Apps\Analise US	-	{"value":"OPEN_DATA_MANAGER_CORE","steps":[{"value":"GET_FEATURE_FLAGS","steps":[],"duration_ms":0},{"value":"QUERY_BUSINESS_MODEL","steps":[],"duration_ms":0},{"value":"ANNOTATION_QUEUE","steps":[],"duration_ms":0},{"value":"INIT_ANNOTATION_BOARD_MASTER_ITEMS: MasterItems","steps":[{"value":"CLASSIFICATION_PIPELINE","steps":[{"value":"Annotation Step: Tokenizer","steps":[],"duration_ms":7},{"value":"Annotation Step: CaptionDecorator","steps":[],"duration_ms":1},{"value":"Annotation Step: DateTime","steps":[],"duration_ms":0},{"value":"Annotation Step: MissingValue","steps":[],"duration_ms":0},{"value":"Annotation Step: CompoundValue","steps":[],"duration_ms":0},{"value":"Annotation Step: RecommendedDataType","steps":[],"duration_ms":0},{"value":"Annotation Step: ValueDecorator","steps":[],"duration_ms":0},{"value":"Annotation Step: SemanticClassifier","steps":[],"duration_ms":0},{"value":"Annotation Step: AdhocTransformations","steps":[],"duration_ms":0},{"value":"Annotation Step: AdhocCompoundValue","steps":[],"duration_ms":0},{"value":"Annotation Step: ValueBasedGeoClassifier","steps":[],"duration_ms":1},{"value":"Annotation Step: CrossDatasetClassifier","steps":[],"duration_ms":0},{"value":"Annotation Step: TimeBoundMeasureFinder","steps":[],"duration_ms":1}],"duration_ms":15}],"duration_ms":6327},{"value":"INIT_ANNOTATION_BOARD_FIELD_STATS: FieldStats","steps":[],"duration_ms":1},{"value":"INIT_ANNOTATION_BOARD_DEPENDENCIES: AssociationCardinality","steps":[{"value":"ATTRIBUTE_DETECTION","steps":[],"duration_ms":13}],"duration_ms":13},{"value":"INIT_ANNOTATION_BOARD_DERIVED: DerivedFields","steps":[],"duration_ms":1},{"value":"APPLICATION_BASED_ANALYSIS","steps":[{"value":"FIELDS_WITH_SELECTIONS","steps":[],"duration_ms":1},{"value":"RECOMMEND","steps":[],"duration_ms":10},{"value":"OVERALL_INDICATORS","steps":[],"duration_ms":0},{"value":"MARK_FOR_RELATIONS","steps":[],"duration_ms":0}],"duration_ms":19}],"duration_ms":null}
Perf	INFO	2021-08-02T14:49:21.375-04:00	255467086679	C:\Users\leninne.pirovano\OneDrive - SCHEFFER\Documentos\Qlik\Sense\Apps\Analise US	-	OPEN_DATA_MANAGER_CORE
Perf	INFO	2021-08-02T14:49:21.376-04:00	255467087231.8	C:\Users\leninne.pirovano\OneDrive - SCHEFFER\Documentos\Qlik\Sense\Apps\Analise US	-	OPEN_DATA_MANAGER_CORE Execution time:  0
Perf	INFO	2021-08-02T14:49:21.376-04:00	255467087460.2	C:\Users\leninne.pirovano\OneDrive - SCHEFFER\Documentos\Qlik\Sense\Apps\Analise US	-	GET_FEATURE_FLAGS
Perf	INFO	2021-08-02T14:49:21.376-04:00	255467087685	C:\Users\leninne.pirovano\OneDrive - SCHEFFER\Documentos\Qlik\Sense\Apps\Analise US	-	GET_FEATURE_FLAGS Execution time:  0
Perf	INFO	2021-08-02T14:49:21.377-04:00	255467088066.7	C:\Users\leninne.pirovano\OneDrive - SCHEFFER\Documentos\Qlik\Sense\Apps\Analise US	-	QUERY_BUSINESS_MODEL
Perf	INFO	2021-08-02T14:49:21.377-04:00	255467088473.1	C:\Users\leninne.pirovano\OneDrive - SCHEFFER\Documentos\Qlik\Sense\Apps\Analise US	-	QUERY_BUSINESS_MODEL Execution time:  0
Perf	INFO	2021-08-02T14:49:21.377-04:00	255467088641.2	C:\Users\leninne.pirovano\OneDrive - SCHEFFER\Documentos\Qlik\Sense\Apps\Analise US	-	ANNOTATION_QUEUE
Perf	INFO	2021-08-02T14:49:21.378-04:00	255467089041.1	C:\Users\leninne.pirovano\OneDrive - SCHEFFER\Documentos\Qlik\Sense\Apps\Analise US	-	ANNOTATION_QUEUE Execution time:  1
Perf	INFO	2021-08-02T14:49:21.380-04:00	255467091815.2	C:\Users\leninne.pirovano\OneDrive - SCHEFFER\Documentos\Qlik\Sense\Apps\Analise US	-	INIT_ANNOTATION_BOARD_TABLE_FIELDS: Tables&Fields
Perf	INFO	2021-08-02T14:49:21.381-04:00	255467092089.8	C:\Users\leninne.pirovano\OneDrive - SCHEFFER\Documentos\Qlik\Sense\Apps\Analise US	-	GET_TABLES_AND_KEYS
Perf	INFO	2021-08-02T14:49:21.385-04:00	255467096204.7	C:\Users\leninne.pirovano\OneDrive - SCHEFFER\Documentos\Qlik\Sense\Apps\Analise US	-	GET_TABLES_AND_KEYS Execution time:  4
Perf	INFO	2021-08-02T14:49:21.386-04:00	255467097057.1	C:\Users\leninne.pirovano\OneDrive - SCHEFFER\Documentos\Qlik\Sense\Apps\Analise US	-	CALCULATE_FIELDS_FOR_NOT_FOUND_AND_TRANSFORMED: Field count: 106
Perf	INFO	2021-08-02T14:49:21.386-04:00	255467097344.7	C:\Users\leninne.pirovano\OneDrive - SCHEFFER\Documentos\Qlik\Sense\Apps\Analise US	-	CALCULATE_FIELDS_FOR_NOT_FOUND_AND_TRANSFORMED: Field count: 106 Execution time:  0
Perf	INFO	2021-08-02T14:49:21.386-04:00	255467097740.1	C:\Users\leninne.pirovano\OneDrive - SCHEFFER\Documentos\Qlik\Sense\Apps\Analise US	-	SAMPLES_AND_MIN_MAX
Perf	INFO	2021-08-02T14:49:21.388-04:00	255467099105.4	C:\Users\leninne.pirovano\OneDrive - SCHEFFER\Documentos\Qlik\Sense\Apps\Analise US	-	SAMPLE_VALUE_RETRIEVAL: Field count: 75
Perf	INFO	2021-08-02T14:49:21.505-04:00	255467215983.5	C:\Users\leninne.pirovano\OneDrive - SCHEFFER\Documentos\Qlik\Sense\Apps\Analise US	-	SAMPLE_VALUE_RETRIEVAL: Field count: 75 Execution time:  117
Perf	INFO	2021-08-02T14:49:21.505-04:00	255467216274.1	C:\Users\leninne.pirovano\OneDrive - SCHEFFER\Documentos\Qlik\Sense\Apps\Analise US	-	SAMPLE_VALUE_UPDATING
Perf	INFO	2021-08-02T14:49:21.506-04:00	255467217768.1	C:\Users\leninne.pirovano\OneDrive - SCHEFFER\Documentos\Qlik\Sense\Apps\Analise US	-	SAMPLE_VALUE_UPDATING Execution time:  1
Perf	INFO	2021-08-02T14:49:21.509-04:00	255467220406.1	C:\Users\leninne.pirovano\OneDrive - SCHEFFER\Documentos\Qlik\Sense\Apps\Analise US	-	MINMAX
Perf	INFO	2021-08-02T14:49:21.544-04:00	255467255181.9	C:\Users\leninne.pirovano\OneDrive - SCHEFFER\Documentos\Qlik\Sense\Apps\Analise US	-	MINMAX Execution time:  35
Perf	INFO	2021-08-02T14:49:21.544-04:00	255467255509.7	C:\Users\leninne.pirovano\OneDrive - SCHEFFER\Documentos\Qlik\Sense\Apps\Analise US	-	NUMERIC_RATIO
Perf	INFO	2021-08-02T14:49:21.546-04:00	255467257113.7	C:\Users\leninne.pirovano\OneDrive - SCHEFFER\Documentos\Qlik\Sense\Apps\Analise US	-	NUMERIC_RATIO Execution time:  2
Perf	INFO	2021-08-02T14:49:21.546-04:00	255467257312	C:\Users\leninne.pirovano\OneDrive - SCHEFFER\Documentos\Qlik\Sense\Apps\Analise US	-	SAMPLES_AND_MIN_MAX Execution time:  159
Perf	INFO	2021-08-02T14:49:21.547-04:00	255467258524.6	C:\Users\leninne.pirovano\OneDrive - SCHEFFER\Documentos\Qlik\Sense\Apps\Analise US	-	CLASSIFICATION_PIPELINE
Perf	INFO	2021-08-02T14:49:21.548-04:00	255467258934.2	C:\Users\leninne.pirovano\OneDrive - SCHEFFER\Documentos\Qlik\Sense\Apps\Analise US	-	Annotation Step: Tokenizer
Perf	INFO	2021-08-02T14:49:21.564-04:00	255467275156.8	C:\Users\leninne.pirovano\OneDrive - SCHEFFER\Documentos\Qlik\Sense\Apps\Analise US	-	Annotation Step: Tokenizer Execution time:  16
Perf	INFO	2021-08-02T14:49:21.564-04:00	255467275525.5	C:\Users\leninne.pirovano\OneDrive - SCHEFFER\Documentos\Qlik\Sense\Apps\Analise US	-	Annotation Step: CaptionDecorator
Perf	INFO	2021-08-02T14:49:21.565-04:00	255467275924.7	C:\Users\leninne.pirovano\OneDrive - SCHEFFER\Documentos\Qlik\Sense\Apps\Analise US	-	Annotation Step: CaptionDecorator Execution time:  1
Perf	INFO	2021-08-02T14:49:21.565-04:00	255467276399.3	C:\Users\leninne.pirovano\OneDrive - SCHEFFER\Documentos\Qlik\Sense\Apps\Analise US	-	Annotation Step: DateTime
Perf	INFO	2021-08-02T14:49:21.567-04:00	255467278226.8	C:\Users\leninne.pirovano\OneDrive - SCHEFFER\Documentos\Qlik\Sense\Apps\Analise US	-	Annotation Step: DateTime Execution time:  2
Perf	INFO	2021-08-02T14:49:21.568-04:00	255467278873.7	C:\Users\leninne.pirovano\OneDrive - SCHEFFER\Documentos\Qlik\Sense\Apps\Analise US	-	Annotation Step: MissingValue
Perf	INFO	2021-08-02T14:49:21.568-04:00	255467279095.7	C:\Users\leninne.pirovano\OneDrive - SCHEFFER\Documentos\Qlik\Sense\Apps\Analise US	-	Annotation Step: MissingValue Execution time:  0
Perf	INFO	2021-08-02T14:49:21.568-04:00	255467279234.4	C:\Users\leninne.pirovano\OneDrive - SCHEFFER\Documentos\Qlik\Sense\Apps\Analise US	-	Annotation Step: CompoundValue
Perf	INFO	2021-08-02T14:49:21.569-04:00	255467279884.8	C:\Users\leninne.pirovano\OneDrive - SCHEFFER\Documentos\Qlik\Sense\Apps\Analise US	-	Annotation Step: CompoundValue Execution time:  1
Perf	INFO	2021-08-02T14:49:21.569-04:00	255467280015.5	C:\Users\leninne.pirovano\OneDrive - SCHEFFER\Documentos\Qlik\Sense\Apps\Analise US	-	Annotation Step: RecommendedDataType
Perf	INFO	2021-08-02T14:49:21.570-04:00	255467281649.8	C:\Users\leninne.pirovano\OneDrive - SCHEFFER\Documentos\Qlik\Sense\Apps\Analise US	-	Annotation Step: RecommendedDataType Execution time:  1
Perf	INFO	2021-08-02T14:49:21.571-04:00	255467282052.9	C:\Users\leninne.pirovano\OneDrive - SCHEFFER\Documentos\Qlik\Sense\Apps\Analise US	-	Annotation Step: ValueDecorator
Perf	INFO	2021-08-02T14:49:21.571-04:00	255467282745	C:\Users\leninne.pirovano\OneDrive - SCHEFFER\Documentos\Qlik\Sense\Apps\Analise US	-	Annotation Step: ValueDecorator Execution time:  0
Perf	INFO	2021-08-02T14:49:21.572-04:00	255467282970.4	C:\Users\leninne.pirovano\OneDrive - SCHEFFER\Documentos\Qlik\Sense\Apps\Analise US	-	Annotation Step: SemanticClassifier
Perf	INFO	2021-08-02T14:49:21.598-04:00	255467309482.5	C:\Users\leninne.pirovano\OneDrive - SCHEFFER\Documentos\Qlik\Sense\Apps\Analise US	-	Annotation Step: SemanticClassifier Execution time:  26
Perf	INFO	2021-08-02T14:49:21.600-04:00	255467311574	C:\Users\leninne.pirovano\OneDrive - SCHEFFER\Documentos\Qlik\Sense\Apps\Analise US	-	Annotation Step: AdhocTransformations
Perf	INFO	2021-08-02T14:49:21.605-04:00	255467316485.7	C:\Users\leninne.pirovano\OneDrive - SCHEFFER\Documentos\Qlik\Sense\Apps\Analise US	-	Annotation Step: AdhocTransformations Execution time:  1
Perf	INFO	2021-08-02T14:49:21.610-04:00	255467321562.7	C:\Users\leninne.pirovano\OneDrive - SCHEFFER\Documentos\Qlik\Sense\Apps\Analise US	-	Annotation Step: AdhocCompoundValue
Perf	INFO	2021-08-02T14:49:21.613-04:00	255467323941	C:\Users\leninne.pirovano\OneDrive - SCHEFFER\Documentos\Qlik\Sense\Apps\Analise US	-	Annotation Step: AdhocCompoundValue Execution time:  0
Perf	INFO	2021-08-02T14:49:21.614-04:00	255467325795.7	C:\Users\leninne.pirovano\OneDrive - SCHEFFER\Documentos\Qlik\Sense\Apps\Analise US	-	Annotation Step: ValueBasedGeoClassifier
Perf	INFO	2021-08-02T14:49:21.638-04:00	255467349394.1	C:\Users\leninne.pirovano\OneDrive - SCHEFFER\Documentos\Qlik\Sense\Apps\Analise US	-	Annotation Step: ValueBasedGeoClassifier Execution time:  20
Perf	INFO	2021-08-02T14:49:21.640-04:00	255467351076.7	C:\Users\leninne.pirovano\OneDrive - SCHEFFER\Documentos\Qlik\Sense\Apps\Analise US	-	Annotation Step: CrossDatasetClassifier
Perf	INFO	2021-08-02T14:49:21.641-04:00	255467352602.6	C:\Users\leninne.pirovano\OneDrive - SCHEFFER\Documentos\Qlik\Sense\Apps\Analise US	-	Annotation Step: CrossDatasetClassifier Execution time:  1
Perf	INFO	2021-08-02T14:49:21.642-04:00	255467353353.1	C:\Users\leninne.pirovano\OneDrive - SCHEFFER\Documentos\Qlik\Sense\Apps\Analise US	-	Annotation Step: TimeBoundMeasureFinder
Perf	INFO	2021-08-02T14:49:21.643-04:00	255467354316.4	C:\Users\leninne.pirovano\OneDrive - SCHEFFER\Documentos\Qlik\Sense\Apps\Analise US	-	Annotation Step: TimeBoundMeasureFinder Execution time:  0
Perf	INFO	2021-08-02T14:49:21.644-04:00	255467355169.5	C:\Users\leninne.pirovano\OneDrive - SCHEFFER\Documentos\Qlik\Sense\Apps\Analise US	-	CLASSIFICATION_PIPELINE Execution time:  97
Perf	INFO	2021-08-02T14:49:21.645-04:00	255467355940.9	C:\Users\leninne.pirovano\OneDrive - SCHEFFER\Documentos\Qlik\Sense\Apps\Analise US	-	INIT_ANNOTATION_BOARD_TABLE_FIELDS: Tables&Fields Execution time:  263
Perf	INFO	2021-08-02T14:49:21.646-04:00	255467357678.5	C:\Users\leninne.pirovano\OneDrive - SCHEFFER\Documentos\Qlik\Sense\Apps\Analise US	-	GetClassificationHandler::execute
Perf	INFO	2021-08-02T14:49:21.647-04:00	255467358577.6	C:\Users\leninne.pirovano\OneDrive - SCHEFFER\Documentos\Qlik\Sense\Apps\Analise US	-	{"value":"OPEN_DATA_MANAGER_CORE","steps":[{"value":"GET_FEATURE_FLAGS","steps":[],"duration_ms":0},{"value":"QUERY_BUSINESS_MODEL","steps":[],"duration_ms":0},{"value":"ANNOTATION_QUEUE","steps":[],"duration_ms":1},{"value":"INIT_ANNOTATION_BOARD_TABLE_FIELDS: Tables&Fields","steps":[{"value":"GET_TABLES_AND_KEYS","steps":[],"duration_ms":4},{"value":"CALCULATE_FIELDS_FOR_NOT_FOUND_AND_TRANSFORMED: Field count: 106","steps":[],"duration_ms":0},{"value":"SAMPLES_AND_MIN_MAX","steps":[{"value":"SAMPLE_VALUE_RETRIEVAL: Field count: 75","steps":[],"duration_ms":117},{"value":"SAMPLE_VALUE_UPDATING","steps":[],"duration_ms":1},{"value":"MINMAX","steps":[],"duration_ms":35},{"value":"NUMERIC_RATIO","steps":[],"duration_ms":2}],"duration_ms":159},{"value":"CLASSIFICATION_PIPELINE","steps":[{"value":"Annotation Step: Tokenizer","steps":[],"duration_ms":16},{"value":"Annotation Step: CaptionDecorator","steps":[],"duration_ms":1},{"value":"Annotation Step: DateTime","steps":[],"duration_ms":2},{"value":"Annotation Step: MissingValue","steps":[],"duration_ms":0},{"value":"Annotation Step: CompoundValue","steps":[],"duration_ms":1},{"value":"Annotation Step: RecommendedDataType","steps":[],"duration_ms":1},{"value":"Annotation Step: ValueDecorator","steps":[],"duration_ms":0},{"value":"Annotation Step: SemanticClassifier","steps":[],"duration_ms":26},{"value":"Annotation Step: AdhocTransformations","steps":[],"duration_ms":1},{"value":"Annotation Step: AdhocCompoundValue","steps":[],"duration_ms":0},{"value":"Annotation Step: ValueBasedGeoClassifier","steps":[],"duration_ms":20},{"value":"Annotation Step: CrossDatasetClassifier","steps":[],"duration_ms":1},{"value":"Annotation Step: TimeBoundMeasureFinder","steps":[],"duration_ms":0}],"duration_ms":97}],"duration_ms":263}],"duration_ms":0}
Perf	INFO	2021-08-02T15:36:35.625-04:00	258301341249.4	C:\Users\leninne.pirovano\OneDrive - SCHEFFER\Documentos\Qlik\Sense\Apps\Analise US	-	OPEN_DATA_MANAGER_CORE
Perf	INFO	2021-08-02T15:36:35.625-04:00	258301341642	C:\Users\leninne.pirovano\OneDrive - SCHEFFER\Documentos\Qlik\Sense\Apps\Analise US	-	OPEN_DATA_MANAGER_CORE Execution time:  0
Perf	INFO	2021-08-02T15:36:35.626-04:00	258301341868.4	C:\Users\leninne.pirovano\OneDrive - SCHEFFER\Documentos\Qlik\Sense\Apps\Analise US	-	GET_FEATURE_FLAGS
Perf	INFO	2021-08-02T15:36:35.626-04:00	258301342423.1	C:\Users\leninne.pirovano\OneDrive - SCHEFFER\Documentos\Qlik\Sense\Apps\Analise US	-	GET_FEATURE_FLAGS Execution time:  0
Perf	INFO	2021-08-02T15:36:35.626-04:00	258301342593.7	C:\Users\leninne.pirovano\OneDrive - SCHEFFER\Documentos\Qlik\Sense\Apps\Analise US	-	QUERY_BUSINESS_MODEL
Perf	INFO	2021-08-02T15:36:35.627-04:00	258301342836.4	C:\Users\leninne.pirovano\OneDrive - SCHEFFER\Documentos\Qlik\Sense\Apps\Analise US	-	QUERY_BUSINESS_MODEL Execution time:  0
Perf	INFO	2021-08-02T15:36:35.627-04:00	258301342978.2	C:\Users\leninne.pirovano\OneDrive - SCHEFFER\Documentos\Qlik\Sense\Apps\Analise US	-	ANNOTATION_QUEUE
Perf	INFO	2021-08-02T15:36:35.627-04:00	258301343195.8	C:\Users\leninne.pirovano\OneDrive - SCHEFFER\Documentos\Qlik\Sense\Apps\Analise US	-	ANNOTATION_QUEUE Execution time:  0
Perf	INFO	2021-08-02T15:36:35.628-04:00	258301344054	C:\Users\leninne.pirovano\OneDrive - SCHEFFER\Documentos\Qlik\Sense\Apps\Analise US	-	INIT_ANNOTATION_BOARD_TABLE_FIELDS: Tables&Fields
Perf	INFO	2021-08-02T15:36:35.628-04:00	258301344293.6	C:\Users\leninne.pirovano\OneDrive - SCHEFFER\Documentos\Qlik\Sense\Apps\Analise US	-	GET_TABLES_AND_KEYS
Perf	INFO	2021-08-02T15:36:35.630-04:00	258301346388.5	C:\Users\leninne.pirovano\OneDrive - SCHEFFER\Documentos\Qlik\Sense\Apps\Analise US	-	GET_TABLES_AND_KEYS Execution time:  2
Perf	INFO	2021-08-02T15:36:35.631-04:00	258301346985.8	C:\Users\leninne.pirovano\OneDrive - SCHEFFER\Documentos\Qlik\Sense\Apps\Analise US	-	CALCULATE_FIELDS_FOR_NOT_FOUND_AND_TRANSFORMED: Field count: 106
Perf	INFO	2021-08-02T15:36:35.631-04:00	258301347209.4	C:\Users\leninne.pirovano\OneDrive - SCHEFFER\Documentos\Qlik\Sense\Apps\Analise US	-	CALCULATE_FIELDS_FOR_NOT_FOUND_AND_TRANSFORMED: Field count: 106 Execution time:  0
Perf	INFO	2021-08-02T15:36:35.631-04:00	258301347353.9	C:\Users\leninne.pirovano\OneDrive - SCHEFFER\Documentos\Qlik\Sense\Apps\Analise US	-	SAMPLES_AND_MIN_MAX
Perf	INFO	2021-08-02T15:36:35.632-04:00	258301348112.3	C:\Users\leninne.pirovano\OneDrive - SCHEFFER\Documentos\Qlik\Sense\Apps\Analise US	-	SAMPLE_VALUE_RETRIEVAL: Field count: 75
Perf	INFO	2021-08-02T15:36:35.769-04:00	258301484864.4	C:\Users\leninne.pirovano\OneDrive - SCHEFFER\Documentos\Qlik\Sense\Apps\Analise US	-	SAMPLE_VALUE_RETRIEVAL: Field count: 75 Execution time:  137
Perf	INFO	2021-08-02T15:36:35.769-04:00	258301485263.9	C:\Users\leninne.pirovano\OneDrive - SCHEFFER\Documentos\Qlik\Sense\Apps\Analise US	-	SAMPLE_VALUE_UPDATING
Perf	INFO	2021-08-02T15:36:35.771-04:00	258301487098.7	C:\Users\leninne.pirovano\OneDrive - SCHEFFER\Documentos\Qlik\Sense\Apps\Analise US	-	SAMPLE_VALUE_UPDATING Execution time:  2
Perf	INFO	2021-08-02T15:36:35.773-04:00	258301489439.1	C:\Users\leninne.pirovano\OneDrive - SCHEFFER\Documentos\Qlik\Sense\Apps\Analise US	-	MINMAX
Perf	INFO	2021-08-02T15:36:35.811-04:00	258301527204.4	C:\Users\leninne.pirovano\OneDrive - SCHEFFER\Documentos\Qlik\Sense\Apps\Analise US	-	MINMAX Execution time:  37
Perf	INFO	2021-08-02T15:36:35.811-04:00	258301527571.3	C:\Users\leninne.pirovano\OneDrive - SCHEFFER\Documentos\Qlik\Sense\Apps\Analise US	-	NUMERIC_RATIO
Perf	INFO	2021-08-02T15:36:35.813-04:00	258301529632.8	C:\Users\leninne.pirovano\OneDrive - SCHEFFER\Documentos\Qlik\Sense\Apps\Analise US	-	NUMERIC_RATIO Execution time:  1
Perf	INFO	2021-08-02T15:36:35.814-04:00	258301530064.2	C:\Users\leninne.pirovano\OneDrive - SCHEFFER\Documentos\Qlik\Sense\Apps\Analise US	-	SAMPLES_AND_MIN_MAX Execution time:  183
Perf	INFO	2021-08-02T15:36:35.815-04:00	258301531070.3	C:\Users\leninne.pirovano\OneDrive - SCHEFFER\Documentos\Qlik\Sense\Apps\Analise US	-	CLASSIFICATION_PIPELINE
Perf	INFO	2021-08-02T15:36:35.815-04:00	258301531403.5	C:\Users\leninne.pirovano\OneDrive - SCHEFFER\Documentos\Qlik\Sense\Apps\Analise US	-	Annotation Step: Tokenizer
Perf	INFO	2021-08-02T15:36:35.827-04:00	258301542994.7	C:\Users\leninne.pirovano\OneDrive - SCHEFFER\Documentos\Qlik\Sense\Apps\Analise US	-	Annotation Step: Tokenizer Execution time:  12
Perf	INFO	2021-08-02T15:36:35.827-04:00	258301543390.3	C:\Users\leninne.pirovano\OneDrive - SCHEFFER\Documentos\Qlik\Sense\Apps\Analise US	-	Annotation Step: CaptionDecorator
Perf	INFO	2021-08-02T15:36:35.828-04:00	258301543795.1	C:\Users\leninne.pirovano\OneDrive - SCHEFFER\Documentos\Qlik\Sense\Apps\Analise US	-	Annotation Step: CaptionDecorator Execution time:  1
Perf	INFO	2021-08-02T15:36:35.828-04:00	258301544086.6	C:\Users\leninne.pirovano\OneDrive - SCHEFFER\Documentos\Qlik\Sense\Apps\Analise US	-	Annotation Step: DateTime
Perf	INFO	2021-08-02T15:36:35.829-04:00	258301544799.2	C:\Users\leninne.pirovano\OneDrive - SCHEFFER\Documentos\Qlik\Sense\Apps\Analise US	-	Annotation Step: DateTime Execution time:  1
Perf	INFO	2021-08-02T15:36:35.829-04:00	258301545010.2	C:\Users\leninne.pirovano\OneDrive - SCHEFFER\Documentos\Qlik\Sense\Apps\Analise US	-	Annotation Step: MissingValue
Perf	INFO	2021-08-02T15:36:35.829-04:00	258301545234.7	C:\Users\leninne.pirovano\OneDrive - SCHEFFER\Documentos\Qlik\Sense\Apps\Analise US	-	Annotation Step: MissingValue Execution time:  0
Perf	INFO	2021-08-02T15:36:35.829-04:00	258301545413.6	C:\Users\leninne.pirovano\OneDrive - SCHEFFER\Documentos\Qlik\Sense\Apps\Analise US	-	Annotation Step: CompoundValue
Perf	INFO	2021-08-02T15:36:35.830-04:00	258301546145.4	C:\Users\leninne.pirovano\OneDrive - SCHEFFER\Documentos\Qlik\Sense\Apps\Analise US	-	Annotation Step: CompoundValue Execution time:  1
Perf	INFO	2021-08-02T15:36:35.830-04:00	258301546316.1	C:\Users\leninne.pirovano\OneDrive - SCHEFFER\Documentos\Qlik\Sense\Apps\Analise US	-	Annotation Step: RecommendedDataType
Perf	INFO	2021-08-02T15:36:35.831-04:00	258301546861.1	C:\Users\leninne.pirovano\OneDrive - SCHEFFER\Documentos\Qlik\Sense\Apps\Analise US	-	Annotation Step: RecommendedDataType Execution time:  1
Perf	INFO	2021-08-02T15:36:35.831-04:00	258301547023.3	C:\Users\leninne.pirovano\OneDrive - SCHEFFER\Documentos\Qlik\Sense\Apps\Analise US	-	Annotation Step: ValueDecorator
Perf	INFO	2021-08-02T15:36:35.831-04:00	258301547447.3	C:\Users\leninne.pirovano\OneDrive - SCHEFFER\Documentos\Qlik\Sense\Apps\Analise US	-	Annotation Step: ValueDecorator Execution time:  0
Perf	INFO	2021-08-02T15:36:35.831-04:00	258301547607	C:\Users\leninne.pirovano\OneDrive - SCHEFFER\Documentos\Qlik\Sense\Apps\Analise US	-	Annotation Step: SemanticClassifier
Perf	INFO	2021-08-02T15:36:35.837-04:00	258301552977.8	C:\Users\leninne.pirovano\OneDrive - SCHEFFER\Documentos\Qlik\Sense\Apps\Analise US	-	Annotation Step: SemanticClassifier Execution time:  6
Perf	INFO	2021-08-02T15:36:35.837-04:00	258301553489	C:\Users\leninne.pirovano\OneDrive - SCHEFFER\Documentos\Qlik\Sense\Apps\Analise US	-	Annotation Step: AdhocTransformations
Perf	INFO	2021-08-02T15:36:35.838-04:00	258301553832.7	C:\Users\leninne.pirovano\OneDrive - SCHEFFER\Documentos\Qlik\Sense\Apps\Analise US	-	Annotation Step: AdhocTransformations Execution time:  1
Perf	INFO	2021-08-02T15:36:35.838-04:00	258301554143.5	C:\Users\leninne.pirovano\OneDrive - SCHEFFER\Documentos\Qlik\Sense\Apps\Analise US	-	Annotation Step: AdhocCompoundValue
Perf	INFO	2021-08-02T15:36:35.838-04:00	258301554498.1	C:\Users\leninne.pirovano\OneDrive - SCHEFFER\Documentos\Qlik\Sense\Apps\Analise US	-	Annotation Step: AdhocCompoundValue Execution time:  0
Perf	INFO	2021-08-02T15:36:35.838-04:00	258301554681.9	C:\Users\leninne.pirovano\OneDrive - SCHEFFER\Documentos\Qlik\Sense\Apps\Analise US	-	Annotation Step: ValueBasedGeoClassifier
Perf	INFO	2021-08-02T15:36:35.841-04:00	258301557596.6	C:\Users\leninne.pirovano\OneDrive - SCHEFFER\Documentos\Qlik\Sense\Apps\Analise US	-	Annotation Step: ValueBasedGeoClassifier Execution time:  2
Perf	INFO	2021-08-02T15:36:35.842-04:00	258301558267.2	C:\Users\leninne.pirovano\OneDrive - SCHEFFER\Documentos\Qlik\Sense\Apps\Analise US	-	Annotation Step: CrossDatasetClassifier
Perf	INFO	2021-08-02T15:36:35.843-04:00	258301559154.6	C:\Users\leninne.pirovano\OneDrive - SCHEFFER\Documentos\Qlik\Sense\Apps\Analise US	-	Annotation Step: CrossDatasetClassifier Execution time:  0
Perf	INFO	2021-08-02T15:36:35.844-04:00	258301559980.1	C:\Users\leninne.pirovano\OneDrive - SCHEFFER\Documentos\Qlik\Sense\Apps\Analise US	-	Annotation Step: TimeBoundMeasureFinder
Perf	INFO	2021-08-02T15:36:35.844-04:00	258301560483.9	C:\Users\leninne.pirovano\OneDrive - SCHEFFER\Documentos\Qlik\Sense\Apps\Analise US	-	Annotation Step: TimeBoundMeasureFinder Execution time:  0
Perf	INFO	2021-08-02T15:36:35.845-04:00	258301560949.4	C:\Users\leninne.pirovano\OneDrive - SCHEFFER\Documentos\Qlik\Sense\Apps\Analise US	-	CLASSIFICATION_PIPELINE Execution time:  30
Perf	INFO	2021-08-02T15:36:35.846-04:00	258301561799.5	C:\Users\leninne.pirovano\OneDrive - SCHEFFER\Documentos\Qlik\Sense\Apps\Analise US	-	INIT_ANNOTATION_BOARD_TABLE_FIELDS: Tables&Fields Execution time:  217
Perf	INFO	2021-08-02T15:36:35.846-04:00	258301562382.6	C:\Users\leninne.pirovano\OneDrive - SCHEFFER\Documentos\Qlik\Sense\Apps\Analise US	-	GetClassificationHandler::execute
Perf	INFO	2021-08-02T15:36:35.846-04:00	258301562692.2	C:\Users\leninne.pirovano\OneDrive - SCHEFFER\Documentos\Qlik\Sense\Apps\Analise US	-	{"value":"OPEN_DATA_MANAGER_CORE","steps":[{"value":"GET_FEATURE_FLAGS","steps":[],"duration_ms":0},{"value":"QUERY_BUSINESS_MODEL","steps":[],"duration_ms":0},{"value":"ANNOTATION_QUEUE","steps":[],"duration_ms":0},{"value":"INIT_ANNOTATION_BOARD_TABLE_FIELDS: Tables&Fields","steps":[{"value":"GET_TABLES_AND_KEYS","steps":[],"duration_ms":2},{"value":"CALCULATE_FIELDS_FOR_NOT_FOUND_AND_TRANSFORMED: Field count: 106","steps":[],"duration_ms":0},{"value":"SAMPLES_AND_MIN_MAX","steps":[{"value":"SAMPLE_VALUE_RETRIEVAL: Field count: 75","steps":[],"duration_ms":137},{"value":"SAMPLE_VALUE_UPDATING","steps":[],"duration_ms":2},{"value":"MINMAX","steps":[],"duration_ms":37},{"value":"NUMERIC_RATIO","steps":[],"duration_ms":1}],"duration_ms":183},{"value":"CLASSIFICATION_PIPELINE","steps":[{"value":"Annotation Step: Tokenizer","steps":[],"duration_ms":12},{"value":"Annotation Step: CaptionDecorator","steps":[],"duration_ms":1},{"value":"Annotation Step: DateTime","steps":[],"duration_ms":1},{"value":"Annotation Step: MissingValue","steps":[],"duration_ms":0},{"value":"Annotation Step: CompoundValue","steps":[],"duration_ms":1},{"value":"Annotation Step: RecommendedDataType","steps":[],"duration_ms":1},{"value":"Annotation Step: ValueDecorator","steps":[],"duration_ms":0},{"value":"Annotation Step: SemanticClassifier","steps":[],"duration_ms":6},{"value":"Annotation Step: AdhocTransformations","steps":[],"duration_ms":1},{"value":"Annotation Step: AdhocCompoundValue","steps":[],"duration_ms":0},{"value":"Annotation Step: ValueBasedGeoClassifier","steps":[],"duration_ms":2},{"value":"Annotation Step: CrossDatasetClassifier","steps":[],"duration_ms":0},{"value":"Annotation Step: TimeBoundMeasureFinder","steps":[],"duration_ms":0}],"duration_ms":30}],"duration_ms":217}],"duration_ms":0}
Perf	INFO	2021-08-02T15:53:46.839-04:00	259332545538.3	C:\Users\leninne.pirovano\OneDrive - SCHEFFER\Documentos\Qlik\Sense\Apps\Analise US	-	OPEN_DATA_MANAGER_CORE
Perf	INFO	2021-08-02T15:53:46.839-04:00	259332545868.2	C:\Users\leninne.pirovano\OneDrive - SCHEFFER\Documentos\Qlik\Sense\Apps\Analise US	-	OPEN_DATA_MANAGER_CORE Execution time:  0
Perf	INFO	2021-08-02T15:53:46.839-04:00	259332546069.7	C:\Users\leninne.pirovano\OneDrive - SCHEFFER\Documentos\Qlik\Sense\Apps\Analise US	-	GET_FEATURE_FLAGS
Perf	INFO	2021-08-02T15:53:46.839-04:00	259332546306	C:\Users\leninne.pirovano\OneDrive - SCHEFFER\Documentos\Qlik\Sense\Apps\Analise US	-	GET_FEATURE_FLAGS Execution time:  0
Perf	INFO	2021-08-02T15:53:46.840-04:00	259332546814.8	C:\Users\leninne.pirovano\OneDrive - SCHEFFER\Documentos\Qlik\Sense\Apps\Analise US	-	QUERY_BUSINESS_MODEL
Perf	INFO	2021-08-02T15:53:46.840-04:00	259332547020.4	C:\Users\leninne.pirovano\OneDrive - SCHEFFER\Documentos\Qlik\Sense\Apps\Analise US	-	QUERY_BUSINESS_MODEL Execution time:  0
Perf	INFO	2021-08-02T15:53:46.840-04:00	259332547213.9	C:\Users\leninne.pirovano\OneDrive - SCHEFFER\Documentos\Qlik\Sense\Apps\Analise US	-	ANNOTATION_QUEUE
Perf	INFO	2021-08-02T15:53:46.841-04:00	259332547400.6	C:\Users\leninne.pirovano\OneDrive - SCHEFFER\Documentos\Qlik\Sense\Apps\Analise US	-	ANNOTATION_QUEUE Execution time:  0
Perf	INFO	2021-08-02T15:53:46.842-04:00	259332548369.8	C:\Users\leninne.pirovano\OneDrive - SCHEFFER\Documentos\Qlik\Sense\Apps\Analise US	-	INIT_ANNOTATION_BOARD_TABLE_FIELDS: Tables&Fields
Perf	INFO	2021-08-02T15:53:46.842-04:00	259332548582.6	C:\Users\leninne.pirovano\OneDrive - SCHEFFER\Documentos\Qlik\Sense\Apps\Analise US	-	GET_TABLES_AND_KEYS
Perf	INFO	2021-08-02T15:53:46.844-04:00	259332550703.6	C:\Users\leninne.pirovano\OneDrive - SCHEFFER\Documentos\Qlik\Sense\Apps\Analise US	-	GET_TABLES_AND_KEYS Execution time:  2
Perf	INFO	2021-08-02T15:53:46.846-04:00	259332553005.3	C:\Users\leninne.pirovano\OneDrive - SCHEFFER\Documentos\Qlik\Sense\Apps\Analise US	-	CALCULATE_FIELDS_FOR_NOT_FOUND_AND_TRANSFORMED: Field count: 106
Perf	INFO	2021-08-02T15:53:46.847-04:00	259332553387.2	C:\Users\leninne.pirovano\OneDrive - SCHEFFER\Documentos\Qlik\Sense\Apps\Analise US	-	CALCULATE_FIELDS_FOR_NOT_FOUND_AND_TRANSFORMED: Field count: 106 Execution time:  1
Perf	INFO	2021-08-02T15:53:46.847-04:00	259332553600.5	C:\Users\leninne.pirovano\OneDrive - SCHEFFER\Documentos\Qlik\Sense\Apps\Analise US	-	SAMPLES_AND_MIN_MAX
Perf	INFO	2021-08-02T15:53:46.848-04:00	259332554447.8	C:\Users\leninne.pirovano\OneDrive - SCHEFFER\Documentos\Qlik\Sense\Apps\Analise US	-	SAMPLE_VALUE_RETRIEVAL: Field count: 75
Perf	INFO	2021-08-02T15:53:46.908-04:00	259332614353.9	C:\Users\leninne.pirovano\OneDrive - SCHEFFER\Documentos\Qlik\Sense\Apps\Analise US	-	SAMPLE_VALUE_RETRIEVAL: Field count: 75 Execution time:  59
Perf	INFO	2021-08-02T15:53:46.908-04:00	259332614788.1	C:\Users\leninne.pirovano\OneDrive - SCHEFFER\Documentos\Qlik\Sense\Apps\Analise US	-	SAMPLE_VALUE_UPDATING
Perf	INFO	2021-08-02T15:53:46.915-04:00	259332622166.3	C:\Users\leninne.pirovano\OneDrive - SCHEFFER\Documentos\Qlik\Sense\Apps\Analise US	-	SAMPLE_VALUE_UPDATING Execution time:  7
Perf	INFO	2021-08-02T15:53:46.918-04:00	259332624502.1	C:\Users\leninne.pirovano\OneDrive - SCHEFFER\Documentos\Qlik\Sense\Apps\Analise US	-	MINMAX
Perf	INFO	2021-08-02T15:53:46.941-04:00	259332648252.5	C:\Users\leninne.pirovano\OneDrive - SCHEFFER\Documentos\Qlik\Sense\Apps\Analise US	-	MINMAX Execution time:  23
Perf	INFO	2021-08-02T15:53:46.942-04:00	259332648625	C:\Users\leninne.pirovano\OneDrive - SCHEFFER\Documentos\Qlik\Sense\Apps\Analise US	-	NUMERIC_RATIO
Perf	INFO	2021-08-02T15:53:46.943-04:00	259332650260.1	C:\Users\leninne.pirovano\OneDrive - SCHEFFER\Documentos\Qlik\Sense\Apps\Analise US	-	NUMERIC_RATIO Execution time:  1
Perf	INFO	2021-08-02T15:53:46.944-04:00	259332650599.3	C:\Users\leninne.pirovano\OneDrive - SCHEFFER\Documentos\Qlik\Sense\Apps\Analise US	-	SAMPLES_AND_MIN_MAX Execution time:  97
Perf	INFO	2021-08-02T15:53:46.945-04:00	259332651422.9	C:\Users\leninne.pirovano\OneDrive - SCHEFFER\Documentos\Qlik\Sense\Apps\Analise US	-	CLASSIFICATION_PIPELINE
Perf	INFO	2021-08-02T15:53:46.945-04:00	259332651660.6	C:\Users\leninne.pirovano\OneDrive - SCHEFFER\Documentos\Qlik\Sense\Apps\Analise US	-	Annotation Step: Tokenizer
Perf	INFO	2021-08-02T15:53:46.953-04:00	259332659729.2	C:\Users\leninne.pirovano\OneDrive - SCHEFFER\Documentos\Qlik\Sense\Apps\Analise US	-	Annotation Step: Tokenizer Execution time:  8
Perf	INFO	2021-08-02T15:53:46.953-04:00	259332660040.8	C:\Users\leninne.pirovano\OneDrive - SCHEFFER\Documentos\Qlik\Sense\Apps\Analise US	-	Annotation Step: CaptionDecorator
Perf	INFO	2021-08-02T15:53:46.954-04:00	259332660468.3	C:\Users\leninne.pirovano\OneDrive - SCHEFFER\Documentos\Qlik\Sense\Apps\Analise US	-	Annotation Step: CaptionDecorator Execution time:  1
Perf	INFO	2021-08-02T15:53:46.954-04:00	259332660611.2	C:\Users\leninne.pirovano\OneDrive - SCHEFFER\Documentos\Qlik\Sense\Apps\Analise US	-	Annotation Step: DateTime
Perf	INFO	2021-08-02T15:53:46.954-04:00	259332661225.4	C:\Users\leninne.pirovano\OneDrive - SCHEFFER\Documentos\Qlik\Sense\Apps\Analise US	-	Annotation Step: DateTime Execution time:  0
Perf	INFO	2021-08-02T15:53:46.955-04:00	259332661341.1	C:\Users\leninne.pirovano\OneDrive - SCHEFFER\Documentos\Qlik\Sense\Apps\Analise US	-	Annotation Step: MissingValue
Perf	INFO	2021-08-02T15:53:46.955-04:00	259332661594.9	C:\Users\leninne.pirovano\OneDrive - SCHEFFER\Documentos\Qlik\Sense\Apps\Analise US	-	Annotation Step: MissingValue Execution time:  0
Perf	INFO	2021-08-02T15:53:46.955-04:00	259332661819.3	C:\Users\leninne.pirovano\OneDrive - SCHEFFER\Documentos\Qlik\Sense\Apps\Analise US	-	Annotation Step: CompoundValue
Perf	INFO	2021-08-02T15:53:46.958-04:00	259332664505.6	C:\Users\leninne.pirovano\OneDrive - SCHEFFER\Documentos\Qlik\Sense\Apps\Analise US	-	Annotation Step: CompoundValue Execution time:  3
Perf	INFO	2021-08-02T15:53:46.958-04:00	259332664750.1	C:\Users\leninne.pirovano\OneDrive - SCHEFFER\Documentos\Qlik\Sense\Apps\Analise US	-	Annotation Step: RecommendedDataType
Perf	INFO	2021-08-02T15:53:46.959-04:00	259332666175.8	C:\Users\leninne.pirovano\OneDrive - SCHEFFER\Documentos\Qlik\Sense\Apps\Analise US	-	Annotation Step: RecommendedDataType Execution time:  1
Perf	INFO	2021-08-02T15:53:46.960-04:00	259332666358.2	C:\Users\leninne.pirovano\OneDrive - SCHEFFER\Documentos\Qlik\Sense\Apps\Analise US	-	Annotation Step: ValueDecorator
Perf	INFO	2021-08-02T15:53:46.960-04:00	259332666794	C:\Users\leninne.pirovano\OneDrive - SCHEFFER\Documentos\Qlik\Sense\Apps\Analise US	-	Annotation Step: ValueDecorator Execution time:  0
Perf	INFO	2021-08-02T15:53:46.960-04:00	259332666927.3	C:\Users\leninne.pirovano\OneDrive - SCHEFFER\Documentos\Qlik\Sense\Apps\Analise US	-	Annotation Step: SemanticClassifier
Perf	INFO	2021-08-02T15:53:46.966-04:00	259332672800.8	C:\Users\leninne.pirovano\OneDrive - SCHEFFER\Documentos\Qlik\Sense\Apps\Analise US	-	Annotation Step: SemanticClassifier Execution time:  6
Perf	INFO	2021-08-02T15:53:46.967-04:00	259332673477.1	C:\Users\leninne.pirovano\OneDrive - SCHEFFER\Documentos\Qlik\Sense\Apps\Analise US	-	Annotation Step: AdhocTransformations
Perf	INFO	2021-08-02T15:53:46.967-04:00	259332673870.4	C:\Users\leninne.pirovano\OneDrive - SCHEFFER\Documentos\Qlik\Sense\Apps\Analise US	-	Annotation Step: AdhocTransformations Execution time:  0
Perf	INFO	2021-08-02T15:53:46.967-04:00	259332674120.5	C:\Users\leninne.pirovano\OneDrive - SCHEFFER\Documentos\Qlik\Sense\Apps\Analise US	-	Annotation Step: AdhocCompoundValue
Perf	INFO	2021-08-02T15:53:46.968-04:00	259332674443.4	C:\Users\leninne.pirovano\OneDrive - SCHEFFER\Documentos\Qlik\Sense\Apps\Analise US	-	Annotation Step: AdhocCompoundValue Execution time:  1
Perf	INFO	2021-08-02T15:53:46.968-04:00	259332674633.4	C:\Users\leninne.pirovano\OneDrive - SCHEFFER\Documentos\Qlik\Sense\Apps\Analise US	-	Annotation Step: ValueBasedGeoClassifier
Perf	INFO	2021-08-02T15:53:46.969-04:00	259332675592.3	C:\Users\leninne.pirovano\OneDrive - SCHEFFER\Documentos\Qlik\Sense\Apps\Analise US	-	Annotation Step: ValueBasedGeoClassifier Execution time:  1
Perf	INFO	2021-08-02T15:53:46.969-04:00	259332675811.9	C:\Users\leninne.pirovano\OneDrive - SCHEFFER\Documentos\Qlik\Sense\Apps\Analise US	-	Annotation Step: CrossDatasetClassifier
Perf	INFO	2021-08-02T15:53:46.969-04:00	259332676162.5	C:\Users\leninne.pirovano\OneDrive - SCHEFFER\Documentos\Qlik\Sense\Apps\Analise US	-	Annotation Step: CrossDatasetClassifier Execution time:  0
Perf	INFO	2021-08-02T15:53:46.970-04:00	259332676367.1	C:\Users\leninne.pirovano\OneDrive - SCHEFFER\Documentos\Qlik\Sense\Apps\Analise US	-	Annotation Step: TimeBoundMeasureFinder
Perf	INFO	2021-08-02T15:53:46.970-04:00	259332676638.2	C:\Users\leninne.pirovano\OneDrive - SCHEFFER\Documentos\Qlik\Sense\Apps\Analise US	-	Annotation Step: TimeBoundMeasureFinder Execution time:  0
Perf	INFO	2021-08-02T15:53:46.970-04:00	259332676832.1	C:\Users\leninne.pirovano\OneDrive - SCHEFFER\Documentos\Qlik\Sense\Apps\Analise US	-	CLASSIFICATION_PIPELINE Execution time:  25
Perf	INFO	2021-08-02T15:53:46.971-04:00	259332677490	C:\Users\leninne.pirovano\OneDrive - SCHEFFER\Documentos\Qlik\Sense\Apps\Analise US	-	INIT_ANNOTATION_BOARD_TABLE_FIELDS: Tables&Fields Execution time:  129
Perf	INFO	2021-08-02T15:53:46.971-04:00	259332677903.8	C:\Users\leninne.pirovano\OneDrive - SCHEFFER\Documentos\Qlik\Sense\Apps\Analise US	-	GetClassificationHandler::execute
Perf	INFO	2021-08-02T15:53:46.971-04:00	259332678150.2	C:\Users\leninne.pirovano\OneDrive - SCHEFFER\Documentos\Qlik\Sense\Apps\Analise US	-	{"value":"OPEN_DATA_MANAGER_CORE","steps":[{"value":"GET_FEATURE_FLAGS","steps":[],"duration_ms":0},{"value":"QUERY_BUSINESS_MODEL","steps":[],"duration_ms":0},{"value":"ANNOTATION_QUEUE","steps":[],"duration_ms":0},{"value":"INIT_ANNOTATION_BOARD_TABLE_FIELDS: Tables&Fields","steps":[{"value":"GET_TABLES_AND_KEYS","steps":[],"duration_ms":2},{"value":"CALCULATE_FIELDS_FOR_NOT_FOUND_AND_TRANSFORMED: Field count: 106","steps":[],"duration_ms":1},{"value":"SAMPLES_AND_MIN_MAX","steps":[{"value":"SAMPLE_VALUE_RETRIEVAL: Field count: 75","steps":[],"duration_ms":59},{"value":"SAMPLE_VALUE_UPDATING","steps":[],"duration_ms":7},{"value":"MINMAX","steps":[],"duration_ms":23},{"value":"NUMERIC_RATIO","steps":[],"duration_ms":1}],"duration_ms":97},{"value":"CLASSIFICATION_PIPELINE","steps":[{"value":"Annotation Step: Tokenizer","steps":[],"duration_ms":8},{"value":"Annotation Step: CaptionDecorator","steps":[],"duration_ms":1},{"value":"Annotation Step: DateTime","steps":[],"duration_ms":0},{"value":"Annotation Step: MissingValue","steps":[],"duration_ms":0},{"value":"Annotation Step: CompoundValue","steps":[],"duration_ms":3},{"value":"Annotation Step: RecommendedDataType","steps":[],"duration_ms":1},{"value":"Annotation Step: ValueDecorator","steps":[],"duration_ms":0},{"value":"Annotation Step: SemanticClassifier","steps":[],"duration_ms":6},{"value":"Annotation Step: AdhocTransformations","steps":[],"duration_ms":0},{"value":"Annotation Step: AdhocCompoundValue","steps":[],"duration_ms":1},{"value":"Annotation Step: ValueBasedGeoClassifier","steps":[],"duration_ms":1},{"value":"Annotation Step: CrossDatasetClassifier","steps":[],"duration_ms":0},{"value":"Annotation Step: TimeBoundMeasureFinder","steps":[],"duration_ms":0}],"duration_ms":25}],"duration_ms":129}],"duration_ms":0}
Perf	INFO	2021-08-02T16:14:17.523-04:00	260563224742.2	C:\Users\leninne.pirovano\OneDrive - SCHEFFER\Documentos\Qlik\Sense\Apps\Analise US	-	OPEN_DATA_MANAGER_CORE
Perf	INFO	2021-08-02T16:14:17.524-04:00	260563226044.9	C:\Users\leninne.pirovano\OneDrive - SCHEFFER\Documentos\Qlik\Sense\Apps\Analise US	-	OPEN_DATA_MANAGER_CORE Execution time:  0
Perf	INFO	2021-08-02T16:14:17.525-04:00	260563226722.2	C:\Users\leninne.pirovano\OneDrive - SCHEFFER\Documentos\Qlik\Sense\Apps\Analise US	-	GET_FEATURE_FLAGS
Perf	INFO	2021-08-02T16:14:17.525-04:00	260563226914.1	C:\Users\leninne.pirovano\OneDrive - SCHEFFER\Documentos\Qlik\Sense\Apps\Analise US	-	GET_FEATURE_FLAGS Execution time:  0
Perf	INFO	2021-08-02T16:14:17.525-04:00	260563227051.1	C:\Users\leninne.pirovano\OneDrive - SCHEFFER\Documentos\Qlik\Sense\Apps\Analise US	-	QUERY_BUSINESS_MODEL
Perf	INFO	2021-08-02T16:14:17.526-04:00	260563228286.3	C:\Users\leninne.pirovano\OneDrive - SCHEFFER\Documentos\Qlik\Sense\Apps\Analise US	-	QUERY_BUSINESS_MODEL Execution time:  1
Perf	INFO	2021-08-02T16:14:17.527-04:00	260563229011.7	C:\Users\leninne.pirovano\OneDrive - SCHEFFER\Documentos\Qlik\Sense\Apps\Analise US	-	ANNOTATION_QUEUE
Perf	INFO	2021-08-02T16:14:17.528-04:00	260563229723.8	C:\Users\leninne.pirovano\OneDrive - SCHEFFER\Documentos\Qlik\Sense\Apps\Analise US	-	ANNOTATION_QUEUE Execution time:  1
Perf	INFO	2021-08-02T16:14:17.537-04:00	260563238750.2	C:\Users\leninne.pirovano\OneDrive - SCHEFFER\Documentos\Qlik\Sense\Apps\Analise US	-	INIT_ANNOTATION_BOARD_TABLE_FIELDS: Tables&Fields
Perf	INFO	2021-08-02T16:14:17.537-04:00	260563238993.2	C:\Users\leninne.pirovano\OneDrive - SCHEFFER\Documentos\Qlik\Sense\Apps\Analise US	-	GET_TABLES_AND_KEYS
Perf	INFO	2021-08-02T16:14:17.549-04:00	260563250787.6	C:\Users\leninne.pirovano\OneDrive - SCHEFFER\Documentos\Qlik\Sense\Apps\Analise US	-	GET_TABLES_AND_KEYS Execution time:  12
Perf	INFO	2021-08-02T16:14:17.551-04:00	260563252727.7	C:\Users\leninne.pirovano\OneDrive - SCHEFFER\Documentos\Qlik\Sense\Apps\Analise US	-	CALCULATE_FIELDS_FOR_NOT_FOUND_AND_TRANSFORMED: Field count: 106
Perf	INFO	2021-08-02T16:14:17.551-04:00	260563253154.4	C:\Users\leninne.pirovano\OneDrive - SCHEFFER\Documentos\Qlik\Sense\Apps\Analise US	-	CALCULATE_FIELDS_FOR_NOT_FOUND_AND_TRANSFORMED: Field count: 106 Execution time:  0
Perf	INFO	2021-08-02T16:14:17.551-04:00	260563253345.7	C:\Users\leninne.pirovano\OneDrive - SCHEFFER\Documentos\Qlik\Sense\Apps\Analise US	-	SAMPLES_AND_MIN_MAX
Perf	INFO	2021-08-02T16:14:17.554-04:00	260563255608.4	C:\Users\leninne.pirovano\OneDrive - SCHEFFER\Documentos\Qlik\Sense\Apps\Analise US	-	SAMPLE_VALUE_RETRIEVAL: Field count: 75
Perf	INFO	2021-08-02T16:14:17.700-04:00	260563401817.9	C:\Users\leninne.pirovano\OneDrive - SCHEFFER\Documentos\Qlik\Sense\Apps\Analise US	-	SAMPLE_VALUE_RETRIEVAL: Field count: 75 Execution time:  146
Perf	INFO	2021-08-02T16:14:17.700-04:00	260563402115.4	C:\Users\leninne.pirovano\OneDrive - SCHEFFER\Documentos\Qlik\Sense\Apps\Analise US	-	SAMPLE_VALUE_UPDATING
Perf	INFO	2021-08-02T16:14:17.705-04:00	260563406789.1	C:\Users\leninne.pirovano\OneDrive - SCHEFFER\Documentos\Qlik\Sense\Apps\Analise US	-	SAMPLE_VALUE_UPDATING Execution time:  5
Perf	INFO	2021-08-02T16:14:17.710-04:00	260563412276.4	C:\Users\leninne.pirovano\OneDrive - SCHEFFER\Documentos\Qlik\Sense\Apps\Analise US	-	MINMAX
Perf	INFO	2021-08-02T16:14:17.745-04:00	260563446757.7	C:\Users\leninne.pirovano\OneDrive - SCHEFFER\Documentos\Qlik\Sense\Apps\Analise US	-	MINMAX Execution time:  34
Perf	INFO	2021-08-02T16:14:17.745-04:00	260563447204.5	C:\Users\leninne.pirovano\OneDrive - SCHEFFER\Documentos\Qlik\Sense\Apps\Analise US	-	NUMERIC_RATIO
Perf	INFO	2021-08-02T16:14:17.748-04:00	260563449938.1	C:\Users\leninne.pirovano\OneDrive - SCHEFFER\Documentos\Qlik\Sense\Apps\Analise US	-	NUMERIC_RATIO Execution time:  2
Perf	INFO	2021-08-02T16:14:17.748-04:00	260563450277.3	C:\Users\leninne.pirovano\OneDrive - SCHEFFER\Documentos\Qlik\Sense\Apps\Analise US	-	SAMPLES_AND_MIN_MAX Execution time:  196
Perf	INFO	2021-08-02T16:14:17.751-04:00	260563452880.6	C:\Users\leninne.pirovano\OneDrive - SCHEFFER\Documentos\Qlik\Sense\Apps\Analise US	-	CLASSIFICATION_PIPELINE
Perf	INFO	2021-08-02T16:14:17.753-04:00	260563455123	C:\Users\leninne.pirovano\OneDrive - SCHEFFER\Documentos\Qlik\Sense\Apps\Analise US	-	Annotation Step: Tokenizer
Perf	INFO	2021-08-02T16:14:17.765-04:00	260563467052.5	C:\Users\leninne.pirovano\OneDrive - SCHEFFER\Documentos\Qlik\Sense\Apps\Analise US	-	Annotation Step: Tokenizer Execution time:  12
Perf	INFO	2021-08-02T16:14:17.766-04:00	260563467587.6	C:\Users\leninne.pirovano\OneDrive - SCHEFFER\Documentos\Qlik\Sense\Apps\Analise US	-	Annotation Step: CaptionDecorator
Perf	INFO	2021-08-02T16:14:17.766-04:00	260563468088.8	C:\Users\leninne.pirovano\OneDrive - SCHEFFER\Documentos\Qlik\Sense\Apps\Analise US	-	Annotation Step: CaptionDecorator Execution time:  0
Perf	INFO	2021-08-02T16:14:17.766-04:00	260563468388.8	C:\Users\leninne.pirovano\OneDrive - SCHEFFER\Documentos\Qlik\Sense\Apps\Analise US	-	Annotation Step: DateTime
Perf	INFO	2021-08-02T16:14:17.768-04:00	260563470088.1	C:\Users\leninne.pirovano\OneDrive - SCHEFFER\Documentos\Qlik\Sense\Apps\Analise US	-	Annotation Step: DateTime Execution time:  1
Perf	INFO	2021-08-02T16:14:17.769-04:00	260563470549.6	C:\Users\leninne.pirovano\OneDrive - SCHEFFER\Documentos\Qlik\Sense\Apps\Analise US	-	Annotation Step: MissingValue
Perf	INFO	2021-08-02T16:14:17.769-04:00	260563471018.3	C:\Users\leninne.pirovano\OneDrive - SCHEFFER\Documentos\Qlik\Sense\Apps\Analise US	-	Annotation Step: MissingValue Execution time:  0
Perf	INFO	2021-08-02T16:14:17.769-04:00	260563471383.7	C:\Users\leninne.pirovano\OneDrive - SCHEFFER\Documentos\Qlik\Sense\Apps\Analise US	-	Annotation Step: CompoundValue
Perf	INFO	2021-08-02T16:14:17.772-04:00	260563474249.6	C:\Users\leninne.pirovano\OneDrive - SCHEFFER\Documentos\Qlik\Sense\Apps\Analise US	-	Annotation Step: CompoundValue Execution time:  2
Perf	INFO	2021-08-02T16:14:17.772-04:00	260563474415.4	C:\Users\leninne.pirovano\OneDrive - SCHEFFER\Documentos\Qlik\Sense\Apps\Analise US	-	Annotation Step: RecommendedDataType
Perf	INFO	2021-08-02T16:14:17.773-04:00	260563474960.5	C:\Users\leninne.pirovano\OneDrive - SCHEFFER\Documentos\Qlik\Sense\Apps\Analise US	-	Annotation Step: RecommendedDataType Execution time:  0
Perf	INFO	2021-08-02T16:14:17.773-04:00	260563475101.7	C:\Users\leninne.pirovano\OneDrive - SCHEFFER\Documentos\Qlik\Sense\Apps\Analise US	-	Annotation Step: ValueDecorator
Perf	INFO	2021-08-02T16:14:17.775-04:00	260563477151.1	C:\Users\leninne.pirovano\OneDrive - SCHEFFER\Documentos\Qlik\Sense\Apps\Analise US	-	Annotation Step: ValueDecorator Execution time:  2
Perf	INFO	2021-08-02T16:14:17.775-04:00	260563477382.2	C:\Users\leninne.pirovano\OneDrive - SCHEFFER\Documentos\Qlik\Sense\Apps\Analise US	-	Annotation Step: SemanticClassifier
Perf	INFO	2021-08-02T16:14:17.786-04:00	260563488285	C:\Users\leninne.pirovano\OneDrive - SCHEFFER\Documentos\Qlik\Sense\Apps\Analise US	-	Annotation Step: SemanticClassifier Execution time:  10
Perf	INFO	2021-08-02T16:14:17.787-04:00	260563489123.2	C:\Users\leninne.pirovano\OneDrive - SCHEFFER\Documentos\Qlik\Sense\Apps\Analise US	-	Annotation Step: AdhocTransformations
Perf	INFO	2021-08-02T16:14:17.788-04:00	260563490082.9	C:\Users\leninne.pirovano\OneDrive - SCHEFFER\Documentos\Qlik\Sense\Apps\Analise US	-	Annotation Step: AdhocTransformations Execution time:  0
Perf	INFO	2021-08-02T16:14:17.788-04:00	260563490313.8	C:\Users\leninne.pirovano\OneDrive - SCHEFFER\Documentos\Qlik\Sense\Apps\Analise US	-	Annotation Step: AdhocCompoundValue
Perf	INFO	2021-08-02T16:14:17.789-04:00	260563490488.6	C:\Users\leninne.pirovano\OneDrive - SCHEFFER\Documentos\Qlik\Sense\Apps\Analise US	-	Annotation Step: AdhocCompoundValue Execution time:  0
Perf	INFO	2021-08-02T16:14:17.789-04:00	260563490610.5	C:\Users\leninne.pirovano\OneDrive - SCHEFFER\Documentos\Qlik\Sense\Apps\Analise US	-	Annotation Step: ValueBasedGeoClassifier
Perf	INFO	2021-08-02T16:14:17.802-04:00	260563503840.6	C:\Users\leninne.pirovano\OneDrive - SCHEFFER\Documentos\Qlik\Sense\Apps\Analise US	-	Annotation Step: ValueBasedGeoClassifier Execution time:  13
Perf	INFO	2021-08-02T16:14:17.802-04:00	260563504423.6	C:\Users\leninne.pirovano\OneDrive - SCHEFFER\Documentos\Qlik\Sense\Apps\Analise US	-	Annotation Step: CrossDatasetClassifier
Perf	INFO	2021-08-02T16:14:17.803-04:00	260563504927.4	C:\Users\leninne.pirovano\OneDrive - SCHEFFER\Documentos\Qlik\Sense\Apps\Analise US	-	Annotation Step: CrossDatasetClassifier Execution time:  0
Perf	INFO	2021-08-02T16:14:17.803-04:00	260563505201.3	C:\Users\leninne.pirovano\OneDrive - SCHEFFER\Documentos\Qlik\Sense\Apps\Analise US	-	Annotation Step: TimeBoundMeasureFinder
Perf	INFO	2021-08-02T16:14:17.803-04:00	260563505339.6	C:\Users\leninne.pirovano\OneDrive - SCHEFFER\Documentos\Qlik\Sense\Apps\Analise US	-	Annotation Step: TimeBoundMeasureFinder Execution time:  0
Perf	INFO	2021-08-02T16:14:17.804-04:00	260563505520.7	C:\Users\leninne.pirovano\OneDrive - SCHEFFER\Documentos\Qlik\Sense\Apps\Analise US	-	CLASSIFICATION_PIPELINE Execution time:  53
Perf	INFO	2021-08-02T16:14:17.804-04:00	260563505712.6	C:\Users\leninne.pirovano\OneDrive - SCHEFFER\Documentos\Qlik\Sense\Apps\Analise US	-	INIT_ANNOTATION_BOARD_TABLE_FIELDS: Tables&Fields Execution time:  267
Perf	INFO	2021-08-02T16:14:17.804-04:00	260563506112.6	C:\Users\leninne.pirovano\OneDrive - SCHEFFER\Documentos\Qlik\Sense\Apps\Analise US	-	GetClassificationHandler::execute
Perf	INFO	2021-08-02T16:14:17.804-04:00	260563506277.6	C:\Users\leninne.pirovano\OneDrive - SCHEFFER\Documentos\Qlik\Sense\Apps\Analise US	-	{"value":"OPEN_DATA_MANAGER_CORE","steps":[{"value":"GET_FEATURE_FLAGS","steps":[],"duration_ms":0},{"value":"QUERY_BUSINESS_MODEL","steps":[],"duration_ms":1},{"value":"ANNOTATION_QUEUE","steps":[],"duration_ms":1},{"value":"INIT_ANNOTATION_BOARD_TABLE_FIELDS: Tables&Fields","steps":[{"value":"GET_TABLES_AND_KEYS","steps":[],"duration_ms":12},{"value":"CALCULATE_FIELDS_FOR_NOT_FOUND_AND_TRANSFORMED: Field count: 106","steps":[],"duration_ms":0},{"value":"SAMPLES_AND_MIN_MAX","steps":[{"value":"SAMPLE_VALUE_RETRIEVAL: Field count: 75","steps":[],"duration_ms":146},{"value":"SAMPLE_VALUE_UPDATING","steps":[],"duration_ms":5},{"value":"MINMAX","steps":[],"duration_ms":34},{"value":"NUMERIC_RATIO","steps":[],"duration_ms":2}],"duration_ms":196},{"value":"CLASSIFICATION_PIPELINE","steps":[{"value":"Annotation Step: Tokenizer","steps":[],"duration_ms":12},{"value":"Annotation Step: CaptionDecorator","steps":[],"duration_ms":0},{"value":"Annotation Step: DateTime","steps":[],"duration_ms":1},{"value":"Annotation Step: MissingValue","steps":[],"duration_ms":0},{"value":"Annotation Step: CompoundValue","steps":[],"duration_ms":2},{"value":"Annotation Step: RecommendedDataType","steps":[],"duration_ms":0},{"value":"Annotation Step: ValueDecorator","steps":[],"duration_ms":2},{"value":"Annotation Step: SemanticClassifier","steps":[],"duration_ms":10},{"value":"Annotation Step: AdhocTransformations","steps":[],"duration_ms":0},{"value":"Annotation Step: AdhocCompoundValue","steps":[],"duration_ms":0},{"value":"Annotation Step: ValueBasedGeoClassifier","steps":[],"duration_ms":13},{"value":"Annotation Step: CrossDatasetClassifier","steps":[],"duration_ms":0},{"value":"Annotation Step: TimeBoundMeasureFinder","steps":[],"duration_ms":0}],"duration_ms":53}],"duration_ms":267}],"duration_ms":0}
Perf	INFO	2021-08-02T16:20:02.045-04:00	260907747216.8	C:\Users\leninne.pirovano\OneDrive - SCHEFFER\Documentos\Qlik\Sense\Apps\Analise US	-	OPEN_DATA_MANAGER_CORE
Perf	INFO	2021-08-02T16:20:02.046-04:00	260907747800	C:\Users\leninne.pirovano\OneDrive - SCHEFFER\Documentos\Qlik\Sense\Apps\Analise US	-	OPEN_DATA_MANAGER_CORE Execution time:  0
Perf	INFO	2021-08-02T16:20:02.046-04:00	260907747938.6	C:\Users\leninne.pirovano\OneDrive - SCHEFFER\Documentos\Qlik\Sense\Apps\Analise US	-	GET_FEATURE_FLAGS
Perf	INFO	2021-08-02T16:20:02.046-04:00	260907748134.1	C:\Users\leninne.pirovano\OneDrive - SCHEFFER\Documentos\Qlik\Sense\Apps\Analise US	-	GET_FEATURE_FLAGS Execution time:  0
Perf	INFO	2021-08-02T16:20:02.046-04:00	260907748294.5	C:\Users\leninne.pirovano\OneDrive - SCHEFFER\Documentos\Qlik\Sense\Apps\Analise US	-	QUERY_BUSINESS_MODEL
Perf	INFO	2021-08-02T16:20:02.047-04:00	260907748497.4	C:\Users\leninne.pirovano\OneDrive - SCHEFFER\Documentos\Qlik\Sense\Apps\Analise US	-	QUERY_BUSINESS_MODEL Execution time:  0
Perf	INFO	2021-08-02T16:20:02.047-04:00	260907748664.7	C:\Users\leninne.pirovano\OneDrive - SCHEFFER\Documentos\Qlik\Sense\Apps\Analise US	-	ANNOTATION_QUEUE
Perf	INFO	2021-08-02T16:20:02.047-04:00	260907748861.4	C:\Users\leninne.pirovano\OneDrive - SCHEFFER\Documentos\Qlik\Sense\Apps\Analise US	-	ANNOTATION_QUEUE Execution time:  0
Perf	INFO	2021-08-02T16:20:02.048-04:00	260907749524.4	C:\Users\leninne.pirovano\OneDrive - SCHEFFER\Documentos\Qlik\Sense\Apps\Analise US	-	INIT_ANNOTATION_BOARD_TABLE_FIELDS: Tables&Fields
Perf	INFO	2021-08-02T16:20:02.048-04:00	260907749661.2	C:\Users\leninne.pirovano\OneDrive - SCHEFFER\Documentos\Qlik\Sense\Apps\Analise US	-	GET_TABLES_AND_KEYS
Perf	INFO	2021-08-02T16:20:02.049-04:00	260907751312.8	C:\Users\leninne.pirovano\OneDrive - SCHEFFER\Documentos\Qlik\Sense\Apps\Analise US	-	GET_TABLES_AND_KEYS Execution time:  1
Perf	INFO	2021-08-02T16:20:02.050-04:00	260907751756.4	C:\Users\leninne.pirovano\OneDrive - SCHEFFER\Documentos\Qlik\Sense\Apps\Analise US	-	CALCULATE_FIELDS_FOR_NOT_FOUND_AND_TRANSFORMED: Field count: 106
Perf	INFO	2021-08-02T16:20:02.050-04:00	260907751930	C:\Users\leninne.pirovano\OneDrive - SCHEFFER\Documentos\Qlik\Sense\Apps\Analise US	-	CALCULATE_FIELDS_FOR_NOT_FOUND_AND_TRANSFORMED: Field count: 106 Execution time:  0
Perf	INFO	2021-08-02T16:20:02.050-04:00	260907752107.7	C:\Users\leninne.pirovano\OneDrive - SCHEFFER\Documentos\Qlik\Sense\Apps\Analise US	-	SAMPLES_AND_MIN_MAX
Perf	INFO	2021-08-02T16:20:02.051-04:00	260907753143.5	C:\Users\leninne.pirovano\OneDrive - SCHEFFER\Documentos\Qlik\Sense\Apps\Analise US	-	SAMPLE_VALUE_RETRIEVAL: Field count: 75
Perf	INFO	2021-08-02T16:20:02.116-04:00	260907818001.8	C:\Users\leninne.pirovano\OneDrive - SCHEFFER\Documentos\Qlik\Sense\Apps\Analise US	-	SAMPLE_VALUE_RETRIEVAL: Field count: 75 Execution time:  65
Perf	INFO	2021-08-02T16:20:02.116-04:00	260907818247.4	C:\Users\leninne.pirovano\OneDrive - SCHEFFER\Documentos\Qlik\Sense\Apps\Analise US	-	SAMPLE_VALUE_UPDATING
Perf	INFO	2021-08-02T16:20:02.118-04:00	260907819415.3	C:\Users\leninne.pirovano\OneDrive - SCHEFFER\Documentos\Qlik\Sense\Apps\Analise US	-	SAMPLE_VALUE_UPDATING Execution time:  0
Perf	INFO	2021-08-02T16:20:02.118-04:00	260907820023.8	C:\Users\leninne.pirovano\OneDrive - SCHEFFER\Documentos\Qlik\Sense\Apps\Analise US	-	MINMAX
Perf	INFO	2021-08-02T16:20:02.144-04:00	260907845972.9	C:\Users\leninne.pirovano\OneDrive - SCHEFFER\Documentos\Qlik\Sense\Apps\Analise US	-	MINMAX Execution time:  26
Perf	INFO	2021-08-02T16:20:02.144-04:00	260907846274.3	C:\Users\leninne.pirovano\OneDrive - SCHEFFER\Documentos\Qlik\Sense\Apps\Analise US	-	NUMERIC_RATIO
Perf	INFO	2021-08-02T16:20:02.146-04:00	260907848128.9	C:\Users\leninne.pirovano\OneDrive - SCHEFFER\Documentos\Qlik\Sense\Apps\Analise US	-	NUMERIC_RATIO Execution time:  1
Perf	INFO	2021-08-02T16:20:02.147-04:00	260907848435.6	C:\Users\leninne.pirovano\OneDrive - SCHEFFER\Documentos\Qlik\Sense\Apps\Analise US	-	SAMPLES_AND_MIN_MAX Execution time:  95
Perf	INFO	2021-08-02T16:20:02.148-04:00	260907849650	C:\Users\leninne.pirovano\OneDrive - SCHEFFER\Documentos\Qlik\Sense\Apps\Analise US	-	CLASSIFICATION_PIPELINE
Perf	INFO	2021-08-02T16:20:02.148-04:00	260907849938.4	C:\Users\leninne.pirovano\OneDrive - SCHEFFER\Documentos\Qlik\Sense\Apps\Analise US	-	Annotation Step: Tokenizer
Perf	INFO	2021-08-02T16:20:02.155-04:00	260907856961.7	C:\Users\leninne.pirovano\OneDrive - SCHEFFER\Documentos\Qlik\Sense\Apps\Analise US	-	Annotation Step: Tokenizer Execution time:  7
Perf	INFO	2021-08-02T16:20:02.155-04:00	260907857335.8	C:\Users\leninne.pirovano\OneDrive - SCHEFFER\Documentos\Qlik\Sense\Apps\Analise US	-	Annotation Step: CaptionDecorator
Perf	INFO	2021-08-02T16:20:02.156-04:00	260907857724.6	C:\Users\leninne.pirovano\OneDrive - SCHEFFER\Documentos\Qlik\Sense\Apps\Analise US	-	Annotation Step: CaptionDecorator Execution time:  0
Perf	INFO	2021-08-02T16:20:02.156-04:00	260907857924.3	C:\Users\leninne.pirovano\OneDrive - SCHEFFER\Documentos\Qlik\Sense\Apps\Analise US	-	Annotation Step: DateTime
Perf	INFO	2021-08-02T16:20:02.157-04:00	260907858475.1	C:\Users\leninne.pirovano\OneDrive - SCHEFFER\Documentos\Qlik\Sense\Apps\Analise US	-	Annotation Step: DateTime Execution time:  1
Perf	INFO	2021-08-02T16:20:02.157-04:00	260907858618.4	C:\Users\leninne.pirovano\OneDrive - SCHEFFER\Documentos\Qlik\Sense\Apps\Analise US	-	Annotation Step: MissingValue
Perf	INFO	2021-08-02T16:20:02.157-04:00	260907858778	C:\Users\leninne.pirovano\OneDrive - SCHEFFER\Documentos\Qlik\Sense\Apps\Analise US	-	Annotation Step: MissingValue Execution time:  0
Perf	INFO	2021-08-02T16:20:02.157-04:00	260907859024.9	C:\Users\leninne.pirovano\OneDrive - SCHEFFER\Documentos\Qlik\Sense\Apps\Analise US	-	Annotation Step: CompoundValue
Perf	INFO	2021-08-02T16:20:02.158-04:00	260907859652.9	C:\Users\leninne.pirovano\OneDrive - SCHEFFER\Documentos\Qlik\Sense\Apps\Analise US	-	Annotation Step: CompoundValue Execution time:  1
Perf	INFO	2021-08-02T16:20:02.158-04:00	260907859775.9	C:\Users\leninne.pirovano\OneDrive - SCHEFFER\Documentos\Qlik\Sense\Apps\Analise US	-	Annotation Step: RecommendedDataType
Perf	INFO	2021-08-02T16:20:02.159-04:00	260907860969.8	C:\Users\leninne.pirovano\OneDrive - SCHEFFER\Documentos\Qlik\Sense\Apps\Analise US	-	Annotation Step: RecommendedDataType Execution time:  1
Perf	INFO	2021-08-02T16:20:02.159-04:00	260907861101.4	C:\Users\leninne.pirovano\OneDrive - SCHEFFER\Documentos\Qlik\Sense\Apps\Analise US	-	Annotation Step: ValueDecorator
Perf	INFO	2021-08-02T16:20:02.159-04:00	260907861305.8	C:\Users\leninne.pirovano\OneDrive - SCHEFFER\Documentos\Qlik\Sense\Apps\Analise US	-	Annotation Step: ValueDecorator Execution time:  0
Perf	INFO	2021-08-02T16:20:02.160-04:00	260907861421.8	C:\Users\leninne.pirovano\OneDrive - SCHEFFER\Documentos\Qlik\Sense\Apps\Analise US	-	Annotation Step: SemanticClassifier
Perf	INFO	2021-08-02T16:20:02.169-04:00	260907870744.8	C:\Users\leninne.pirovano\OneDrive - SCHEFFER\Documentos\Qlik\Sense\Apps\Analise US	-	Annotation Step: SemanticClassifier Execution time:  9
Perf	INFO	2021-08-02T16:20:02.169-04:00	260907871036.9	C:\Users\leninne.pirovano\OneDrive - SCHEFFER\Documentos\Qlik\Sense\Apps\Analise US	-	Annotation Step: AdhocTransformations
Perf	INFO	2021-08-02T16:20:02.169-04:00	260907871264	C:\Users\leninne.pirovano\OneDrive - SCHEFFER\Documentos\Qlik\Sense\Apps\Analise US	-	Annotation Step: AdhocTransformations Execution time:  0
Perf	INFO	2021-08-02T16:20:02.170-04:00	260907871474.2	C:\Users\leninne.pirovano\OneDrive - SCHEFFER\Documentos\Qlik\Sense\Apps\Analise US	-	Annotation Step: AdhocCompoundValue
Perf	INFO	2021-08-02T16:20:02.170-04:00	260907871638	C:\Users\leninne.pirovano\OneDrive - SCHEFFER\Documentos\Qlik\Sense\Apps\Analise US	-	Annotation Step: AdhocCompoundValue Execution time:  0
Perf	INFO	2021-08-02T16:20:02.170-04:00	260907871823	C:\Users\leninne.pirovano\OneDrive - SCHEFFER\Documentos\Qlik\Sense\Apps\Analise US	-	Annotation Step: ValueBasedGeoClassifier
Perf	INFO	2021-08-02T16:20:02.171-04:00	260907872569.9	C:\Users\leninne.pirovano\OneDrive - SCHEFFER\Documentos\Qlik\Sense\Apps\Analise US	-	Annotation Step: ValueBasedGeoClassifier Execution time:  1
Perf	INFO	2021-08-02T16:20:02.171-04:00	260907872695.5	C:\Users\leninne.pirovano\OneDrive - SCHEFFER\Documentos\Qlik\Sense\Apps\Analise US	-	Annotation Step: CrossDatasetClassifier
Perf	INFO	2021-08-02T16:20:02.171-04:00	260907872979.2	C:\Users\leninne.pirovano\OneDrive - SCHEFFER\Documentos\Qlik\Sense\Apps\Analise US	-	Annotation Step: CrossDatasetClassifier Execution time:  0
Perf	INFO	2021-08-02T16:20:02.171-04:00	260907873104.8	C:\Users\leninne.pirovano\OneDrive - SCHEFFER\Documentos\Qlik\Sense\Apps\Analise US	-	Annotation Step: TimeBoundMeasureFinder
Perf	INFO	2021-08-02T16:20:02.171-04:00	260907873292.8	C:\Users\leninne.pirovano\OneDrive - SCHEFFER\Documentos\Qlik\Sense\Apps\Analise US	-	Annotation Step: TimeBoundMeasureFinder Execution time:  0
Perf	INFO	2021-08-02T16:20:02.172-04:00	260907873425.2	C:\Users\leninne.pirovano\OneDrive - SCHEFFER\Documentos\Qlik\Sense\Apps\Analise US	-	CLASSIFICATION_PIPELINE Execution time:  24
Perf	INFO	2021-08-02T16:20:02.172-04:00	260907873666.4	C:\Users\leninne.pirovano\OneDrive - SCHEFFER\Documentos\Qlik\Sense\Apps\Analise US	-	INIT_ANNOTATION_BOARD_TABLE_FIELDS: Tables&Fields Execution time:  124
Perf	INFO	2021-08-02T16:20:02.172-04:00	260907874275.2	C:\Users\leninne.pirovano\OneDrive - SCHEFFER\Documentos\Qlik\Sense\Apps\Analise US	-	GetClassificationHandler::execute
Perf	INFO	2021-08-02T16:20:02.173-04:00	260907874584.4	C:\Users\leninne.pirovano\OneDrive - SCHEFFER\Documentos\Qlik\Sense\Apps\Analise US	-	{"value":"OPEN_DATA_MANAGER_CORE","steps":[{"value":"GET_FEATURE_FLAGS","steps":[],"duration_ms":0},{"value":"QUERY_BUSINESS_MODEL","steps":[],"duration_ms":0},{"value":"ANNOTATION_QUEUE","steps":[],"duration_ms":0},{"value":"INIT_ANNOTATION_BOARD_TABLE_FIELDS: Tables&Fields","steps":[{"value":"GET_TABLES_AND_KEYS","steps":[],"duration_ms":1},{"value":"CALCULATE_FIELDS_FOR_NOT_FOUND_AND_TRANSFORMED: Field count: 106","steps":[],"duration_ms":0},{"value":"SAMPLES_AND_MIN_MAX","steps":[{"value":"SAMPLE_VALUE_RETRIEVAL: Field count: 75","steps":[],"duration_ms":65},{"value":"SAMPLE_VALUE_UPDATING","steps":[],"duration_ms":0},{"value":"MINMAX","steps":[],"duration_ms":26},{"value":"NUMERIC_RATIO","steps":[],"duration_ms":1}],"duration_ms":95},{"value":"CLASSIFICATION_PIPELINE","steps":[{"value":"Annotation Step: Tokenizer","steps":[],"duration_ms":7},{"value":"Annotation Step: CaptionDecorator","steps":[],"duration_ms":0},{"value":"Annotation Step: DateTime","steps":[],"duration_ms":1},{"value":"Annotation Step: MissingValue","steps":[],"duration_ms":0},{"value":"Annotation Step: CompoundValue","steps":[],"duration_ms":1},{"value":"Annotation Step: RecommendedDataType","steps":[],"duration_ms":1},{"value":"Annotation Step: ValueDecorator","steps":[],"duration_ms":0},{"value":"Annotation Step: SemanticClassifier","steps":[],"duration_ms":9},{"value":"Annotation Step: AdhocTransformations","steps":[],"duration_ms":0},{"value":"Annotation Step: AdhocCompoundValue","steps":[],"duration_ms":0},{"value":"Annotation Step: ValueBasedGeoClassifier","steps":[],"duration_ms":1},{"value":"Annotation Step: CrossDatasetClassifier","steps":[],"duration_ms":0},{"value":"Annotation Step: TimeBoundMeasureFinder","steps":[],"duration_ms":0}],"duration_ms":24}],"duration_ms":124}],"duration_ms":0}
Perf	INFO	2021-08-02T16:34:41.337-04:00	261787032530.8	C:\Users\leninne.pirovano\OneDrive - SCHEFFER\Documentos\Qlik\Sense\Apps\Analise US	-	OPEN_DATA_MANAGER_CORE
Perf	INFO	2021-08-02T16:34:41.337-04:00	261787032871.9	C:\Users\leninne.pirovano\OneDrive - SCHEFFER\Documentos\Qlik\Sense\Apps\Analise US	-	OPEN_DATA_MANAGER_CORE Execution time:  0
Perf	INFO	2021-08-02T16:34:41.337-04:00	261787033132.9	C:\Users\leninne.pirovano\OneDrive - SCHEFFER\Documentos\Qlik\Sense\Apps\Analise US	-	GET_FEATURE_FLAGS
Perf	INFO	2021-08-02T16:34:41.338-04:00	261787033906.4	C:\Users\leninne.pirovano\OneDrive - SCHEFFER\Documentos\Qlik\Sense\Apps\Analise US	-	GET_FEATURE_FLAGS Execution time:  0
Perf	INFO	2021-08-02T16:34:41.338-04:00	261787034169	C:\Users\leninne.pirovano\OneDrive - SCHEFFER\Documentos\Qlik\Sense\Apps\Analise US	-	QUERY_BUSINESS_MODEL
Perf	INFO	2021-08-02T16:34:41.339-04:00	261787034395.8	C:\Users\leninne.pirovano\OneDrive - SCHEFFER\Documentos\Qlik\Sense\Apps\Analise US	-	QUERY_BUSINESS_MODEL Execution time:  0
Perf	INFO	2021-08-02T16:34:41.340-04:00	261787035449	C:\Users\leninne.pirovano\OneDrive - SCHEFFER\Documentos\Qlik\Sense\Apps\Analise US	-	ANNOTATION_QUEUE
Perf	INFO	2021-08-02T16:34:41.340-04:00	261787035823.8	C:\Users\leninne.pirovano\OneDrive - SCHEFFER\Documentos\Qlik\Sense\Apps\Analise US	-	ANNOTATION_QUEUE Execution time:  0
Perf	INFO	2021-08-02T16:34:41.341-04:00	261787037135.5	C:\Users\leninne.pirovano\OneDrive - SCHEFFER\Documentos\Qlik\Sense\Apps\Analise US	-	GetClassificationHandler::execute
Perf	INFO	2021-08-02T16:34:41.341-04:00	261787037377.4	C:\Users\leninne.pirovano\OneDrive - SCHEFFER\Documentos\Qlik\Sense\Apps\Analise US	-	{"value":"OPEN_DATA_MANAGER_CORE","steps":[{"value":"GET_FEATURE_FLAGS","steps":[],"duration_ms":0},{"value":"QUERY_BUSINESS_MODEL","steps":[],"duration_ms":0},{"value":"ANNOTATION_QUEUE","steps":[],"duration_ms":0}],"duration_ms":0}
