Logger	Severity	Date	MicroSeconds	AppId	UserId	Message
Perf	INFO	2021-08-05T13:25:52.128-04:00	509661099259.9	C:\Users\leninne.pirovano\OneDrive - SCHEFFER\Documentos\Qlik\Sense\Apps\teste 123	-	OPEN_DATA_MANAGER_CORE
Perf	INFO	2021-08-05T13:25:52.138-04:00	509661108704.7	C:\Users\leninne.pirovano\OneDrive - SCHEFFER\Documentos\Qlik\Sense\Apps\teste 123	-	OPEN_DATA_MANAGER_CORE Execution time:  8
Perf	INFO	2021-08-05T13:25:52.138-04:00	509661109150.6	C:\Users\leninne.pirovano\OneDrive - SCHEFFER\Documentos\Qlik\Sense\Apps\teste 123	-	GET_FEATURE_FLAGS
Perf	INFO	2021-08-05T13:25:52.138-04:00	509661109493.2	C:\Users\leninne.pirovano\OneDrive - SCHEFFER\Documentos\Qlik\Sense\Apps\teste 123	-	GET_FEATURE_FLAGS Execution time:  0
Perf	INFO	2021-08-05T13:25:52.139-04:00	509661109673.8	C:\Users\leninne.pirovano\OneDrive - SCHEFFER\Documentos\Qlik\Sense\Apps\teste 123	-	QUERY_BUSINESS_MODEL
Perf	INFO	2021-08-05T13:25:52.139-04:00	509661110002.9	C:\Users\leninne.pirovano\OneDrive - SCHEFFER\Documentos\Qlik\Sense\Apps\teste 123	-	QUERY_BUSINESS_MODEL Execution time:  0
Perf	INFO	2021-08-05T13:25:52.142-04:00	509661112786.1	C:\Users\leninne.pirovano\OneDrive - SCHEFFER\Documentos\Qlik\Sense\Apps\teste 123	-	ANNOTATION_QUEUE
Perf	INFO	2021-08-05T13:25:52.143-04:00	509661113709.7	C:\Users\leninne.pirovano\OneDrive - SCHEFFER\Documentos\Qlik\Sense\Apps\teste 123	-	ANNOTATION_QUEUE Execution time:  1
Perf	INFO	2021-08-05T13:25:52.161-04:00	509661132393.3	C:\Users\leninne.pirovano\OneDrive - SCHEFFER\Documentos\Qlik\Sense\Apps\teste 123	-	INIT_ANNOTATION_BOARD_TABLE_FIELDS: Tables&Fields
Perf	INFO	2021-08-05T13:25:52.165-04:00	509661135553	C:\Users\leninne.pirovano\OneDrive - SCHEFFER\Documentos\Qlik\Sense\Apps\teste 123	-	GET_TABLES_AND_KEYS
Perf	INFO	2021-08-05T13:25:52.173-04:00	509661144403.2	C:\Users\leninne.pirovano\OneDrive - SCHEFFER\Documentos\Qlik\Sense\Apps\teste 123	-	GET_TABLES_AND_KEYS Execution time:  8
Perf	INFO	2021-08-05T13:25:52.179-04:00	509661150100.6	C:\Users\leninne.pirovano\OneDrive - SCHEFFER\Documentos\Qlik\Sense\Apps\teste 123	-	CALCULATE_FIELDS_FOR_NOT_FOUND_AND_TRANSFORMED: Field count: 34
Perf	INFO	2021-08-05T13:25:52.180-04:00	509661151155.1	C:\Users\leninne.pirovano\OneDrive - SCHEFFER\Documentos\Qlik\Sense\Apps\teste 123	-	CALCULATE_FIELDS_FOR_NOT_FOUND_AND_TRANSFORMED: Field count: 34 Execution time:  0
Perf	INFO	2021-08-05T13:25:52.181-04:00	509661152220.2	C:\Users\leninne.pirovano\OneDrive - SCHEFFER\Documentos\Qlik\Sense\Apps\teste 123	-	SAMPLES_AND_MIN_MAX
Perf	INFO	2021-08-05T13:25:52.187-04:00	509661157772.2	C:\Users\leninne.pirovano\OneDrive - SCHEFFER\Documentos\Qlik\Sense\Apps\teste 123	-	SAMPLE_VALUE_RETRIEVAL: Field count: 34
Perf	INFO	2021-08-05T13:25:52.366-04:00	509661337322.1	C:\Users\leninne.pirovano\OneDrive - SCHEFFER\Documentos\Qlik\Sense\Apps\teste 123	-	SAMPLE_VALUE_RETRIEVAL: Field count: 34 Execution time:  179
Perf	INFO	2021-08-05T13:25:52.367-04:00	509661337664.4	C:\Users\leninne.pirovano\OneDrive - SCHEFFER\Documentos\Qlik\Sense\Apps\teste 123	-	SAMPLE_VALUE_UPDATING
Perf	INFO	2021-08-05T13:25:52.369-04:00	509661339809.7	C:\Users\leninne.pirovano\OneDrive - SCHEFFER\Documentos\Qlik\Sense\Apps\teste 123	-	SAMPLE_VALUE_UPDATING Execution time:  2
Perf	INFO	2021-08-05T13:25:52.370-04:00	509661340958.3	C:\Users\leninne.pirovano\OneDrive - SCHEFFER\Documentos\Qlik\Sense\Apps\teste 123	-	MINMAX
Perf	INFO	2021-08-05T13:25:52.402-04:00	509661372953.9	C:\Users\leninne.pirovano\OneDrive - SCHEFFER\Documentos\Qlik\Sense\Apps\teste 123	-	MINMAX Execution time:  32
Perf	INFO	2021-08-05T13:25:52.402-04:00	509661373223.9	C:\Users\leninne.pirovano\OneDrive - SCHEFFER\Documentos\Qlik\Sense\Apps\teste 123	-	NUMERIC_RATIO
Perf	INFO	2021-08-05T13:25:52.406-04:00	509661376570.2	C:\Users\leninne.pirovano\OneDrive - SCHEFFER\Documentos\Qlik\Sense\Apps\teste 123	-	NUMERIC_RATIO Execution time:  3
Perf	INFO	2021-08-05T13:25:52.406-04:00	509661376941.1	C:\Users\leninne.pirovano\OneDrive - SCHEFFER\Documentos\Qlik\Sense\Apps\teste 123	-	SAMPLES_AND_MIN_MAX Execution time:  225
Perf	INFO	2021-08-05T13:25:52.408-04:00	509661379340.8	C:\Users\leninne.pirovano\OneDrive - SCHEFFER\Documentos\Qlik\Sense\Apps\teste 123	-	CLASSIFICATION_PIPELINE
Perf	INFO	2021-08-05T13:25:52.409-04:00	509661380080.5	C:\Users\leninne.pirovano\OneDrive - SCHEFFER\Documentos\Qlik\Sense\Apps\teste 123	-	Annotation Step: Tokenizer
Perf	INFO	2021-08-05T13:25:52.423-04:00	509661394110	C:\Users\leninne.pirovano\OneDrive - SCHEFFER\Documentos\Qlik\Sense\Apps\teste 123	-	Annotation Step: Tokenizer Execution time:  14
Perf	INFO	2021-08-05T13:25:52.423-04:00	509661394478.6	C:\Users\leninne.pirovano\OneDrive - SCHEFFER\Documentos\Qlik\Sense\Apps\teste 123	-	Annotation Step: CaptionDecorator
Perf	INFO	2021-08-05T13:25:52.426-04:00	509661396551.7	C:\Users\leninne.pirovano\OneDrive - SCHEFFER\Documentos\Qlik\Sense\Apps\teste 123	-	Annotation Step: CaptionDecorator Execution time:  0
Perf	INFO	2021-08-05T13:25:52.426-04:00	509661397152.9	C:\Users\leninne.pirovano\OneDrive - SCHEFFER\Documentos\Qlik\Sense\Apps\teste 123	-	Annotation Step: DateTime
Perf	INFO	2021-08-05T13:25:52.429-04:00	509661400475.3	C:\Users\leninne.pirovano\OneDrive - SCHEFFER\Documentos\Qlik\Sense\Apps\teste 123	-	Annotation Step: DateTime Execution time:  3
Perf	INFO	2021-08-05T13:25:52.431-04:00	509661401793.4	C:\Users\leninne.pirovano\OneDrive - SCHEFFER\Documentos\Qlik\Sense\Apps\teste 123	-	Annotation Step: MissingValue
Perf	INFO	2021-08-05T13:25:52.431-04:00	509661402304.1	C:\Users\leninne.pirovano\OneDrive - SCHEFFER\Documentos\Qlik\Sense\Apps\teste 123	-	Annotation Step: MissingValue Execution time:  0
Perf	INFO	2021-08-05T13:25:52.432-04:00	509661402719.6	C:\Users\leninne.pirovano\OneDrive - SCHEFFER\Documentos\Qlik\Sense\Apps\teste 123	-	Annotation Step: CompoundValue
Perf	INFO	2021-08-05T13:25:52.432-04:00	509661403325.1	C:\Users\leninne.pirovano\OneDrive - SCHEFFER\Documentos\Qlik\Sense\Apps\teste 123	-	Annotation Step: CompoundValue Execution time:  0
Perf	INFO	2021-08-05T13:25:52.433-04:00	509661403608.4	C:\Users\leninne.pirovano\OneDrive - SCHEFFER\Documentos\Qlik\Sense\Apps\teste 123	-	Annotation Step: RecommendedDataType
Perf	INFO	2021-08-05T13:25:52.434-04:00	509661405231.5	C:\Users\leninne.pirovano\OneDrive - SCHEFFER\Documentos\Qlik\Sense\Apps\teste 123	-	Annotation Step: RecommendedDataType Execution time:  1
Perf	INFO	2021-08-05T13:25:52.434-04:00	509661405515.3	C:\Users\leninne.pirovano\OneDrive - SCHEFFER\Documentos\Qlik\Sense\Apps\teste 123	-	Annotation Step: ValueDecorator
Perf	INFO	2021-08-05T13:25:52.436-04:00	509661406725.8	C:\Users\leninne.pirovano\OneDrive - SCHEFFER\Documentos\Qlik\Sense\Apps\teste 123	-	Annotation Step: ValueDecorator Execution time:  1
Perf	INFO	2021-08-05T13:25:52.436-04:00	509661406942.3	C:\Users\leninne.pirovano\OneDrive - SCHEFFER\Documentos\Qlik\Sense\Apps\teste 123	-	Annotation Step: SemanticClassifier
Perf	INFO	2021-08-05T13:25:52.447-04:00	509661418459.9	C:\Users\leninne.pirovano\OneDrive - SCHEFFER\Documentos\Qlik\Sense\Apps\teste 123	-	Annotation Step: SemanticClassifier Execution time:  11
Perf	INFO	2021-08-05T13:25:52.448-04:00	509661419345.3	C:\Users\leninne.pirovano\OneDrive - SCHEFFER\Documentos\Qlik\Sense\Apps\teste 123	-	Annotation Step: AdhocTransformations
Perf	INFO	2021-08-05T13:25:52.449-04:00	509661420383.1	C:\Users\leninne.pirovano\OneDrive - SCHEFFER\Documentos\Qlik\Sense\Apps\teste 123	-	Annotation Step: AdhocTransformations Execution time:  0
Perf	INFO	2021-08-05T13:25:52.450-04:00	509661421114.3	C:\Users\leninne.pirovano\OneDrive - SCHEFFER\Documentos\Qlik\Sense\Apps\teste 123	-	Annotation Step: AdhocCompoundValue
Perf	INFO	2021-08-05T13:25:52.451-04:00	509661421752.2	C:\Users\leninne.pirovano\OneDrive - SCHEFFER\Documentos\Qlik\Sense\Apps\teste 123	-	Annotation Step: AdhocCompoundValue Execution time:  1
Perf	INFO	2021-08-05T13:25:52.452-04:00	509661422621.6	C:\Users\leninne.pirovano\OneDrive - SCHEFFER\Documentos\Qlik\Sense\Apps\teste 123	-	Annotation Step: ValueBasedGeoClassifier
Perf	INFO	2021-08-05T13:25:52.474-04:00	509661445492.5	C:\Users\leninne.pirovano\OneDrive - SCHEFFER\Documentos\Qlik\Sense\Apps\teste 123	-	Annotation Step: ValueBasedGeoClassifier Execution time:  22
Perf	INFO	2021-08-05T13:25:52.475-04:00	509661445961.2	C:\Users\leninne.pirovano\OneDrive - SCHEFFER\Documentos\Qlik\Sense\Apps\teste 123	-	Annotation Step: CrossDatasetClassifier
Perf	INFO	2021-08-05T13:25:52.476-04:00	509661446647.9	C:\Users\leninne.pirovano\OneDrive - SCHEFFER\Documentos\Qlik\Sense\Apps\teste 123	-	Annotation Step: CrossDatasetClassifier Execution time:  1
Perf	INFO	2021-08-05T13:25:52.476-04:00	509661446962.8	C:\Users\leninne.pirovano\OneDrive - SCHEFFER\Documentos\Qlik\Sense\Apps\teste 123	-	Annotation Step: TimeBoundMeasureFinder
Perf	INFO	2021-08-05T13:25:52.476-04:00	509661447206.2	C:\Users\leninne.pirovano\OneDrive - SCHEFFER\Documentos\Qlik\Sense\Apps\teste 123	-	Annotation Step: TimeBoundMeasureFinder Execution time:  0
Perf	INFO	2021-08-05T13:25:52.476-04:00	509661447410.2	C:\Users\leninne.pirovano\OneDrive - SCHEFFER\Documentos\Qlik\Sense\Apps\teste 123	-	CLASSIFICATION_PIPELINE Execution time:  67
Perf	INFO	2021-08-05T13:25:52.477-04:00	509661447726.3	C:\Users\leninne.pirovano\OneDrive - SCHEFFER\Documentos\Qlik\Sense\Apps\teste 123	-	INIT_ANNOTATION_BOARD_TABLE_FIELDS: Tables&Fields Execution time:  315
Perf	INFO	2021-08-05T13:25:52.478-04:00	509661449052.9	C:\Users\leninne.pirovano\OneDrive - SCHEFFER\Documentos\Qlik\Sense\Apps\teste 123	-	GetClassificationHandler::execute
Perf	INFO	2021-08-05T13:25:52.478-04:00	509661449381.8	C:\Users\leninne.pirovano\OneDrive - SCHEFFER\Documentos\Qlik\Sense\Apps\teste 123	-	{"value":"OPEN_DATA_MANAGER_CORE","steps":[{"value":"GET_FEATURE_FLAGS","steps":[],"duration_ms":0},{"value":"QUERY_BUSINESS_MODEL","steps":[],"duration_ms":0},{"value":"ANNOTATION_QUEUE","steps":[],"duration_ms":1},{"value":"INIT_ANNOTATION_BOARD_TABLE_FIELDS: Tables&Fields","steps":[{"value":"GET_TABLES_AND_KEYS","steps":[],"duration_ms":8},{"value":"CALCULATE_FIELDS_FOR_NOT_FOUND_AND_TRANSFORMED: Field count: 34","steps":[],"duration_ms":0},{"value":"SAMPLES_AND_MIN_MAX","steps":[{"value":"SAMPLE_VALUE_RETRIEVAL: Field count: 34","steps":[],"duration_ms":179},{"value":"SAMPLE_VALUE_UPDATING","steps":[],"duration_ms":2},{"value":"MINMAX","steps":[],"duration_ms":32},{"value":"NUMERIC_RATIO","steps":[],"duration_ms":3}],"duration_ms":225},{"value":"CLASSIFICATION_PIPELINE","steps":[{"value":"Annotation Step: Tokenizer","steps":[],"duration_ms":14},{"value":"Annotation Step: CaptionDecorator","steps":[],"duration_ms":0},{"value":"Annotation Step: DateTime","steps":[],"duration_ms":3},{"value":"Annotation Step: MissingValue","steps":[],"duration_ms":0},{"value":"Annotation Step: CompoundValue","steps":[],"duration_ms":0},{"value":"Annotation Step: RecommendedDataType","steps":[],"duration_ms":1},{"value":"Annotation Step: ValueDecorator","steps":[],"duration_ms":1},{"value":"Annotation Step: SemanticClassifier","steps":[],"duration_ms":11},{"value":"Annotation Step: AdhocTransformations","steps":[],"duration_ms":0},{"value":"Annotation Step: AdhocCompoundValue","steps":[],"duration_ms":1},{"value":"Annotation Step: ValueBasedGeoClassifier","steps":[],"duration_ms":22},{"value":"Annotation Step: CrossDatasetClassifier","steps":[],"duration_ms":1},{"value":"Annotation Step: TimeBoundMeasureFinder","steps":[],"duration_ms":0}],"duration_ms":67}],"duration_ms":315}],"duration_ms":8}
Perf	INFO	2021-08-05T13:40:17.077-04:00	510526049871.7	C:\Users\leninne.pirovano\OneDrive - SCHEFFER\Documentos\Qlik\Sense\Apps\teste	-	OPEN_DATA_MANAGER_CORE
Perf	INFO	2021-08-05T13:40:17.077-04:00	510526050495.5	C:\Users\leninne.pirovano\OneDrive - SCHEFFER\Documentos\Qlik\Sense\Apps\teste	-	OPEN_DATA_MANAGER_CORE Execution time:  0
Perf	INFO	2021-08-05T13:40:17.078-04:00	510526050733.4	C:\Users\leninne.pirovano\OneDrive - SCHEFFER\Documentos\Qlik\Sense\Apps\teste	-	GET_FEATURE_FLAGS
Perf	INFO	2021-08-05T13:40:17.078-04:00	510526051005	C:\Users\leninne.pirovano\OneDrive - SCHEFFER\Documentos\Qlik\Sense\Apps\teste	-	GET_FEATURE_FLAGS Execution time:  0
Perf	INFO	2021-08-05T13:40:17.078-04:00	510526051183.2	C:\Users\leninne.pirovano\OneDrive - SCHEFFER\Documentos\Qlik\Sense\Apps\teste	-	QUERY_BUSINESS_MODEL
Perf	INFO	2021-08-05T13:40:17.078-04:00	510526051407	C:\Users\leninne.pirovano\OneDrive - SCHEFFER\Documentos\Qlik\Sense\Apps\teste	-	QUERY_BUSINESS_MODEL Execution time:  0
Perf	INFO	2021-08-05T13:40:17.078-04:00	510526051598.1	C:\Users\leninne.pirovano\OneDrive - SCHEFFER\Documentos\Qlik\Sense\Apps\teste	-	ANNOTATION_QUEUE
Perf	INFO	2021-08-05T13:40:17.079-04:00	510526051805.5	C:\Users\leninne.pirovano\OneDrive - SCHEFFER\Documentos\Qlik\Sense\Apps\teste	-	ANNOTATION_QUEUE Execution time:  0
Perf	INFO	2021-08-05T13:40:17.079-04:00	510526052646.6	C:\Users\leninne.pirovano\OneDrive - SCHEFFER\Documentos\Qlik\Sense\Apps\teste	-	INIT_ANNOTATION_BOARD_TABLE_FIELDS: Tables&Fields
Perf	INFO	2021-08-05T13:40:17.080-04:00	510526052821.9	C:\Users\leninne.pirovano\OneDrive - SCHEFFER\Documentos\Qlik\Sense\Apps\teste	-	GET_TABLES_AND_KEYS
Perf	INFO	2021-08-05T13:40:17.082-04:00	510526055105.8	C:\Users\leninne.pirovano\OneDrive - SCHEFFER\Documentos\Qlik\Sense\Apps\teste	-	GET_TABLES_AND_KEYS Execution time:  2
Perf	INFO	2021-08-05T13:40:17.083-04:00	510526055688.1	C:\Users\leninne.pirovano\OneDrive - SCHEFFER\Documentos\Qlik\Sense\Apps\teste	-	CALCULATE_FIELDS_FOR_NOT_FOUND_AND_TRANSFORMED: Field count: 50
Perf	INFO	2021-08-05T13:40:17.083-04:00	510526055872.5	C:\Users\leninne.pirovano\OneDrive - SCHEFFER\Documentos\Qlik\Sense\Apps\teste	-	CALCULATE_FIELDS_FOR_NOT_FOUND_AND_TRANSFORMED: Field count: 50 Execution time:  0
Perf	INFO	2021-08-05T13:40:17.083-04:00	510526056016.2	C:\Users\leninne.pirovano\OneDrive - SCHEFFER\Documentos\Qlik\Sense\Apps\teste	-	SAMPLES_AND_MIN_MAX
Perf	INFO	2021-08-05T13:40:17.083-04:00	510526056611.7	C:\Users\leninne.pirovano\OneDrive - SCHEFFER\Documentos\Qlik\Sense\Apps\teste	-	SAMPLE_VALUE_RETRIEVAL: Field count: 46
Perf	INFO	2021-08-05T13:40:17.589-04:00	510526562563.7	C:\Users\leninne.pirovano\OneDrive - SCHEFFER\Documentos\Qlik\Sense\Apps\teste	-	SAMPLE_VALUE_RETRIEVAL: Field count: 46 Execution time:  505
Perf	INFO	2021-08-05T13:40:17.590-04:00	510526562814.5	C:\Users\leninne.pirovano\OneDrive - SCHEFFER\Documentos\Qlik\Sense\Apps\teste	-	SAMPLE_VALUE_UPDATING
Perf	INFO	2021-08-05T13:40:17.591-04:00	510526564294.2	C:\Users\leninne.pirovano\OneDrive - SCHEFFER\Documentos\Qlik\Sense\Apps\teste	-	SAMPLE_VALUE_UPDATING Execution time:  1
Perf	INFO	2021-08-05T13:40:17.592-04:00	510526564932.4	C:\Users\leninne.pirovano\OneDrive - SCHEFFER\Documentos\Qlik\Sense\Apps\teste	-	MINMAX
Perf	INFO	2021-08-05T13:40:18.939-04:00	510527912294.1	C:\Users\leninne.pirovano\OneDrive - SCHEFFER\Documentos\Qlik\Sense\Apps\teste	-	MINMAX Execution time:  1347
Perf	INFO	2021-08-05T13:40:18.939-04:00	510527912614.7	C:\Users\leninne.pirovano\OneDrive - SCHEFFER\Documentos\Qlik\Sense\Apps\teste	-	NUMERIC_RATIO
Perf	INFO	2021-08-05T13:40:18.941-04:00	510527913797.3	C:\Users\leninne.pirovano\OneDrive - SCHEFFER\Documentos\Qlik\Sense\Apps\teste	-	NUMERIC_RATIO Execution time:  1
Perf	INFO	2021-08-05T13:40:18.941-04:00	510527913975.7	C:\Users\leninne.pirovano\OneDrive - SCHEFFER\Documentos\Qlik\Sense\Apps\teste	-	SAMPLES_AND_MIN_MAX Execution time:  1858
Perf	INFO	2021-08-05T13:40:18.942-04:00	510527914845.7	C:\Users\leninne.pirovano\OneDrive - SCHEFFER\Documentos\Qlik\Sense\Apps\teste	-	CLASSIFICATION_PIPELINE
Perf	INFO	2021-08-05T13:40:18.942-04:00	510527915001.8	C:\Users\leninne.pirovano\OneDrive - SCHEFFER\Documentos\Qlik\Sense\Apps\teste	-	Annotation Step: Tokenizer
Perf	INFO	2021-08-05T13:40:18.951-04:00	510527923812.4	C:\Users\leninne.pirovano\OneDrive - SCHEFFER\Documentos\Qlik\Sense\Apps\teste	-	Annotation Step: Tokenizer Execution time:  9
Perf	INFO	2021-08-05T13:40:18.951-04:00	510527924073.5	C:\Users\leninne.pirovano\OneDrive - SCHEFFER\Documentos\Qlik\Sense\Apps\teste	-	Annotation Step: CaptionDecorator
Perf	INFO	2021-08-05T13:40:18.951-04:00	510527924474.3	C:\Users\leninne.pirovano\OneDrive - SCHEFFER\Documentos\Qlik\Sense\Apps\teste	-	Annotation Step: CaptionDecorator Execution time:  0
Perf	INFO	2021-08-05T13:40:18.952-04:00	510527924790.5	C:\Users\leninne.pirovano\OneDrive - SCHEFFER\Documentos\Qlik\Sense\Apps\teste	-	Annotation Step: DateTime
Perf	INFO	2021-08-05T13:40:18.955-04:00	510527928298.1	C:\Users\leninne.pirovano\OneDrive - SCHEFFER\Documentos\Qlik\Sense\Apps\teste	-	Annotation Step: DateTime Execution time:  3
Perf	INFO	2021-08-05T13:40:18.955-04:00	510527928578.3	C:\Users\leninne.pirovano\OneDrive - SCHEFFER\Documentos\Qlik\Sense\Apps\teste	-	Annotation Step: MissingValue
Perf	INFO	2021-08-05T13:40:18.956-04:00	510527928811.9	C:\Users\leninne.pirovano\OneDrive - SCHEFFER\Documentos\Qlik\Sense\Apps\teste	-	Annotation Step: MissingValue Execution time:  0
Perf	INFO	2021-08-05T13:40:18.956-04:00	510527929018.1	C:\Users\leninne.pirovano\OneDrive - SCHEFFER\Documentos\Qlik\Sense\Apps\teste	-	Annotation Step: CompoundValue
Perf	INFO	2021-08-05T13:40:18.956-04:00	510527929507.1	C:\Users\leninne.pirovano\OneDrive - SCHEFFER\Documentos\Qlik\Sense\Apps\teste	-	Annotation Step: CompoundValue Execution time:  0
Perf	INFO	2021-08-05T13:40:18.957-04:00	510527929708.7	C:\Users\leninne.pirovano\OneDrive - SCHEFFER\Documentos\Qlik\Sense\Apps\teste	-	Annotation Step: RecommendedDataType
Perf	INFO	2021-08-05T13:40:18.958-04:00	510527930998.4	C:\Users\leninne.pirovano\OneDrive - SCHEFFER\Documentos\Qlik\Sense\Apps\teste	-	Annotation Step: RecommendedDataType Execution time:  1
Perf	INFO	2021-08-05T13:40:18.958-04:00	510527931149.2	C:\Users\leninne.pirovano\OneDrive - SCHEFFER\Documentos\Qlik\Sense\Apps\teste	-	Annotation Step: ValueDecorator
Perf	INFO	2021-08-05T13:40:18.959-04:00	510527932039.6	C:\Users\leninne.pirovano\OneDrive - SCHEFFER\Documentos\Qlik\Sense\Apps\teste	-	Annotation Step: ValueDecorator Execution time:  1
Perf	INFO	2021-08-05T13:40:18.959-04:00	510527932188.6	C:\Users\leninne.pirovano\OneDrive - SCHEFFER\Documentos\Qlik\Sense\Apps\teste	-	Annotation Step: SemanticClassifier
Perf	INFO	2021-08-05T13:40:18.968-04:00	510527941306.6	C:\Users\leninne.pirovano\OneDrive - SCHEFFER\Documentos\Qlik\Sense\Apps\teste	-	Annotation Step: SemanticClassifier Execution time:  9
Perf	INFO	2021-08-05T13:40:18.968-04:00	510527941640.7	C:\Users\leninne.pirovano\OneDrive - SCHEFFER\Documentos\Qlik\Sense\Apps\teste	-	Annotation Step: AdhocTransformations
Perf	INFO	2021-08-05T13:40:18.969-04:00	510527941924.6	C:\Users\leninne.pirovano\OneDrive - SCHEFFER\Documentos\Qlik\Sense\Apps\teste	-	Annotation Step: AdhocTransformations Execution time:  0
Perf	INFO	2021-08-05T13:40:18.969-04:00	510527942237.3	C:\Users\leninne.pirovano\OneDrive - SCHEFFER\Documentos\Qlik\Sense\Apps\teste	-	Annotation Step: AdhocCompoundValue
Perf	INFO	2021-08-05T13:40:18.969-04:00	510527942465.3	C:\Users\leninne.pirovano\OneDrive - SCHEFFER\Documentos\Qlik\Sense\Apps\teste	-	Annotation Step: AdhocCompoundValue Execution time:  0
Perf	INFO	2021-08-05T13:40:18.969-04:00	510527942665.6	C:\Users\leninne.pirovano\OneDrive - SCHEFFER\Documentos\Qlik\Sense\Apps\teste	-	Annotation Step: ValueBasedGeoClassifier
Perf	INFO	2021-08-05T13:40:19.019-04:00	510527992270.6	C:\Users\leninne.pirovano\OneDrive - SCHEFFER\Documentos\Qlik\Sense\Apps\teste	-	Annotation Step: ValueBasedGeoClassifier Execution time:  49
Perf	INFO	2021-08-05T13:40:19.019-04:00	510527992615.8	C:\Users\leninne.pirovano\OneDrive - SCHEFFER\Documentos\Qlik\Sense\Apps\teste	-	Annotation Step: CrossDatasetClassifier
Perf	INFO	2021-08-05T13:40:19.020-04:00	510527993439.3	C:\Users\leninne.pirovano\OneDrive - SCHEFFER\Documentos\Qlik\Sense\Apps\teste	-	Annotation Step: CrossDatasetClassifier Execution time:  0
Perf	INFO	2021-08-05T13:40:19.021-04:00	510527993793.4	C:\Users\leninne.pirovano\OneDrive - SCHEFFER\Documentos\Qlik\Sense\Apps\teste	-	Annotation Step: TimeBoundMeasureFinder
Perf	INFO	2021-08-05T13:40:19.021-04:00	510527994106.3	C:\Users\leninne.pirovano\OneDrive - SCHEFFER\Documentos\Qlik\Sense\Apps\teste	-	Annotation Step: TimeBoundMeasureFinder Execution time:  0
Perf	INFO	2021-08-05T13:40:19.021-04:00	510527994461	C:\Users\leninne.pirovano\OneDrive - SCHEFFER\Documentos\Qlik\Sense\Apps\teste	-	CLASSIFICATION_PIPELINE Execution time:  79
Perf	INFO	2021-08-05T13:40:19.022-04:00	510527994742.4	C:\Users\leninne.pirovano\OneDrive - SCHEFFER\Documentos\Qlik\Sense\Apps\teste	-	INIT_ANNOTATION_BOARD_TABLE_FIELDS: Tables&Fields Execution time:  1942
Perf	INFO	2021-08-05T13:40:19.022-04:00	510527995149.7	C:\Users\leninne.pirovano\OneDrive - SCHEFFER\Documentos\Qlik\Sense\Apps\teste	-	GetClassificationHandler::execute
Perf	INFO	2021-08-05T13:40:19.022-04:00	510527995397.7	C:\Users\leninne.pirovano\OneDrive - SCHEFFER\Documentos\Qlik\Sense\Apps\teste	-	{"value":"OPEN_DATA_MANAGER_CORE","steps":[{"value":"GET_FEATURE_FLAGS","steps":[],"duration_ms":0},{"value":"QUERY_BUSINESS_MODEL","steps":[],"duration_ms":0},{"value":"ANNOTATION_QUEUE","steps":[],"duration_ms":0},{"value":"INIT_ANNOTATION_BOARD_TABLE_FIELDS: Tables&Fields","steps":[{"value":"GET_TABLES_AND_KEYS","steps":[],"duration_ms":2},{"value":"CALCULATE_FIELDS_FOR_NOT_FOUND_AND_TRANSFORMED: Field count: 50","steps":[],"duration_ms":0},{"value":"SAMPLES_AND_MIN_MAX","steps":[{"value":"SAMPLE_VALUE_RETRIEVAL: Field count: 46","steps":[],"duration_ms":505},{"value":"SAMPLE_VALUE_UPDATING","steps":[],"duration_ms":1},{"value":"MINMAX","steps":[],"duration_ms":1347},{"value":"NUMERIC_RATIO","steps":[],"duration_ms":1}],"duration_ms":1858},{"value":"CLASSIFICATION_PIPELINE","steps":[{"value":"Annotation Step: Tokenizer","steps":[],"duration_ms":9},{"value":"Annotation Step: CaptionDecorator","steps":[],"duration_ms":0},{"value":"Annotation Step: DateTime","steps":[],"duration_ms":3},{"value":"Annotation Step: MissingValue","steps":[],"duration_ms":0},{"value":"Annotation Step: CompoundValue","steps":[],"duration_ms":0},{"value":"Annotation Step: RecommendedDataType","steps":[],"duration_ms":1},{"value":"Annotation Step: ValueDecorator","steps":[],"duration_ms":1},{"value":"Annotation Step: SemanticClassifier","steps":[],"duration_ms":9},{"value":"Annotation Step: AdhocTransformations","steps":[],"duration_ms":0},{"value":"Annotation Step: AdhocCompoundValue","steps":[],"duration_ms":0},{"value":"Annotation Step: ValueBasedGeoClassifier","steps":[],"duration_ms":49},{"value":"Annotation Step: CrossDatasetClassifier","steps":[],"duration_ms":0},{"value":"Annotation Step: TimeBoundMeasureFinder","steps":[],"duration_ms":0}],"duration_ms":79}],"duration_ms":1942}],"duration_ms":0}
Perf	INFO	2021-08-05T13:50:24.175-04:00	511133145464.6	C:\Users\leninne.pirovano\OneDrive - SCHEFFER\Documentos\Qlik\Sense\Apps\teste	-	OPEN_DATA_MANAGER_CORE
Perf	INFO	2021-08-05T13:50:24.178-04:00	511133148423.6	C:\Users\leninne.pirovano\OneDrive - SCHEFFER\Documentos\Qlik\Sense\Apps\teste	-	OPEN_DATA_MANAGER_CORE Execution time:  2
Perf	INFO	2021-08-05T13:50:24.180-04:00	511133149715	C:\Users\leninne.pirovano\OneDrive - SCHEFFER\Documentos\Qlik\Sense\Apps\teste	-	GET_FEATURE_FLAGS
Perf	INFO	2021-08-05T13:50:24.180-04:00	511133149983.1	C:\Users\leninne.pirovano\OneDrive - SCHEFFER\Documentos\Qlik\Sense\Apps\teste	-	GET_FEATURE_FLAGS Execution time:  0
Perf	INFO	2021-08-05T13:50:24.181-04:00	511133151245.3	C:\Users\leninne.pirovano\OneDrive - SCHEFFER\Documentos\Qlik\Sense\Apps\teste	-	QUERY_BUSINESS_MODEL
Perf	INFO	2021-08-05T13:50:24.182-04:00	511133151910.1	C:\Users\leninne.pirovano\OneDrive - SCHEFFER\Documentos\Qlik\Sense\Apps\teste	-	QUERY_BUSINESS_MODEL Execution time:  0
Perf	INFO	2021-08-05T13:50:24.182-04:00	511133152144.4	C:\Users\leninne.pirovano\OneDrive - SCHEFFER\Documentos\Qlik\Sense\Apps\teste	-	ANNOTATION_QUEUE
Perf	INFO	2021-08-05T13:50:24.183-04:00	511133153295.9	C:\Users\leninne.pirovano\OneDrive - SCHEFFER\Documentos\Qlik\Sense\Apps\teste	-	ANNOTATION_QUEUE Execution time:  1
Perf	INFO	2021-08-05T13:50:57.264-04:00	511166233948.8	C:\Users\leninne.pirovano\OneDrive - SCHEFFER\Documentos\Qlik\Sense\Apps\teste	-	INIT_ANNOTATION_BOARD_TABLE_FIELDS: Tables&Fields
Perf	INFO	2021-08-05T13:50:57.265-04:00	511166234828.2	C:\Users\leninne.pirovano\OneDrive - SCHEFFER\Documentos\Qlik\Sense\Apps\teste	-	GET_TABLES_AND_KEYS
Perf	INFO	2021-08-05T13:50:57.316-04:00	511166286381.9	C:\Users\leninne.pirovano\OneDrive - SCHEFFER\Documentos\Qlik\Sense\Apps\teste	-	GET_TABLES_AND_KEYS Execution time:  51
Perf	INFO	2021-08-05T13:50:57.319-04:00	511166288720.5	C:\Users\leninne.pirovano\OneDrive - SCHEFFER\Documentos\Qlik\Sense\Apps\teste	-	CALCULATE_FIELDS_FOR_NOT_FOUND_AND_TRANSFORMED: Field count: 51
Perf	INFO	2021-08-05T13:50:57.319-04:00	511166289224.8	C:\Users\leninne.pirovano\OneDrive - SCHEFFER\Documentos\Qlik\Sense\Apps\teste	-	CALCULATE_FIELDS_FOR_NOT_FOUND_AND_TRANSFORMED: Field count: 51 Execution time:  0
Perf	INFO	2021-08-05T13:50:57.319-04:00	511166289360.4	C:\Users\leninne.pirovano\OneDrive - SCHEFFER\Documentos\Qlik\Sense\Apps\teste	-	SAMPLES_AND_MIN_MAX
Perf	INFO	2021-08-05T13:50:57.322-04:00	511166291869.6	C:\Users\leninne.pirovano\OneDrive - SCHEFFER\Documentos\Qlik\Sense\Apps\teste	-	SAMPLE_VALUE_RETRIEVAL: Field count: 47
Perf	INFO	2021-08-05T13:50:58.033-04:00	511167003558.5	C:\Users\leninne.pirovano\OneDrive - SCHEFFER\Documentos\Qlik\Sense\Apps\teste	-	SAMPLE_VALUE_RETRIEVAL: Field count: 47 Execution time:  711
Perf	INFO	2021-08-05T13:50:58.034-04:00	511167004088.1	C:\Users\leninne.pirovano\OneDrive - SCHEFFER\Documentos\Qlik\Sense\Apps\teste	-	SAMPLE_VALUE_UPDATING
Perf	INFO	2021-08-05T13:50:58.043-04:00	511167013191	C:\Users\leninne.pirovano\OneDrive - SCHEFFER\Documentos\Qlik\Sense\Apps\teste	-	SAMPLE_VALUE_UPDATING Execution time:  9
Perf	INFO	2021-08-05T13:50:58.044-04:00	511167014519.8	C:\Users\leninne.pirovano\OneDrive - SCHEFFER\Documentos\Qlik\Sense\Apps\teste	-	MINMAX
Perf	INFO	2021-08-05T13:50:58.620-04:00	511167589834.8	C:\Users\leninne.pirovano\OneDrive - SCHEFFER\Documentos\Qlik\Sense\Apps\teste	-	MINMAX Execution time:  575
Perf	INFO	2021-08-05T13:50:58.620-04:00	511167590300.6	C:\Users\leninne.pirovano\OneDrive - SCHEFFER\Documentos\Qlik\Sense\Apps\teste	-	NUMERIC_RATIO
Perf	INFO	2021-08-05T13:50:58.621-04:00	511167591492.6	C:\Users\leninne.pirovano\OneDrive - SCHEFFER\Documentos\Qlik\Sense\Apps\teste	-	NUMERIC_RATIO Execution time:  1
Perf	INFO	2021-08-05T13:50:58.621-04:00	511167591681.7	C:\Users\leninne.pirovano\OneDrive - SCHEFFER\Documentos\Qlik\Sense\Apps\teste	-	SAMPLES_AND_MIN_MAX Execution time:  1302
Perf	INFO	2021-08-05T13:50:58.624-04:00	511167593970.7	C:\Users\leninne.pirovano\OneDrive - SCHEFFER\Documentos\Qlik\Sense\Apps\teste	-	CLASSIFICATION_PIPELINE
Perf	INFO	2021-08-05T13:50:58.625-04:00	511167595185.9	C:\Users\leninne.pirovano\OneDrive - SCHEFFER\Documentos\Qlik\Sense\Apps\teste	-	Annotation Step: Tokenizer
Perf	INFO	2021-08-05T13:50:58.639-04:00	511167609307.1	C:\Users\leninne.pirovano\OneDrive - SCHEFFER\Documentos\Qlik\Sense\Apps\teste	-	Annotation Step: Tokenizer Execution time:  14
Perf	INFO	2021-08-05T13:50:58.640-04:00	511167610656.4	C:\Users\leninne.pirovano\OneDrive - SCHEFFER\Documentos\Qlik\Sense\Apps\teste	-	Annotation Step: CaptionDecorator
Perf	INFO	2021-08-05T13:50:58.641-04:00	511167611190.6	C:\Users\leninne.pirovano\OneDrive - SCHEFFER\Documentos\Qlik\Sense\Apps\teste	-	Annotation Step: CaptionDecorator Execution time:  0
Perf	INFO	2021-08-05T13:50:58.642-04:00	511167612564.4	C:\Users\leninne.pirovano\OneDrive - SCHEFFER\Documentos\Qlik\Sense\Apps\teste	-	Annotation Step: DateTime
Perf	INFO	2021-08-05T13:50:58.646-04:00	511167616594.3	C:\Users\leninne.pirovano\OneDrive - SCHEFFER\Documentos\Qlik\Sense\Apps\teste	-	Annotation Step: DateTime Execution time:  3
Perf	INFO	2021-08-05T13:50:58.647-04:00	511167617161.9	C:\Users\leninne.pirovano\OneDrive - SCHEFFER\Documentos\Qlik\Sense\Apps\teste	-	Annotation Step: MissingValue
Perf	INFO	2021-08-05T13:50:58.647-04:00	511167617468.5	C:\Users\leninne.pirovano\OneDrive - SCHEFFER\Documentos\Qlik\Sense\Apps\teste	-	Annotation Step: MissingValue Execution time:  0
Perf	INFO	2021-08-05T13:50:58.648-04:00	511167618372.4	C:\Users\leninne.pirovano\OneDrive - SCHEFFER\Documentos\Qlik\Sense\Apps\teste	-	Annotation Step: CompoundValue
Perf	INFO	2021-08-05T13:50:58.650-04:00	511167619810.3	C:\Users\leninne.pirovano\OneDrive - SCHEFFER\Documentos\Qlik\Sense\Apps\teste	-	Annotation Step: CompoundValue Execution time:  2
Perf	INFO	2021-08-05T13:50:58.650-04:00	511167620271.7	C:\Users\leninne.pirovano\OneDrive - SCHEFFER\Documentos\Qlik\Sense\Apps\teste	-	Annotation Step: RecommendedDataType
Perf	INFO	2021-08-05T13:50:58.651-04:00	511167621031	C:\Users\leninne.pirovano\OneDrive - SCHEFFER\Documentos\Qlik\Sense\Apps\teste	-	Annotation Step: RecommendedDataType Execution time:  1
Perf	INFO	2021-08-05T13:50:58.651-04:00	511167621274.7	C:\Users\leninne.pirovano\OneDrive - SCHEFFER\Documentos\Qlik\Sense\Apps\teste	-	Annotation Step: ValueDecorator
Perf	INFO	2021-08-05T13:50:58.653-04:00	511167623143.4	C:\Users\leninne.pirovano\OneDrive - SCHEFFER\Documentos\Qlik\Sense\Apps\teste	-	Annotation Step: ValueDecorator Execution time:  2
Perf	INFO	2021-08-05T13:50:58.653-04:00	511167623544.6	C:\Users\leninne.pirovano\OneDrive - SCHEFFER\Documentos\Qlik\Sense\Apps\teste	-	Annotation Step: SemanticClassifier
Perf	INFO	2021-08-05T13:50:58.661-04:00	511167631462.6	C:\Users\leninne.pirovano\OneDrive - SCHEFFER\Documentos\Qlik\Sense\Apps\teste	-	Annotation Step: SemanticClassifier Execution time:  7
Perf	INFO	2021-08-05T13:50:58.662-04:00	511167631788.3	C:\Users\leninne.pirovano\OneDrive - SCHEFFER\Documentos\Qlik\Sense\Apps\teste	-	Annotation Step: AdhocTransformations
Perf	INFO	2021-08-05T13:50:58.662-04:00	511167632083.6	C:\Users\leninne.pirovano\OneDrive - SCHEFFER\Documentos\Qlik\Sense\Apps\teste	-	Annotation Step: AdhocTransformations Execution time:  0
Perf	INFO	2021-08-05T13:50:58.662-04:00	511167632336.2	C:\Users\leninne.pirovano\OneDrive - SCHEFFER\Documentos\Qlik\Sense\Apps\teste	-	Annotation Step: AdhocCompoundValue
Perf	INFO	2021-08-05T13:50:58.662-04:00	511167632632.6	C:\Users\leninne.pirovano\OneDrive - SCHEFFER\Documentos\Qlik\Sense\Apps\teste	-	Annotation Step: AdhocCompoundValue Execution time:  0
Perf	INFO	2021-08-05T13:50:58.663-04:00	511167632844.1	C:\Users\leninne.pirovano\OneDrive - SCHEFFER\Documentos\Qlik\Sense\Apps\teste	-	Annotation Step: ValueBasedGeoClassifier
Perf	INFO	2021-08-05T13:50:58.706-04:00	511167676686.3	C:\Users\leninne.pirovano\OneDrive - SCHEFFER\Documentos\Qlik\Sense\Apps\teste	-	Annotation Step: ValueBasedGeoClassifier Execution time:  43
Perf	INFO	2021-08-05T13:50:58.707-04:00	511167677255.5	C:\Users\leninne.pirovano\OneDrive - SCHEFFER\Documentos\Qlik\Sense\Apps\teste	-	Annotation Step: CrossDatasetClassifier
Perf	INFO	2021-08-05T13:50:58.708-04:00	511167678586.3	C:\Users\leninne.pirovano\OneDrive - SCHEFFER\Documentos\Qlik\Sense\Apps\teste	-	Annotation Step: CrossDatasetClassifier Execution time:  1
Perf	INFO	2021-08-05T13:50:58.709-04:00	511167679077.8	C:\Users\leninne.pirovano\OneDrive - SCHEFFER\Documentos\Qlik\Sense\Apps\teste	-	Annotation Step: TimeBoundMeasureFinder
Perf	INFO	2021-08-05T13:50:58.709-04:00	511167679422.8	C:\Users\leninne.pirovano\OneDrive - SCHEFFER\Documentos\Qlik\Sense\Apps\teste	-	Annotation Step: TimeBoundMeasureFinder Execution time:  0
Perf	INFO	2021-08-05T13:50:58.709-04:00	511167679672.7	C:\Users\leninne.pirovano\OneDrive - SCHEFFER\Documentos\Qlik\Sense\Apps\teste	-	CLASSIFICATION_PIPELINE Execution time:  85
Perf	INFO	2021-08-05T13:50:58.710-04:00	511167679958.9	C:\Users\leninne.pirovano\OneDrive - SCHEFFER\Documentos\Qlik\Sense\Apps\teste	-	INIT_ANNOTATION_BOARD_TABLE_FIELDS: Tables&Fields Execution time:  1446
Perf	INFO	2021-08-05T13:50:58.711-04:00	511167680827.6	C:\Users\leninne.pirovano\OneDrive - SCHEFFER\Documentos\Qlik\Sense\Apps\teste	-	GetClassificationHandler::execute
Perf	INFO	2021-08-05T13:50:58.711-04:00	511167681148.1	C:\Users\leninne.pirovano\OneDrive - SCHEFFER\Documentos\Qlik\Sense\Apps\teste	-	{"value":"OPEN_DATA_MANAGER_CORE","steps":[{"value":"GET_FEATURE_FLAGS","steps":[],"duration_ms":0},{"value":"QUERY_BUSINESS_MODEL","steps":[],"duration_ms":0},{"value":"ANNOTATION_QUEUE","steps":[],"duration_ms":1},{"value":"INIT_ANNOTATION_BOARD_TABLE_FIELDS: Tables&Fields","steps":[{"value":"GET_TABLES_AND_KEYS","steps":[],"duration_ms":51},{"value":"CALCULATE_FIELDS_FOR_NOT_FOUND_AND_TRANSFORMED: Field count: 51","steps":[],"duration_ms":0},{"value":"SAMPLES_AND_MIN_MAX","steps":[{"value":"SAMPLE_VALUE_RETRIEVAL: Field count: 47","steps":[],"duration_ms":711},{"value":"SAMPLE_VALUE_UPDATING","steps":[],"duration_ms":9},{"value":"MINMAX","steps":[],"duration_ms":575},{"value":"NUMERIC_RATIO","steps":[],"duration_ms":1}],"duration_ms":1302},{"value":"CLASSIFICATION_PIPELINE","steps":[{"value":"Annotation Step: Tokenizer","steps":[],"duration_ms":14},{"value":"Annotation Step: CaptionDecorator","steps":[],"duration_ms":0},{"value":"Annotation Step: DateTime","steps":[],"duration_ms":3},{"value":"Annotation Step: MissingValue","steps":[],"duration_ms":0},{"value":"Annotation Step: CompoundValue","steps":[],"duration_ms":2},{"value":"Annotation Step: RecommendedDataType","steps":[],"duration_ms":1},{"value":"Annotation Step: ValueDecorator","steps":[],"duration_ms":2},{"value":"Annotation Step: SemanticClassifier","steps":[],"duration_ms":7},{"value":"Annotation Step: AdhocTransformations","steps":[],"duration_ms":0},{"value":"Annotation Step: AdhocCompoundValue","steps":[],"duration_ms":0},{"value":"Annotation Step: ValueBasedGeoClassifier","steps":[],"duration_ms":43},{"value":"Annotation Step: CrossDatasetClassifier","steps":[],"duration_ms":1},{"value":"Annotation Step: TimeBoundMeasureFinder","steps":[],"duration_ms":0}],"duration_ms":85}],"duration_ms":1446}],"duration_ms":2}
