Logger	Severity	Date	MicroSeconds	AppId	UserId	Message
Perf	INFO	2021-08-05T15:30:52.123-04:00	2127141236.3	C:\Users\leninne.pirovano\OneDrive - SCHEFFER\Documentos\Qlik\Sense\Apps\teste	-	OPEN_DATA_MANAGER_CORE
Perf	INFO	2021-08-05T15:30:52.160-04:00	2127177931.4	C:\Users\leninne.pirovano\OneDrive - SCHEFFER\Documentos\Qlik\Sense\Apps\teste	-	OPEN_DATA_MANAGER_CORE Execution time:  15
Perf	INFO	2021-08-05T15:30:52.176-04:00	2127193677.5	C:\Users\leninne.pirovano\OneDrive - SCHEFFER\Documentos\Qlik\Sense\Apps\teste	-	GET_FEATURE_FLAGS
Perf	INFO	2021-08-05T15:30:52.176-04:00	2127194056	C:\Users\leninne.pirovano\OneDrive - SCHEFFER\Documentos\Qlik\Sense\Apps\teste	-	GET_FEATURE_FLAGS Execution time:  0
Perf	INFO	2021-08-05T15:30:52.176-04:00	2127194236.7	C:\Users\leninne.pirovano\OneDrive - SCHEFFER\Documentos\Qlik\Sense\Apps\teste	-	QUERY_BUSINESS_MODEL
Perf	INFO	2021-08-05T15:30:52.177-04:00	2127194571.2	C:\Users\leninne.pirovano\OneDrive - SCHEFFER\Documentos\Qlik\Sense\Apps\teste	-	QUERY_BUSINESS_MODEL Execution time:  0
Perf	INFO	2021-08-05T15:30:52.180-04:00	2127197499.3	C:\Users\leninne.pirovano\OneDrive - SCHEFFER\Documentos\Qlik\Sense\Apps\teste	-	ANNOTATION_QUEUE
Perf	INFO	2021-08-05T15:30:52.181-04:00	2127198483.5	C:\Users\leninne.pirovano\OneDrive - SCHEFFER\Documentos\Qlik\Sense\Apps\teste	-	ANNOTATION_QUEUE Execution time:  1
Perf	INFO	2021-08-05T15:31:25.399-04:00	2160414294.4	C:\Users\leninne.pirovano\OneDrive - SCHEFFER\Documentos\Qlik\Sense\Apps\teste	-	INIT_ANNOTATION_BOARD_TABLE_FIELDS: Tables&Fields
Perf	INFO	2021-08-05T15:31:25.425-04:00	2160440975	C:\Users\leninne.pirovano\OneDrive - SCHEFFER\Documentos\Qlik\Sense\Apps\teste	-	GET_TABLES_AND_KEYS
Perf	INFO	2021-08-05T15:31:25.451-04:00	2160466634.1	C:\Users\leninne.pirovano\OneDrive - SCHEFFER\Documentos\Qlik\Sense\Apps\teste	-	GET_TABLES_AND_KEYS Execution time:  25
Perf	INFO	2021-08-05T15:31:25.464-04:00	2160479668	C:\Users\leninne.pirovano\OneDrive - SCHEFFER\Documentos\Qlik\Sense\Apps\teste	-	CALCULATE_FIELDS_FOR_NOT_FOUND_AND_TRANSFORMED: Field count: 54
Perf	INFO	2021-08-05T15:31:25.466-04:00	2160481395.3	C:\Users\leninne.pirovano\OneDrive - SCHEFFER\Documentos\Qlik\Sense\Apps\teste	-	CALCULATE_FIELDS_FOR_NOT_FOUND_AND_TRANSFORMED: Field count: 54 Execution time:  1
Perf	INFO	2021-08-05T15:31:25.466-04:00	2160482032	C:\Users\leninne.pirovano\OneDrive - SCHEFFER\Documentos\Qlik\Sense\Apps\teste	-	SAMPLES_AND_MIN_MAX
Perf	INFO	2021-08-05T15:31:25.473-04:00	2160488202.4	C:\Users\leninne.pirovano\OneDrive - SCHEFFER\Documentos\Qlik\Sense\Apps\teste	-	SAMPLE_VALUE_RETRIEVAL: Field count: 50
Perf	INFO	2021-08-05T15:31:26.451-04:00	2161466637	C:\Users\leninne.pirovano\OneDrive - SCHEFFER\Documentos\Qlik\Sense\Apps\teste	-	SAMPLE_VALUE_RETRIEVAL: Field count: 50 Execution time:  977
Perf	INFO	2021-08-05T15:31:26.452-04:00	2161467152.5	C:\Users\leninne.pirovano\OneDrive - SCHEFFER\Documentos\Qlik\Sense\Apps\teste	-	SAMPLE_VALUE_UPDATING
Perf	INFO	2021-08-05T15:31:26.454-04:00	2161469395.1	C:\Users\leninne.pirovano\OneDrive - SCHEFFER\Documentos\Qlik\Sense\Apps\teste	-	SAMPLE_VALUE_UPDATING Execution time:  2
Perf	INFO	2021-08-05T15:31:26.456-04:00	2161471200.8	C:\Users\leninne.pirovano\OneDrive - SCHEFFER\Documentos\Qlik\Sense\Apps\teste	-	MINMAX
Perf	INFO	2021-08-05T15:31:26.600-04:00	2161615362.9	C:\Users\leninne.pirovano\OneDrive - SCHEFFER\Documentos\Qlik\Sense\Apps\teste	-	MINMAX Execution time:  142
Perf	INFO	2021-08-05T15:31:26.600-04:00	2161615737.4	C:\Users\leninne.pirovano\OneDrive - SCHEFFER\Documentos\Qlik\Sense\Apps\teste	-	NUMERIC_RATIO
Perf	INFO	2021-08-05T15:31:26.602-04:00	2161617440.7	C:\Users\leninne.pirovano\OneDrive - SCHEFFER\Documentos\Qlik\Sense\Apps\teste	-	NUMERIC_RATIO Execution time:  2
Perf	INFO	2021-08-05T15:31:26.602-04:00	2161617693.3	C:\Users\leninne.pirovano\OneDrive - SCHEFFER\Documentos\Qlik\Sense\Apps\teste	-	SAMPLES_AND_MIN_MAX Execution time:  1135
Perf	INFO	2021-08-05T15:31:26.606-04:00	2161621674.1	C:\Users\leninne.pirovano\OneDrive - SCHEFFER\Documentos\Qlik\Sense\Apps\teste	-	CLASSIFICATION_PIPELINE
Perf	INFO	2021-08-05T15:31:26.607-04:00	2161622546	C:\Users\leninne.pirovano\OneDrive - SCHEFFER\Documentos\Qlik\Sense\Apps\teste	-	Annotation Step: Tokenizer
Perf	INFO	2021-08-05T15:31:26.635-04:00	2161650366	C:\Users\leninne.pirovano\OneDrive - SCHEFFER\Documentos\Qlik\Sense\Apps\teste	-	Annotation Step: Tokenizer Execution time:  28
Perf	INFO	2021-08-05T15:31:26.636-04:00	2161651565.6	C:\Users\leninne.pirovano\OneDrive - SCHEFFER\Documentos\Qlik\Sense\Apps\teste	-	Annotation Step: CaptionDecorator
Perf	INFO	2021-08-05T15:31:26.636-04:00	2161651986.4	C:\Users\leninne.pirovano\OneDrive - SCHEFFER\Documentos\Qlik\Sense\Apps\teste	-	Annotation Step: CaptionDecorator Execution time:  0
Perf	INFO	2021-08-05T15:31:26.637-04:00	2161652268.2	C:\Users\leninne.pirovano\OneDrive - SCHEFFER\Documentos\Qlik\Sense\Apps\teste	-	Annotation Step: DateTime
Perf	INFO	2021-08-05T15:31:26.641-04:00	2161656789.7	C:\Users\leninne.pirovano\OneDrive - SCHEFFER\Documentos\Qlik\Sense\Apps\teste	-	Annotation Step: DateTime Execution time:  4
Perf	INFO	2021-08-05T15:31:26.642-04:00	2161657525.2	C:\Users\leninne.pirovano\OneDrive - SCHEFFER\Documentos\Qlik\Sense\Apps\teste	-	Annotation Step: MissingValue
Perf	INFO	2021-08-05T15:31:26.642-04:00	2161657949	C:\Users\leninne.pirovano\OneDrive - SCHEFFER\Documentos\Qlik\Sense\Apps\teste	-	Annotation Step: MissingValue Execution time:  0
Perf	INFO	2021-08-05T15:31:26.644-04:00	2161659799.5	C:\Users\leninne.pirovano\OneDrive - SCHEFFER\Documentos\Qlik\Sense\Apps\teste	-	Annotation Step: CompoundValue
Perf	INFO	2021-08-05T15:31:26.645-04:00	2161660729.4	C:\Users\leninne.pirovano\OneDrive - SCHEFFER\Documentos\Qlik\Sense\Apps\teste	-	Annotation Step: CompoundValue Execution time:  1
Perf	INFO	2021-08-05T15:31:26.645-04:00	2161660967.3	C:\Users\leninne.pirovano\OneDrive - SCHEFFER\Documentos\Qlik\Sense\Apps\teste	-	Annotation Step: RecommendedDataType
Perf	INFO	2021-08-05T15:31:26.647-04:00	2161662552.2	C:\Users\leninne.pirovano\OneDrive - SCHEFFER\Documentos\Qlik\Sense\Apps\teste	-	Annotation Step: RecommendedDataType Execution time:  2
Perf	INFO	2021-08-05T15:31:26.647-04:00	2161662911.1	C:\Users\leninne.pirovano\OneDrive - SCHEFFER\Documentos\Qlik\Sense\Apps\teste	-	Annotation Step: ValueDecorator
Perf	INFO	2021-08-05T15:31:26.649-04:00	2161664120.1	C:\Users\leninne.pirovano\OneDrive - SCHEFFER\Documentos\Qlik\Sense\Apps\teste	-	Annotation Step: ValueDecorator Execution time:  1
Perf	INFO	2021-08-05T15:31:26.649-04:00	2161664495.8	C:\Users\leninne.pirovano\OneDrive - SCHEFFER\Documentos\Qlik\Sense\Apps\teste	-	Annotation Step: SemanticClassifier
Perf	INFO	2021-08-05T15:31:26.660-04:00	2161675825	C:\Users\leninne.pirovano\OneDrive - SCHEFFER\Documentos\Qlik\Sense\Apps\teste	-	Annotation Step: SemanticClassifier Execution time:  11
Perf	INFO	2021-08-05T15:31:26.661-04:00	2161676466.4	C:\Users\leninne.pirovano\OneDrive - SCHEFFER\Documentos\Qlik\Sense\Apps\teste	-	Annotation Step: AdhocTransformations
Perf	INFO	2021-08-05T15:31:26.662-04:00	2161677141.7	C:\Users\leninne.pirovano\OneDrive - SCHEFFER\Documentos\Qlik\Sense\Apps\teste	-	Annotation Step: AdhocTransformations Execution time:  0
Perf	INFO	2021-08-05T15:31:26.662-04:00	2161677553.6	C:\Users\leninne.pirovano\OneDrive - SCHEFFER\Documentos\Qlik\Sense\Apps\teste	-	Annotation Step: AdhocCompoundValue
Perf	INFO	2021-08-05T15:31:26.664-04:00	2161679267.4	C:\Users\leninne.pirovano\OneDrive - SCHEFFER\Documentos\Qlik\Sense\Apps\teste	-	Annotation Step: AdhocCompoundValue Execution time:  2
Perf	INFO	2021-08-05T15:31:26.666-04:00	2161681297.9	C:\Users\leninne.pirovano\OneDrive - SCHEFFER\Documentos\Qlik\Sense\Apps\teste	-	Annotation Step: ValueBasedGeoClassifier
Perf	INFO	2021-08-05T15:31:26.774-04:00	2161789175.9	C:\Users\leninne.pirovano\OneDrive - SCHEFFER\Documentos\Qlik\Sense\Apps\teste	-	Annotation Step: ValueBasedGeoClassifier Execution time:  107
Perf	INFO	2021-08-05T15:31:26.774-04:00	2161789609.6	C:\Users\leninne.pirovano\OneDrive - SCHEFFER\Documentos\Qlik\Sense\Apps\teste	-	Annotation Step: CrossDatasetClassifier
Perf	INFO	2021-08-05T15:31:26.775-04:00	2161790185.3	C:\Users\leninne.pirovano\OneDrive - SCHEFFER\Documentos\Qlik\Sense\Apps\teste	-	Annotation Step: CrossDatasetClassifier Execution time:  1
Perf	INFO	2021-08-05T15:31:26.775-04:00	2161790398.4	C:\Users\leninne.pirovano\OneDrive - SCHEFFER\Documentos\Qlik\Sense\Apps\teste	-	Annotation Step: TimeBoundMeasureFinder
Perf	INFO	2021-08-05T15:31:26.775-04:00	2161790623.2	C:\Users\leninne.pirovano\OneDrive - SCHEFFER\Documentos\Qlik\Sense\Apps\teste	-	Annotation Step: TimeBoundMeasureFinder Execution time:  0
Perf	INFO	2021-08-05T15:31:26.775-04:00	2161790812.7	C:\Users\leninne.pirovano\OneDrive - SCHEFFER\Documentos\Qlik\Sense\Apps\teste	-	CLASSIFICATION_PIPELINE Execution time:  169
Perf	INFO	2021-08-05T15:31:26.776-04:00	2161791194.3	C:\Users\leninne.pirovano\OneDrive - SCHEFFER\Documentos\Qlik\Sense\Apps\teste	-	INIT_ANNOTATION_BOARD_TABLE_FIELDS: Tables&Fields Execution time:  1377
Perf	INFO	2021-08-05T15:31:26.779-04:00	2161795098.4	C:\Users\leninne.pirovano\OneDrive - SCHEFFER\Documentos\Qlik\Sense\Apps\teste	-	GetClassificationHandler::execute
Perf	INFO	2021-08-05T15:31:26.780-04:00	2161795757.6	C:\Users\leninne.pirovano\OneDrive - SCHEFFER\Documentos\Qlik\Sense\Apps\teste	-	{"value":"OPEN_DATA_MANAGER_CORE","steps":[{"value":"GET_FEATURE_FLAGS","steps":[],"duration_ms":0},{"value":"QUERY_BUSINESS_MODEL","steps":[],"duration_ms":0},{"value":"ANNOTATION_QUEUE","steps":[],"duration_ms":1},{"value":"INIT_ANNOTATION_BOARD_TABLE_FIELDS: Tables&Fields","steps":[{"value":"GET_TABLES_AND_KEYS","steps":[],"duration_ms":25},{"value":"CALCULATE_FIELDS_FOR_NOT_FOUND_AND_TRANSFORMED: Field count: 54","steps":[],"duration_ms":1},{"value":"SAMPLES_AND_MIN_MAX","steps":[{"value":"SAMPLE_VALUE_RETRIEVAL: Field count: 50","steps":[],"duration_ms":977},{"value":"SAMPLE_VALUE_UPDATING","steps":[],"duration_ms":2},{"value":"MINMAX","steps":[],"duration_ms":142},{"value":"NUMERIC_RATIO","steps":[],"duration_ms":2}],"duration_ms":1135},{"value":"CLASSIFICATION_PIPELINE","steps":[{"value":"Annotation Step: Tokenizer","steps":[],"duration_ms":28},{"value":"Annotation Step: CaptionDecorator","steps":[],"duration_ms":0},{"value":"Annotation Step: DateTime","steps":[],"duration_ms":4},{"value":"Annotation Step: MissingValue","steps":[],"duration_ms":0},{"value":"Annotation Step: CompoundValue","steps":[],"duration_ms":1},{"value":"Annotation Step: RecommendedDataType","steps":[],"duration_ms":2},{"value":"Annotation Step: ValueDecorator","steps":[],"duration_ms":1},{"value":"Annotation Step: SemanticClassifier","steps":[],"duration_ms":11},{"value":"Annotation Step: AdhocTransformations","steps":[],"duration_ms":0},{"value":"Annotation Step: AdhocCompoundValue","steps":[],"duration_ms":2},{"value":"Annotation Step: ValueBasedGeoClassifier","steps":[],"duration_ms":107},{"value":"Annotation Step: CrossDatasetClassifier","steps":[],"duration_ms":1},{"value":"Annotation Step: TimeBoundMeasureFinder","steps":[],"duration_ms":0}],"duration_ms":169}],"duration_ms":1377}],"duration_ms":15}
Perf	INFO	2021-08-05T16:16:12.116-04:00	4847118919.7	C:\Users\leninne.pirovano\OneDrive - SCHEFFER\Documentos\Qlik\Sense\Apps\teste	-	OPEN_DATA_MANAGER_CORE
Perf	INFO	2021-08-05T16:16:12.116-04:00	4847119435.1	C:\Users\leninne.pirovano\OneDrive - SCHEFFER\Documentos\Qlik\Sense\Apps\teste	-	OPEN_DATA_MANAGER_CORE Execution time:  0
Perf	INFO	2021-08-05T16:16:12.117-04:00	4847119919.8	C:\Users\leninne.pirovano\OneDrive - SCHEFFER\Documentos\Qlik\Sense\Apps\teste	-	GET_FEATURE_FLAGS
Perf	INFO	2021-08-05T16:16:12.117-04:00	4847120414.3	C:\Users\leninne.pirovano\OneDrive - SCHEFFER\Documentos\Qlik\Sense\Apps\teste	-	GET_FEATURE_FLAGS Execution time:  0
Perf	INFO	2021-08-05T16:16:12.118-04:00	4847121008.5	C:\Users\leninne.pirovano\OneDrive - SCHEFFER\Documentos\Qlik\Sense\Apps\teste	-	QUERY_BUSINESS_MODEL
Perf	INFO	2021-08-05T16:16:12.119-04:00	4847122522.6	C:\Users\leninne.pirovano\OneDrive - SCHEFFER\Documentos\Qlik\Sense\Apps\teste	-	QUERY_BUSINESS_MODEL Execution time:  1
Perf	INFO	2021-08-05T16:16:12.120-04:00	4847122907.7	C:\Users\leninne.pirovano\OneDrive - SCHEFFER\Documentos\Qlik\Sense\Apps\teste	-	ANNOTATION_QUEUE
Perf	INFO	2021-08-05T16:16:12.120-04:00	4847123152.2	C:\Users\leninne.pirovano\OneDrive - SCHEFFER\Documentos\Qlik\Sense\Apps\teste	-	ANNOTATION_QUEUE Execution time:  0
Perf	INFO	2021-08-05T16:16:12.126-04:00	4847128835.5	C:\Users\leninne.pirovano\OneDrive - SCHEFFER\Documentos\Qlik\Sense\Apps\teste	-	INIT_ANNOTATION_BOARD_MASTER_ITEMS: MasterItems
Perf	INFO	2021-08-05T16:16:13.202-04:00	4848205395.5	C:\Users\leninne.pirovano\OneDrive - SCHEFFER\Documentos\Qlik\Sense\Apps\teste	-	CLASSIFICATION_PIPELINE
Perf	INFO	2021-08-05T16:16:13.203-04:00	4848205833	C:\Users\leninne.pirovano\OneDrive - SCHEFFER\Documentos\Qlik\Sense\Apps\teste	-	Annotation Step: Tokenizer
Perf	INFO	2021-08-05T16:16:13.204-04:00	4848207298.9	C:\Users\leninne.pirovano\OneDrive - SCHEFFER\Documentos\Qlik\Sense\Apps\teste	-	Annotation Step: Tokenizer Execution time:  1
Perf	INFO	2021-08-05T16:16:13.204-04:00	4848207520.3	C:\Users\leninne.pirovano\OneDrive - SCHEFFER\Documentos\Qlik\Sense\Apps\teste	-	Annotation Step: CaptionDecorator
Perf	INFO	2021-08-05T16:16:13.205-04:00	4848208300.6	C:\Users\leninne.pirovano\OneDrive - SCHEFFER\Documentos\Qlik\Sense\Apps\teste	-	Annotation Step: CaptionDecorator Execution time:  0
Perf	INFO	2021-08-05T16:16:13.205-04:00	4848208576.7	C:\Users\leninne.pirovano\OneDrive - SCHEFFER\Documentos\Qlik\Sense\Apps\teste	-	Annotation Step: DateTime
Perf	INFO	2021-08-05T16:16:13.206-04:00	4848208813.1	C:\Users\leninne.pirovano\OneDrive - SCHEFFER\Documentos\Qlik\Sense\Apps\teste	-	Annotation Step: DateTime Execution time:  0
Perf	INFO	2021-08-05T16:16:13.206-04:00	4848209031.5	C:\Users\leninne.pirovano\OneDrive - SCHEFFER\Documentos\Qlik\Sense\Apps\teste	-	Annotation Step: MissingValue
Perf	INFO	2021-08-05T16:16:13.206-04:00	4848209297	C:\Users\leninne.pirovano\OneDrive - SCHEFFER\Documentos\Qlik\Sense\Apps\teste	-	Annotation Step: MissingValue Execution time:  0
Perf	INFO	2021-08-05T16:16:13.206-04:00	4848209518.5	C:\Users\leninne.pirovano\OneDrive - SCHEFFER\Documentos\Qlik\Sense\Apps\teste	-	Annotation Step: CompoundValue
Perf	INFO	2021-08-05T16:16:13.207-04:00	4848209721.6	C:\Users\leninne.pirovano\OneDrive - SCHEFFER\Documentos\Qlik\Sense\Apps\teste	-	Annotation Step: CompoundValue Execution time:  0
Perf	INFO	2021-08-05T16:16:13.207-04:00	4848209905.1	C:\Users\leninne.pirovano\OneDrive - SCHEFFER\Documentos\Qlik\Sense\Apps\teste	-	Annotation Step: RecommendedDataType
Perf	INFO	2021-08-05T16:16:13.207-04:00	4848210095.5	C:\Users\leninne.pirovano\OneDrive - SCHEFFER\Documentos\Qlik\Sense\Apps\teste	-	Annotation Step: RecommendedDataType Execution time:  0
Perf	INFO	2021-08-05T16:16:13.207-04:00	4848210277.1	C:\Users\leninne.pirovano\OneDrive - SCHEFFER\Documentos\Qlik\Sense\Apps\teste	-	Annotation Step: ValueDecorator
Perf	INFO	2021-08-05T16:16:13.207-04:00	4848210465.2	C:\Users\leninne.pirovano\OneDrive - SCHEFFER\Documentos\Qlik\Sense\Apps\teste	-	Annotation Step: ValueDecorator Execution time:  0
Perf	INFO	2021-08-05T16:16:13.208-04:00	4848210669	C:\Users\leninne.pirovano\OneDrive - SCHEFFER\Documentos\Qlik\Sense\Apps\teste	-	Annotation Step: SemanticClassifier
Perf	INFO	2021-08-05T16:16:13.208-04:00	4848211388.6	C:\Users\leninne.pirovano\OneDrive - SCHEFFER\Documentos\Qlik\Sense\Apps\teste	-	Annotation Step: SemanticClassifier Execution time:  0
Perf	INFO	2021-08-05T16:16:13.208-04:00	4848211629.2	C:\Users\leninne.pirovano\OneDrive - SCHEFFER\Documentos\Qlik\Sense\Apps\teste	-	Annotation Step: AdhocTransformations
Perf	INFO	2021-08-05T16:16:13.209-04:00	4848211827.5	C:\Users\leninne.pirovano\OneDrive - SCHEFFER\Documentos\Qlik\Sense\Apps\teste	-	Annotation Step: AdhocTransformations Execution time:  0
Perf	INFO	2021-08-05T16:16:13.209-04:00	4848212039.5	C:\Users\leninne.pirovano\OneDrive - SCHEFFER\Documentos\Qlik\Sense\Apps\teste	-	Annotation Step: AdhocCompoundValue
Perf	INFO	2021-08-05T16:16:13.209-04:00	4848212231.7	C:\Users\leninne.pirovano\OneDrive - SCHEFFER\Documentos\Qlik\Sense\Apps\teste	-	Annotation Step: AdhocCompoundValue Execution time:  0
Perf	INFO	2021-08-05T16:16:13.209-04:00	4848212650.6	C:\Users\leninne.pirovano\OneDrive - SCHEFFER\Documentos\Qlik\Sense\Apps\teste	-	Annotation Step: ValueBasedGeoClassifier
Perf	INFO	2021-08-05T16:16:13.210-04:00	4848213524.8	C:\Users\leninne.pirovano\OneDrive - SCHEFFER\Documentos\Qlik\Sense\Apps\teste	-	Annotation Step: ValueBasedGeoClassifier Execution time:  0
Perf	INFO	2021-08-05T16:16:13.211-04:00	4848213756.4	C:\Users\leninne.pirovano\OneDrive - SCHEFFER\Documentos\Qlik\Sense\Apps\teste	-	Annotation Step: CrossDatasetClassifier
Perf	INFO	2021-08-05T16:16:13.211-04:00	4848213911.2	C:\Users\leninne.pirovano\OneDrive - SCHEFFER\Documentos\Qlik\Sense\Apps\teste	-	Annotation Step: CrossDatasetClassifier Execution time:  0
Perf	INFO	2021-08-05T16:16:13.211-04:00	4848214059.6	C:\Users\leninne.pirovano\OneDrive - SCHEFFER\Documentos\Qlik\Sense\Apps\teste	-	Annotation Step: TimeBoundMeasureFinder
Perf	INFO	2021-08-05T16:16:13.211-04:00	4848214318.1	C:\Users\leninne.pirovano\OneDrive - SCHEFFER\Documentos\Qlik\Sense\Apps\teste	-	Annotation Step: TimeBoundMeasureFinder Execution time:  0
Perf	INFO	2021-08-05T16:16:13.211-04:00	4848214456.5	C:\Users\leninne.pirovano\OneDrive - SCHEFFER\Documentos\Qlik\Sense\Apps\teste	-	CLASSIFICATION_PIPELINE Execution time:  8
Perf	INFO	2021-08-05T16:16:13.211-04:00	4848214593	C:\Users\leninne.pirovano\OneDrive - SCHEFFER\Documentos\Qlik\Sense\Apps\teste	-	INIT_ANNOTATION_BOARD_MASTER_ITEMS: MasterItems Execution time:  1085
Perf	INFO	2021-08-05T16:16:13.212-04:00	4848214759.7	C:\Users\leninne.pirovano\OneDrive - SCHEFFER\Documentos\Qlik\Sense\Apps\teste	-	OPEN_DATA_MANAGER_CORE Execution time:  NaN
Perf	INFO	2021-08-05T16:16:13.212-04:00	4848215494	C:\Users\leninne.pirovano\OneDrive - SCHEFFER\Documentos\Qlik\Sense\Apps\teste	-	INIT_ANNOTATION_BOARD_FIELD_STATS: FieldStats
Perf	INFO	2021-08-05T16:16:13.215-04:00	4848218019.9	C:\Users\leninne.pirovano\OneDrive - SCHEFFER\Documentos\Qlik\Sense\Apps\teste	-	INIT_ANNOTATION_BOARD_FIELD_STATS: FieldStats Execution time:  3
Perf	INFO	2021-08-05T16:16:13.215-04:00	4848218377.5	C:\Users\leninne.pirovano\OneDrive - SCHEFFER\Documentos\Qlik\Sense\Apps\teste	-	INIT_ANNOTATION_BOARD_DEPENDENCIES: AssociationCardinality
Perf	INFO	2021-08-05T16:16:13.215-04:00	4848218570.2	C:\Users\leninne.pirovano\OneDrive - SCHEFFER\Documentos\Qlik\Sense\Apps\teste	-	ATTRIBUTE_DETECTION
Perf	INFO	2021-08-05T16:16:13.248-04:00	4848251505	C:\Users\leninne.pirovano\OneDrive - SCHEFFER\Documentos\Qlik\Sense\Apps\teste	-	ATTRIBUTE_DETECTION Execution time:  32
Perf	INFO	2021-08-05T16:16:13.249-04:00	4848251862.5	C:\Users\leninne.pirovano\OneDrive - SCHEFFER\Documentos\Qlik\Sense\Apps\teste	-	INIT_ANNOTATION_BOARD_DEPENDENCIES: AssociationCardinality Execution time:  34
Perf	INFO	2021-08-05T16:16:13.250-04:00	4848252890	C:\Users\leninne.pirovano\OneDrive - SCHEFFER\Documentos\Qlik\Sense\Apps\teste	-	INIT_ANNOTATION_BOARD_DERIVED: DerivedFields
Perf	INFO	2021-08-05T16:16:13.255-04:00	4848258271.1	C:\Users\leninne.pirovano\OneDrive - SCHEFFER\Documentos\Qlik\Sense\Apps\teste	-	INIT_ANNOTATION_BOARD_DERIVED: DerivedFields Execution time:  5
Perf	INFO	2021-08-05T16:16:13.258-04:00	4848260793.6	C:\Users\leninne.pirovano\OneDrive - SCHEFFER\Documentos\Qlik\Sense\Apps\teste	-	APPLICATION_BASED_ANALYSIS
Perf	INFO	2021-08-05T16:16:13.259-04:00	4848261924.2	C:\Users\leninne.pirovano\OneDrive - SCHEFFER\Documentos\Qlik\Sense\Apps\teste	-	FIELDS_WITH_SELECTIONS
Perf	INFO	2021-08-05T16:16:13.261-04:00	4848264399.8	C:\Users\leninne.pirovano\OneDrive - SCHEFFER\Documentos\Qlik\Sense\Apps\teste	-	FIELDS_WITH_SELECTIONS Execution time:  2
Perf	INFO	2021-08-05T16:16:13.269-04:00	4848272031.6	C:\Users\leninne.pirovano\OneDrive - SCHEFFER\Documentos\Qlik\Sense\Apps\teste	-	RECOMMEND
Perf	INFO	2021-08-05T16:16:13.289-04:00	4848292158.1	C:\Users\leninne.pirovano\OneDrive - SCHEFFER\Documentos\Qlik\Sense\Apps\teste	-	RECOMMEND Execution time:  20
Perf	INFO	2021-08-05T16:16:13.289-04:00	4848292583.1	C:\Users\leninne.pirovano\OneDrive - SCHEFFER\Documentos\Qlik\Sense\Apps\teste	-	OVERALL_INDICATORS
Perf	INFO	2021-08-05T16:16:13.290-04:00	4848293169.9	C:\Users\leninne.pirovano\OneDrive - SCHEFFER\Documentos\Qlik\Sense\Apps\teste	-	OVERALL_INDICATORS Execution time:  0
Perf	INFO	2021-08-05T16:16:13.291-04:00	4848293804.1	C:\Users\leninne.pirovano\OneDrive - SCHEFFER\Documentos\Qlik\Sense\Apps\teste	-	MARK_FOR_RELATIONS
Perf	INFO	2021-08-05T16:16:13.291-04:00	4848294143.4	C:\Users\leninne.pirovano\OneDrive - SCHEFFER\Documentos\Qlik\Sense\Apps\teste	-	MARK_FOR_RELATIONS Execution time:  0
Perf	INFO	2021-08-05T16:16:13.294-04:00	4848297541	C:\Users\leninne.pirovano\OneDrive - SCHEFFER\Documentos\Qlik\Sense\Apps\teste	-	APPLICATION_BASED_ANALYSIS Execution time:  36
Perf	INFO	2021-08-05T16:16:13.295-04:00	4848297732.5	C:\Users\leninne.pirovano\OneDrive - SCHEFFER\Documentos\Qlik\Sense\Apps\teste	-	GitVisRecommendations complete
Perf	INFO	2021-08-05T16:16:13.295-04:00	4848297978	C:\Users\leninne.pirovano\OneDrive - SCHEFFER\Documentos\Qlik\Sense\Apps\teste	-	{"value":"OPEN_DATA_MANAGER_CORE","steps":[{"value":"GET_FEATURE_FLAGS","steps":[],"duration_ms":0},{"value":"QUERY_BUSINESS_MODEL","steps":[],"duration_ms":1},{"value":"ANNOTATION_QUEUE","steps":[],"duration_ms":0},{"value":"INIT_ANNOTATION_BOARD_MASTER_ITEMS: MasterItems","steps":[{"value":"CLASSIFICATION_PIPELINE","steps":[{"value":"Annotation Step: Tokenizer","steps":[],"duration_ms":1},{"value":"Annotation Step: CaptionDecorator","steps":[],"duration_ms":0},{"value":"Annotation Step: DateTime","steps":[],"duration_ms":0},{"value":"Annotation Step: MissingValue","steps":[],"duration_ms":0},{"value":"Annotation Step: CompoundValue","steps":[],"duration_ms":0},{"value":"Annotation Step: RecommendedDataType","steps":[],"duration_ms":0},{"value":"Annotation Step: ValueDecorator","steps":[],"duration_ms":0},{"value":"Annotation Step: SemanticClassifier","steps":[],"duration_ms":0},{"value":"Annotation Step: AdhocTransformations","steps":[],"duration_ms":0},{"value":"Annotation Step: AdhocCompoundValue","steps":[],"duration_ms":0},{"value":"Annotation Step: ValueBasedGeoClassifier","steps":[],"duration_ms":0},{"value":"Annotation Step: CrossDatasetClassifier","steps":[],"duration_ms":0},{"value":"Annotation Step: TimeBoundMeasureFinder","steps":[],"duration_ms":0}],"duration_ms":8}],"duration_ms":1085},{"value":"INIT_ANNOTATION_BOARD_FIELD_STATS: FieldStats","steps":[],"duration_ms":3},{"value":"INIT_ANNOTATION_BOARD_DEPENDENCIES: AssociationCardinality","steps":[{"value":"ATTRIBUTE_DETECTION","steps":[],"duration_ms":32}],"duration_ms":34},{"value":"INIT_ANNOTATION_BOARD_DERIVED: DerivedFields","steps":[],"duration_ms":5},{"value":"APPLICATION_BASED_ANALYSIS","steps":[{"value":"FIELDS_WITH_SELECTIONS","steps":[],"duration_ms":2},{"value":"RECOMMEND","steps":[],"duration_ms":20},{"value":"OVERALL_INDICATORS","steps":[],"duration_ms":0},{"value":"MARK_FOR_RELATIONS","steps":[],"duration_ms":0}],"duration_ms":36}],"duration_ms":null}
Perf	INFO	2021-08-05T16:16:13.295-04:00	4848298357	C:\Users\leninne.pirovano\OneDrive - SCHEFFER\Documentos\Qlik\Sense\Apps\teste	-	GetVisRecommendationHandler::execute
Perf	INFO	2021-08-05T16:16:13.296-04:00	4848299259.9	C:\Users\leninne.pirovano\OneDrive - SCHEFFER\Documentos\Qlik\Sense\Apps\teste	-	{"value":"OPEN_DATA_MANAGER_CORE","steps":[{"value":"GET_FEATURE_FLAGS","steps":[],"duration_ms":0},{"value":"QUERY_BUSINESS_MODEL","steps":[],"duration_ms":1},{"value":"ANNOTATION_QUEUE","steps":[],"duration_ms":0},{"value":"INIT_ANNOTATION_BOARD_MASTER_ITEMS: MasterItems","steps":[{"value":"CLASSIFICATION_PIPELINE","steps":[{"value":"Annotation Step: Tokenizer","steps":[],"duration_ms":1},{"value":"Annotation Step: CaptionDecorator","steps":[],"duration_ms":0},{"value":"Annotation Step: DateTime","steps":[],"duration_ms":0},{"value":"Annotation Step: MissingValue","steps":[],"duration_ms":0},{"value":"Annotation Step: CompoundValue","steps":[],"duration_ms":0},{"value":"Annotation Step: RecommendedDataType","steps":[],"duration_ms":0},{"value":"Annotation Step: ValueDecorator","steps":[],"duration_ms":0},{"value":"Annotation Step: SemanticClassifier","steps":[],"duration_ms":0},{"value":"Annotation Step: AdhocTransformations","steps":[],"duration_ms":0},{"value":"Annotation Step: AdhocCompoundValue","steps":[],"duration_ms":0},{"value":"Annotation Step: ValueBasedGeoClassifier","steps":[],"duration_ms":0},{"value":"Annotation Step: CrossDatasetClassifier","steps":[],"duration_ms":0},{"value":"Annotation Step: TimeBoundMeasureFinder","steps":[],"duration_ms":0}],"duration_ms":8}],"duration_ms":1085},{"value":"INIT_ANNOTATION_BOARD_FIELD_STATS: FieldStats","steps":[],"duration_ms":3},{"value":"INIT_ANNOTATION_BOARD_DEPENDENCIES: AssociationCardinality","steps":[{"value":"ATTRIBUTE_DETECTION","steps":[],"duration_ms":32}],"duration_ms":34},{"value":"INIT_ANNOTATION_BOARD_DERIVED: DerivedFields","steps":[],"duration_ms":5},{"value":"APPLICATION_BASED_ANALYSIS","steps":[{"value":"FIELDS_WITH_SELECTIONS","steps":[],"duration_ms":2},{"value":"RECOMMEND","steps":[],"duration_ms":20},{"value":"OVERALL_INDICATORS","steps":[],"duration_ms":0},{"value":"MARK_FOR_RELATIONS","steps":[],"duration_ms":0}],"duration_ms":36}],"duration_ms":null}
