Logger	Severity	Date	MicroSeconds	AppId	UserId	Message
Perf	INFO	2021-08-03T13:32:46.959-04:00	337273997017.4	C:\Users\leninne.pirovano\OneDrive - SCHEFFER\Documentos\Qlik\Sense\Apps\Analise US	-	OPEN_DATA_MANAGER_CORE
Perf	INFO	2021-08-03T13:32:46.961-04:00	337273999152.3	C:\Users\leninne.pirovano\OneDrive - SCHEFFER\Documentos\Qlik\Sense\Apps\Analise US	-	OPEN_DATA_MANAGER_CORE Execution time:  1
Perf	INFO	2021-08-03T13:32:46.962-04:00	337273999362.8	C:\Users\leninne.pirovano\OneDrive - SCHEFFER\Documentos\Qlik\Sense\Apps\Analise US	-	GET_FEATURE_FLAGS
Perf	INFO	2021-08-03T13:32:46.962-04:00	337273999583	C:\Users\leninne.pirovano\OneDrive - SCHEFFER\Documentos\Qlik\Sense\Apps\Analise US	-	GET_FEATURE_FLAGS Execution time:  0
Perf	INFO	2021-08-03T13:32:46.962-04:00	337273999773	C:\Users\leninne.pirovano\OneDrive - SCHEFFER\Documentos\Qlik\Sense\Apps\Analise US	-	QUERY_BUSINESS_MODEL
Perf	INFO	2021-08-03T13:32:46.962-04:00	337274000012	C:\Users\leninne.pirovano\OneDrive - SCHEFFER\Documentos\Qlik\Sense\Apps\Analise US	-	QUERY_BUSINESS_MODEL Execution time:  0
Perf	INFO	2021-08-03T13:32:46.963-04:00	337274000392	C:\Users\leninne.pirovano\OneDrive - SCHEFFER\Documentos\Qlik\Sense\Apps\Analise US	-	ANNOTATION_QUEUE
Perf	INFO	2021-08-03T13:32:46.963-04:00	337274000616.5	C:\Users\leninne.pirovano\OneDrive - SCHEFFER\Documentos\Qlik\Sense\Apps\Analise US	-	ANNOTATION_QUEUE Execution time:  0
Perf	INFO	2021-08-03T13:32:46.965-04:00	337274002969.7	C:\Users\leninne.pirovano\OneDrive - SCHEFFER\Documentos\Qlik\Sense\Apps\Analise US	-	INIT_ANNOTATION_BOARD_TABLE_FIELDS: Tables&Fields
Perf	INFO	2021-08-03T13:32:46.966-04:00	337274003315.8	C:\Users\leninne.pirovano\OneDrive - SCHEFFER\Documentos\Qlik\Sense\Apps\Analise US	-	GET_TABLES_AND_KEYS
Perf	INFO	2021-08-03T13:32:46.968-04:00	337274005386.4	C:\Users\leninne.pirovano\OneDrive - SCHEFFER\Documentos\Qlik\Sense\Apps\Analise US	-	GET_TABLES_AND_KEYS Execution time:  2
Perf	INFO	2021-08-03T13:32:46.971-04:00	337274008398.4	C:\Users\leninne.pirovano\OneDrive - SCHEFFER\Documentos\Qlik\Sense\Apps\Analise US	-	CALCULATE_FIELDS_FOR_NOT_FOUND_AND_TRANSFORMED: Field count: 130
Perf	INFO	2021-08-03T13:32:46.971-04:00	337274008675.1	C:\Users\leninne.pirovano\OneDrive - SCHEFFER\Documentos\Qlik\Sense\Apps\Analise US	-	CALCULATE_FIELDS_FOR_NOT_FOUND_AND_TRANSFORMED: Field count: 130 Execution time:  0
Perf	INFO	2021-08-03T13:32:46.972-04:00	337274009356.6	C:\Users\leninne.pirovano\OneDrive - SCHEFFER\Documentos\Qlik\Sense\Apps\Analise US	-	SAMPLES_AND_MIN_MAX
Perf	INFO	2021-08-03T13:32:46.974-04:00	337274011604.8	C:\Users\leninne.pirovano\OneDrive - SCHEFFER\Documentos\Qlik\Sense\Apps\Analise US	-	SAMPLE_VALUE_RETRIEVAL: Field count: 99
Perf	INFO	2021-08-03T13:32:47.063-04:00	337274100389.7	C:\Users\leninne.pirovano\OneDrive - SCHEFFER\Documentos\Qlik\Sense\Apps\Analise US	-	SAMPLE_VALUE_RETRIEVAL: Field count: 99 Execution time:  89
Perf	INFO	2021-08-03T13:32:47.063-04:00	337274100640	C:\Users\leninne.pirovano\OneDrive - SCHEFFER\Documentos\Qlik\Sense\Apps\Analise US	-	SAMPLE_VALUE_UPDATING
Perf	INFO	2021-08-03T13:32:47.064-04:00	337274101655.6	C:\Users\leninne.pirovano\OneDrive - SCHEFFER\Documentos\Qlik\Sense\Apps\Analise US	-	SAMPLE_VALUE_UPDATING Execution time:  1
Perf	INFO	2021-08-03T13:32:47.066-04:00	337274103313.2	C:\Users\leninne.pirovano\OneDrive - SCHEFFER\Documentos\Qlik\Sense\Apps\Analise US	-	MINMAX
Perf	INFO	2021-08-03T13:32:47.101-04:00	337274138866	C:\Users\leninne.pirovano\OneDrive - SCHEFFER\Documentos\Qlik\Sense\Apps\Analise US	-	MINMAX Execution time:  35
Perf	INFO	2021-08-03T13:32:47.101-04:00	337274139111.1	C:\Users\leninne.pirovano\OneDrive - SCHEFFER\Documentos\Qlik\Sense\Apps\Analise US	-	NUMERIC_RATIO
Perf	INFO	2021-08-03T13:32:47.104-04:00	337274141845.6	C:\Users\leninne.pirovano\OneDrive - SCHEFFER\Documentos\Qlik\Sense\Apps\Analise US	-	NUMERIC_RATIO Execution time:  2
Perf	INFO	2021-08-03T13:32:47.104-04:00	337274142095.6	C:\Users\leninne.pirovano\OneDrive - SCHEFFER\Documentos\Qlik\Sense\Apps\Analise US	-	SAMPLES_AND_MIN_MAX Execution time:  132
Perf	INFO	2021-08-03T13:32:47.106-04:00	337274143878.4	C:\Users\leninne.pirovano\OneDrive - SCHEFFER\Documentos\Qlik\Sense\Apps\Analise US	-	CLASSIFICATION_PIPELINE
Perf	INFO	2021-08-03T13:32:47.107-04:00	337274144406.1	C:\Users\leninne.pirovano\OneDrive - SCHEFFER\Documentos\Qlik\Sense\Apps\Analise US	-	Annotation Step: Tokenizer
Perf	INFO	2021-08-03T13:32:47.128-04:00	337274166115.3	C:\Users\leninne.pirovano\OneDrive - SCHEFFER\Documentos\Qlik\Sense\Apps\Analise US	-	Annotation Step: Tokenizer Execution time:  21
Perf	INFO	2021-08-03T13:32:47.129-04:00	337274166549	C:\Users\leninne.pirovano\OneDrive - SCHEFFER\Documentos\Qlik\Sense\Apps\Analise US	-	Annotation Step: CaptionDecorator
Perf	INFO	2021-08-03T13:32:47.129-04:00	337274167165.7	C:\Users\leninne.pirovano\OneDrive - SCHEFFER\Documentos\Qlik\Sense\Apps\Analise US	-	Annotation Step: CaptionDecorator Execution time:  0
Perf	INFO	2021-08-03T13:32:47.130-04:00	337274167484.6	C:\Users\leninne.pirovano\OneDrive - SCHEFFER\Documentos\Qlik\Sense\Apps\Analise US	-	Annotation Step: DateTime
Perf	INFO	2021-08-03T13:32:47.133-04:00	337274170562.4	C:\Users\leninne.pirovano\OneDrive - SCHEFFER\Documentos\Qlik\Sense\Apps\Analise US	-	Annotation Step: DateTime Execution time:  3
Perf	INFO	2021-08-03T13:32:47.133-04:00	337274171068.7	C:\Users\leninne.pirovano\OneDrive - SCHEFFER\Documentos\Qlik\Sense\Apps\Analise US	-	Annotation Step: MissingValue
Perf	INFO	2021-08-03T13:32:47.134-04:00	337274171423.2	C:\Users\leninne.pirovano\OneDrive - SCHEFFER\Documentos\Qlik\Sense\Apps\Analise US	-	Annotation Step: MissingValue Execution time:  0
Perf	INFO	2021-08-03T13:32:47.134-04:00	337274171739	C:\Users\leninne.pirovano\OneDrive - SCHEFFER\Documentos\Qlik\Sense\Apps\Analise US	-	Annotation Step: CompoundValue
Perf	INFO	2021-08-03T13:32:47.136-04:00	337274173260.2	C:\Users\leninne.pirovano\OneDrive - SCHEFFER\Documentos\Qlik\Sense\Apps\Analise US	-	Annotation Step: CompoundValue Execution time:  2
Perf	INFO	2021-08-03T13:32:47.136-04:00	337274173484.3	C:\Users\leninne.pirovano\OneDrive - SCHEFFER\Documentos\Qlik\Sense\Apps\Analise US	-	Annotation Step: RecommendedDataType
Perf	INFO	2021-08-03T13:32:47.137-04:00	337274174629.8	C:\Users\leninne.pirovano\OneDrive - SCHEFFER\Documentos\Qlik\Sense\Apps\Analise US	-	Annotation Step: RecommendedDataType Execution time:  1
Perf	INFO	2021-08-03T13:32:47.137-04:00	337274174848.7	C:\Users\leninne.pirovano\OneDrive - SCHEFFER\Documentos\Qlik\Sense\Apps\Analise US	-	Annotation Step: ValueDecorator
Perf	INFO	2021-08-03T13:32:47.138-04:00	337274175584.3	C:\Users\leninne.pirovano\OneDrive - SCHEFFER\Documentos\Qlik\Sense\Apps\Analise US	-	Annotation Step: ValueDecorator Execution time:  1
Perf	INFO	2021-08-03T13:32:47.138-04:00	337274175800.9	C:\Users\leninne.pirovano\OneDrive - SCHEFFER\Documentos\Qlik\Sense\Apps\Analise US	-	Annotation Step: SemanticClassifier
Perf	INFO	2021-08-03T13:32:47.162-04:00	337274199440.8	C:\Users\leninne.pirovano\OneDrive - SCHEFFER\Documentos\Qlik\Sense\Apps\Analise US	-	Annotation Step: SemanticClassifier Execution time:  24
Perf	INFO	2021-08-03T13:32:47.162-04:00	337274200042	C:\Users\leninne.pirovano\OneDrive - SCHEFFER\Documentos\Qlik\Sense\Apps\Analise US	-	Annotation Step: AdhocTransformations
Perf	INFO	2021-08-03T13:32:47.163-04:00	337274200603.4	C:\Users\leninne.pirovano\OneDrive - SCHEFFER\Documentos\Qlik\Sense\Apps\Analise US	-	Annotation Step: AdhocTransformations Execution time:  0
Perf	INFO	2021-08-03T13:32:47.163-04:00	337274200942	C:\Users\leninne.pirovano\OneDrive - SCHEFFER\Documentos\Qlik\Sense\Apps\Analise US	-	Annotation Step: AdhocCompoundValue
Perf	INFO	2021-08-03T13:32:47.164-04:00	337274201293.3	C:\Users\leninne.pirovano\OneDrive - SCHEFFER\Documentos\Qlik\Sense\Apps\Analise US	-	Annotation Step: AdhocCompoundValue Execution time:  1
Perf	INFO	2021-08-03T13:32:47.164-04:00	337274201520.1	C:\Users\leninne.pirovano\OneDrive - SCHEFFER\Documentos\Qlik\Sense\Apps\Analise US	-	Annotation Step: ValueBasedGeoClassifier
Perf	INFO	2021-08-03T13:32:47.174-04:00	337274211717.1	C:\Users\leninne.pirovano\OneDrive - SCHEFFER\Documentos\Qlik\Sense\Apps\Analise US	-	Annotation Step: ValueBasedGeoClassifier Execution time:  10
Perf	INFO	2021-08-03T13:32:47.174-04:00	337274212041.6	C:\Users\leninne.pirovano\OneDrive - SCHEFFER\Documentos\Qlik\Sense\Apps\Analise US	-	Annotation Step: CrossDatasetClassifier
Perf	INFO	2021-08-03T13:32:47.175-04:00	337274213067.9	C:\Users\leninne.pirovano\OneDrive - SCHEFFER\Documentos\Qlik\Sense\Apps\Analise US	-	Annotation Step: CrossDatasetClassifier Execution time:  0
Perf	INFO	2021-08-03T13:32:47.176-04:00	337274213282.4	C:\Users\leninne.pirovano\OneDrive - SCHEFFER\Documentos\Qlik\Sense\Apps\Analise US	-	Annotation Step: TimeBoundMeasureFinder
Perf	INFO	2021-08-03T13:32:47.176-04:00	337274213587.3	C:\Users\leninne.pirovano\OneDrive - SCHEFFER\Documentos\Qlik\Sense\Apps\Analise US	-	Annotation Step: TimeBoundMeasureFinder Execution time:  0
Perf	INFO	2021-08-03T13:32:47.176-04:00	337274213885.7	C:\Users\leninne.pirovano\OneDrive - SCHEFFER\Documentos\Qlik\Sense\Apps\Analise US	-	CLASSIFICATION_PIPELINE Execution time:  70
Perf	INFO	2021-08-03T13:32:47.176-04:00	337274214174.4	C:\Users\leninne.pirovano\OneDrive - SCHEFFER\Documentos\Qlik\Sense\Apps\Analise US	-	INIT_ANNOTATION_BOARD_TABLE_FIELDS: Tables&Fields Execution time:  211
Perf	INFO	2021-08-03T13:32:47.178-04:00	337274215253.8	C:\Users\leninne.pirovano\OneDrive - SCHEFFER\Documentos\Qlik\Sense\Apps\Analise US	-	GetClassificationHandler::execute
Perf	INFO	2021-08-03T13:32:47.178-04:00	337274215523.6	C:\Users\leninne.pirovano\OneDrive - SCHEFFER\Documentos\Qlik\Sense\Apps\Analise US	-	{"value":"OPEN_DATA_MANAGER_CORE","steps":[{"value":"GET_FEATURE_FLAGS","steps":[],"duration_ms":0},{"value":"QUERY_BUSINESS_MODEL","steps":[],"duration_ms":0},{"value":"ANNOTATION_QUEUE","steps":[],"duration_ms":0},{"value":"INIT_ANNOTATION_BOARD_TABLE_FIELDS: Tables&Fields","steps":[{"value":"GET_TABLES_AND_KEYS","steps":[],"duration_ms":2},{"value":"CALCULATE_FIELDS_FOR_NOT_FOUND_AND_TRANSFORMED: Field count: 130","steps":[],"duration_ms":0},{"value":"SAMPLES_AND_MIN_MAX","steps":[{"value":"SAMPLE_VALUE_RETRIEVAL: Field count: 99","steps":[],"duration_ms":89},{"value":"SAMPLE_VALUE_UPDATING","steps":[],"duration_ms":1},{"value":"MINMAX","steps":[],"duration_ms":35},{"value":"NUMERIC_RATIO","steps":[],"duration_ms":2}],"duration_ms":132},{"value":"CLASSIFICATION_PIPELINE","steps":[{"value":"Annotation Step: Tokenizer","steps":[],"duration_ms":21},{"value":"Annotation Step: CaptionDecorator","steps":[],"duration_ms":0},{"value":"Annotation Step: DateTime","steps":[],"duration_ms":3},{"value":"Annotation Step: MissingValue","steps":[],"duration_ms":0},{"value":"Annotation Step: CompoundValue","steps":[],"duration_ms":2},{"value":"Annotation Step: RecommendedDataType","steps":[],"duration_ms":1},{"value":"Annotation Step: ValueDecorator","steps":[],"duration_ms":1},{"value":"Annotation Step: SemanticClassifier","steps":[],"duration_ms":24},{"value":"Annotation Step: AdhocTransformations","steps":[],"duration_ms":0},{"value":"Annotation Step: AdhocCompoundValue","steps":[],"duration_ms":1},{"value":"Annotation Step: ValueBasedGeoClassifier","steps":[],"duration_ms":10},{"value":"Annotation Step: CrossDatasetClassifier","steps":[],"duration_ms":0},{"value":"Annotation Step: TimeBoundMeasureFinder","steps":[],"duration_ms":0}],"duration_ms":70}],"duration_ms":211}],"duration_ms":1}
Perf	INFO	2021-08-03T13:37:13.267-04:00	337540293821.4	C:\Users\leninne.pirovano\OneDrive - SCHEFFER\Documentos\Qlik\Sense\Apps\Analise US	-	OPEN_DATA_MANAGER_CORE
Perf	INFO	2021-08-03T13:37:13.267-04:00	337540294041.1	C:\Users\leninne.pirovano\OneDrive - SCHEFFER\Documentos\Qlik\Sense\Apps\Analise US	-	OPEN_DATA_MANAGER_CORE Execution time:  0
Perf	INFO	2021-08-03T13:37:13.268-04:00	337540294218.4	C:\Users\leninne.pirovano\OneDrive - SCHEFFER\Documentos\Qlik\Sense\Apps\Analise US	-	GET_FEATURE_FLAGS
Perf	INFO	2021-08-03T13:37:13.268-04:00	337540294603.5	C:\Users\leninne.pirovano\OneDrive - SCHEFFER\Documentos\Qlik\Sense\Apps\Analise US	-	GET_FEATURE_FLAGS Execution time:  0
Perf	INFO	2021-08-03T13:37:13.268-04:00	337540294940.3	C:\Users\leninne.pirovano\OneDrive - SCHEFFER\Documentos\Qlik\Sense\Apps\Analise US	-	QUERY_BUSINESS_MODEL
Perf	INFO	2021-08-03T13:37:13.269-04:00	337540295298.9	C:\Users\leninne.pirovano\OneDrive - SCHEFFER\Documentos\Qlik\Sense\Apps\Analise US	-	QUERY_BUSINESS_MODEL Execution time:  0
Perf	INFO	2021-08-03T13:37:13.269-04:00	337540295604.9	C:\Users\leninne.pirovano\OneDrive - SCHEFFER\Documentos\Qlik\Sense\Apps\Analise US	-	ANNOTATION_QUEUE
Perf	INFO	2021-08-03T13:37:13.269-04:00	337540295946	C:\Users\leninne.pirovano\OneDrive - SCHEFFER\Documentos\Qlik\Sense\Apps\Analise US	-	ANNOTATION_QUEUE Execution time:  0
Perf	INFO	2021-08-03T13:37:13.270-04:00	337540297049	C:\Users\leninne.pirovano\OneDrive - SCHEFFER\Documentos\Qlik\Sense\Apps\Analise US	-	INIT_ANNOTATION_BOARD_TABLE_FIELDS: Tables&Fields
Perf	INFO	2021-08-03T13:37:13.271-04:00	337540297606.5	C:\Users\leninne.pirovano\OneDrive - SCHEFFER\Documentos\Qlik\Sense\Apps\Analise US	-	GET_TABLES_AND_KEYS
Perf	INFO	2021-08-03T13:37:13.274-04:00	337540300266.9	C:\Users\leninne.pirovano\OneDrive - SCHEFFER\Documentos\Qlik\Sense\Apps\Analise US	-	GET_TABLES_AND_KEYS Execution time:  3
Perf	INFO	2021-08-03T13:37:13.274-04:00	337540301127.4	C:\Users\leninne.pirovano\OneDrive - SCHEFFER\Documentos\Qlik\Sense\Apps\Analise US	-	CALCULATE_FIELDS_FOR_NOT_FOUND_AND_TRANSFORMED: Field count: 130
Perf	INFO	2021-08-03T13:37:13.275-04:00	337540301361.4	C:\Users\leninne.pirovano\OneDrive - SCHEFFER\Documentos\Qlik\Sense\Apps\Analise US	-	CALCULATE_FIELDS_FOR_NOT_FOUND_AND_TRANSFORMED: Field count: 130 Execution time:  0
Perf	INFO	2021-08-03T13:37:13.275-04:00	337540301499.9	C:\Users\leninne.pirovano\OneDrive - SCHEFFER\Documentos\Qlik\Sense\Apps\Analise US	-	SAMPLES_AND_MIN_MAX
Perf	INFO	2021-08-03T13:37:13.276-04:00	337540302638	C:\Users\leninne.pirovano\OneDrive - SCHEFFER\Documentos\Qlik\Sense\Apps\Analise US	-	SAMPLE_VALUE_RETRIEVAL: Field count: 99
Perf	INFO	2021-08-03T13:37:13.359-04:00	337540385195.8	C:\Users\leninne.pirovano\OneDrive - SCHEFFER\Documentos\Qlik\Sense\Apps\Analise US	-	SAMPLE_VALUE_RETRIEVAL: Field count: 99 Execution time:  82
Perf	INFO	2021-08-03T13:37:13.359-04:00	337540385597.6	C:\Users\leninne.pirovano\OneDrive - SCHEFFER\Documentos\Qlik\Sense\Apps\Analise US	-	SAMPLE_VALUE_UPDATING
Perf	INFO	2021-08-03T13:37:13.360-04:00	337540386559.7	C:\Users\leninne.pirovano\OneDrive - SCHEFFER\Documentos\Qlik\Sense\Apps\Analise US	-	SAMPLE_VALUE_UPDATING Execution time:  1
Perf	INFO	2021-08-03T13:37:13.362-04:00	337540388579.4	C:\Users\leninne.pirovano\OneDrive - SCHEFFER\Documentos\Qlik\Sense\Apps\Analise US	-	MINMAX
Perf	INFO	2021-08-03T13:37:13.396-04:00	337540422964.9	C:\Users\leninne.pirovano\OneDrive - SCHEFFER\Documentos\Qlik\Sense\Apps\Analise US	-	MINMAX Execution time:  34
Perf	INFO	2021-08-03T13:37:13.397-04:00	337540423222.5	C:\Users\leninne.pirovano\OneDrive - SCHEFFER\Documentos\Qlik\Sense\Apps\Analise US	-	NUMERIC_RATIO
Perf	INFO	2021-08-03T13:37:13.407-04:00	337540433714.4	C:\Users\leninne.pirovano\OneDrive - SCHEFFER\Documentos\Qlik\Sense\Apps\Analise US	-	NUMERIC_RATIO Execution time:  10
Perf	INFO	2021-08-03T13:37:13.408-04:00	337540434236.5	C:\Users\leninne.pirovano\OneDrive - SCHEFFER\Documentos\Qlik\Sense\Apps\Analise US	-	SAMPLES_AND_MIN_MAX Execution time:  133
Perf	INFO	2021-08-03T13:37:13.408-04:00	337540435106.7	C:\Users\leninne.pirovano\OneDrive - SCHEFFER\Documentos\Qlik\Sense\Apps\Analise US	-	CLASSIFICATION_PIPELINE
Perf	INFO	2021-08-03T13:37:13.409-04:00	337540435339.1	C:\Users\leninne.pirovano\OneDrive - SCHEFFER\Documentos\Qlik\Sense\Apps\Analise US	-	Annotation Step: Tokenizer
Perf	INFO	2021-08-03T13:37:13.423-04:00	337540449996.5	C:\Users\leninne.pirovano\OneDrive - SCHEFFER\Documentos\Qlik\Sense\Apps\Analise US	-	Annotation Step: Tokenizer Execution time:  14
Perf	INFO	2021-08-03T13:37:13.424-04:00	337540450402.4	C:\Users\leninne.pirovano\OneDrive - SCHEFFER\Documentos\Qlik\Sense\Apps\Analise US	-	Annotation Step: CaptionDecorator
Perf	INFO	2021-08-03T13:37:13.424-04:00	337540450844.3	C:\Users\leninne.pirovano\OneDrive - SCHEFFER\Documentos\Qlik\Sense\Apps\Analise US	-	Annotation Step: CaptionDecorator Execution time:  0
Perf	INFO	2021-08-03T13:37:13.424-04:00	337540451045.9	C:\Users\leninne.pirovano\OneDrive - SCHEFFER\Documentos\Qlik\Sense\Apps\Analise US	-	Annotation Step: DateTime
Perf	INFO	2021-08-03T13:37:13.427-04:00	337540454090.2	C:\Users\leninne.pirovano\OneDrive - SCHEFFER\Documentos\Qlik\Sense\Apps\Analise US	-	Annotation Step: DateTime Execution time:  2
Perf	INFO	2021-08-03T13:37:13.428-04:00	337540454344.5	C:\Users\leninne.pirovano\OneDrive - SCHEFFER\Documentos\Qlik\Sense\Apps\Analise US	-	Annotation Step: MissingValue
Perf	INFO	2021-08-03T13:37:13.428-04:00	337540454633.7	C:\Users\leninne.pirovano\OneDrive - SCHEFFER\Documentos\Qlik\Sense\Apps\Analise US	-	Annotation Step: MissingValue Execution time:  0
Perf	INFO	2021-08-03T13:37:13.428-04:00	337540454817.9	C:\Users\leninne.pirovano\OneDrive - SCHEFFER\Documentos\Qlik\Sense\Apps\Analise US	-	Annotation Step: CompoundValue
Perf	INFO	2021-08-03T13:37:13.429-04:00	337540455755.8	C:\Users\leninne.pirovano\OneDrive - SCHEFFER\Documentos\Qlik\Sense\Apps\Analise US	-	Annotation Step: CompoundValue Execution time:  1
Perf	INFO	2021-08-03T13:37:13.429-04:00	337540455924.8	C:\Users\leninne.pirovano\OneDrive - SCHEFFER\Documentos\Qlik\Sense\Apps\Analise US	-	Annotation Step: RecommendedDataType
Perf	INFO	2021-08-03T13:37:13.430-04:00	337540456598.1	C:\Users\leninne.pirovano\OneDrive - SCHEFFER\Documentos\Qlik\Sense\Apps\Analise US	-	Annotation Step: RecommendedDataType Execution time:  1
Perf	INFO	2021-08-03T13:37:13.430-04:00	337540456768.5	C:\Users\leninne.pirovano\OneDrive - SCHEFFER\Documentos\Qlik\Sense\Apps\Analise US	-	Annotation Step: ValueDecorator
Perf	INFO	2021-08-03T13:37:13.431-04:00	337540457297	C:\Users\leninne.pirovano\OneDrive - SCHEFFER\Documentos\Qlik\Sense\Apps\Analise US	-	Annotation Step: ValueDecorator Execution time:  1
Perf	INFO	2021-08-03T13:37:13.431-04:00	337540457449.7	C:\Users\leninne.pirovano\OneDrive - SCHEFFER\Documentos\Qlik\Sense\Apps\Analise US	-	Annotation Step: SemanticClassifier
Perf	INFO	2021-08-03T13:37:13.447-04:00	337540473468.4	C:\Users\leninne.pirovano\OneDrive - SCHEFFER\Documentos\Qlik\Sense\Apps\Analise US	-	Annotation Step: SemanticClassifier Execution time:  16
Perf	INFO	2021-08-03T13:37:13.447-04:00	337540473747.8	C:\Users\leninne.pirovano\OneDrive - SCHEFFER\Documentos\Qlik\Sense\Apps\Analise US	-	Annotation Step: AdhocTransformations
Perf	INFO	2021-08-03T13:37:13.447-04:00	337540474001.8	C:\Users\leninne.pirovano\OneDrive - SCHEFFER\Documentos\Qlik\Sense\Apps\Analise US	-	Annotation Step: AdhocTransformations Execution time:  0
Perf	INFO	2021-08-03T13:37:13.448-04:00	337540474164.8	C:\Users\leninne.pirovano\OneDrive - SCHEFFER\Documentos\Qlik\Sense\Apps\Analise US	-	Annotation Step: AdhocCompoundValue
Perf	INFO	2021-08-03T13:37:13.448-04:00	337540474463.3	C:\Users\leninne.pirovano\OneDrive - SCHEFFER\Documentos\Qlik\Sense\Apps\Analise US	-	Annotation Step: AdhocCompoundValue Execution time:  0
Perf	INFO	2021-08-03T13:37:13.448-04:00	337540474625.4	C:\Users\leninne.pirovano\OneDrive - SCHEFFER\Documentos\Qlik\Sense\Apps\Analise US	-	Annotation Step: ValueBasedGeoClassifier
Perf	INFO	2021-08-03T13:37:13.450-04:00	337540476376.3	C:\Users\leninne.pirovano\OneDrive - SCHEFFER\Documentos\Qlik\Sense\Apps\Analise US	-	Annotation Step: ValueBasedGeoClassifier Execution time:  2
Perf	INFO	2021-08-03T13:37:13.450-04:00	337540476596.8	C:\Users\leninne.pirovano\OneDrive - SCHEFFER\Documentos\Qlik\Sense\Apps\Analise US	-	Annotation Step: CrossDatasetClassifier
Perf	INFO	2021-08-03T13:37:13.450-04:00	337540477089.7	C:\Users\leninne.pirovano\OneDrive - SCHEFFER\Documentos\Qlik\Sense\Apps\Analise US	-	Annotation Step: CrossDatasetClassifier Execution time:  0
Perf	INFO	2021-08-03T13:37:13.451-04:00	337540477260.8	C:\Users\leninne.pirovano\OneDrive - SCHEFFER\Documentos\Qlik\Sense\Apps\Analise US	-	Annotation Step: TimeBoundMeasureFinder
Perf	INFO	2021-08-03T13:37:13.451-04:00	337540477856	C:\Users\leninne.pirovano\OneDrive - SCHEFFER\Documentos\Qlik\Sense\Apps\Analise US	-	Annotation Step: TimeBoundMeasureFinder Execution time:  0
Perf	INFO	2021-08-03T13:37:13.452-04:00	337540478335.4	C:\Users\leninne.pirovano\OneDrive - SCHEFFER\Documentos\Qlik\Sense\Apps\Analise US	-	CLASSIFICATION_PIPELINE Execution time:  42
Perf	INFO	2021-08-03T13:37:13.452-04:00	337540478818.6	C:\Users\leninne.pirovano\OneDrive - SCHEFFER\Documentos\Qlik\Sense\Apps\Analise US	-	INIT_ANNOTATION_BOARD_TABLE_FIELDS: Tables&Fields Execution time:  181
Perf	INFO	2021-08-03T13:37:13.453-04:00	337540479318.1	C:\Users\leninne.pirovano\OneDrive - SCHEFFER\Documentos\Qlik\Sense\Apps\Analise US	-	GetClassificationHandler::execute
Perf	INFO	2021-08-03T13:37:13.453-04:00	337540479628.4	C:\Users\leninne.pirovano\OneDrive - SCHEFFER\Documentos\Qlik\Sense\Apps\Analise US	-	{"value":"OPEN_DATA_MANAGER_CORE","steps":[{"value":"GET_FEATURE_FLAGS","steps":[],"duration_ms":0},{"value":"QUERY_BUSINESS_MODEL","steps":[],"duration_ms":0},{"value":"ANNOTATION_QUEUE","steps":[],"duration_ms":0},{"value":"INIT_ANNOTATION_BOARD_TABLE_FIELDS: Tables&Fields","steps":[{"value":"GET_TABLES_AND_KEYS","steps":[],"duration_ms":3},{"value":"CALCULATE_FIELDS_FOR_NOT_FOUND_AND_TRANSFORMED: Field count: 130","steps":[],"duration_ms":0},{"value":"SAMPLES_AND_MIN_MAX","steps":[{"value":"SAMPLE_VALUE_RETRIEVAL: Field count: 99","steps":[],"duration_ms":82},{"value":"SAMPLE_VALUE_UPDATING","steps":[],"duration_ms":1},{"value":"MINMAX","steps":[],"duration_ms":34},{"value":"NUMERIC_RATIO","steps":[],"duration_ms":10}],"duration_ms":133},{"value":"CLASSIFICATION_PIPELINE","steps":[{"value":"Annotation Step: Tokenizer","steps":[],"duration_ms":14},{"value":"Annotation Step: CaptionDecorator","steps":[],"duration_ms":0},{"value":"Annotation Step: DateTime","steps":[],"duration_ms":2},{"value":"Annotation Step: MissingValue","steps":[],"duration_ms":0},{"value":"Annotation Step: CompoundValue","steps":[],"duration_ms":1},{"value":"Annotation Step: RecommendedDataType","steps":[],"duration_ms":1},{"value":"Annotation Step: ValueDecorator","steps":[],"duration_ms":1},{"value":"Annotation Step: SemanticClassifier","steps":[],"duration_ms":16},{"value":"Annotation Step: AdhocTransformations","steps":[],"duration_ms":0},{"value":"Annotation Step: AdhocCompoundValue","steps":[],"duration_ms":0},{"value":"Annotation Step: ValueBasedGeoClassifier","steps":[],"duration_ms":2},{"value":"Annotation Step: CrossDatasetClassifier","steps":[],"duration_ms":0},{"value":"Annotation Step: TimeBoundMeasureFinder","steps":[],"duration_ms":0}],"duration_ms":42}],"duration_ms":181}],"duration_ms":0}
Perf	INFO	2021-08-03T13:37:52.249-04:00	337579272496	C:\Users\leninne.pirovano\OneDrive - SCHEFFER\Documentos\Qlik\Sense\Apps\Analise US	-	OPEN_DATA_MANAGER_CORE
Perf	INFO	2021-08-03T13:37:52.250-04:00	337579272909.2	C:\Users\leninne.pirovano\OneDrive - SCHEFFER\Documentos\Qlik\Sense\Apps\Analise US	-	OPEN_DATA_MANAGER_CORE Execution time:  0
Perf	INFO	2021-08-03T13:37:52.250-04:00	337579273212.1	C:\Users\leninne.pirovano\OneDrive - SCHEFFER\Documentos\Qlik\Sense\Apps\Analise US	-	GET_FEATURE_FLAGS
Perf	INFO	2021-08-03T13:37:52.251-04:00	337579273680.9	C:\Users\leninne.pirovano\OneDrive - SCHEFFER\Documentos\Qlik\Sense\Apps\Analise US	-	GET_FEATURE_FLAGS Execution time:  0
Perf	INFO	2021-08-03T13:37:52.251-04:00	337579273989	C:\Users\leninne.pirovano\OneDrive - SCHEFFER\Documentos\Qlik\Sense\Apps\Analise US	-	QUERY_BUSINESS_MODEL
Perf	INFO	2021-08-03T13:37:52.251-04:00	337579274273.2	C:\Users\leninne.pirovano\OneDrive - SCHEFFER\Documentos\Qlik\Sense\Apps\Analise US	-	QUERY_BUSINESS_MODEL Execution time:  0
Perf	INFO	2021-08-03T13:37:52.251-04:00	337579274477.9	C:\Users\leninne.pirovano\OneDrive - SCHEFFER\Documentos\Qlik\Sense\Apps\Analise US	-	ANNOTATION_QUEUE
Perf	INFO	2021-08-03T13:37:52.252-04:00	337579274780.1	C:\Users\leninne.pirovano\OneDrive - SCHEFFER\Documentos\Qlik\Sense\Apps\Analise US	-	ANNOTATION_QUEUE Execution time:  0
Perf	INFO	2021-08-03T13:37:52.253-04:00	337579275745.5	C:\Users\leninne.pirovano\OneDrive - SCHEFFER\Documentos\Qlik\Sense\Apps\Analise US	-	INIT_ANNOTATION_BOARD_TABLE_FIELDS: Tables&Fields
Perf	INFO	2021-08-03T13:37:52.253-04:00	337579275909.3	C:\Users\leninne.pirovano\OneDrive - SCHEFFER\Documentos\Qlik\Sense\Apps\Analise US	-	GET_TABLES_AND_KEYS
Perf	INFO	2021-08-03T13:37:52.254-04:00	337579277614.7	C:\Users\leninne.pirovano\OneDrive - SCHEFFER\Documentos\Qlik\Sense\Apps\Analise US	-	GET_TABLES_AND_KEYS Execution time:  1
Perf	INFO	2021-08-03T13:37:52.255-04:00	337579278555.2	C:\Users\leninne.pirovano\OneDrive - SCHEFFER\Documentos\Qlik\Sense\Apps\Analise US	-	CALCULATE_FIELDS_FOR_NOT_FOUND_AND_TRANSFORMED: Field count: 130
Perf	INFO	2021-08-03T13:37:52.256-04:00	337579278716.2	C:\Users\leninne.pirovano\OneDrive - SCHEFFER\Documentos\Qlik\Sense\Apps\Analise US	-	CALCULATE_FIELDS_FOR_NOT_FOUND_AND_TRANSFORMED: Field count: 130 Execution time:  0
Perf	INFO	2021-08-03T13:37:52.256-04:00	337579278849.7	C:\Users\leninne.pirovano\OneDrive - SCHEFFER\Documentos\Qlik\Sense\Apps\Analise US	-	SAMPLES_AND_MIN_MAX
Perf	INFO	2021-08-03T13:37:52.256-04:00	337579279461.9	C:\Users\leninne.pirovano\OneDrive - SCHEFFER\Documentos\Qlik\Sense\Apps\Analise US	-	SAMPLE_VALUE_RETRIEVAL: Field count: 99
Perf	INFO	2021-08-03T13:37:52.320-04:00	337579342857.4	C:\Users\leninne.pirovano\OneDrive - SCHEFFER\Documentos\Qlik\Sense\Apps\Analise US	-	SAMPLE_VALUE_RETRIEVAL: Field count: 99 Execution time:  64
Perf	INFO	2021-08-03T13:37:52.320-04:00	337579343216.3	C:\Users\leninne.pirovano\OneDrive - SCHEFFER\Documentos\Qlik\Sense\Apps\Analise US	-	SAMPLE_VALUE_UPDATING
Perf	INFO	2021-08-03T13:37:52.321-04:00	337579344512.2	C:\Users\leninne.pirovano\OneDrive - SCHEFFER\Documentos\Qlik\Sense\Apps\Analise US	-	SAMPLE_VALUE_UPDATING Execution time:  1
Perf	INFO	2021-08-03T13:37:52.323-04:00	337579345892.2	C:\Users\leninne.pirovano\OneDrive - SCHEFFER\Documentos\Qlik\Sense\Apps\Analise US	-	MINMAX
Perf	INFO	2021-08-03T13:37:52.344-04:00	337579367490.4	C:\Users\leninne.pirovano\OneDrive - SCHEFFER\Documentos\Qlik\Sense\Apps\Analise US	-	MINMAX Execution time:  21
Perf	INFO	2021-08-03T13:37:52.345-04:00	337579367766.5	C:\Users\leninne.pirovano\OneDrive - SCHEFFER\Documentos\Qlik\Sense\Apps\Analise US	-	NUMERIC_RATIO
Perf	INFO	2021-08-03T13:37:52.350-04:00	337579373204.6	C:\Users\leninne.pirovano\OneDrive - SCHEFFER\Documentos\Qlik\Sense\Apps\Analise US	-	NUMERIC_RATIO Execution time:  5
Perf	INFO	2021-08-03T13:37:52.350-04:00	337579373455.7	C:\Users\leninne.pirovano\OneDrive - SCHEFFER\Documentos\Qlik\Sense\Apps\Analise US	-	SAMPLES_AND_MIN_MAX Execution time:  94
Perf	INFO	2021-08-03T13:37:52.351-04:00	337579374442.3	C:\Users\leninne.pirovano\OneDrive - SCHEFFER\Documentos\Qlik\Sense\Apps\Analise US	-	CLASSIFICATION_PIPELINE
Perf	INFO	2021-08-03T13:37:52.352-04:00	337579374723.6	C:\Users\leninne.pirovano\OneDrive - SCHEFFER\Documentos\Qlik\Sense\Apps\Analise US	-	Annotation Step: Tokenizer
Perf	INFO	2021-08-03T13:37:52.360-04:00	337579382941.3	C:\Users\leninne.pirovano\OneDrive - SCHEFFER\Documentos\Qlik\Sense\Apps\Analise US	-	Annotation Step: Tokenizer Execution time:  8
Perf	INFO	2021-08-03T13:37:52.360-04:00	337579383287.9	C:\Users\leninne.pirovano\OneDrive - SCHEFFER\Documentos\Qlik\Sense\Apps\Analise US	-	Annotation Step: CaptionDecorator
Perf	INFO	2021-08-03T13:37:52.361-04:00	337579383724.3	C:\Users\leninne.pirovano\OneDrive - SCHEFFER\Documentos\Qlik\Sense\Apps\Analise US	-	Annotation Step: CaptionDecorator Execution time:  1
Perf	INFO	2021-08-03T13:37:52.361-04:00	337579383935.7	C:\Users\leninne.pirovano\OneDrive - SCHEFFER\Documentos\Qlik\Sense\Apps\Analise US	-	Annotation Step: DateTime
Perf	INFO	2021-08-03T13:37:52.362-04:00	337579384663.2	C:\Users\leninne.pirovano\OneDrive - SCHEFFER\Documentos\Qlik\Sense\Apps\Analise US	-	Annotation Step: DateTime Execution time:  0
Perf	INFO	2021-08-03T13:37:52.362-04:00	337579384845.6	C:\Users\leninne.pirovano\OneDrive - SCHEFFER\Documentos\Qlik\Sense\Apps\Analise US	-	Annotation Step: MissingValue
Perf	INFO	2021-08-03T13:37:52.362-04:00	337579385144	C:\Users\leninne.pirovano\OneDrive - SCHEFFER\Documentos\Qlik\Sense\Apps\Analise US	-	Annotation Step: MissingValue Execution time:  0
Perf	INFO	2021-08-03T13:37:52.362-04:00	337579385420.4	C:\Users\leninne.pirovano\OneDrive - SCHEFFER\Documentos\Qlik\Sense\Apps\Analise US	-	Annotation Step: CompoundValue
Perf	INFO	2021-08-03T13:37:52.363-04:00	337579386380.9	C:\Users\leninne.pirovano\OneDrive - SCHEFFER\Documentos\Qlik\Sense\Apps\Analise US	-	Annotation Step: CompoundValue Execution time:  1
Perf	INFO	2021-08-03T13:37:52.363-04:00	337579386548.4	C:\Users\leninne.pirovano\OneDrive - SCHEFFER\Documentos\Qlik\Sense\Apps\Analise US	-	Annotation Step: RecommendedDataType
Perf	INFO	2021-08-03T13:37:52.364-04:00	337579387150.6	C:\Users\leninne.pirovano\OneDrive - SCHEFFER\Documentos\Qlik\Sense\Apps\Analise US	-	Annotation Step: RecommendedDataType Execution time:  0
Perf	INFO	2021-08-03T13:37:52.364-04:00	337579387290.6	C:\Users\leninne.pirovano\OneDrive - SCHEFFER\Documentos\Qlik\Sense\Apps\Analise US	-	Annotation Step: ValueDecorator
Perf	INFO	2021-08-03T13:37:52.365-04:00	337579387756.7	C:\Users\leninne.pirovano\OneDrive - SCHEFFER\Documentos\Qlik\Sense\Apps\Analise US	-	Annotation Step: ValueDecorator Execution time:  1
Perf	INFO	2021-08-03T13:37:52.365-04:00	337579387883	C:\Users\leninne.pirovano\OneDrive - SCHEFFER\Documentos\Qlik\Sense\Apps\Analise US	-	Annotation Step: SemanticClassifier
Perf	INFO	2021-08-03T13:37:52.374-04:00	337579397140.4	C:\Users\leninne.pirovano\OneDrive - SCHEFFER\Documentos\Qlik\Sense\Apps\Analise US	-	Annotation Step: SemanticClassifier Execution time:  9
Perf	INFO	2021-08-03T13:37:52.374-04:00	337579397647.6	C:\Users\leninne.pirovano\OneDrive - SCHEFFER\Documentos\Qlik\Sense\Apps\Analise US	-	Annotation Step: AdhocTransformations
Perf	INFO	2021-08-03T13:37:52.375-04:00	337579397944.6	C:\Users\leninne.pirovano\OneDrive - SCHEFFER\Documentos\Qlik\Sense\Apps\Analise US	-	Annotation Step: AdhocTransformations Execution time:  0
Perf	INFO	2021-08-03T13:37:52.375-04:00	337579398138.1	C:\Users\leninne.pirovano\OneDrive - SCHEFFER\Documentos\Qlik\Sense\Apps\Analise US	-	Annotation Step: AdhocCompoundValue
Perf	INFO	2021-08-03T13:37:52.375-04:00	337579398391.5	C:\Users\leninne.pirovano\OneDrive - SCHEFFER\Documentos\Qlik\Sense\Apps\Analise US	-	Annotation Step: AdhocCompoundValue Execution time:  0
Perf	INFO	2021-08-03T13:37:52.375-04:00	337579398557.9	C:\Users\leninne.pirovano\OneDrive - SCHEFFER\Documentos\Qlik\Sense\Apps\Analise US	-	Annotation Step: ValueBasedGeoClassifier
Perf	INFO	2021-08-03T13:37:52.377-04:00	337579399820.6	C:\Users\leninne.pirovano\OneDrive - SCHEFFER\Documentos\Qlik\Sense\Apps\Analise US	-	Annotation Step: ValueBasedGeoClassifier Execution time:  1
Perf	INFO	2021-08-03T13:37:52.377-04:00	337579399993.4	C:\Users\leninne.pirovano\OneDrive - SCHEFFER\Documentos\Qlik\Sense\Apps\Analise US	-	Annotation Step: CrossDatasetClassifier
Perf	INFO	2021-08-03T13:37:52.377-04:00	337579400551.6	C:\Users\leninne.pirovano\OneDrive - SCHEFFER\Documentos\Qlik\Sense\Apps\Analise US	-	Annotation Step: CrossDatasetClassifier Execution time:  0
Perf	INFO	2021-08-03T13:37:52.378-04:00	337579400690.3	C:\Users\leninne.pirovano\OneDrive - SCHEFFER\Documentos\Qlik\Sense\Apps\Analise US	-	Annotation Step: TimeBoundMeasureFinder
Perf	INFO	2021-08-03T13:37:52.378-04:00	337579401382.3	C:\Users\leninne.pirovano\OneDrive - SCHEFFER\Documentos\Qlik\Sense\Apps\Analise US	-	Annotation Step: TimeBoundMeasureFinder Execution time:  0
Perf	INFO	2021-08-03T13:37:52.378-04:00	337579401563	C:\Users\leninne.pirovano\OneDrive - SCHEFFER\Documentos\Qlik\Sense\Apps\Analise US	-	CLASSIFICATION_PIPELINE Execution time:  26
Perf	INFO	2021-08-03T13:37:52.379-04:00	337579401754.1	C:\Users\leninne.pirovano\OneDrive - SCHEFFER\Documentos\Qlik\Sense\Apps\Analise US	-	INIT_ANNOTATION_BOARD_TABLE_FIELDS: Tables&Fields Execution time:  126
Perf	INFO	2021-08-03T13:37:52.379-04:00	337579402146.1	C:\Users\leninne.pirovano\OneDrive - SCHEFFER\Documentos\Qlik\Sense\Apps\Analise US	-	GetClassificationHandler::execute
Perf	INFO	2021-08-03T13:37:52.379-04:00	337579402341.6	C:\Users\leninne.pirovano\OneDrive - SCHEFFER\Documentos\Qlik\Sense\Apps\Analise US	-	{"value":"OPEN_DATA_MANAGER_CORE","steps":[{"value":"GET_FEATURE_FLAGS","steps":[],"duration_ms":0},{"value":"QUERY_BUSINESS_MODEL","steps":[],"duration_ms":0},{"value":"ANNOTATION_QUEUE","steps":[],"duration_ms":0},{"value":"INIT_ANNOTATION_BOARD_TABLE_FIELDS: Tables&Fields","steps":[{"value":"GET_TABLES_AND_KEYS","steps":[],"duration_ms":1},{"value":"CALCULATE_FIELDS_FOR_NOT_FOUND_AND_TRANSFORMED: Field count: 130","steps":[],"duration_ms":0},{"value":"SAMPLES_AND_MIN_MAX","steps":[{"value":"SAMPLE_VALUE_RETRIEVAL: Field count: 99","steps":[],"duration_ms":64},{"value":"SAMPLE_VALUE_UPDATING","steps":[],"duration_ms":1},{"value":"MINMAX","steps":[],"duration_ms":21},{"value":"NUMERIC_RATIO","steps":[],"duration_ms":5}],"duration_ms":94},{"value":"CLASSIFICATION_PIPELINE","steps":[{"value":"Annotation Step: Tokenizer","steps":[],"duration_ms":8},{"value":"Annotation Step: CaptionDecorator","steps":[],"duration_ms":1},{"value":"Annotation Step: DateTime","steps":[],"duration_ms":0},{"value":"Annotation Step: MissingValue","steps":[],"duration_ms":0},{"value":"Annotation Step: CompoundValue","steps":[],"duration_ms":1},{"value":"Annotation Step: RecommendedDataType","steps":[],"duration_ms":0},{"value":"Annotation Step: ValueDecorator","steps":[],"duration_ms":1},{"value":"Annotation Step: SemanticClassifier","steps":[],"duration_ms":9},{"value":"Annotation Step: AdhocTransformations","steps":[],"duration_ms":0},{"value":"Annotation Step: AdhocCompoundValue","steps":[],"duration_ms":0},{"value":"Annotation Step: ValueBasedGeoClassifier","steps":[],"duration_ms":1},{"value":"Annotation Step: CrossDatasetClassifier","steps":[],"duration_ms":0},{"value":"Annotation Step: TimeBoundMeasureFinder","steps":[],"duration_ms":0}],"duration_ms":26}],"duration_ms":126}],"duration_ms":0}
Perf	INFO	2021-08-03T13:38:47.661-04:00	337634681546.1	C:\Users\leninne.pirovano\OneDrive - SCHEFFER\Documentos\Qlik\Sense\Apps\Analise US	-	OPEN_DATA_MANAGER_CORE
Perf	INFO	2021-08-03T13:38:47.662-04:00	337634681894.6	C:\Users\leninne.pirovano\OneDrive - SCHEFFER\Documentos\Qlik\Sense\Apps\Analise US	-	OPEN_DATA_MANAGER_CORE Execution time:  0
Perf	INFO	2021-08-03T13:38:47.662-04:00	337634682134	C:\Users\leninne.pirovano\OneDrive - SCHEFFER\Documentos\Qlik\Sense\Apps\Analise US	-	GET_FEATURE_FLAGS
Perf	INFO	2021-08-03T13:38:47.662-04:00	337634682406.3	C:\Users\leninne.pirovano\OneDrive - SCHEFFER\Documentos\Qlik\Sense\Apps\Analise US	-	GET_FEATURE_FLAGS Execution time:  0
Perf	INFO	2021-08-03T13:38:47.663-04:00	337634682639.9	C:\Users\leninne.pirovano\OneDrive - SCHEFFER\Documentos\Qlik\Sense\Apps\Analise US	-	QUERY_BUSINESS_MODEL
Perf	INFO	2021-08-03T13:38:47.663-04:00	337634682920.9	C:\Users\leninne.pirovano\OneDrive - SCHEFFER\Documentos\Qlik\Sense\Apps\Analise US	-	QUERY_BUSINESS_MODEL Execution time:  0
Perf	INFO	2021-08-03T13:38:47.663-04:00	337634683153.2	C:\Users\leninne.pirovano\OneDrive - SCHEFFER\Documentos\Qlik\Sense\Apps\Analise US	-	ANNOTATION_QUEUE
Perf	INFO	2021-08-03T13:38:47.663-04:00	337634683377.4	C:\Users\leninne.pirovano\OneDrive - SCHEFFER\Documentos\Qlik\Sense\Apps\Analise US	-	ANNOTATION_QUEUE Execution time:  0
Perf	INFO	2021-08-03T13:38:47.664-04:00	337634684224.8	C:\Users\leninne.pirovano\OneDrive - SCHEFFER\Documentos\Qlik\Sense\Apps\Analise US	-	INIT_ANNOTATION_BOARD_TABLE_FIELDS: Tables&Fields
Perf	INFO	2021-08-03T13:38:47.664-04:00	337634684399.7	C:\Users\leninne.pirovano\OneDrive - SCHEFFER\Documentos\Qlik\Sense\Apps\Analise US	-	GET_TABLES_AND_KEYS
Perf	INFO	2021-08-03T13:38:47.666-04:00	337634686133	C:\Users\leninne.pirovano\OneDrive - SCHEFFER\Documentos\Qlik\Sense\Apps\Analise US	-	GET_TABLES_AND_KEYS Execution time:  2
Perf	INFO	2021-08-03T13:38:47.667-04:00	337634687057.7	C:\Users\leninne.pirovano\OneDrive - SCHEFFER\Documentos\Qlik\Sense\Apps\Analise US	-	CALCULATE_FIELDS_FOR_NOT_FOUND_AND_TRANSFORMED: Field count: 130
Perf	INFO	2021-08-03T13:38:47.667-04:00	337634687206.4	C:\Users\leninne.pirovano\OneDrive - SCHEFFER\Documentos\Qlik\Sense\Apps\Analise US	-	CALCULATE_FIELDS_FOR_NOT_FOUND_AND_TRANSFORMED: Field count: 130 Execution time:  0
Perf	INFO	2021-08-03T13:38:47.667-04:00	337634687481.5	C:\Users\leninne.pirovano\OneDrive - SCHEFFER\Documentos\Qlik\Sense\Apps\Analise US	-	SAMPLES_AND_MIN_MAX
Perf	INFO	2021-08-03T13:38:47.668-04:00	337634688147	C:\Users\leninne.pirovano\OneDrive - SCHEFFER\Documentos\Qlik\Sense\Apps\Analise US	-	SAMPLE_VALUE_RETRIEVAL: Field count: 99
Perf	INFO	2021-08-03T13:38:47.739-04:00	337634759316.6	C:\Users\leninne.pirovano\OneDrive - SCHEFFER\Documentos\Qlik\Sense\Apps\Analise US	-	SAMPLE_VALUE_RETRIEVAL: Field count: 99 Execution time:  71
Perf	INFO	2021-08-03T13:38:47.740-04:00	337634759990.9	C:\Users\leninne.pirovano\OneDrive - SCHEFFER\Documentos\Qlik\Sense\Apps\Analise US	-	SAMPLE_VALUE_UPDATING
Perf	INFO	2021-08-03T13:38:47.742-04:00	337634762011.5	C:\Users\leninne.pirovano\OneDrive - SCHEFFER\Documentos\Qlik\Sense\Apps\Analise US	-	SAMPLE_VALUE_UPDATING Execution time:  2
Perf	INFO	2021-08-03T13:38:47.743-04:00	337634763047.2	C:\Users\leninne.pirovano\OneDrive - SCHEFFER\Documentos\Qlik\Sense\Apps\Analise US	-	MINMAX
Perf	INFO	2021-08-03T13:38:47.763-04:00	337634783183.9	C:\Users\leninne.pirovano\OneDrive - SCHEFFER\Documentos\Qlik\Sense\Apps\Analise US	-	MINMAX Execution time:  20
Perf	INFO	2021-08-03T13:38:47.763-04:00	337634783458.2	C:\Users\leninne.pirovano\OneDrive - SCHEFFER\Documentos\Qlik\Sense\Apps\Analise US	-	NUMERIC_RATIO
Perf	INFO	2021-08-03T13:38:47.765-04:00	337634784770	C:\Users\leninne.pirovano\OneDrive - SCHEFFER\Documentos\Qlik\Sense\Apps\Analise US	-	NUMERIC_RATIO Execution time:  1
Perf	INFO	2021-08-03T13:38:47.765-04:00	337634784972.3	C:\Users\leninne.pirovano\OneDrive - SCHEFFER\Documentos\Qlik\Sense\Apps\Analise US	-	SAMPLES_AND_MIN_MAX Execution time:  97
Perf	INFO	2021-08-03T13:38:47.766-04:00	337634785659.5	C:\Users\leninne.pirovano\OneDrive - SCHEFFER\Documentos\Qlik\Sense\Apps\Analise US	-	CLASSIFICATION_PIPELINE
Perf	INFO	2021-08-03T13:38:47.766-04:00	337634785805.2	C:\Users\leninne.pirovano\OneDrive - SCHEFFER\Documentos\Qlik\Sense\Apps\Analise US	-	Annotation Step: Tokenizer
Perf	INFO	2021-08-03T13:38:47.775-04:00	337634795158.6	C:\Users\leninne.pirovano\OneDrive - SCHEFFER\Documentos\Qlik\Sense\Apps\Analise US	-	Annotation Step: Tokenizer Execution time:  9
Perf	INFO	2021-08-03T13:38:47.775-04:00	337634795457.9	C:\Users\leninne.pirovano\OneDrive - SCHEFFER\Documentos\Qlik\Sense\Apps\Analise US	-	Annotation Step: CaptionDecorator
Perf	INFO	2021-08-03T13:38:47.776-04:00	337634795877.2	C:\Users\leninne.pirovano\OneDrive - SCHEFFER\Documentos\Qlik\Sense\Apps\Analise US	-	Annotation Step: CaptionDecorator Execution time:  0
Perf	INFO	2021-08-03T13:38:47.776-04:00	337634796070.4	C:\Users\leninne.pirovano\OneDrive - SCHEFFER\Documentos\Qlik\Sense\Apps\Analise US	-	Annotation Step: DateTime
Perf	INFO	2021-08-03T13:38:47.777-04:00	337634796832.8	C:\Users\leninne.pirovano\OneDrive - SCHEFFER\Documentos\Qlik\Sense\Apps\Analise US	-	Annotation Step: DateTime Execution time:  1
Perf	INFO	2021-08-03T13:38:47.777-04:00	337634797005.5	C:\Users\leninne.pirovano\OneDrive - SCHEFFER\Documentos\Qlik\Sense\Apps\Analise US	-	Annotation Step: MissingValue
Perf	INFO	2021-08-03T13:38:47.777-04:00	337634797186.8	C:\Users\leninne.pirovano\OneDrive - SCHEFFER\Documentos\Qlik\Sense\Apps\Analise US	-	Annotation Step: MissingValue Execution time:  0
Perf	INFO	2021-08-03T13:38:47.777-04:00	337634797315.9	C:\Users\leninne.pirovano\OneDrive - SCHEFFER\Documentos\Qlik\Sense\Apps\Analise US	-	Annotation Step: CompoundValue
Perf	INFO	2021-08-03T13:38:47.779-04:00	337634799425	C:\Users\leninne.pirovano\OneDrive - SCHEFFER\Documentos\Qlik\Sense\Apps\Analise US	-	Annotation Step: CompoundValue Execution time:  2
Perf	INFO	2021-08-03T13:38:47.779-04:00	337634799597.6	C:\Users\leninne.pirovano\OneDrive - SCHEFFER\Documentos\Qlik\Sense\Apps\Analise US	-	Annotation Step: RecommendedDataType
Perf	INFO	2021-08-03T13:38:47.780-04:00	337634800232	C:\Users\leninne.pirovano\OneDrive - SCHEFFER\Documentos\Qlik\Sense\Apps\Analise US	-	Annotation Step: RecommendedDataType Execution time:  0
Perf	INFO	2021-08-03T13:38:47.780-04:00	337634800349.1	C:\Users\leninne.pirovano\OneDrive - SCHEFFER\Documentos\Qlik\Sense\Apps\Analise US	-	Annotation Step: ValueDecorator
Perf	INFO	2021-08-03T13:38:47.781-04:00	337634801077.7	C:\Users\leninne.pirovano\OneDrive - SCHEFFER\Documentos\Qlik\Sense\Apps\Analise US	-	Annotation Step: ValueDecorator Execution time:  1
Perf	INFO	2021-08-03T13:38:47.781-04:00	337634801305.5	C:\Users\leninne.pirovano\OneDrive - SCHEFFER\Documentos\Qlik\Sense\Apps\Analise US	-	Annotation Step: SemanticClassifier
Perf	INFO	2021-08-03T13:38:47.785-04:00	337634805531.2	C:\Users\leninne.pirovano\OneDrive - SCHEFFER\Documentos\Qlik\Sense\Apps\Analise US	-	Annotation Step: SemanticClassifier Execution time:  4
Perf	INFO	2021-08-03T13:38:47.786-04:00	337634805774.3	C:\Users\leninne.pirovano\OneDrive - SCHEFFER\Documentos\Qlik\Sense\Apps\Analise US	-	Annotation Step: AdhocTransformations
Perf	INFO	2021-08-03T13:38:47.786-04:00	337634806022.7	C:\Users\leninne.pirovano\OneDrive - SCHEFFER\Documentos\Qlik\Sense\Apps\Analise US	-	Annotation Step: AdhocTransformations Execution time:  0
Perf	INFO	2021-08-03T13:38:47.786-04:00	337634806216.4	C:\Users\leninne.pirovano\OneDrive - SCHEFFER\Documentos\Qlik\Sense\Apps\Analise US	-	Annotation Step: AdhocCompoundValue
Perf	INFO	2021-08-03T13:38:47.786-04:00	337634806440.8	C:\Users\leninne.pirovano\OneDrive - SCHEFFER\Documentos\Qlik\Sense\Apps\Analise US	-	Annotation Step: AdhocCompoundValue Execution time:  0
Perf	INFO	2021-08-03T13:38:47.787-04:00	337634806666.9	C:\Users\leninne.pirovano\OneDrive - SCHEFFER\Documentos\Qlik\Sense\Apps\Analise US	-	Annotation Step: ValueBasedGeoClassifier
Perf	INFO	2021-08-03T13:38:47.788-04:00	337634807774.3	C:\Users\leninne.pirovano\OneDrive - SCHEFFER\Documentos\Qlik\Sense\Apps\Analise US	-	Annotation Step: ValueBasedGeoClassifier Execution time:  1
Perf	INFO	2021-08-03T13:38:47.788-04:00	337634807955.5	C:\Users\leninne.pirovano\OneDrive - SCHEFFER\Documentos\Qlik\Sense\Apps\Analise US	-	Annotation Step: CrossDatasetClassifier
Perf	INFO	2021-08-03T13:38:47.788-04:00	337634808458.1	C:\Users\leninne.pirovano\OneDrive - SCHEFFER\Documentos\Qlik\Sense\Apps\Analise US	-	Annotation Step: CrossDatasetClassifier Execution time:  0
Perf	INFO	2021-08-03T13:38:47.789-04:00	337634808639.7	C:\Users\leninne.pirovano\OneDrive - SCHEFFER\Documentos\Qlik\Sense\Apps\Analise US	-	Annotation Step: TimeBoundMeasureFinder
Perf	INFO	2021-08-03T13:38:47.790-04:00	337634810502.6	C:\Users\leninne.pirovano\OneDrive - SCHEFFER\Documentos\Qlik\Sense\Apps\Analise US	-	Annotation Step: TimeBoundMeasureFinder Execution time:  0
Perf	INFO	2021-08-03T13:38:47.791-04:00	337634810693.9	C:\Users\leninne.pirovano\OneDrive - SCHEFFER\Documentos\Qlik\Sense\Apps\Analise US	-	CLASSIFICATION_PIPELINE Execution time:  25
Perf	INFO	2021-08-03T13:38:47.791-04:00	337634810866.3	C:\Users\leninne.pirovano\OneDrive - SCHEFFER\Documentos\Qlik\Sense\Apps\Analise US	-	INIT_ANNOTATION_BOARD_TABLE_FIELDS: Tables&Fields Execution time:  127
Perf	INFO	2021-08-03T13:38:47.791-04:00	337634811216.5	C:\Users\leninne.pirovano\OneDrive - SCHEFFER\Documentos\Qlik\Sense\Apps\Analise US	-	GetClassificationHandler::execute
Perf	INFO	2021-08-03T13:38:47.791-04:00	337634811428.9	C:\Users\leninne.pirovano\OneDrive - SCHEFFER\Documentos\Qlik\Sense\Apps\Analise US	-	{"value":"OPEN_DATA_MANAGER_CORE","steps":[{"value":"GET_FEATURE_FLAGS","steps":[],"duration_ms":0},{"value":"QUERY_BUSINESS_MODEL","steps":[],"duration_ms":0},{"value":"ANNOTATION_QUEUE","steps":[],"duration_ms":0},{"value":"INIT_ANNOTATION_BOARD_TABLE_FIELDS: Tables&Fields","steps":[{"value":"GET_TABLES_AND_KEYS","steps":[],"duration_ms":2},{"value":"CALCULATE_FIELDS_FOR_NOT_FOUND_AND_TRANSFORMED: Field count: 130","steps":[],"duration_ms":0},{"value":"SAMPLES_AND_MIN_MAX","steps":[{"value":"SAMPLE_VALUE_RETRIEVAL: Field count: 99","steps":[],"duration_ms":71},{"value":"SAMPLE_VALUE_UPDATING","steps":[],"duration_ms":2},{"value":"MINMAX","steps":[],"duration_ms":20},{"value":"NUMERIC_RATIO","steps":[],"duration_ms":1}],"duration_ms":97},{"value":"CLASSIFICATION_PIPELINE","steps":[{"value":"Annotation Step: Tokenizer","steps":[],"duration_ms":9},{"value":"Annotation Step: CaptionDecorator","steps":[],"duration_ms":0},{"value":"Annotation Step: DateTime","steps":[],"duration_ms":1},{"value":"Annotation Step: MissingValue","steps":[],"duration_ms":0},{"value":"Annotation Step: CompoundValue","steps":[],"duration_ms":2},{"value":"Annotation Step: RecommendedDataType","steps":[],"duration_ms":0},{"value":"Annotation Step: ValueDecorator","steps":[],"duration_ms":1},{"value":"Annotation Step: SemanticClassifier","steps":[],"duration_ms":4},{"value":"Annotation Step: AdhocTransformations","steps":[],"duration_ms":0},{"value":"Annotation Step: AdhocCompoundValue","steps":[],"duration_ms":0},{"value":"Annotation Step: ValueBasedGeoClassifier","steps":[],"duration_ms":1},{"value":"Annotation Step: CrossDatasetClassifier","steps":[],"duration_ms":0},{"value":"Annotation Step: TimeBoundMeasureFinder","steps":[],"duration_ms":0}],"duration_ms":25}],"duration_ms":127}],"duration_ms":0}
