Logger	Severity	Date	MicroSeconds	ipAddress	AppId	UserId	Message
Audit	INFO	2021-08-10T13:01:35.383-04:00	425173051909.7	-	C:\Users\leninne.pirovano\OneDrive - SCHEFFER\Documentos\Qlik\Sense\Apps\Analise US	-	RPC Session Create: in context ws
Audit	INFO	2021-08-10T13:01:35.385-04:00	425173053512	-	C:\Users\leninne.pirovano\OneDrive - SCHEFFER\Documentos\Qlik\Sense\Apps\Analise US	-	Client connected /dataprepservice/app/C%3A%5CUsers%5Cleninne.pirovano%5COneDrive%20-%20SCHEFFER%5CDocumentos%5CQlik%5CSense%5CApps%5CAnalise%20US.qvf?reloadUri=http%3A%2F%2Flocalhost%3A4848%2Fsense%2Fapp%2FC%253A%255CUsers%255Cleninne.pirovano%255COneDrive%2520-%2520SCHEFFER%255CDocumentos%255CQlik%255CSense%255CApps%255CAnalise%2520US.qvf%2Ffeature%2Fdesktop_authentication Open sessions: 1 Open rest initiated sessions: 0 Open ws initiated sessions: 1 Total client ws connections: 1 # of clients connected to application: 1
Audit	INFO	2021-08-10T13:01:35.399-04:00	425173067746.3	-	C:\Users\leninne.pirovano\OneDrive - SCHEFFER\Documentos\Qlik\Sense\Apps\Analise US	-	RPC Session Attach: in context rest
Audit	INFO	2021-08-10T13:01:35.422-04:00	425173090786.3	-	C:\Users\leninne.pirovano\OneDrive - SCHEFFER\Documentos\Qlik\Sense\Apps\Analise US	-	Engine connection established. Active engine connections: 1
Audit	INFO	2021-08-10T13:07:59.029-04:00	425557787889.4	-	C:\Users\leninne.pirovano\OneDrive - SCHEFFER\Documentos\Qlik\Sense\Apps\Analise US	-	RPC Session is inactive
Audit	INFO	2021-08-10T13:17:59.072-04:00	426157797337.7	-	C:\Users\leninne.pirovano\OneDrive - SCHEFFER\Documentos\Qlik\Sense\Apps\Analise US	-	RPC Session is inactive
Audit	INFO	2021-08-10T13:27:59.119-04:00	426757812882.9	-	C:\Users\leninne.pirovano\OneDrive - SCHEFFER\Documentos\Qlik\Sense\Apps\Analise US	-	RPC Session is inactive
Audit	INFO	2021-08-10T13:37:59.121-04:00	427357816151	-	C:\Users\leninne.pirovano\OneDrive - SCHEFFER\Documentos\Qlik\Sense\Apps\Analise US	-	RPC Session is inactive
Audit	INFO	2021-08-10T13:37:59.249-04:00	427357943888.8	-	C:\Users\leninne.pirovano\OneDrive - SCHEFFER\Documentos\Qlik\Sense\Apps\Analise US	-	DPS Rest session has reached expiry, clearing rest session
Audit	INFO	2021-08-10T13:47:59.127-04:00	427957821188.5	-	C:\Users\leninne.pirovano\OneDrive - SCHEFFER\Documentos\Qlik\Sense\Apps\Analise US	-	RPC Session is inactive
Audit	INFO	2021-08-10T13:57:59.057-04:00	428557908371.6	-	475bcd4d-ecca-09c1-9e0f-9dd70b46	UserDirectory = INTERNAL; UserID= sa_engine	Engine connection established. Active engine connections: 2
Audit	INFO	2021-08-10T13:57:59.065-04:00	428557915697.9	-	C:\Users\leninne.pirovano\OneDrive - SCHEFFER\Documentos\Qlik\Sense\Apps\Analise US	-	RPC Session is inactive
Audit	INFO	2021-08-10T13:57:59.217-04:00	428558067698.9	-	475bcd4d-ecca-09c1-9e0f-9dd70b46	UserDirectory = INTERNAL; UserID= sa_engine	Engine connection released. Active engine connections: 1
Audit	INFO	2021-08-10T14:07:59.125-04:00	429157934549.7	-	C:\Users\leninne.pirovano\OneDrive - SCHEFFER\Documentos\Qlik\Sense\Apps\Analise US	-	RPC Session is inactive
Audit	INFO	2021-08-10T14:17:59.258-04:00	429757939404.4	-	C:\Users\leninne.pirovano\OneDrive - SCHEFFER\Documentos\Qlik\Sense\Apps\Analise US	-	RPC Session is inactive
Audit	INFO	2021-08-10T14:27:59.286-04:00	430357948268.9	-	C:\Users\leninne.pirovano\OneDrive - SCHEFFER\Documentos\Qlik\Sense\Apps\Analise US	-	RPC Session is inactive
Audit	INFO	2021-08-10T14:37:59.296-04:00	430957955973.7	-	C:\Users\leninne.pirovano\OneDrive - SCHEFFER\Documentos\Qlik\Sense\Apps\Analise US	-	RPC Session is inactive
Audit	INFO	2021-08-10T14:47:59.313-04:00	431557962414.2	-	C:\Users\leninne.pirovano\OneDrive - SCHEFFER\Documentos\Qlik\Sense\Apps\Analise US	-	RPC Session is inactive
Audit	INFO	2021-08-10T14:57:59.188-04:00	432157831889.1	-	3e074386-07a2-b97a-3506-911c452b	UserDirectory = INTERNAL; UserID= sa_engine	Engine connection established. Active engine connections: 2
Audit	INFO	2021-08-10T14:57:59.281-04:00	432157925527.3	-	3e074386-07a2-b97a-3506-911c452b	UserDirectory = INTERNAL; UserID= sa_engine	Engine connection released. Active engine connections: 1
Audit	INFO	2021-08-10T14:57:59.327-04:00	432157971360.9	-	C:\Users\leninne.pirovano\OneDrive - SCHEFFER\Documentos\Qlik\Sense\Apps\Analise US	-	RPC Session is inactive
Audit	INFO	2021-08-10T15:07:59.359-04:00	432757981258.5	-	C:\Users\leninne.pirovano\OneDrive - SCHEFFER\Documentos\Qlik\Sense\Apps\Analise US	-	RPC Session is inactive
Audit	INFO	2021-08-10T15:17:59.356-04:00	433357995255.3	-	C:\Users\leninne.pirovano\OneDrive - SCHEFFER\Documentos\Qlik\Sense\Apps\Analise US	-	RPC Session is inactive
Audit	INFO	2021-08-10T15:27:59.349-04:00	433958008469.6	-	C:\Users\leninne.pirovano\OneDrive - SCHEFFER\Documentos\Qlik\Sense\Apps\Analise US	-	RPC Session is inactive
Audit	INFO	2021-08-10T15:37:59.308-04:00	434558007595.4	-	C:\Users\leninne.pirovano\OneDrive - SCHEFFER\Documentos\Qlik\Sense\Apps\Analise US	-	RPC Session is inactive
Audit	INFO	2021-08-10T15:47:59.298-04:00	435158015051.9	-	C:\Users\leninne.pirovano\OneDrive - SCHEFFER\Documentos\Qlik\Sense\Apps\Analise US	-	RPC Session is inactive
Audit	INFO	2021-08-10T15:57:59.226-04:00	435757823959.3	-	228fa228-2771-309c-407f-435b37d1	UserDirectory = INTERNAL; UserID= sa_engine	Engine connection established. Active engine connections: 2
Audit	INFO	2021-08-10T15:57:59.336-04:00	435757934051.2	-	228fa228-2771-309c-407f-435b37d1	UserDirectory = INTERNAL; UserID= sa_engine	Engine connection released. Active engine connections: 1
Audit	INFO	2021-08-10T15:57:59.422-04:00	435758019581.7	-	C:\Users\leninne.pirovano\OneDrive - SCHEFFER\Documentos\Qlik\Sense\Apps\Analise US	-	RPC Session is inactive
Audit	INFO	2021-08-10T16:07:59.453-04:00	436358029366.5	-	C:\Users\leninne.pirovano\OneDrive - SCHEFFER\Documentos\Qlik\Sense\Apps\Analise US	-	RPC Session is inactive
Audit	INFO	2021-08-10T16:16:21.879-04:00	436860451914.5	-	C:\Users\leninne.pirovano\OneDrive - SCHEFFER\Documentos\Qlik\Sense\Apps\teste 123	-	RPC Session Create: in context ws
Audit	INFO	2021-08-10T16:16:21.882-04:00	436860455211.8	-	C:\Users\leninne.pirovano\OneDrive - SCHEFFER\Documentos\Qlik\Sense\Apps\teste 123	-	Client connected /dataprepservice/app/C%3A%5CUsers%5Cleninne.pirovano%5COneDrive%20-%20SCHEFFER%5CDocumentos%5CQlik%5CSense%5CApps%5Cteste%20123.qvf?reloadUri=http%3A%2F%2Flocalhost%3A4848%2Fsense%2Fapp%2FC%253A%255CUsers%255Cleninne.pirovano%255COneDrive%2520-%2520SCHEFFER%255CDocumentos%255CQlik%255CSense%255CApps%255Cteste%2520123.qvf%2Ffeature%2Fdesktop_authentication Open sessions: 2 Open rest initiated sessions: 0 Open ws initiated sessions: 2 Total client ws connections: 2 # of clients connected to application: 1
Audit	INFO	2021-08-10T16:16:21.909-04:00	436860481834.1	-	C:\Users\leninne.pirovano\OneDrive - SCHEFFER\Documentos\Qlik\Sense\Apps\teste 123	-	RPC Session Attach: in context rest
Audit	INFO	2021-08-10T16:16:21.932-04:00	436860505560.4	-	C:\Users\leninne.pirovano\OneDrive - SCHEFFER\Documentos\Qlik\Sense\Apps\teste 123	-	Engine connection established. Active engine connections: 2
Audit	INFO	2021-08-10T16:16:52.653-04:00	436891226347.5	-	C:\Users\leninne.pirovano\OneDrive - SCHEFFER\Documentos\Qlik\Sense\Apps\testtes 2221211121	-	RPC Session Create: in context ws
Audit	INFO	2021-08-10T16:16:52.654-04:00	436891227070.6	-	C:\Users\leninne.pirovano\OneDrive - SCHEFFER\Documentos\Qlik\Sense\Apps\testtes 2221211121	-	Client connected /dataprepservice/app/C%3A%5CUsers%5Cleninne.pirovano%5COneDrive%20-%20SCHEFFER%5CDocumentos%5CQlik%5CSense%5CApps%5Ctesttes%202221211121.qvf?reloadUri=http%3A%2F%2Flocalhost%3A4848%2Fsense%2Fapp%2FC%253A%255CUsers%255Cleninne.pirovano%255COneDrive%2520-%2520SCHEFFER%255CDocumentos%255CQlik%255CSense%255CApps%255Ctesttes%25202221211121.qvf%2Ffeature%2Fdesktop_authentication Open sessions: 3 Open rest initiated sessions: 0 Open ws initiated sessions: 3 Total client ws connections: 3 # of clients connected to application: 1
Audit	INFO	2021-08-10T16:16:52.698-04:00	436891270651.4	-	C:\Users\leninne.pirovano\OneDrive - SCHEFFER\Documentos\Qlik\Sense\Apps\testtes 2221211121	-	RPC Session Attach: in context rest
Audit	INFO	2021-08-10T16:16:52.703-04:00	436891276377.4	-	C:\Users\leninne.pirovano\OneDrive - SCHEFFER\Documentos\Qlik\Sense\Apps\testtes 2221211121	-	Engine connection established. Active engine connections: 3
Audit	INFO	2021-08-10T16:16:53.691-04:00	436892264480	-	C:\Users\leninne.pirovano\OneDrive - SCHEFFER\Documentos\Qlik\Sense\Apps\teste 123	-	Client closed connection, clearing session...}
Audit	INFO	2021-08-10T16:16:53.699-04:00	436892271808.8	-	C:\Users\leninne.pirovano\OneDrive - SCHEFFER\Documentos\Qlik\Sense\Apps\teste 123	-	Client closed connection: C:\Users\leninne.pirovano\OneDrive - SCHEFFER\Documentos\Qlik\Sense\Apps\teste 123 Open sessions: 2 Open rest initiated sessions: 0 Open ws initiated sessions: 2 Total client ws connections: 2 # of clients connected to application: 0
Audit	INFO	2021-08-10T16:16:53.699-04:00	436892272547.5	-	C:\Users\leninne.pirovano\OneDrive - SCHEFFER\Documentos\Qlik\Sense\Apps\teste 123	-	Engine connection released. Active engine connections: 2
Audit	INFO	2021-08-10T16:17:59.470-04:00	436958042940.6	-	C:\Users\leninne.pirovano\OneDrive - SCHEFFER\Documentos\Qlik\Sense\Apps\Analise US	-	RPC Session is inactive
Audit	INFO	2021-08-10T16:17:59.471-04:00	436958043866.1	-	C:\Users\leninne.pirovano\OneDrive - SCHEFFER\Documentos\Qlik\Sense\Apps\testtes 2221211121	-	RPC Session is inactive
Audit	INFO	2021-08-10T16:26:58.789-04:00	437497364711.7	-	C:\Users\leninne.pirovano\OneDrive - SCHEFFER\Documentos\Qlik\Sense\Apps\testtes 2221211121	-	RPC Session Attach: in context ws
Audit	INFO	2021-08-10T16:26:58.790-04:00	437497365277.1	-	C:\Users\leninne.pirovano\OneDrive - SCHEFFER\Documentos\Qlik\Sense\Apps\testtes 2221211121	-	Client connected /dataprepservice/app/C%3A%5CUsers%5Cleninne.pirovano%5COneDrive%20-%20SCHEFFER%5CDocumentos%5CQlik%5CSense%5CApps%5Ctesttes%202221211121.qvf?reloadUri=http%3A%2F%2Flocalhost%3A4848%2Fdatamodelviewer%2Fapp%2FC%253A%255CUsers%255Cleninne.pirovano%255COneDrive%2520-%2520SCHEFFER%255CDocumentos%255CQlik%255CSense%255CApps%255Ctesttes%25202221211121.qvf%2Ffeature%2Fdesktop_authentication Open sessions: 2 Open rest initiated sessions: 0 Open ws initiated sessions: 2 Total client ws connections: 3 # of clients connected to application: 2
Audit	INFO	2021-08-10T16:27:59.481-04:00	437558057178.3	-	C:\Users\leninne.pirovano\OneDrive - SCHEFFER\Documentos\Qlik\Sense\Apps\Analise US	-	RPC Session is inactive
Audit	INFO	2021-08-10T16:27:59.482-04:00	437558058132.1	-	C:\Users\leninne.pirovano\OneDrive - SCHEFFER\Documentos\Qlik\Sense\Apps\testtes 2221211121	-	RPC Session is inactive
Audit	INFO	2021-08-10T16:37:59.487-04:00	438158066721.6	-	C:\Users\leninne.pirovano\OneDrive - SCHEFFER\Documentos\Qlik\Sense\Apps\Analise US	-	RPC Session is inactive
Audit	INFO	2021-08-10T16:37:59.495-04:00	438158074520.1	-	C:\Users\leninne.pirovano\OneDrive - SCHEFFER\Documentos\Qlik\Sense\Apps\testtes 2221211121	-	RPC Session is inactive
Audit	INFO	2021-08-10T16:47:59.499-04:00	438758081124.3	-	C:\Users\leninne.pirovano\OneDrive - SCHEFFER\Documentos\Qlik\Sense\Apps\Analise US	-	RPC Session is inactive
Audit	INFO	2021-08-10T16:47:59.499-04:00	438758081568.8	-	C:\Users\leninne.pirovano\OneDrive - SCHEFFER\Documentos\Qlik\Sense\Apps\testtes 2221211121	-	RPC Session is inactive
Audit	INFO	2021-08-10T16:56:32.253-04:00	439270836394.5	-	C:\Users\leninne.pirovano\OneDrive - SCHEFFER\Documentos\Qlik\Sense\Apps\testtes 2221211121	-	RPC Session Attach: in context ws
Audit	INFO	2021-08-10T16:56:32.254-04:00	439270836890.3	-	C:\Users\leninne.pirovano\OneDrive - SCHEFFER\Documentos\Qlik\Sense\Apps\testtes 2221211121	-	Client connected /dataprepservice/app/C%3A%5CUsers%5Cleninne.pirovano%5COneDrive%20-%20SCHEFFER%5CDocumentos%5CQlik%5CSense%5CApps%5Ctesttes%202221211121.qvf?reloadUri=http%3A%2F%2Flocalhost%3A4848%2Fdatamodelviewer%2Fapp%2FC%253A%255CUsers%255Cleninne.pirovano%255COneDrive%2520-%2520SCHEFFER%255CDocumentos%255CQlik%255CSense%255CApps%255Ctesttes%25202221211121.qvf%2Ffeature%2Fdesktop_authentication Open sessions: 2 Open rest initiated sessions: 0 Open ws initiated sessions: 2 Total client ws connections: 4 # of clients connected to application: 3
Audit	INFO	2021-08-10T16:57:59.239-04:00	439357819623.5	-	040702e5-436c-4761-4700-a93eb50e	UserDirectory = INTERNAL; UserID= sa_engine	Engine connection established. Active engine connections: 3
Audit	INFO	2021-08-10T16:57:59.330-04:00	439357910210	-	040702e5-436c-4761-4700-a93eb50e	UserDirectory = INTERNAL; UserID= sa_engine	Engine connection released. Active engine connections: 2
Audit	INFO	2021-08-10T16:57:59.504-04:00	439358083910.1	-	C:\Users\leninne.pirovano\OneDrive - SCHEFFER\Documentos\Qlik\Sense\Apps\Analise US	-	RPC Session is inactive
Audit	INFO	2021-08-10T16:57:59.504-04:00	439358084245.6	-	C:\Users\leninne.pirovano\OneDrive - SCHEFFER\Documentos\Qlik\Sense\Apps\testtes 2221211121	-	RPC Session is inactive
Audit	INFO	2021-08-10T17:01:54.198-04:00	439592772380.2	-	C:\Users\leninne.pirovano\OneDrive - SCHEFFER\Documentos\Qlik\Sense\Apps\Analise US	-	Client closed connection, clearing session...}
Audit	INFO	2021-08-10T17:01:54.199-04:00	439592773771.3	-	C:\Users\leninne.pirovano\OneDrive - SCHEFFER\Documentos\Qlik\Sense\Apps\Analise US	-	Engine connection released. Active engine connections: 1
Audit	INFO	2021-08-10T17:01:54.200-04:00	439592774684.2	-	C:\Users\leninne.pirovano\OneDrive - SCHEFFER\Documentos\Qlik\Sense\Apps\Analise US	-	Client closed connection: C:\Users\leninne.pirovano\OneDrive - SCHEFFER\Documentos\Qlik\Sense\Apps\Analise US Open sessions: 1 Open rest initiated sessions: 0 Open ws initiated sessions: 1 Total client ws connections: 3 # of clients connected to application: 0
Audit	INFO	2021-08-10T17:01:54.746-04:00	439593320349.7	-	C:\Users\leninne.pirovano\OneDrive - SCHEFFER\Documentos\Qlik\Sense\Apps\testtes 2221211121	-	Client closed connection, clearing session...}
Audit	INFO	2021-08-10T17:01:54.747-04:00	439593320886	-	C:\Users\leninne.pirovano\OneDrive - SCHEFFER\Documentos\Qlik\Sense\Apps\testtes 2221211121	-	Client closed connection: C:\Users\leninne.pirovano\OneDrive - SCHEFFER\Documentos\Qlik\Sense\Apps\testtes 2221211121 Open sessions: 1 Open rest initiated sessions: 0 Open ws initiated sessions: 1 Total client ws connections: 2 # of clients connected to application: 2
Audit	INFO	2021-08-10T17:01:54.751-04:00	439593325081.8	-	C:\Users\leninne.pirovano\OneDrive - SCHEFFER\Documentos\Qlik\Sense\Apps\testtes 2221211121	-	Client closed connection, clearing session...}
Audit	INFO	2021-08-10T17:01:54.751-04:00	439593325443.5	-	C:\Users\leninne.pirovano\OneDrive - SCHEFFER\Documentos\Qlik\Sense\Apps\testtes 2221211121	-	Client closed connection: C:\Users\leninne.pirovano\OneDrive - SCHEFFER\Documentos\Qlik\Sense\Apps\testtes 2221211121 Open sessions: 1 Open rest initiated sessions: 0 Open ws initiated sessions: 1 Total client ws connections: 1 # of clients connected to application: 1
Audit	INFO	2021-08-10T17:01:54.782-04:00	439593356447.4	-	C:\Users\leninne.pirovano\OneDrive - SCHEFFER\Documentos\Qlik\Sense\Apps\testtes 2221211121	-	Client closed connection, clearing session...}
Audit	INFO	2021-08-10T17:01:54.783-04:00	439593357664	-	C:\Users\leninne.pirovano\OneDrive - SCHEFFER\Documentos\Qlik\Sense\Apps\testtes 2221211121	-	Client closed connection: C:\Users\leninne.pirovano\OneDrive - SCHEFFER\Documentos\Qlik\Sense\Apps\testtes 2221211121 Open sessions: 0 Open rest initiated sessions: 0 Open ws initiated sessions: 0 Total client ws connections: 0 # of clients connected to application: 0
Audit	INFO	2021-08-10T17:01:54.784-04:00	439593358242.8	-	C:\Users\leninne.pirovano\OneDrive - SCHEFFER\Documentos\Qlik\Sense\Apps\testtes 2221211121	-	Engine connection released. Active engine connections: 0
