Logger	Severity	Date	MicroSeconds	ipAddress	AppId	UserId	Message
Audit	INFO	2021-08-26T13:07:44.573-04:00	117408107.9	-	C:\Users\leninne.pirovano\OneDrive - SCHEFFER\Documentos\Qlik\Sense\Apps\comtrade	-	RPC Session Create: in context ws
Audit	INFO	2021-08-26T13:07:44.574-04:00	117408974.1	-	C:\Users\leninne.pirovano\OneDrive - SCHEFFER\Documentos\Qlik\Sense\Apps\comtrade	-	Client connected /dataprepservice/app/C%3A%5CUsers%5Cleninne.pirovano%5COneDrive%20-%20SCHEFFER%5CDocumentos%5CQlik%5CSense%5CApps%5Ccomtrade.qvf?reloadUri=http%3A%2F%2Flocalhost%3A4848%2Fsense%2Fapp%2FC%253A%255CUsers%255Cleninne.pirovano%255COneDrive%2520-%2520SCHEFFER%255CDocumentos%255CQlik%255CSense%255CApps%255Ccomtrade.qvf%2Ffeature%2Fdesktop_authentication Open sessions: 1 Open rest initiated sessions: 0 Open ws initiated sessions: 1 Total client ws connections: 1 # of clients connected to application: 1
Audit	INFO	2021-08-26T13:07:44.589-04:00	117424299.8	-	C:\Users\leninne.pirovano\OneDrive - SCHEFFER\Documentos\Qlik\Sense\Apps\comtrade	-	RPC Session Attach: in context rest
Audit	INFO	2021-08-26T13:07:44.603-04:00	117438226.7	-	C:\Users\leninne.pirovano\OneDrive - SCHEFFER\Documentos\Qlik\Sense\Apps\comtrade	-	Engine connection established. Active engine connections: 1
Audit	INFO	2021-08-26T13:16:39.963-04:00	653308810.4	-	C:\Users\leninne.pirovano\OneDrive - SCHEFFER\Documentos\Qlik\Sense\Apps\comtrade	-	RPC Session is inactive
Audit	INFO	2021-08-26T13:26:39.892-04:00	1253309980.5	-	C:\Users\leninne.pirovano\OneDrive - SCHEFFER\Documentos\Qlik\Sense\Apps\comtrade	-	RPC Session is inactive
Audit	INFO	2021-08-26T13:36:39.907-04:00	1853322485	-	C:\Users\leninne.pirovano\OneDrive - SCHEFFER\Documentos\Qlik\Sense\Apps\comtrade	-	RPC Session is inactive
Audit	INFO	2021-08-26T13:43:55.246-04:00	2288660058.9	-	C:\Users\leninne.pirovano\OneDrive - SCHEFFER\Documentos\Qlik\Sense\Apps\Comércio Exterior - Algodão	-	RPC Session Create: in context ws
Audit	INFO	2021-08-26T13:43:55.249-04:00	2288662337.6	-	C:\Users\leninne.pirovano\OneDrive - SCHEFFER\Documentos\Qlik\Sense\Apps\Comércio Exterior - Algodão	-	Client connected /dataprepservice/app/C%3A%5CUsers%5Cleninne.pirovano%5COneDrive%20-%20SCHEFFER%5CDocumentos%5CQlik%5CSense%5CApps%5CCom%C3%A9rcio%20Exterior%20-%20Algod%C3%A3o.qvf?reloadUri=http%3A%2F%2Flocalhost%3A4848%2Fsense%2Fapp%2FC%253A%255CUsers%255Cleninne.pirovano%255COneDrive%2520-%2520SCHEFFER%255CDocumentos%255CQlik%255CSense%255CApps%255CCom%25C3%25A9rcio%2520Exterior%2520-%2520Algod%25C3%25A3o.qvf%2Ffeature%2Fdesktop_authentication Open sessions: 2 Open rest initiated sessions: 0 Open ws initiated sessions: 2 Total client ws connections: 2 # of clients connected to application: 1
Audit	INFO	2021-08-26T13:43:55.257-04:00	2288670347.5	-	C:\Users\leninne.pirovano\OneDrive - SCHEFFER\Documentos\Qlik\Sense\Apps\Comércio Exterior - Algodão	-	RPC Session Attach: in context rest
Audit	INFO	2021-08-26T13:43:55.262-04:00	2288675575.2	-	C:\Users\leninne.pirovano\OneDrive - SCHEFFER\Documentos\Qlik\Sense\Apps\Comércio Exterior - Algodão	-	Engine connection established. Active engine connections: 2
Audit	INFO	2021-08-26T13:44:03.486-04:00	2296900189.3	-	C:\Users\leninne.pirovano\OneDrive - SCHEFFER\Documentos\Qlik\Sense\Apps\teste	-	RPC Session Create: in context ws
Audit	INFO	2021-08-26T13:44:03.487-04:00	2296900797.3	-	C:\Users\leninne.pirovano\OneDrive - SCHEFFER\Documentos\Qlik\Sense\Apps\teste	-	Client connected /dataprepservice/app/C%3A%5CUsers%5Cleninne.pirovano%5COneDrive%20-%20SCHEFFER%5CDocumentos%5CQlik%5CSense%5CApps%5Cteste.qvf?reloadUri=http%3A%2F%2Flocalhost%3A4848%2Fsense%2Fapp%2FC%253A%255CUsers%255Cleninne.pirovano%255COneDrive%2520-%2520SCHEFFER%255CDocumentos%255CQlik%255CSense%255CApps%255Cteste.qvf%2Ffeature%2Fdesktop_authentication Open sessions: 3 Open rest initiated sessions: 0 Open ws initiated sessions: 3 Total client ws connections: 3 # of clients connected to application: 1
Audit	INFO	2021-08-26T13:44:03.499-04:00	2296912481.8	-	C:\Users\leninne.pirovano\OneDrive - SCHEFFER\Documentos\Qlik\Sense\Apps\teste	-	RPC Session Attach: in context rest
Audit	INFO	2021-08-26T13:44:03.505-04:00	2296919040.3	-	C:\Users\leninne.pirovano\OneDrive - SCHEFFER\Documentos\Qlik\Sense\Apps\teste	-	Engine connection established. Active engine connections: 3
Audit	INFO	2021-08-26T13:46:39.912-04:00	2453325212.7	-	C:\Users\leninne.pirovano\OneDrive - SCHEFFER\Documentos\Qlik\Sense\Apps\comtrade	-	RPC Session is inactive
Audit	INFO	2021-08-26T13:46:39.913-04:00	2453325825.4	-	C:\Users\leninne.pirovano\OneDrive - SCHEFFER\Documentos\Qlik\Sense\Apps\Comércio Exterior - Algodão	-	RPC Session is inactive
Audit	INFO	2021-08-26T13:46:39.913-04:00	2453326207.1	-	C:\Users\leninne.pirovano\OneDrive - SCHEFFER\Documentos\Qlik\Sense\Apps\teste	-	RPC Session is inactive
Audit	INFO	2021-08-26T13:46:40.007-04:00	2453419860.8	-	C:\Users\leninne.pirovano\OneDrive - SCHEFFER\Documentos\Qlik\Sense\Apps\comtrade	-	DPS Rest session has reached expiry, clearing rest session
Audit	INFO	2021-08-26T13:56:39.916-04:00	3053329232.6	-	C:\Users\leninne.pirovano\OneDrive - SCHEFFER\Documentos\Qlik\Sense\Apps\comtrade	-	RPC Session is inactive
Audit	INFO	2021-08-26T13:56:39.917-04:00	3053329965.9	-	C:\Users\leninne.pirovano\OneDrive - SCHEFFER\Documentos\Qlik\Sense\Apps\Comércio Exterior - Algodão	-	RPC Session is inactive
Audit	INFO	2021-08-26T13:56:39.919-04:00	3053332036.1	-	C:\Users\leninne.pirovano\OneDrive - SCHEFFER\Documentos\Qlik\Sense\Apps\teste	-	RPC Session is inactive
Audit	INFO	2021-08-26T13:57:28.606-04:00	3102018885.8	-	C:\Users\leninne.pirovano\OneDrive - SCHEFFER\Documentos\Qlik\Sense\Apps\Extract-COMEX	-	RPC Session Create: in context ws
Audit	INFO	2021-08-26T13:57:28.607-04:00	3102019806.6	-	C:\Users\leninne.pirovano\OneDrive - SCHEFFER\Documentos\Qlik\Sense\Apps\Extract-COMEX	-	Client connected /dataprepservice/app/C%3A%5CUsers%5Cleninne.pirovano%5COneDrive%20-%20SCHEFFER%5CDocumentos%5CQlik%5CSense%5CApps%5CExtract-COMEX.qvf?reloadUri=http%3A%2F%2Flocalhost%3A4848%2Fsense%2Fapp%2FC%253A%255CUsers%255Cleninne.pirovano%255COneDrive%2520-%2520SCHEFFER%255CDocumentos%255CQlik%255CSense%255CApps%255CExtract-COMEX.qvf%2Ffeature%2Fdesktop_authentication Open sessions: 4 Open rest initiated sessions: 0 Open ws initiated sessions: 4 Total client ws connections: 4 # of clients connected to application: 1
Audit	INFO	2021-08-26T13:57:28.620-04:00	3102032705.4	-	C:\Users\leninne.pirovano\OneDrive - SCHEFFER\Documentos\Qlik\Sense\Apps\Extract-COMEX	-	RPC Session Attach: in context rest
Audit	INFO	2021-08-26T13:57:28.625-04:00	3102037608.9	-	C:\Users\leninne.pirovano\OneDrive - SCHEFFER\Documentos\Qlik\Sense\Apps\Extract-COMEX	-	Engine connection established. Active engine connections: 4
Audit	INFO	2021-08-26T14:06:39.978-04:00	3653384804.9	-	3763a335-3d25-2989-cbe7-11191804	UserDirectory = INTERNAL; UserID= sa_engine	Engine connection established. Active engine connections: 5
Audit	INFO	2021-08-26T14:06:39.981-04:00	3653388247.5	-	C:\Users\leninne.pirovano\OneDrive - SCHEFFER\Documentos\Qlik\Sense\Apps\comtrade	-	RPC Session is inactive
Audit	INFO	2021-08-26T14:06:39.982-04:00	3653388553.2	-	C:\Users\leninne.pirovano\OneDrive - SCHEFFER\Documentos\Qlik\Sense\Apps\Comércio Exterior - Algodão	-	RPC Session is inactive
Audit	INFO	2021-08-26T14:06:39.982-04:00	3653388716.9	-	C:\Users\leninne.pirovano\OneDrive - SCHEFFER\Documentos\Qlik\Sense\Apps\teste	-	RPC Session is inactive
Audit	INFO	2021-08-26T14:06:39.982-04:00	3653388854	-	C:\Users\leninne.pirovano\OneDrive - SCHEFFER\Documentos\Qlik\Sense\Apps\Extract-COMEX	-	RPC Session is inactive
Audit	INFO	2021-08-26T14:06:40.105-04:00	3653511823.1	-	3763a335-3d25-2989-cbe7-11191804	UserDirectory = INTERNAL; UserID= sa_engine	Engine connection released. Active engine connections: 4
Audit	INFO	2021-08-26T14:16:40.023-04:00	4253427189.2	-	C:\Users\leninne.pirovano\OneDrive - SCHEFFER\Documentos\Qlik\Sense\Apps\comtrade	-	RPC Session is inactive
Audit	INFO	2021-08-26T14:16:40.068-04:00	4253474958	-	C:\Users\leninne.pirovano\OneDrive - SCHEFFER\Documentos\Qlik\Sense\Apps\Comércio Exterior - Algodão	-	RPC Session is inactive
Audit	INFO	2021-08-26T14:16:40.073-04:00	4253479916.7	-	C:\Users\leninne.pirovano\OneDrive - SCHEFFER\Documentos\Qlik\Sense\Apps\teste	-	RPC Session is inactive
Audit	INFO	2021-08-26T14:16:40.080-04:00	4253486874.5	-	C:\Users\leninne.pirovano\OneDrive - SCHEFFER\Documentos\Qlik\Sense\Apps\Extract-COMEX	-	RPC Session is inactive
Audit	INFO	2021-08-26T14:16:40.096-04:00	4253503391.7	-	C:\Users\leninne.pirovano\OneDrive - SCHEFFER\Documentos\Qlik\Sense\Apps\Comércio Exterior - Algodão	-	DPS Rest session has reached expiry, clearing rest session
Audit	INFO	2021-08-26T14:16:40.099-04:00	4253505948.8	-	C:\Users\leninne.pirovano\OneDrive - SCHEFFER\Documentos\Qlik\Sense\Apps\teste	-	DPS Rest session has reached expiry, clearing rest session
Audit	INFO	2021-08-26T14:26:09.661-04:00	4823066420.1	-	C:\Users\leninne.pirovano\OneDrive - SCHEFFER\Documentos\Qlik\Sense\Apps\Extract-COMEX	-	Client closed connection, clearing session...}
Audit	INFO	2021-08-26T14:26:09.685-04:00	4823090809.5	-	C:\Users\leninne.pirovano\OneDrive - SCHEFFER\Documentos\Qlik\Sense\Apps\Extract-COMEX	-	Client closed connection: C:\Users\leninne.pirovano\OneDrive - SCHEFFER\Documentos\Qlik\Sense\Apps\Extract-COMEX Open sessions: 3 Open rest initiated sessions: 0 Open ws initiated sessions: 3 Total client ws connections: 3 # of clients connected to application: 0
Audit	INFO	2021-08-26T14:26:09.686-04:00	4823091624.9	-	C:\Users\leninne.pirovano\OneDrive - SCHEFFER\Documentos\Qlik\Sense\Apps\Extract-COMEX	-	Engine connection released. Active engine connections: 3
Audit	INFO	2021-08-26T14:26:10.901-04:00	4824306592.7	-	C:\Users\leninne.pirovano\OneDrive - SCHEFFER\Documentos\Qlik\Sense\Apps\Comércio Exterior - Algodão	-	RPC Session Attach: in context ws
Audit	INFO	2021-08-26T14:26:10.904-04:00	4824310062	-	C:\Users\leninne.pirovano\OneDrive - SCHEFFER\Documentos\Qlik\Sense\Apps\Comércio Exterior - Algodão	-	Client connected /dataprepservice/app/C%3A%5CUsers%5Cleninne.pirovano%5COneDrive%20-%20SCHEFFER%5CDocumentos%5CQlik%5CSense%5CApps%5CCom%C3%A9rcio%20Exterior%20-%20Algod%C3%A3o.qvf?reloadUri=http%3A%2F%2Flocalhost%3A4848%2Fdataloadeditor%2Fapp%2FC%253A%255CUsers%255Cleninne.pirovano%255COneDrive%2520-%2520SCHEFFER%255CDocumentos%255CQlik%255CSense%255CApps%255CCom%25C3%25A9rcio%2520Exterior%2520-%2520Algod%25C3%25A3o.qvf%2Ffeature%2Fdesktop_authentication Open sessions: 3 Open rest initiated sessions: 0 Open ws initiated sessions: 3 Total client ws connections: 4 # of clients connected to application: 2
Audit	INFO	2021-08-26T14:26:11.108-04:00	4824514037.4	-	C:\Users\leninne.pirovano\OneDrive - SCHEFFER\Documentos\Qlik\Sense\Apps\Comércio Exterior - Algodão	-	RPC Session Attach: in context rest
Audit	INFO	2021-08-26T14:26:23.554-04:00	4836960383.9	-	C:\Users\leninne.pirovano\OneDrive - SCHEFFER\Documentos\Qlik\Sense\Apps\Comércio Exterior - Algodão	-	RPC Session Attach: in context ws
Audit	INFO	2021-08-26T14:26:23.555-04:00	4836961002.8	-	C:\Users\leninne.pirovano\OneDrive - SCHEFFER\Documentos\Qlik\Sense\Apps\Comércio Exterior - Algodão	-	Client connected /dataprepservice/app/C%3A%5CUsers%5Cleninne.pirovano%5COneDrive%20-%20SCHEFFER%5CDocumentos%5CQlik%5CSense%5CApps%5CCom%C3%A9rcio%20Exterior%20-%20Algod%C3%A3o.qvf?reloadUri=http%3A%2F%2Flocalhost%3A4848%2Fdatamodelviewer%2Fapp%2FC%253A%255CUsers%255Cleninne.pirovano%255COneDrive%2520-%2520SCHEFFER%255CDocumentos%255CQlik%255CSense%255CApps%255CCom%25C3%25A9rcio%2520Exterior%2520-%2520Algod%25C3%25A3o.qvf%2Ffeature%2Fdesktop_authentication Open sessions: 3 Open rest initiated sessions: 0 Open ws initiated sessions: 3 Total client ws connections: 5 # of clients connected to application: 3
Audit	INFO	2021-08-26T14:26:40.001-04:00	4853406653.6	-	C:\Users\leninne.pirovano\OneDrive - SCHEFFER\Documentos\Qlik\Sense\Apps\comtrade	-	RPC Session is inactive
Audit	INFO	2021-08-26T14:26:40.001-04:00	4853407057.4	-	C:\Users\leninne.pirovano\OneDrive - SCHEFFER\Documentos\Qlik\Sense\Apps\Comércio Exterior - Algodão	-	RPC Session is inactive
Audit	INFO	2021-08-26T14:26:40.001-04:00	4853407384.2	-	C:\Users\leninne.pirovano\OneDrive - SCHEFFER\Documentos\Qlik\Sense\Apps\teste	-	RPC Session is inactive
Audit	INFO	2021-08-26T14:30:20.592-04:00	5073998268.6	-	C:\Users\leninne.pirovano\OneDrive - SCHEFFER\Documentos\Qlik\Sense\Apps\teste	-	RPC Session Attach: in context ws
Audit	INFO	2021-08-26T14:30:20.601-04:00	5074007269.2	-	C:\Users\leninne.pirovano\OneDrive - SCHEFFER\Documentos\Qlik\Sense\Apps\teste	-	Client connected /dataprepservice/app/C%3A%5CUsers%5Cleninne.pirovano%5COneDrive%20-%20SCHEFFER%5CDocumentos%5CQlik%5CSense%5CApps%5Cteste.qvf?reloadUri=http%3A%2F%2Flocalhost%3A4848%2Fdatamodelviewer%2Fapp%2FC%253A%255CUsers%255Cleninne.pirovano%255COneDrive%2520-%2520SCHEFFER%255CDocumentos%255CQlik%255CSense%255CApps%255Cteste.qvf%2Ffeature%2Fdesktop_authentication Open sessions: 3 Open rest initiated sessions: 0 Open ws initiated sessions: 3 Total client ws connections: 6 # of clients connected to application: 2
Audit	INFO	2021-08-26T14:30:20.621-04:00	5074026401.8	-	C:\Users\leninne.pirovano\OneDrive - SCHEFFER\Documentos\Qlik\Sense\Apps\teste	-	RPC Session Attach: in context rest
Audit	INFO	2021-08-26T14:36:40.014-04:00	5453421364.3	-	C:\Users\leninne.pirovano\OneDrive - SCHEFFER\Documentos\Qlik\Sense\Apps\comtrade	-	RPC Session is inactive
Audit	INFO	2021-08-26T14:36:40.032-04:00	5453439257.1	-	C:\Users\leninne.pirovano\OneDrive - SCHEFFER\Documentos\Qlik\Sense\Apps\Comércio Exterior - Algodão	-	RPC Session is inactive
Audit	INFO	2021-08-26T14:36:40.034-04:00	5453441306	-	C:\Users\leninne.pirovano\OneDrive - SCHEFFER\Documentos\Qlik\Sense\Apps\teste	-	RPC Session is inactive
Audit	INFO	2021-08-26T14:40:55.745-04:00	5709153293.7	-	C:\Users\leninne.pirovano\OneDrive - SCHEFFER\Documentos\Qlik\Sense\Apps\teste	-	RPC Session Attach: in context ws
Audit	INFO	2021-08-26T14:40:55.746-04:00	5709154229.7	-	C:\Users\leninne.pirovano\OneDrive - SCHEFFER\Documentos\Qlik\Sense\Apps\teste	-	Client connected /dataprepservice/app/C%3A%5CUsers%5Cleninne.pirovano%5COneDrive%20-%20SCHEFFER%5CDocumentos%5CQlik%5CSense%5CApps%5Cteste.qvf?reloadUri=http%3A%2F%2Flocalhost%3A4848%2Fdataloadeditor%2Fapp%2FC%253A%255CUsers%255Cleninne.pirovano%255COneDrive%2520-%2520SCHEFFER%255CDocumentos%255CQlik%255CSense%255CApps%255Cteste.qvf%2Ffeature%2Fdesktop_authentication Open sessions: 3 Open rest initiated sessions: 0 Open ws initiated sessions: 3 Total client ws connections: 7 # of clients connected to application: 3
Audit	INFO	2021-08-26T14:45:46.343-04:00	5999752040.9	-	C:\Users\leninne.pirovano\OneDrive - SCHEFFER\Documentos\Qlik\Sense\Apps\teste	-	Client closed connection, clearing session...}
Audit	INFO	2021-08-26T14:45:46.344-04:00	5999753033.3	-	C:\Users\leninne.pirovano\OneDrive - SCHEFFER\Documentos\Qlik\Sense\Apps\teste	-	Client closed connection: C:\Users\leninne.pirovano\OneDrive - SCHEFFER\Documentos\Qlik\Sense\Apps\teste Open sessions: 3 Open rest initiated sessions: 0 Open ws initiated sessions: 3 Total client ws connections: 6 # of clients connected to application: 2
Audit	INFO	2021-08-26T14:45:54.009-04:00	6007417690.3	-	C:\Users\leninne.pirovano\OneDrive - SCHEFFER\Documentos\Qlik\Sense\Apps\teste	-	Client closed connection, clearing session...}
Audit	INFO	2021-08-26T14:45:54.010-04:00	6007418490.5	-	C:\Users\leninne.pirovano\OneDrive - SCHEFFER\Documentos\Qlik\Sense\Apps\teste	-	Client closed connection: C:\Users\leninne.pirovano\OneDrive - SCHEFFER\Documentos\Qlik\Sense\Apps\teste Open sessions: 3 Open rest initiated sessions: 0 Open ws initiated sessions: 3 Total client ws connections: 5 # of clients connected to application: 1
Audit	INFO	2021-08-26T14:46:40.004-04:00	6053412738.7	-	C:\Users\leninne.pirovano\OneDrive - SCHEFFER\Documentos\Qlik\Sense\Apps\comtrade	-	RPC Session is inactive
Audit	INFO	2021-08-26T14:46:40.005-04:00	6053413413.7	-	C:\Users\leninne.pirovano\OneDrive - SCHEFFER\Documentos\Qlik\Sense\Apps\Comércio Exterior - Algodão	-	RPC Session is inactive
Audit	INFO	2021-08-26T14:46:40.005-04:00	6053414190.4	-	C:\Users\leninne.pirovano\OneDrive - SCHEFFER\Documentos\Qlik\Sense\Apps\teste	-	RPC Session is inactive
Audit	INFO	2021-08-26T14:56:40.026-04:00	6653433025.5	-	C:\Users\leninne.pirovano\OneDrive - SCHEFFER\Documentos\Qlik\Sense\Apps\comtrade	-	RPC Session is inactive
Audit	INFO	2021-08-26T14:56:40.039-04:00	6653447009	-	C:\Users\leninne.pirovano\OneDrive - SCHEFFER\Documentos\Qlik\Sense\Apps\Comércio Exterior - Algodão	-	RPC Session is inactive
Audit	INFO	2021-08-26T14:56:40.041-04:00	6653448389.9	-	C:\Users\leninne.pirovano\OneDrive - SCHEFFER\Documentos\Qlik\Sense\Apps\teste	-	RPC Session is inactive
Audit	INFO	2021-08-26T15:06:39.957-04:00	7253363709.2	-	f5d18629-8d52-e387-fa3f-ba090e26	UserDirectory = INTERNAL; UserID= sa_engine	Engine connection established. Active engine connections: 4
Audit	INFO	2021-08-26T15:06:40.032-04:00	7253439415.1	-	C:\Users\leninne.pirovano\OneDrive - SCHEFFER\Documentos\Qlik\Sense\Apps\comtrade	-	RPC Session is inactive
Audit	INFO	2021-08-26T15:06:40.033-04:00	7253439923.7	-	C:\Users\leninne.pirovano\OneDrive - SCHEFFER\Documentos\Qlik\Sense\Apps\Comércio Exterior - Algodão	-	RPC Session is inactive
Audit	INFO	2021-08-26T15:06:40.033-04:00	7253440157.3	-	C:\Users\leninne.pirovano\OneDrive - SCHEFFER\Documentos\Qlik\Sense\Apps\teste	-	RPC Session is inactive
Audit	INFO	2021-08-26T15:06:40.103-04:00	7253509929.6	-	f5d18629-8d52-e387-fa3f-ba090e26	UserDirectory = INTERNAL; UserID= sa_engine	Engine connection released. Active engine connections: 3
Audit	INFO	2021-08-26T15:16:40.054-04:00	7853456953.8	-	C:\Users\leninne.pirovano\OneDrive - SCHEFFER\Documentos\Qlik\Sense\Apps\comtrade	-	RPC Session is inactive
Audit	INFO	2021-08-26T15:16:40.071-04:00	7853474499.2	-	C:\Users\leninne.pirovano\OneDrive - SCHEFFER\Documentos\Qlik\Sense\Apps\Comércio Exterior - Algodão	-	RPC Session is inactive
Audit	INFO	2021-08-26T15:16:40.071-04:00	7853474851.4	-	C:\Users\leninne.pirovano\OneDrive - SCHEFFER\Documentos\Qlik\Sense\Apps\teste	-	RPC Session is inactive
Audit	INFO	2021-08-26T15:16:40.120-04:00	7853523386.1	-	C:\Users\leninne.pirovano\OneDrive - SCHEFFER\Documentos\Qlik\Sense\Apps\teste	-	DPS Rest session has reached expiry, clearing rest session
Audit	INFO	2021-08-26T15:26:40.061-04:00	8453463416.3	-	C:\Users\leninne.pirovano\OneDrive - SCHEFFER\Documentos\Qlik\Sense\Apps\comtrade	-	RPC Session is inactive
Audit	INFO	2021-08-26T15:26:40.074-04:00	8453476946.4	-	C:\Users\leninne.pirovano\OneDrive - SCHEFFER\Documentos\Qlik\Sense\Apps\Comércio Exterior - Algodão	-	RPC Session is inactive
Audit	INFO	2021-08-26T15:26:40.074-04:00	8453477281.3	-	C:\Users\leninne.pirovano\OneDrive - SCHEFFER\Documentos\Qlik\Sense\Apps\teste	-	RPC Session is inactive
Audit	INFO	2021-08-26T15:26:40.133-04:00	8453536300.4	-	C:\Users\leninne.pirovano\OneDrive - SCHEFFER\Documentos\Qlik\Sense\Apps\Comércio Exterior - Algodão	-	DPS Rest session has reached expiry, clearing rest session
Audit	INFO	2021-08-26T15:29:17.838-04:00	8611241376.3	-	C:\Users\leninne.pirovano\OneDrive - SCHEFFER\Documentos\Qlik\Sense\Apps\Advanced-KPI examples v 0.1.8	-	RPC Session Create: in context ws
Audit	INFO	2021-08-26T15:29:17.839-04:00	8611242846.5	-	C:\Users\leninne.pirovano\OneDrive - SCHEFFER\Documentos\Qlik\Sense\Apps\Advanced-KPI examples v 0.1.8	-	Client connected /dataprepservice/app/C%3A%5CUsers%5Cleninne.pirovano%5COneDrive%20-%20SCHEFFER%5CDocumentos%5CQlik%5CSense%5CApps%5CAdvanced-KPI%20examples%20v%200.1.8.qvf?reloadUri=http%3A%2F%2Flocalhost%3A4848%2Fsense%2Fapp%2FC%253A%255CUsers%255Cleninne.pirovano%255COneDrive%2520-%2520SCHEFFER%255CDocumentos%255CQlik%255CSense%255CApps%255CAdvanced-KPI%2520examples%2520v%25200.1.8.qvf%2Ffeature%2Fdesktop_authentication Open sessions: 4 Open rest initiated sessions: 0 Open ws initiated sessions: 4 Total client ws connections: 6 # of clients connected to application: 1
Audit	INFO	2021-08-26T15:29:17.852-04:00	8611255332.6	-	C:\Users\leninne.pirovano\OneDrive - SCHEFFER\Documentos\Qlik\Sense\Apps\Advanced-KPI examples v 0.1.8	-	RPC Session Attach: in context rest
Audit	INFO	2021-08-26T15:29:17.873-04:00	8611276707.8	-	C:\Users\leninne.pirovano\OneDrive - SCHEFFER\Documentos\Qlik\Sense\Apps\Advanced-KPI examples v 0.1.8	-	Engine connection established. Active engine connections: 4
Audit	INFO	2021-08-26T15:36:40.054-04:00	9053457221.7	-	C:\Users\leninne.pirovano\OneDrive - SCHEFFER\Documentos\Qlik\Sense\Apps\comtrade	-	RPC Session is inactive
Audit	INFO	2021-08-26T15:36:40.055-04:00	9053457663.4	-	C:\Users\leninne.pirovano\OneDrive - SCHEFFER\Documentos\Qlik\Sense\Apps\Comércio Exterior - Algodão	-	RPC Session is inactive
Audit	INFO	2021-08-26T15:36:40.055-04:00	9053457904.8	-	C:\Users\leninne.pirovano\OneDrive - SCHEFFER\Documentos\Qlik\Sense\Apps\teste	-	RPC Session is inactive
Audit	INFO	2021-08-26T15:36:40.055-04:00	9053458140.5	-	C:\Users\leninne.pirovano\OneDrive - SCHEFFER\Documentos\Qlik\Sense\Apps\Advanced-KPI examples v 0.1.8	-	RPC Session is inactive
Audit	INFO	2021-08-26T15:46:40.071-04:00	9653471402.2	-	C:\Users\leninne.pirovano\OneDrive - SCHEFFER\Documentos\Qlik\Sense\Apps\comtrade	-	RPC Session is inactive
Audit	INFO	2021-08-26T15:46:40.072-04:00	9653471863.1	-	C:\Users\leninne.pirovano\OneDrive - SCHEFFER\Documentos\Qlik\Sense\Apps\Comércio Exterior - Algodão	-	RPC Session is inactive
Audit	INFO	2021-08-26T15:46:40.072-04:00	9653472130.6	-	C:\Users\leninne.pirovano\OneDrive - SCHEFFER\Documentos\Qlik\Sense\Apps\teste	-	RPC Session is inactive
Audit	INFO	2021-08-26T15:46:40.072-04:00	9653472373.2	-	C:\Users\leninne.pirovano\OneDrive - SCHEFFER\Documentos\Qlik\Sense\Apps\Advanced-KPI examples v 0.1.8	-	RPC Session is inactive
Audit	INFO	2021-08-26T15:56:40.087-04:00	10253485173.9	-	C:\Users\leninne.pirovano\OneDrive - SCHEFFER\Documentos\Qlik\Sense\Apps\comtrade	-	RPC Session is inactive
Audit	INFO	2021-08-26T15:56:40.087-04:00	10253485749.2	-	C:\Users\leninne.pirovano\OneDrive - SCHEFFER\Documentos\Qlik\Sense\Apps\Comércio Exterior - Algodão	-	RPC Session is inactive
Audit	INFO	2021-08-26T15:56:40.089-04:00	10253488074.6	-	C:\Users\leninne.pirovano\OneDrive - SCHEFFER\Documentos\Qlik\Sense\Apps\teste	-	RPC Session is inactive
Audit	INFO	2021-08-26T15:56:40.090-04:00	10253488302.5	-	C:\Users\leninne.pirovano\OneDrive - SCHEFFER\Documentos\Qlik\Sense\Apps\Advanced-KPI examples v 0.1.8	-	RPC Session is inactive
Audit	INFO	2021-08-26T16:06:39.950-04:00	10853348535.4	-	9f176491-6249-60df-92e1-13308f5d	UserDirectory = INTERNAL; UserID= sa_engine	Engine connection established. Active engine connections: 5
Audit	INFO	2021-08-26T16:06:40.073-04:00	10853470862.9	-	9f176491-6249-60df-92e1-13308f5d	UserDirectory = INTERNAL; UserID= sa_engine	Engine connection released. Active engine connections: 4
Audit	INFO	2021-08-26T16:06:40.098-04:00	10853496793.7	-	C:\Users\leninne.pirovano\OneDrive - SCHEFFER\Documentos\Qlik\Sense\Apps\comtrade	-	RPC Session is inactive
Audit	INFO	2021-08-26T16:06:40.099-04:00	10853497485.9	-	C:\Users\leninne.pirovano\OneDrive - SCHEFFER\Documentos\Qlik\Sense\Apps\Comércio Exterior - Algodão	-	RPC Session is inactive
Audit	INFO	2021-08-26T16:06:40.100-04:00	10853498678	-	C:\Users\leninne.pirovano\OneDrive - SCHEFFER\Documentos\Qlik\Sense\Apps\teste	-	RPC Session is inactive
Audit	INFO	2021-08-26T16:06:40.101-04:00	10853499182.9	-	C:\Users\leninne.pirovano\OneDrive - SCHEFFER\Documentos\Qlik\Sense\Apps\Advanced-KPI examples v 0.1.8	-	RPC Session is inactive
Audit	INFO	2021-08-26T16:06:40.176-04:00	10853574013.5	-	C:\Users\leninne.pirovano\OneDrive - SCHEFFER\Documentos\Qlik\Sense\Apps\Advanced-KPI examples v 0.1.8	-	DPS Rest session has reached expiry, clearing rest session
Audit	INFO	2021-08-26T16:16:40.098-04:00	11453496564.9	-	C:\Users\leninne.pirovano\OneDrive - SCHEFFER\Documentos\Qlik\Sense\Apps\comtrade	-	RPC Session is inactive
Audit	INFO	2021-08-26T16:16:40.099-04:00	11453497128	-	C:\Users\leninne.pirovano\OneDrive - SCHEFFER\Documentos\Qlik\Sense\Apps\Comércio Exterior - Algodão	-	RPC Session is inactive
Audit	INFO	2021-08-26T16:16:40.102-04:00	11453500331.4	-	C:\Users\leninne.pirovano\OneDrive - SCHEFFER\Documentos\Qlik\Sense\Apps\teste	-	RPC Session is inactive
Audit	INFO	2021-08-26T16:16:40.103-04:00	11453500813.7	-	C:\Users\leninne.pirovano\OneDrive - SCHEFFER\Documentos\Qlik\Sense\Apps\Advanced-KPI examples v 0.1.8	-	RPC Session is inactive
Audit	INFO	2021-08-26T16:26:40.102-04:00	12053499960.3	-	C:\Users\leninne.pirovano\OneDrive - SCHEFFER\Documentos\Qlik\Sense\Apps\comtrade	-	RPC Session is inactive
Audit	INFO	2021-08-26T16:26:40.105-04:00	12053503491.7	-	C:\Users\leninne.pirovano\OneDrive - SCHEFFER\Documentos\Qlik\Sense\Apps\Comércio Exterior - Algodão	-	RPC Session is inactive
Audit	INFO	2021-08-26T16:26:40.106-04:00	12053503803.7	-	C:\Users\leninne.pirovano\OneDrive - SCHEFFER\Documentos\Qlik\Sense\Apps\teste	-	RPC Session is inactive
Audit	INFO	2021-08-26T16:26:40.106-04:00	12053504104.6	-	C:\Users\leninne.pirovano\OneDrive - SCHEFFER\Documentos\Qlik\Sense\Apps\Advanced-KPI examples v 0.1.8	-	RPC Session is inactive
Audit	INFO	2021-08-26T16:36:40.116-04:00	12653511434.1	-	C:\Users\leninne.pirovano\OneDrive - SCHEFFER\Documentos\Qlik\Sense\Apps\comtrade	-	RPC Session is inactive
Audit	INFO	2021-08-26T16:36:40.120-04:00	12653515506.5	-	C:\Users\leninne.pirovano\OneDrive - SCHEFFER\Documentos\Qlik\Sense\Apps\Comércio Exterior - Algodão	-	RPC Session is inactive
Audit	INFO	2021-08-26T16:36:40.120-04:00	12653516260.2	-	C:\Users\leninne.pirovano\OneDrive - SCHEFFER\Documentos\Qlik\Sense\Apps\teste	-	RPC Session is inactive
Audit	INFO	2021-08-26T16:36:40.121-04:00	12653516549.9	-	C:\Users\leninne.pirovano\OneDrive - SCHEFFER\Documentos\Qlik\Sense\Apps\Advanced-KPI examples v 0.1.8	-	RPC Session is inactive
Audit	INFO	2021-08-26T16:46:40.132-04:00	13253525841.6	-	C:\Users\leninne.pirovano\OneDrive - SCHEFFER\Documentos\Qlik\Sense\Apps\comtrade	-	RPC Session is inactive
Audit	INFO	2021-08-26T16:46:40.133-04:00	13253526413	-	C:\Users\leninne.pirovano\OneDrive - SCHEFFER\Documentos\Qlik\Sense\Apps\Comércio Exterior - Algodão	-	RPC Session is inactive
Audit	INFO	2021-08-26T16:46:40.133-04:00	13253526693.7	-	C:\Users\leninne.pirovano\OneDrive - SCHEFFER\Documentos\Qlik\Sense\Apps\teste	-	RPC Session is inactive
Audit	INFO	2021-08-26T16:46:40.133-04:00	13253526930.8	-	C:\Users\leninne.pirovano\OneDrive - SCHEFFER\Documentos\Qlik\Sense\Apps\Advanced-KPI examples v 0.1.8	-	RPC Session is inactive
Audit	INFO	2021-08-26T16:56:40.142-04:00	13853533932.5	-	C:\Users\leninne.pirovano\OneDrive - SCHEFFER\Documentos\Qlik\Sense\Apps\comtrade	-	RPC Session is inactive
Audit	INFO	2021-08-26T16:56:40.142-04:00	13853534392.6	-	C:\Users\leninne.pirovano\OneDrive - SCHEFFER\Documentos\Qlik\Sense\Apps\Comércio Exterior - Algodão	-	RPC Session is inactive
Audit	INFO	2021-08-26T16:56:40.142-04:00	13853534703	-	C:\Users\leninne.pirovano\OneDrive - SCHEFFER\Documentos\Qlik\Sense\Apps\teste	-	RPC Session is inactive
Audit	INFO	2021-08-26T16:56:40.143-04:00	13853534940.5	-	C:\Users\leninne.pirovano\OneDrive - SCHEFFER\Documentos\Qlik\Sense\Apps\Advanced-KPI examples v 0.1.8	-	RPC Session is inactive
Audit	INFO	2021-08-26T16:57:22.553-04:00	13895944898.9	-	C:\Users\leninne.pirovano\OneDrive - SCHEFFER\Documentos\Qlik\Sense\Apps\Comércio Exterior - Algodão	-	Client closed connection, clearing session...}
Audit	INFO	2021-08-26T16:57:22.554-04:00	13895946644.5	-	C:\Users\leninne.pirovano\OneDrive - SCHEFFER\Documentos\Qlik\Sense\Apps\Comércio Exterior - Algodão	-	Client closed connection: C:\Users\leninne.pirovano\OneDrive - SCHEFFER\Documentos\Qlik\Sense\Apps\Comércio Exterior - Algodão Open sessions: 4 Open rest initiated sessions: 0 Open ws initiated sessions: 4 Total client ws connections: 5 # of clients connected to application: 2
Audit	INFO	2021-08-26T16:57:23.014-04:00	13896406078.3	-	C:\Users\leninne.pirovano\OneDrive - SCHEFFER\Documentos\Qlik\Sense\Apps\Comércio Exterior - Algodão	-	Client closed connection, clearing session...}
Audit	INFO	2021-08-26T16:57:23.014-04:00	13896406468.5	-	C:\Users\leninne.pirovano\OneDrive - SCHEFFER\Documentos\Qlik\Sense\Apps\Comércio Exterior - Algodão	-	Client closed connection: C:\Users\leninne.pirovano\OneDrive - SCHEFFER\Documentos\Qlik\Sense\Apps\Comércio Exterior - Algodão Open sessions: 4 Open rest initiated sessions: 0 Open ws initiated sessions: 4 Total client ws connections: 4 # of clients connected to application: 1
Audit	INFO	2021-08-26T16:57:26.833-04:00	13900225372	-	C:\Users\leninne.pirovano\OneDrive - SCHEFFER\Documentos\Qlik\Sense\Apps\Advanced-KPI examples v 0.1.8	-	Client closed connection, clearing session...}
Audit	INFO	2021-08-26T16:57:26.835-04:00	13900227540	-	C:\Users\leninne.pirovano\OneDrive - SCHEFFER\Documentos\Qlik\Sense\Apps\Advanced-KPI examples v 0.1.8	-	Engine connection released. Active engine connections: 3
Audit	INFO	2021-08-26T16:57:26.837-04:00	13900228935.7	-	C:\Users\leninne.pirovano\OneDrive - SCHEFFER\Documentos\Qlik\Sense\Apps\Advanced-KPI examples v 0.1.8	-	Client closed connection: C:\Users\leninne.pirovano\OneDrive - SCHEFFER\Documentos\Qlik\Sense\Apps\Advanced-KPI examples v 0.1.8 Open sessions: 3 Open rest initiated sessions: 0 Open ws initiated sessions: 3 Total client ws connections: 3 # of clients connected to application: 0
Audit	INFO	2021-08-26T16:57:27.578-04:00	13900969918	-	C:\Users\leninne.pirovano\OneDrive - SCHEFFER\Documentos\Qlik\Sense\Apps\teste	-	Client closed connection, clearing session...}
Audit	INFO	2021-08-26T16:57:27.580-04:00	13900971978	-	C:\Users\leninne.pirovano\OneDrive - SCHEFFER\Documentos\Qlik\Sense\Apps\teste	-	Client closed connection: C:\Users\leninne.pirovano\OneDrive - SCHEFFER\Documentos\Qlik\Sense\Apps\teste Open sessions: 2 Open rest initiated sessions: 0 Open ws initiated sessions: 2 Total client ws connections: 2 # of clients connected to application: 0
Audit	INFO	2021-08-26T16:57:27.580-04:00	13900972514.5	-	C:\Users\leninne.pirovano\OneDrive - SCHEFFER\Documentos\Qlik\Sense\Apps\teste	-	Engine connection released. Active engine connections: 2
Audit	INFO	2021-08-26T16:57:32.907-04:00	13906299271.7	-	C:\Users\leninne.pirovano\OneDrive - SCHEFFER\Documentos\Qlik\Sense\Apps\comtrade	-	Client closed connection, clearing session...}
Audit	INFO	2021-08-26T16:57:32.908-04:00	13906300405.6	-	C:\Users\leninne.pirovano\OneDrive - SCHEFFER\Documentos\Qlik\Sense\Apps\comtrade	-	Engine connection released. Active engine connections: 1
Audit	INFO	2021-08-26T16:57:32.910-04:00	13906302427.6	-	C:\Users\leninne.pirovano\OneDrive - SCHEFFER\Documentos\Qlik\Sense\Apps\comtrade	-	Client closed connection: C:\Users\leninne.pirovano\OneDrive - SCHEFFER\Documentos\Qlik\Sense\Apps\comtrade Open sessions: 1 Open rest initiated sessions: 0 Open ws initiated sessions: 1 Total client ws connections: 1 # of clients connected to application: 0
Audit	INFO	2021-08-26T16:57:33.918-04:00	13907310715.9	-	C:\Users\leninne.pirovano\OneDrive - SCHEFFER\Documentos\Qlik\Sense\Apps\Comércio Exterior - Algodão	-	Client closed connection, clearing session...}
Audit	INFO	2021-08-26T16:57:33.919-04:00	13907311497.1	-	C:\Users\leninne.pirovano\OneDrive - SCHEFFER\Documentos\Qlik\Sense\Apps\Comércio Exterior - Algodão	-	Client closed connection: C:\Users\leninne.pirovano\OneDrive - SCHEFFER\Documentos\Qlik\Sense\Apps\Comércio Exterior - Algodão Open sessions: 0 Open rest initiated sessions: 0 Open ws initiated sessions: 0 Total client ws connections: 0 # of clients connected to application: 0
Audit	INFO	2021-08-26T16:57:33.934-04:00	13907326246.3	-	C:\Users\leninne.pirovano\OneDrive - SCHEFFER\Documentos\Qlik\Sense\Apps\Comércio Exterior - Algodão	-	Engine connection released. Active engine connections: 0
