Logger	Severity	Date	MicroSeconds	AppId	UserId	Message
Perf	INFO	2021-08-20T13:11:53.090-04:00	684343007809.1	C:\Users\leninne.pirovano\OneDrive - SCHEFFER\Documentos\Qlik\Sense\Apps\comtrade	-	OPEN_DATA_MANAGER_CORE
Perf	INFO	2021-08-20T13:11:53.091-04:00	684343008877.4	C:\Users\leninne.pirovano\OneDrive - SCHEFFER\Documentos\Qlik\Sense\Apps\comtrade	-	OPEN_DATA_MANAGER_CORE Execution time:  1
Perf	INFO	2021-08-20T13:11:53.092-04:00	684343009388.4	C:\Users\leninne.pirovano\OneDrive - SCHEFFER\Documentos\Qlik\Sense\Apps\comtrade	-	GET_FEATURE_FLAGS
Perf	INFO	2021-08-20T13:11:53.092-04:00	684343009670.2	C:\Users\leninne.pirovano\OneDrive - SCHEFFER\Documentos\Qlik\Sense\Apps\comtrade	-	GET_FEATURE_FLAGS Execution time:  0
Perf	INFO	2021-08-20T13:11:53.092-04:00	684343009891.5	C:\Users\leninne.pirovano\OneDrive - SCHEFFER\Documentos\Qlik\Sense\Apps\comtrade	-	QUERY_BUSINESS_MODEL
Perf	INFO	2021-08-20T13:11:53.092-04:00	684343010182.8	C:\Users\leninne.pirovano\OneDrive - SCHEFFER\Documentos\Qlik\Sense\Apps\comtrade	-	QUERY_BUSINESS_MODEL Execution time:  0
Perf	INFO	2021-08-20T13:11:53.093-04:00	684343010545.4	C:\Users\leninne.pirovano\OneDrive - SCHEFFER\Documentos\Qlik\Sense\Apps\comtrade	-	ANNOTATION_QUEUE
Perf	INFO	2021-08-20T13:11:53.093-04:00	684343010789.8	C:\Users\leninne.pirovano\OneDrive - SCHEFFER\Documentos\Qlik\Sense\Apps\comtrade	-	ANNOTATION_QUEUE Execution time:  0
Perf	INFO	2021-08-20T13:11:53.094-04:00	684343012160	C:\Users\leninne.pirovano\OneDrive - SCHEFFER\Documentos\Qlik\Sense\Apps\comtrade	-	INIT_ANNOTATION_BOARD_TABLE_FIELDS: Tables&Fields
Perf	INFO	2021-08-20T13:11:53.095-04:00	684343012542.2	C:\Users\leninne.pirovano\OneDrive - SCHEFFER\Documentos\Qlik\Sense\Apps\comtrade	-	GET_TABLES_AND_KEYS
Perf	INFO	2021-08-20T13:11:53.098-04:00	684343016059.4	C:\Users\leninne.pirovano\OneDrive - SCHEFFER\Documentos\Qlik\Sense\Apps\comtrade	-	GET_TABLES_AND_KEYS Execution time:  3
Perf	INFO	2021-08-20T13:11:53.099-04:00	684343016849.6	C:\Users\leninne.pirovano\OneDrive - SCHEFFER\Documentos\Qlik\Sense\Apps\comtrade	-	CALCULATE_FIELDS_FOR_NOT_FOUND_AND_TRANSFORMED: Field count: 36
Perf	INFO	2021-08-20T13:11:53.099-04:00	684343017206.5	C:\Users\leninne.pirovano\OneDrive - SCHEFFER\Documentos\Qlik\Sense\Apps\comtrade	-	CALCULATE_FIELDS_FOR_NOT_FOUND_AND_TRANSFORMED: Field count: 36 Execution time:  0
Perf	INFO	2021-08-20T13:11:53.100-04:00	684343017484.1	C:\Users\leninne.pirovano\OneDrive - SCHEFFER\Documentos\Qlik\Sense\Apps\comtrade	-	SAMPLES_AND_MIN_MAX
Perf	INFO	2021-08-20T13:11:53.101-04:00	684343019092.7	C:\Users\leninne.pirovano\OneDrive - SCHEFFER\Documentos\Qlik\Sense\Apps\comtrade	-	SAMPLE_VALUE_RETRIEVAL: Field count: 36
Perf	INFO	2021-08-20T13:11:53.133-04:00	684343050647.8	C:\Users\leninne.pirovano\OneDrive - SCHEFFER\Documentos\Qlik\Sense\Apps\comtrade	-	SAMPLE_VALUE_RETRIEVAL: Field count: 36 Execution time:  31
Perf	INFO	2021-08-20T13:11:53.133-04:00	684343050881.1	C:\Users\leninne.pirovano\OneDrive - SCHEFFER\Documentos\Qlik\Sense\Apps\comtrade	-	SAMPLE_VALUE_UPDATING
Perf	INFO	2021-08-20T13:11:53.133-04:00	684343051238.5	C:\Users\leninne.pirovano\OneDrive - SCHEFFER\Documentos\Qlik\Sense\Apps\comtrade	-	SAMPLE_VALUE_UPDATING Execution time:  0
Perf	INFO	2021-08-20T13:11:53.134-04:00	684343052092.2	C:\Users\leninne.pirovano\OneDrive - SCHEFFER\Documentos\Qlik\Sense\Apps\comtrade	-	MINMAX
Perf	INFO	2021-08-20T13:11:53.141-04:00	684343058728.1	C:\Users\leninne.pirovano\OneDrive - SCHEFFER\Documentos\Qlik\Sense\Apps\comtrade	-	MINMAX Execution time:  7
Perf	INFO	2021-08-20T13:11:53.141-04:00	684343059001.8	C:\Users\leninne.pirovano\OneDrive - SCHEFFER\Documentos\Qlik\Sense\Apps\comtrade	-	NUMERIC_RATIO
Perf	INFO	2021-08-20T13:11:53.143-04:00	684343061149.9	C:\Users\leninne.pirovano\OneDrive - SCHEFFER\Documentos\Qlik\Sense\Apps\comtrade	-	NUMERIC_RATIO Execution time:  2
Perf	INFO	2021-08-20T13:11:53.144-04:00	684343061483	C:\Users\leninne.pirovano\OneDrive - SCHEFFER\Documentos\Qlik\Sense\Apps\comtrade	-	SAMPLES_AND_MIN_MAX Execution time:  44
Perf	INFO	2021-08-20T13:11:53.145-04:00	684343062677.2	C:\Users\leninne.pirovano\OneDrive - SCHEFFER\Documentos\Qlik\Sense\Apps\comtrade	-	CLASSIFICATION_PIPELINE
Perf	INFO	2021-08-20T13:11:53.145-04:00	684343062981.8	C:\Users\leninne.pirovano\OneDrive - SCHEFFER\Documentos\Qlik\Sense\Apps\comtrade	-	Annotation Step: Tokenizer
Perf	INFO	2021-08-20T13:11:53.154-04:00	684343071284.5	C:\Users\leninne.pirovano\OneDrive - SCHEFFER\Documentos\Qlik\Sense\Apps\comtrade	-	Annotation Step: Tokenizer Execution time:  8
Perf	INFO	2021-08-20T13:11:53.154-04:00	684343071687.8	C:\Users\leninne.pirovano\OneDrive - SCHEFFER\Documentos\Qlik\Sense\Apps\comtrade	-	Annotation Step: CaptionDecorator
Perf	INFO	2021-08-20T13:11:53.154-04:00	684343072108	C:\Users\leninne.pirovano\OneDrive - SCHEFFER\Documentos\Qlik\Sense\Apps\comtrade	-	Annotation Step: CaptionDecorator Execution time:  0
Perf	INFO	2021-08-20T13:11:53.155-04:00	684343072459.2	C:\Users\leninne.pirovano\OneDrive - SCHEFFER\Documentos\Qlik\Sense\Apps\comtrade	-	Annotation Step: DateTime
Perf	INFO	2021-08-20T13:11:53.156-04:00	684343073706.8	C:\Users\leninne.pirovano\OneDrive - SCHEFFER\Documentos\Qlik\Sense\Apps\comtrade	-	Annotation Step: DateTime Execution time:  1
Perf	INFO	2021-08-20T13:11:53.156-04:00	684343073962.7	C:\Users\leninne.pirovano\OneDrive - SCHEFFER\Documentos\Qlik\Sense\Apps\comtrade	-	Annotation Step: MissingValue
Perf	INFO	2021-08-20T13:11:53.156-04:00	684343074260	C:\Users\leninne.pirovano\OneDrive - SCHEFFER\Documentos\Qlik\Sense\Apps\comtrade	-	Annotation Step: MissingValue Execution time:  0
Perf	INFO	2021-08-20T13:11:53.157-04:00	684343074533.4	C:\Users\leninne.pirovano\OneDrive - SCHEFFER\Documentos\Qlik\Sense\Apps\comtrade	-	Annotation Step: CompoundValue
Perf	INFO	2021-08-20T13:11:53.157-04:00	684343074942.1	C:\Users\leninne.pirovano\OneDrive - SCHEFFER\Documentos\Qlik\Sense\Apps\comtrade	-	Annotation Step: CompoundValue Execution time:  0
Perf	INFO	2021-08-20T13:11:53.157-04:00	684343075142.5	C:\Users\leninne.pirovano\OneDrive - SCHEFFER\Documentos\Qlik\Sense\Apps\comtrade	-	Annotation Step: RecommendedDataType
Perf	INFO	2021-08-20T13:11:53.158-04:00	684343075724.6	C:\Users\leninne.pirovano\OneDrive - SCHEFFER\Documentos\Qlik\Sense\Apps\comtrade	-	Annotation Step: RecommendedDataType Execution time:  1
Perf	INFO	2021-08-20T13:11:53.158-04:00	684343075903	C:\Users\leninne.pirovano\OneDrive - SCHEFFER\Documentos\Qlik\Sense\Apps\comtrade	-	Annotation Step: ValueDecorator
Perf	INFO	2021-08-20T13:11:53.159-04:00	684343076339.3	C:\Users\leninne.pirovano\OneDrive - SCHEFFER\Documentos\Qlik\Sense\Apps\comtrade	-	Annotation Step: ValueDecorator Execution time:  1
Perf	INFO	2021-08-20T13:11:53.159-04:00	684343076509.4	C:\Users\leninne.pirovano\OneDrive - SCHEFFER\Documentos\Qlik\Sense\Apps\comtrade	-	Annotation Step: SemanticClassifier
Perf	INFO	2021-08-20T13:11:53.165-04:00	684343082766.1	C:\Users\leninne.pirovano\OneDrive - SCHEFFER\Documentos\Qlik\Sense\Apps\comtrade	-	Annotation Step: SemanticClassifier Execution time:  6
Perf	INFO	2021-08-20T13:11:53.165-04:00	684343083060.2	C:\Users\leninne.pirovano\OneDrive - SCHEFFER\Documentos\Qlik\Sense\Apps\comtrade	-	Annotation Step: AdhocTransformations
Perf	INFO	2021-08-20T13:11:53.166-04:00	684343083433.3	C:\Users\leninne.pirovano\OneDrive - SCHEFFER\Documentos\Qlik\Sense\Apps\comtrade	-	Annotation Step: AdhocTransformations Execution time:  1
Perf	INFO	2021-08-20T13:11:53.166-04:00	684343083684.6	C:\Users\leninne.pirovano\OneDrive - SCHEFFER\Documentos\Qlik\Sense\Apps\comtrade	-	Annotation Step: AdhocCompoundValue
Perf	INFO	2021-08-20T13:11:53.166-04:00	684343083962.2	C:\Users\leninne.pirovano\OneDrive - SCHEFFER\Documentos\Qlik\Sense\Apps\comtrade	-	Annotation Step: AdhocCompoundValue Execution time:  0
Perf	INFO	2021-08-20T13:11:53.166-04:00	684343084179.7	C:\Users\leninne.pirovano\OneDrive - SCHEFFER\Documentos\Qlik\Sense\Apps\comtrade	-	Annotation Step: ValueBasedGeoClassifier
Perf	INFO	2021-08-20T13:11:53.168-04:00	684343086127.7	C:\Users\leninne.pirovano\OneDrive - SCHEFFER\Documentos\Qlik\Sense\Apps\comtrade	-	Annotation Step: ValueBasedGeoClassifier Execution time:  1
Perf	INFO	2021-08-20T13:11:53.169-04:00	684343086346.3	C:\Users\leninne.pirovano\OneDrive - SCHEFFER\Documentos\Qlik\Sense\Apps\comtrade	-	Annotation Step: CrossDatasetClassifier
Perf	INFO	2021-08-20T13:11:53.169-04:00	684343086747.9	C:\Users\leninne.pirovano\OneDrive - SCHEFFER\Documentos\Qlik\Sense\Apps\comtrade	-	Annotation Step: CrossDatasetClassifier Execution time:  0
Perf	INFO	2021-08-20T13:11:53.169-04:00	684343086960.5	C:\Users\leninne.pirovano\OneDrive - SCHEFFER\Documentos\Qlik\Sense\Apps\comtrade	-	Annotation Step: TimeBoundMeasureFinder
Perf	INFO	2021-08-20T13:11:53.169-04:00	684343087166.7	C:\Users\leninne.pirovano\OneDrive - SCHEFFER\Documentos\Qlik\Sense\Apps\comtrade	-	Annotation Step: TimeBoundMeasureFinder Execution time:  0
Perf	INFO	2021-08-20T13:11:53.170-04:00	684343087354.2	C:\Users\leninne.pirovano\OneDrive - SCHEFFER\Documentos\Qlik\Sense\Apps\comtrade	-	CLASSIFICATION_PIPELINE Execution time:  25
Perf	INFO	2021-08-20T13:11:53.170-04:00	684343087585.5	C:\Users\leninne.pirovano\OneDrive - SCHEFFER\Documentos\Qlik\Sense\Apps\comtrade	-	INIT_ANNOTATION_BOARD_TABLE_FIELDS: Tables&Fields Execution time:  75
Perf	INFO	2021-08-20T13:11:53.171-04:00	684343088398.1	C:\Users\leninne.pirovano\OneDrive - SCHEFFER\Documentos\Qlik\Sense\Apps\comtrade	-	GetClassificationHandler::execute
Perf	INFO	2021-08-20T13:11:53.171-04:00	684343088590.7	C:\Users\leninne.pirovano\OneDrive - SCHEFFER\Documentos\Qlik\Sense\Apps\comtrade	-	{"value":"OPEN_DATA_MANAGER_CORE","steps":[{"value":"GET_FEATURE_FLAGS","steps":[],"duration_ms":0},{"value":"QUERY_BUSINESS_MODEL","steps":[],"duration_ms":0},{"value":"ANNOTATION_QUEUE","steps":[],"duration_ms":0},{"value":"INIT_ANNOTATION_BOARD_TABLE_FIELDS: Tables&Fields","steps":[{"value":"GET_TABLES_AND_KEYS","steps":[],"duration_ms":3},{"value":"CALCULATE_FIELDS_FOR_NOT_FOUND_AND_TRANSFORMED: Field count: 36","steps":[],"duration_ms":0},{"value":"SAMPLES_AND_MIN_MAX","steps":[{"value":"SAMPLE_VALUE_RETRIEVAL: Field count: 36","steps":[],"duration_ms":31},{"value":"SAMPLE_VALUE_UPDATING","steps":[],"duration_ms":0},{"value":"MINMAX","steps":[],"duration_ms":7},{"value":"NUMERIC_RATIO","steps":[],"duration_ms":2}],"duration_ms":44},{"value":"CLASSIFICATION_PIPELINE","steps":[{"value":"Annotation Step: Tokenizer","steps":[],"duration_ms":8},{"value":"Annotation Step: CaptionDecorator","steps":[],"duration_ms":0},{"value":"Annotation Step: DateTime","steps":[],"duration_ms":1},{"value":"Annotation Step: MissingValue","steps":[],"duration_ms":0},{"value":"Annotation Step: CompoundValue","steps":[],"duration_ms":0},{"value":"Annotation Step: RecommendedDataType","steps":[],"duration_ms":1},{"value":"Annotation Step: ValueDecorator","steps":[],"duration_ms":1},{"value":"Annotation Step: SemanticClassifier","steps":[],"duration_ms":6},{"value":"Annotation Step: AdhocTransformations","steps":[],"duration_ms":1},{"value":"Annotation Step: AdhocCompoundValue","steps":[],"duration_ms":0},{"value":"Annotation Step: ValueBasedGeoClassifier","steps":[],"duration_ms":1},{"value":"Annotation Step: CrossDatasetClassifier","steps":[],"duration_ms":0},{"value":"Annotation Step: TimeBoundMeasureFinder","steps":[],"duration_ms":0}],"duration_ms":25}],"duration_ms":75}],"duration_ms":1}
Perf	INFO	2021-08-20T13:11:53.505-04:00	684343422362.5	C:\Users\leninne.pirovano\OneDrive - SCHEFFER\Documentos\Qlik\Sense\Apps\comtrade	-	OPEN_DATA_MANAGER_CORE
Perf	INFO	2021-08-20T13:11:53.506-04:00	684343423564.6	C:\Users\leninne.pirovano\OneDrive - SCHEFFER\Documentos\Qlik\Sense\Apps\comtrade	-	OPEN_DATA_MANAGER_CORE Execution time:  0
Perf	INFO	2021-08-20T13:11:53.507-04:00	684343424329.6	C:\Users\leninne.pirovano\OneDrive - SCHEFFER\Documentos\Qlik\Sense\Apps\comtrade	-	GET_FEATURE_FLAGS
Perf	INFO	2021-08-20T13:11:53.507-04:00	684343424637.4	C:\Users\leninne.pirovano\OneDrive - SCHEFFER\Documentos\Qlik\Sense\Apps\comtrade	-	GET_FEATURE_FLAGS Execution time:  0
Perf	INFO	2021-08-20T13:11:53.507-04:00	684343424908.9	C:\Users\leninne.pirovano\OneDrive - SCHEFFER\Documentos\Qlik\Sense\Apps\comtrade	-	QUERY_BUSINESS_MODEL
Perf	INFO	2021-08-20T13:11:53.508-04:00	684343425636.4	C:\Users\leninne.pirovano\OneDrive - SCHEFFER\Documentos\Qlik\Sense\Apps\comtrade	-	QUERY_BUSINESS_MODEL Execution time:  0
Perf	INFO	2021-08-20T13:11:53.508-04:00	684343425914.1	C:\Users\leninne.pirovano\OneDrive - SCHEFFER\Documentos\Qlik\Sense\Apps\comtrade	-	ANNOTATION_QUEUE
Perf	INFO	2021-08-20T13:11:53.508-04:00	684343426105.2	C:\Users\leninne.pirovano\OneDrive - SCHEFFER\Documentos\Qlik\Sense\Apps\comtrade	-	ANNOTATION_QUEUE Execution time:  0
Perf	INFO	2021-08-20T13:11:53.509-04:00	684343427097.8	C:\Users\leninne.pirovano\OneDrive - SCHEFFER\Documentos\Qlik\Sense\Apps\comtrade	-	INIT_ANNOTATION_BOARD_MASTER_ITEMS: MasterItems
Perf	INFO	2021-08-20T13:11:54.618-04:00	684344536121.7	C:\Users\leninne.pirovano\OneDrive - SCHEFFER\Documentos\Qlik\Sense\Apps\comtrade	-	CLASSIFICATION_PIPELINE
Perf	INFO	2021-08-20T13:11:54.619-04:00	684344536432.1	C:\Users\leninne.pirovano\OneDrive - SCHEFFER\Documentos\Qlik\Sense\Apps\comtrade	-	Annotation Step: Tokenizer
Perf	INFO	2021-08-20T13:11:54.620-04:00	684344537517.1	C:\Users\leninne.pirovano\OneDrive - SCHEFFER\Documentos\Qlik\Sense\Apps\comtrade	-	Annotation Step: Tokenizer Execution time:  1
Perf	INFO	2021-08-20T13:11:54.620-04:00	684344537758.1	C:\Users\leninne.pirovano\OneDrive - SCHEFFER\Documentos\Qlik\Sense\Apps\comtrade	-	Annotation Step: CaptionDecorator
Perf	INFO	2021-08-20T13:11:54.620-04:00	684344538228	C:\Users\leninne.pirovano\OneDrive - SCHEFFER\Documentos\Qlik\Sense\Apps\comtrade	-	Annotation Step: CaptionDecorator Execution time:  0
Perf	INFO	2021-08-20T13:11:54.621-04:00	684344538491.2	C:\Users\leninne.pirovano\OneDrive - SCHEFFER\Documentos\Qlik\Sense\Apps\comtrade	-	Annotation Step: DateTime
Perf	INFO	2021-08-20T13:11:54.621-04:00	684344538781.8	C:\Users\leninne.pirovano\OneDrive - SCHEFFER\Documentos\Qlik\Sense\Apps\comtrade	-	Annotation Step: DateTime Execution time:  0
Perf	INFO	2021-08-20T13:11:54.621-04:00	684344539031.7	C:\Users\leninne.pirovano\OneDrive - SCHEFFER\Documentos\Qlik\Sense\Apps\comtrade	-	Annotation Step: MissingValue
Perf	INFO	2021-08-20T13:11:54.621-04:00	684344539241.4	C:\Users\leninne.pirovano\OneDrive - SCHEFFER\Documentos\Qlik\Sense\Apps\comtrade	-	Annotation Step: MissingValue Execution time:  0
Perf	INFO	2021-08-20T13:11:54.622-04:00	684344539438.5	C:\Users\leninne.pirovano\OneDrive - SCHEFFER\Documentos\Qlik\Sense\Apps\comtrade	-	Annotation Step: CompoundValue
Perf	INFO	2021-08-20T13:11:54.622-04:00	684344539648.5	C:\Users\leninne.pirovano\OneDrive - SCHEFFER\Documentos\Qlik\Sense\Apps\comtrade	-	Annotation Step: CompoundValue Execution time:  0
Perf	INFO	2021-08-20T13:11:54.622-04:00	684344539838.3	C:\Users\leninne.pirovano\OneDrive - SCHEFFER\Documentos\Qlik\Sense\Apps\comtrade	-	Annotation Step: RecommendedDataType
Perf	INFO	2021-08-20T13:11:54.622-04:00	684344540048.1	C:\Users\leninne.pirovano\OneDrive - SCHEFFER\Documentos\Qlik\Sense\Apps\comtrade	-	Annotation Step: RecommendedDataType Execution time:  0
Perf	INFO	2021-08-20T13:11:54.622-04:00	684344540249.6	C:\Users\leninne.pirovano\OneDrive - SCHEFFER\Documentos\Qlik\Sense\Apps\comtrade	-	Annotation Step: ValueDecorator
Perf	INFO	2021-08-20T13:11:54.623-04:00	684344540433.1	C:\Users\leninne.pirovano\OneDrive - SCHEFFER\Documentos\Qlik\Sense\Apps\comtrade	-	Annotation Step: ValueDecorator Execution time:  0
Perf	INFO	2021-08-20T13:11:54.623-04:00	684344540584.2	C:\Users\leninne.pirovano\OneDrive - SCHEFFER\Documentos\Qlik\Sense\Apps\comtrade	-	Annotation Step: SemanticClassifier
Perf	INFO	2021-08-20T13:11:54.623-04:00	684344541044.2	C:\Users\leninne.pirovano\OneDrive - SCHEFFER\Documentos\Qlik\Sense\Apps\comtrade	-	Annotation Step: SemanticClassifier Execution time:  0
Perf	INFO	2021-08-20T13:11:54.623-04:00	684344541229.8	C:\Users\leninne.pirovano\OneDrive - SCHEFFER\Documentos\Qlik\Sense\Apps\comtrade	-	Annotation Step: AdhocTransformations
Perf	INFO	2021-08-20T13:11:54.624-04:00	684344541432.9	C:\Users\leninne.pirovano\OneDrive - SCHEFFER\Documentos\Qlik\Sense\Apps\comtrade	-	Annotation Step: AdhocTransformations Execution time:  0
Perf	INFO	2021-08-20T13:11:54.624-04:00	684344541611.7	C:\Users\leninne.pirovano\OneDrive - SCHEFFER\Documentos\Qlik\Sense\Apps\comtrade	-	Annotation Step: AdhocCompoundValue
Perf	INFO	2021-08-20T13:11:54.624-04:00	684344541804	C:\Users\leninne.pirovano\OneDrive - SCHEFFER\Documentos\Qlik\Sense\Apps\comtrade	-	Annotation Step: AdhocCompoundValue Execution time:  0
Perf	INFO	2021-08-20T13:11:54.624-04:00	684344541971.5	C:\Users\leninne.pirovano\OneDrive - SCHEFFER\Documentos\Qlik\Sense\Apps\comtrade	-	Annotation Step: ValueBasedGeoClassifier
Perf	INFO	2021-08-20T13:11:54.624-04:00	684344542182.8	C:\Users\leninne.pirovano\OneDrive - SCHEFFER\Documentos\Qlik\Sense\Apps\comtrade	-	Annotation Step: ValueBasedGeoClassifier Execution time:  0
Perf	INFO	2021-08-20T13:11:54.625-04:00	684344542340.9	C:\Users\leninne.pirovano\OneDrive - SCHEFFER\Documentos\Qlik\Sense\Apps\comtrade	-	Annotation Step: CrossDatasetClassifier
Perf	INFO	2021-08-20T13:11:54.625-04:00	684344542482	C:\Users\leninne.pirovano\OneDrive - SCHEFFER\Documentos\Qlik\Sense\Apps\comtrade	-	Annotation Step: CrossDatasetClassifier Execution time:  0
Perf	INFO	2021-08-20T13:11:54.625-04:00	684344542631.9	C:\Users\leninne.pirovano\OneDrive - SCHEFFER\Documentos\Qlik\Sense\Apps\comtrade	-	Annotation Step: TimeBoundMeasureFinder
Perf	INFO	2021-08-20T13:11:54.625-04:00	684344543194.7	C:\Users\leninne.pirovano\OneDrive - SCHEFFER\Documentos\Qlik\Sense\Apps\comtrade	-	Annotation Step: TimeBoundMeasureFinder Execution time:  0
Perf	INFO	2021-08-20T13:11:54.626-04:00	684344543360.7	C:\Users\leninne.pirovano\OneDrive - SCHEFFER\Documentos\Qlik\Sense\Apps\comtrade	-	CLASSIFICATION_PIPELINE Execution time:  7
Perf	INFO	2021-08-20T13:11:54.626-04:00	684344543515.1	C:\Users\leninne.pirovano\OneDrive - SCHEFFER\Documentos\Qlik\Sense\Apps\comtrade	-	INIT_ANNOTATION_BOARD_MASTER_ITEMS: MasterItems Execution time:  1117
Perf	INFO	2021-08-20T13:11:54.626-04:00	684344543721.7	C:\Users\leninne.pirovano\OneDrive - SCHEFFER\Documentos\Qlik\Sense\Apps\comtrade	-	OPEN_DATA_MANAGER_CORE Execution time:  NaN
Perf	INFO	2021-08-20T13:11:54.626-04:00	684344544160	C:\Users\leninne.pirovano\OneDrive - SCHEFFER\Documentos\Qlik\Sense\Apps\comtrade	-	INIT_ANNOTATION_BOARD_FIELD_STATS: FieldStats
Perf	INFO	2021-08-20T13:11:54.628-04:00	684344545946.3	C:\Users\leninne.pirovano\OneDrive - SCHEFFER\Documentos\Qlik\Sense\Apps\comtrade	-	INIT_ANNOTATION_BOARD_FIELD_STATS: FieldStats Execution time:  1
Perf	INFO	2021-08-20T13:11:54.629-04:00	684344546444	C:\Users\leninne.pirovano\OneDrive - SCHEFFER\Documentos\Qlik\Sense\Apps\comtrade	-	INIT_ANNOTATION_BOARD_DEPENDENCIES: AssociationCardinality
Perf	INFO	2021-08-20T13:11:54.629-04:00	684344546695.3	C:\Users\leninne.pirovano\OneDrive - SCHEFFER\Documentos\Qlik\Sense\Apps\comtrade	-	ATTRIBUTE_DETECTION
Perf	INFO	2021-08-20T13:11:54.655-04:00	684344572970.9	C:\Users\leninne.pirovano\OneDrive - SCHEFFER\Documentos\Qlik\Sense\Apps\comtrade	-	ATTRIBUTE_DETECTION Execution time:  26
Perf	INFO	2021-08-20T13:11:54.656-04:00	684344573268.1	C:\Users\leninne.pirovano\OneDrive - SCHEFFER\Documentos\Qlik\Sense\Apps\comtrade	-	INIT_ANNOTATION_BOARD_DEPENDENCIES: AssociationCardinality Execution time:  26
Perf	INFO	2021-08-20T13:11:54.656-04:00	684344573697.6	C:\Users\leninne.pirovano\OneDrive - SCHEFFER\Documentos\Qlik\Sense\Apps\comtrade	-	INIT_ANNOTATION_BOARD_DERIVED: DerivedFields
Perf	INFO	2021-08-20T13:11:54.659-04:00	684344576277.6	C:\Users\leninne.pirovano\OneDrive - SCHEFFER\Documentos\Qlik\Sense\Apps\comtrade	-	INIT_ANNOTATION_BOARD_DERIVED: DerivedFields Execution time:  2
Perf	INFO	2021-08-20T13:11:54.660-04:00	684344577346.9	C:\Users\leninne.pirovano\OneDrive - SCHEFFER\Documentos\Qlik\Sense\Apps\comtrade	-	APPLICATION_BASED_ANALYSIS
Perf	INFO	2021-08-20T13:11:54.660-04:00	684344577769.4	C:\Users\leninne.pirovano\OneDrive - SCHEFFER\Documentos\Qlik\Sense\Apps\comtrade	-	FIELDS_WITH_SELECTIONS
Perf	INFO	2021-08-20T13:11:54.661-04:00	684344579045	C:\Users\leninne.pirovano\OneDrive - SCHEFFER\Documentos\Qlik\Sense\Apps\comtrade	-	FIELDS_WITH_SELECTIONS Execution time:  1
Perf	INFO	2021-08-20T13:11:54.666-04:00	684344583456.5	C:\Users\leninne.pirovano\OneDrive - SCHEFFER\Documentos\Qlik\Sense\Apps\comtrade	-	RECOMMEND
Perf	INFO	2021-08-20T13:11:54.674-04:00	684344592169.8	C:\Users\leninne.pirovano\OneDrive - SCHEFFER\Documentos\Qlik\Sense\Apps\comtrade	-	RECOMMEND Execution time:  8
Perf	INFO	2021-08-20T13:11:54.675-04:00	684344592475.6	C:\Users\leninne.pirovano\OneDrive - SCHEFFER\Documentos\Qlik\Sense\Apps\comtrade	-	OVERALL_INDICATORS
Perf	INFO	2021-08-20T13:11:54.675-04:00	684344592759.9	C:\Users\leninne.pirovano\OneDrive - SCHEFFER\Documentos\Qlik\Sense\Apps\comtrade	-	OVERALL_INDICATORS Execution time:  0
Perf	INFO	2021-08-20T13:11:54.675-04:00	684344593104.3	C:\Users\leninne.pirovano\OneDrive - SCHEFFER\Documentos\Qlik\Sense\Apps\comtrade	-	MARK_FOR_RELATIONS
Perf	INFO	2021-08-20T13:11:54.676-04:00	684344593382.6	C:\Users\leninne.pirovano\OneDrive - SCHEFFER\Documentos\Qlik\Sense\Apps\comtrade	-	MARK_FOR_RELATIONS Execution time:  1
Perf	INFO	2021-08-20T13:11:54.677-04:00	684344594996.1	C:\Users\leninne.pirovano\OneDrive - SCHEFFER\Documentos\Qlik\Sense\Apps\comtrade	-	APPLICATION_BASED_ANALYSIS Execution time:  17
Perf	INFO	2021-08-20T13:11:54.677-04:00	684344595180	C:\Users\leninne.pirovano\OneDrive - SCHEFFER\Documentos\Qlik\Sense\Apps\comtrade	-	GitVisRecommendations complete
Perf	INFO	2021-08-20T13:11:54.678-04:00	684344595385.1	C:\Users\leninne.pirovano\OneDrive - SCHEFFER\Documentos\Qlik\Sense\Apps\comtrade	-	{"value":"OPEN_DATA_MANAGER_CORE","steps":[{"value":"GET_FEATURE_FLAGS","steps":[],"duration_ms":0},{"value":"QUERY_BUSINESS_MODEL","steps":[],"duration_ms":0},{"value":"ANNOTATION_QUEUE","steps":[],"duration_ms":0},{"value":"INIT_ANNOTATION_BOARD_MASTER_ITEMS: MasterItems","steps":[{"value":"CLASSIFICATION_PIPELINE","steps":[{"value":"Annotation Step: Tokenizer","steps":[],"duration_ms":1},{"value":"Annotation Step: CaptionDecorator","steps":[],"duration_ms":0},{"value":"Annotation Step: DateTime","steps":[],"duration_ms":0},{"value":"Annotation Step: MissingValue","steps":[],"duration_ms":0},{"value":"Annotation Step: CompoundValue","steps":[],"duration_ms":0},{"value":"Annotation Step: RecommendedDataType","steps":[],"duration_ms":0},{"value":"Annotation Step: ValueDecorator","steps":[],"duration_ms":0},{"value":"Annotation Step: SemanticClassifier","steps":[],"duration_ms":0},{"value":"Annotation Step: AdhocTransformations","steps":[],"duration_ms":0},{"value":"Annotation Step: AdhocCompoundValue","steps":[],"duration_ms":0},{"value":"Annotation Step: ValueBasedGeoClassifier","steps":[],"duration_ms":0},{"value":"Annotation Step: CrossDatasetClassifier","steps":[],"duration_ms":0},{"value":"Annotation Step: TimeBoundMeasureFinder","steps":[],"duration_ms":0}],"duration_ms":7}],"duration_ms":1117},{"value":"INIT_ANNOTATION_BOARD_FIELD_STATS: FieldStats","steps":[],"duration_ms":1},{"value":"INIT_ANNOTATION_BOARD_DEPENDENCIES: AssociationCardinality","steps":[{"value":"ATTRIBUTE_DETECTION","steps":[],"duration_ms":26}],"duration_ms":26},{"value":"INIT_ANNOTATION_BOARD_DERIVED: DerivedFields","steps":[],"duration_ms":2},{"value":"APPLICATION_BASED_ANALYSIS","steps":[{"value":"FIELDS_WITH_SELECTIONS","steps":[],"duration_ms":1},{"value":"RECOMMEND","steps":[],"duration_ms":8},{"value":"OVERALL_INDICATORS","steps":[],"duration_ms":0},{"value":"MARK_FOR_RELATIONS","steps":[],"duration_ms":1}],"duration_ms":17}],"duration_ms":null}
Perf	INFO	2021-08-20T13:11:54.678-04:00	684344595791.7	C:\Users\leninne.pirovano\OneDrive - SCHEFFER\Documentos\Qlik\Sense\Apps\comtrade	-	GetVisRecommendationHandler::execute
Perf	INFO	2021-08-20T13:11:54.678-04:00	684344596045.7	C:\Users\leninne.pirovano\OneDrive - SCHEFFER\Documentos\Qlik\Sense\Apps\comtrade	-	{"value":"OPEN_DATA_MANAGER_CORE","steps":[{"value":"GET_FEATURE_FLAGS","steps":[],"duration_ms":0},{"value":"QUERY_BUSINESS_MODEL","steps":[],"duration_ms":0},{"value":"ANNOTATION_QUEUE","steps":[],"duration_ms":0},{"value":"INIT_ANNOTATION_BOARD_MASTER_ITEMS: MasterItems","steps":[{"value":"CLASSIFICATION_PIPELINE","steps":[{"value":"Annotation Step: Tokenizer","steps":[],"duration_ms":1},{"value":"Annotation Step: CaptionDecorator","steps":[],"duration_ms":0},{"value":"Annotation Step: DateTime","steps":[],"duration_ms":0},{"value":"Annotation Step: MissingValue","steps":[],"duration_ms":0},{"value":"Annotation Step: CompoundValue","steps":[],"duration_ms":0},{"value":"Annotation Step: RecommendedDataType","steps":[],"duration_ms":0},{"value":"Annotation Step: ValueDecorator","steps":[],"duration_ms":0},{"value":"Annotation Step: SemanticClassifier","steps":[],"duration_ms":0},{"value":"Annotation Step: AdhocTransformations","steps":[],"duration_ms":0},{"value":"Annotation Step: AdhocCompoundValue","steps":[],"duration_ms":0},{"value":"Annotation Step: ValueBasedGeoClassifier","steps":[],"duration_ms":0},{"value":"Annotation Step: CrossDatasetClassifier","steps":[],"duration_ms":0},{"value":"Annotation Step: TimeBoundMeasureFinder","steps":[],"duration_ms":0}],"duration_ms":7}],"duration_ms":1117},{"value":"INIT_ANNOTATION_BOARD_FIELD_STATS: FieldStats","steps":[],"duration_ms":1},{"value":"INIT_ANNOTATION_BOARD_DEPENDENCIES: AssociationCardinality","steps":[{"value":"ATTRIBUTE_DETECTION","steps":[],"duration_ms":26}],"duration_ms":26},{"value":"INIT_ANNOTATION_BOARD_DERIVED: DerivedFields","steps":[],"duration_ms":2},{"value":"APPLICATION_BASED_ANALYSIS","steps":[{"value":"FIELDS_WITH_SELECTIONS","steps":[],"duration_ms":1},{"value":"RECOMMEND","steps":[],"duration_ms":8},{"value":"OVERALL_INDICATORS","steps":[],"duration_ms":0},{"value":"MARK_FOR_RELATIONS","steps":[],"duration_ms":1}],"duration_ms":17}],"duration_ms":null}
Perf	INFO	2021-08-20T16:02:16.739-04:00	694566433042.4	C:\Users\leninne.pirovano\OneDrive - SCHEFFER\Documentos\Qlik\Sense\Apps\comtrade	-	OPEN_DATA_MANAGER_CORE
Perf	INFO	2021-08-20T16:02:16.741-04:00	694566435259.2	C:\Users\leninne.pirovano\OneDrive - SCHEFFER\Documentos\Qlik\Sense\Apps\comtrade	-	OPEN_DATA_MANAGER_CORE Execution time:  1
Perf	INFO	2021-08-20T16:02:16.741-04:00	694566435474.3	C:\Users\leninne.pirovano\OneDrive - SCHEFFER\Documentos\Qlik\Sense\Apps\comtrade	-	GET_FEATURE_FLAGS
Perf	INFO	2021-08-20T16:02:16.742-04:00	694566436224	C:\Users\leninne.pirovano\OneDrive - SCHEFFER\Documentos\Qlik\Sense\Apps\comtrade	-	GET_FEATURE_FLAGS Execution time:  1
Perf	INFO	2021-08-20T16:02:16.742-04:00	694566436459.8	C:\Users\leninne.pirovano\OneDrive - SCHEFFER\Documentos\Qlik\Sense\Apps\comtrade	-	QUERY_BUSINESS_MODEL
Perf	INFO	2021-08-20T16:02:16.742-04:00	694566436898.4	C:\Users\leninne.pirovano\OneDrive - SCHEFFER\Documentos\Qlik\Sense\Apps\comtrade	-	QUERY_BUSINESS_MODEL Execution time:  0
Perf	INFO	2021-08-20T16:02:16.744-04:00	694566438030.5	C:\Users\leninne.pirovano\OneDrive - SCHEFFER\Documentos\Qlik\Sense\Apps\comtrade	-	ANNOTATION_QUEUE
Perf	INFO	2021-08-20T16:02:16.744-04:00	694566438783.8	C:\Users\leninne.pirovano\OneDrive - SCHEFFER\Documentos\Qlik\Sense\Apps\comtrade	-	ANNOTATION_QUEUE Execution time:  0
Perf	INFO	2021-08-20T16:02:16.752-04:00	694566446465.3	C:\Users\leninne.pirovano\OneDrive - SCHEFFER\Documentos\Qlik\Sense\Apps\comtrade	-	INIT_ANNOTATION_BOARD_TABLE_FIELDS: Tables&Fields
Perf	INFO	2021-08-20T16:02:16.752-04:00	694566446848.7	C:\Users\leninne.pirovano\OneDrive - SCHEFFER\Documentos\Qlik\Sense\Apps\comtrade	-	GET_TABLES_AND_KEYS
Perf	INFO	2021-08-20T16:02:16.766-04:00	694566460072.9	C:\Users\leninne.pirovano\OneDrive - SCHEFFER\Documentos\Qlik\Sense\Apps\comtrade	-	GET_TABLES_AND_KEYS Execution time:  13
Perf	INFO	2021-08-20T16:02:16.767-04:00	694566461707.9	C:\Users\leninne.pirovano\OneDrive - SCHEFFER\Documentos\Qlik\Sense\Apps\comtrade	-	CALCULATE_FIELDS_FOR_NOT_FOUND_AND_TRANSFORMED: Field count: 35
Perf	INFO	2021-08-20T16:02:16.768-04:00	694566462042.8	C:\Users\leninne.pirovano\OneDrive - SCHEFFER\Documentos\Qlik\Sense\Apps\comtrade	-	CALCULATE_FIELDS_FOR_NOT_FOUND_AND_TRANSFORMED: Field count: 35 Execution time:  0
Perf	INFO	2021-08-20T16:02:16.769-04:00	694566463060.5	C:\Users\leninne.pirovano\OneDrive - SCHEFFER\Documentos\Qlik\Sense\Apps\comtrade	-	SAMPLES_AND_MIN_MAX
Perf	INFO	2021-08-20T16:02:16.772-04:00	694566466153.5	C:\Users\leninne.pirovano\OneDrive - SCHEFFER\Documentos\Qlik\Sense\Apps\comtrade	-	SAMPLE_VALUE_RETRIEVAL: Field count: 35
Perf	INFO	2021-08-20T16:02:16.890-04:00	694566584680.8	C:\Users\leninne.pirovano\OneDrive - SCHEFFER\Documentos\Qlik\Sense\Apps\comtrade	-	SAMPLE_VALUE_RETRIEVAL: Field count: 35 Execution time:  118
Perf	INFO	2021-08-20T16:02:16.891-04:00	694566584999.1	C:\Users\leninne.pirovano\OneDrive - SCHEFFER\Documentos\Qlik\Sense\Apps\comtrade	-	SAMPLE_VALUE_UPDATING
Perf	INFO	2021-08-20T16:02:16.891-04:00	694566585436.9	C:\Users\leninne.pirovano\OneDrive - SCHEFFER\Documentos\Qlik\Sense\Apps\comtrade	-	SAMPLE_VALUE_UPDATING Execution time:  0
Perf	INFO	2021-08-20T16:02:16.892-04:00	694566586632	C:\Users\leninne.pirovano\OneDrive - SCHEFFER\Documentos\Qlik\Sense\Apps\comtrade	-	MINMAX
Perf	INFO	2021-08-20T16:02:16.900-04:00	694566594544.7	C:\Users\leninne.pirovano\OneDrive - SCHEFFER\Documentos\Qlik\Sense\Apps\comtrade	-	MINMAX Execution time:  7
Perf	INFO	2021-08-20T16:02:16.903-04:00	694566597050	C:\Users\leninne.pirovano\OneDrive - SCHEFFER\Documentos\Qlik\Sense\Apps\comtrade	-	NUMERIC_RATIO
Perf	INFO	2021-08-20T16:02:16.905-04:00	694566599659	C:\Users\leninne.pirovano\OneDrive - SCHEFFER\Documentos\Qlik\Sense\Apps\comtrade	-	NUMERIC_RATIO Execution time:  2
Perf	INFO	2021-08-20T16:02:16.906-04:00	694566600091.9	C:\Users\leninne.pirovano\OneDrive - SCHEFFER\Documentos\Qlik\Sense\Apps\comtrade	-	SAMPLES_AND_MIN_MAX Execution time:  137
Perf	INFO	2021-08-20T16:02:16.908-04:00	694566602870.9	C:\Users\leninne.pirovano\OneDrive - SCHEFFER\Documentos\Qlik\Sense\Apps\comtrade	-	CLASSIFICATION_PIPELINE
Perf	INFO	2021-08-20T16:02:16.909-04:00	694566603905.9	C:\Users\leninne.pirovano\OneDrive - SCHEFFER\Documentos\Qlik\Sense\Apps\comtrade	-	Annotation Step: Tokenizer
Perf	INFO	2021-08-20T16:02:16.917-04:00	694566611834.2	C:\Users\leninne.pirovano\OneDrive - SCHEFFER\Documentos\Qlik\Sense\Apps\comtrade	-	Annotation Step: Tokenizer Execution time:  7
Perf	INFO	2021-08-20T16:02:16.918-04:00	694566612621	C:\Users\leninne.pirovano\OneDrive - SCHEFFER\Documentos\Qlik\Sense\Apps\comtrade	-	Annotation Step: CaptionDecorator
Perf	INFO	2021-08-20T16:02:16.919-04:00	694566613462.8	C:\Users\leninne.pirovano\OneDrive - SCHEFFER\Documentos\Qlik\Sense\Apps\comtrade	-	Annotation Step: CaptionDecorator Execution time:  1
Perf	INFO	2021-08-20T16:02:16.919-04:00	694566613880.6	C:\Users\leninne.pirovano\OneDrive - SCHEFFER\Documentos\Qlik\Sense\Apps\comtrade	-	Annotation Step: DateTime
Perf	INFO	2021-08-20T16:02:16.920-04:00	694566614496.4	C:\Users\leninne.pirovano\OneDrive - SCHEFFER\Documentos\Qlik\Sense\Apps\comtrade	-	Annotation Step: DateTime Execution time:  0
Perf	INFO	2021-08-20T16:02:16.920-04:00	694566614655.6	C:\Users\leninne.pirovano\OneDrive - SCHEFFER\Documentos\Qlik\Sense\Apps\comtrade	-	Annotation Step: MissingValue
Perf	INFO	2021-08-20T16:02:16.920-04:00	694566614851.7	C:\Users\leninne.pirovano\OneDrive - SCHEFFER\Documentos\Qlik\Sense\Apps\comtrade	-	Annotation Step: MissingValue Execution time:  0
Perf	INFO	2021-08-20T16:02:16.921-04:00	694566615020	C:\Users\leninne.pirovano\OneDrive - SCHEFFER\Documentos\Qlik\Sense\Apps\comtrade	-	Annotation Step: CompoundValue
Perf	INFO	2021-08-20T16:02:16.921-04:00	694566615212.4	C:\Users\leninne.pirovano\OneDrive - SCHEFFER\Documentos\Qlik\Sense\Apps\comtrade	-	Annotation Step: CompoundValue Execution time:  0
Perf	INFO	2021-08-20T16:02:16.921-04:00	694566615356.3	C:\Users\leninne.pirovano\OneDrive - SCHEFFER\Documentos\Qlik\Sense\Apps\comtrade	-	Annotation Step: RecommendedDataType
Perf	INFO	2021-08-20T16:02:16.921-04:00	694566615737.5	C:\Users\leninne.pirovano\OneDrive - SCHEFFER\Documentos\Qlik\Sense\Apps\comtrade	-	Annotation Step: RecommendedDataType Execution time:  0
Perf	INFO	2021-08-20T16:02:16.921-04:00	694566615903.3	C:\Users\leninne.pirovano\OneDrive - SCHEFFER\Documentos\Qlik\Sense\Apps\comtrade	-	Annotation Step: ValueDecorator
Perf	INFO	2021-08-20T16:02:16.922-04:00	694566616448.2	C:\Users\leninne.pirovano\OneDrive - SCHEFFER\Documentos\Qlik\Sense\Apps\comtrade	-	Annotation Step: ValueDecorator Execution time:  0
Perf	INFO	2021-08-20T16:02:16.922-04:00	694566616593.1	C:\Users\leninne.pirovano\OneDrive - SCHEFFER\Documentos\Qlik\Sense\Apps\comtrade	-	Annotation Step: SemanticClassifier
Perf	INFO	2021-08-20T16:02:16.932-04:00	694566626578.8	C:\Users\leninne.pirovano\OneDrive - SCHEFFER\Documentos\Qlik\Sense\Apps\comtrade	-	Annotation Step: SemanticClassifier Execution time:  10
Perf	INFO	2021-08-20T16:02:16.933-04:00	694566627129.1	C:\Users\leninne.pirovano\OneDrive - SCHEFFER\Documentos\Qlik\Sense\Apps\comtrade	-	Annotation Step: AdhocTransformations
Perf	INFO	2021-08-20T16:02:16.933-04:00	694566627528.1	C:\Users\leninne.pirovano\OneDrive - SCHEFFER\Documentos\Qlik\Sense\Apps\comtrade	-	Annotation Step: AdhocTransformations Execution time:  0
Perf	INFO	2021-08-20T16:02:16.933-04:00	694566627758.3	C:\Users\leninne.pirovano\OneDrive - SCHEFFER\Documentos\Qlik\Sense\Apps\comtrade	-	Annotation Step: AdhocCompoundValue
Perf	INFO	2021-08-20T16:02:16.933-04:00	694566627943.8	C:\Users\leninne.pirovano\OneDrive - SCHEFFER\Documentos\Qlik\Sense\Apps\comtrade	-	Annotation Step: AdhocCompoundValue Execution time:  0
Perf	INFO	2021-08-20T16:02:16.934-04:00	694566628075.8	C:\Users\leninne.pirovano\OneDrive - SCHEFFER\Documentos\Qlik\Sense\Apps\comtrade	-	Annotation Step: ValueBasedGeoClassifier
Perf	INFO	2021-08-20T16:02:16.950-04:00	694566644112.8	C:\Users\leninne.pirovano\OneDrive - SCHEFFER\Documentos\Qlik\Sense\Apps\comtrade	-	Annotation Step: ValueBasedGeoClassifier Execution time:  16
Perf	INFO	2021-08-20T16:02:16.950-04:00	694566644805.8	C:\Users\leninne.pirovano\OneDrive - SCHEFFER\Documentos\Qlik\Sense\Apps\comtrade	-	Annotation Step: CrossDatasetClassifier
Perf	INFO	2021-08-20T16:02:16.951-04:00	694566645373.5	C:\Users\leninne.pirovano\OneDrive - SCHEFFER\Documentos\Qlik\Sense\Apps\comtrade	-	Annotation Step: CrossDatasetClassifier Execution time:  0
Perf	INFO	2021-08-20T16:02:16.951-04:00	694566645619.8	C:\Users\leninne.pirovano\OneDrive - SCHEFFER\Documentos\Qlik\Sense\Apps\comtrade	-	Annotation Step: TimeBoundMeasureFinder
Perf	INFO	2021-08-20T16:02:16.951-04:00	694566645825.2	C:\Users\leninne.pirovano\OneDrive - SCHEFFER\Documentos\Qlik\Sense\Apps\comtrade	-	Annotation Step: TimeBoundMeasureFinder Execution time:  0
Perf	INFO	2021-08-20T16:02:16.952-04:00	694566646073.8	C:\Users\leninne.pirovano\OneDrive - SCHEFFER\Documentos\Qlik\Sense\Apps\comtrade	-	CLASSIFICATION_PIPELINE Execution time:  43
Perf	INFO	2021-08-20T16:02:16.952-04:00	694566646292.4	C:\Users\leninne.pirovano\OneDrive - SCHEFFER\Documentos\Qlik\Sense\Apps\comtrade	-	INIT_ANNOTATION_BOARD_TABLE_FIELDS: Tables&Fields Execution time:  200
Perf	INFO	2021-08-20T16:02:16.953-04:00	694566646986.2	C:\Users\leninne.pirovano\OneDrive - SCHEFFER\Documentos\Qlik\Sense\Apps\comtrade	-	GetClassificationHandler::execute
Perf	INFO	2021-08-20T16:02:16.953-04:00	694566647189.6	C:\Users\leninne.pirovano\OneDrive - SCHEFFER\Documentos\Qlik\Sense\Apps\comtrade	-	{"value":"OPEN_DATA_MANAGER_CORE","steps":[{"value":"GET_FEATURE_FLAGS","steps":[],"duration_ms":1},{"value":"QUERY_BUSINESS_MODEL","steps":[],"duration_ms":0},{"value":"ANNOTATION_QUEUE","steps":[],"duration_ms":0},{"value":"INIT_ANNOTATION_BOARD_TABLE_FIELDS: Tables&Fields","steps":[{"value":"GET_TABLES_AND_KEYS","steps":[],"duration_ms":13},{"value":"CALCULATE_FIELDS_FOR_NOT_FOUND_AND_TRANSFORMED: Field count: 35","steps":[],"duration_ms":0},{"value":"SAMPLES_AND_MIN_MAX","steps":[{"value":"SAMPLE_VALUE_RETRIEVAL: Field count: 35","steps":[],"duration_ms":118},{"value":"SAMPLE_VALUE_UPDATING","steps":[],"duration_ms":0},{"value":"MINMAX","steps":[],"duration_ms":7},{"value":"NUMERIC_RATIO","steps":[],"duration_ms":2}],"duration_ms":137},{"value":"CLASSIFICATION_PIPELINE","steps":[{"value":"Annotation Step: Tokenizer","steps":[],"duration_ms":7},{"value":"Annotation Step: CaptionDecorator","steps":[],"duration_ms":1},{"value":"Annotation Step: DateTime","steps":[],"duration_ms":0},{"value":"Annotation Step: MissingValue","steps":[],"duration_ms":0},{"value":"Annotation Step: CompoundValue","steps":[],"duration_ms":0},{"value":"Annotation Step: RecommendedDataType","steps":[],"duration_ms":0},{"value":"Annotation Step: ValueDecorator","steps":[],"duration_ms":0},{"value":"Annotation Step: SemanticClassifier","steps":[],"duration_ms":10},{"value":"Annotation Step: AdhocTransformations","steps":[],"duration_ms":0},{"value":"Annotation Step: AdhocCompoundValue","steps":[],"duration_ms":0},{"value":"Annotation Step: ValueBasedGeoClassifier","steps":[],"duration_ms":16},{"value":"Annotation Step: CrossDatasetClassifier","steps":[],"duration_ms":0},{"value":"Annotation Step: TimeBoundMeasureFinder","steps":[],"duration_ms":0}],"duration_ms":43}],"duration_ms":200}],"duration_ms":1}
