Logger	Severity	Date	MicroSeconds	AppId	UserId	Message
Perf	INFO	2021-08-19T14:24:22.927-04:00	602292085117.8	C:\Users\leninne.pirovano\OneDrive - SCHEFFER\Documentos\Qlik\Sense\Apps\comtrade	-	OPEN_DATA_MANAGER_CORE
Perf	INFO	2021-08-19T14:24:22.936-04:00	602292093429.3	C:\Users\leninne.pirovano\OneDrive - SCHEFFER\Documentos\Qlik\Sense\Apps\comtrade	-	OPEN_DATA_MANAGER_CORE Execution time:  7
Perf	INFO	2021-08-19T14:24:22.936-04:00	602292093821.9	C:\Users\leninne.pirovano\OneDrive - SCHEFFER\Documentos\Qlik\Sense\Apps\comtrade	-	GET_FEATURE_FLAGS
Perf	INFO	2021-08-19T14:24:22.936-04:00	602292094153.1	C:\Users\leninne.pirovano\OneDrive - SCHEFFER\Documentos\Qlik\Sense\Apps\comtrade	-	GET_FEATURE_FLAGS Execution time:  0
Perf	INFO	2021-08-19T14:24:22.937-04:00	602292094603.9	C:\Users\leninne.pirovano\OneDrive - SCHEFFER\Documentos\Qlik\Sense\Apps\comtrade	-	QUERY_BUSINESS_MODEL
Perf	INFO	2021-08-19T14:24:22.937-04:00	602292094998.2	C:\Users\leninne.pirovano\OneDrive - SCHEFFER\Documentos\Qlik\Sense\Apps\comtrade	-	QUERY_BUSINESS_MODEL Execution time:  0
Perf	INFO	2021-08-19T14:24:22.940-04:00	602292098053.2	C:\Users\leninne.pirovano\OneDrive - SCHEFFER\Documentos\Qlik\Sense\Apps\comtrade	-	ANNOTATION_QUEUE
Perf	INFO	2021-08-19T14:24:22.941-04:00	602292098322.6	C:\Users\leninne.pirovano\OneDrive - SCHEFFER\Documentos\Qlik\Sense\Apps\comtrade	-	ANNOTATION_QUEUE Execution time:  1
Perf	INFO	2021-08-19T14:24:22.953-04:00	602292110638.2	C:\Users\leninne.pirovano\OneDrive - SCHEFFER\Documentos\Qlik\Sense\Apps\comtrade	-	INIT_ANNOTATION_BOARD_TABLE_FIELDS: Tables&Fields
Perf	INFO	2021-08-19T14:24:22.956-04:00	602292113297.2	C:\Users\leninne.pirovano\OneDrive - SCHEFFER\Documentos\Qlik\Sense\Apps\comtrade	-	GET_TABLES_AND_KEYS
Perf	INFO	2021-08-19T14:24:22.961-04:00	602292119174.5	C:\Users\leninne.pirovano\OneDrive - SCHEFFER\Documentos\Qlik\Sense\Apps\comtrade	-	GET_TABLES_AND_KEYS Execution time:  5
Perf	INFO	2021-08-19T14:24:22.964-04:00	602292122034.5	C:\Users\leninne.pirovano\OneDrive - SCHEFFER\Documentos\Qlik\Sense\Apps\comtrade	-	CALCULATE_FIELDS_FOR_NOT_FOUND_AND_TRANSFORMED: Field count: 36
Perf	INFO	2021-08-19T14:24:22.965-04:00	602292122715.1	C:\Users\leninne.pirovano\OneDrive - SCHEFFER\Documentos\Qlik\Sense\Apps\comtrade	-	CALCULATE_FIELDS_FOR_NOT_FOUND_AND_TRANSFORMED: Field count: 36 Execution time:  1
Perf	INFO	2021-08-19T14:24:22.965-04:00	602292122979.5	C:\Users\leninne.pirovano\OneDrive - SCHEFFER\Documentos\Qlik\Sense\Apps\comtrade	-	SAMPLES_AND_MIN_MAX
Perf	INFO	2021-08-19T14:24:22.971-04:00	602292129154.3	C:\Users\leninne.pirovano\OneDrive - SCHEFFER\Documentos\Qlik\Sense\Apps\comtrade	-	SAMPLE_VALUE_RETRIEVAL: Field count: 36
Perf	INFO	2021-08-19T14:24:23.021-04:00	602292178798.6	C:\Users\leninne.pirovano\OneDrive - SCHEFFER\Documentos\Qlik\Sense\Apps\comtrade	-	SAMPLE_VALUE_RETRIEVAL: Field count: 36 Execution time:  49
Perf	INFO	2021-08-19T14:24:23.021-04:00	602292179125.1	C:\Users\leninne.pirovano\OneDrive - SCHEFFER\Documentos\Qlik\Sense\Apps\comtrade	-	SAMPLE_VALUE_UPDATING
Perf	INFO	2021-08-19T14:24:23.022-04:00	602292179595.6	C:\Users\leninne.pirovano\OneDrive - SCHEFFER\Documentos\Qlik\Sense\Apps\comtrade	-	SAMPLE_VALUE_UPDATING Execution time:  0
Perf	INFO	2021-08-19T14:24:23.023-04:00	602292180756.9	C:\Users\leninne.pirovano\OneDrive - SCHEFFER\Documentos\Qlik\Sense\Apps\comtrade	-	MINMAX
Perf	INFO	2021-08-19T14:24:23.030-04:00	602292188238.2	C:\Users\leninne.pirovano\OneDrive - SCHEFFER\Documentos\Qlik\Sense\Apps\comtrade	-	MINMAX Execution time:  7
Perf	INFO	2021-08-19T14:24:23.031-04:00	602292188481.2	C:\Users\leninne.pirovano\OneDrive - SCHEFFER\Documentos\Qlik\Sense\Apps\comtrade	-	NUMERIC_RATIO
Perf	INFO	2021-08-19T14:24:23.032-04:00	602292190138.8	C:\Users\leninne.pirovano\OneDrive - SCHEFFER\Documentos\Qlik\Sense\Apps\comtrade	-	NUMERIC_RATIO Execution time:  1
Perf	INFO	2021-08-19T14:24:23.033-04:00	602292190324	C:\Users\leninne.pirovano\OneDrive - SCHEFFER\Documentos\Qlik\Sense\Apps\comtrade	-	SAMPLES_AND_MIN_MAX Execution time:  68
Perf	INFO	2021-08-19T14:24:23.035-04:00	602292193120	C:\Users\leninne.pirovano\OneDrive - SCHEFFER\Documentos\Qlik\Sense\Apps\comtrade	-	CLASSIFICATION_PIPELINE
Perf	INFO	2021-08-19T14:24:23.037-04:00	602292194284.8	C:\Users\leninne.pirovano\OneDrive - SCHEFFER\Documentos\Qlik\Sense\Apps\comtrade	-	Annotation Step: Tokenizer
Perf	INFO	2021-08-19T14:24:23.054-04:00	602292211335.5	C:\Users\leninne.pirovano\OneDrive - SCHEFFER\Documentos\Qlik\Sense\Apps\comtrade	-	Annotation Step: Tokenizer Execution time:  16
Perf	INFO	2021-08-19T14:24:23.054-04:00	602292211712.5	C:\Users\leninne.pirovano\OneDrive - SCHEFFER\Documentos\Qlik\Sense\Apps\comtrade	-	Annotation Step: CaptionDecorator
Perf	INFO	2021-08-19T14:24:23.054-04:00	602292212138.1	C:\Users\leninne.pirovano\OneDrive - SCHEFFER\Documentos\Qlik\Sense\Apps\comtrade	-	Annotation Step: CaptionDecorator Execution time:  0
Perf	INFO	2021-08-19T14:24:23.055-04:00	602292212513.2	C:\Users\leninne.pirovano\OneDrive - SCHEFFER\Documentos\Qlik\Sense\Apps\comtrade	-	Annotation Step: DateTime
Perf	INFO	2021-08-19T14:24:23.057-04:00	602292214468.5	C:\Users\leninne.pirovano\OneDrive - SCHEFFER\Documentos\Qlik\Sense\Apps\comtrade	-	Annotation Step: DateTime Execution time:  2
Perf	INFO	2021-08-19T14:24:23.057-04:00	602292214669.6	C:\Users\leninne.pirovano\OneDrive - SCHEFFER\Documentos\Qlik\Sense\Apps\comtrade	-	Annotation Step: MissingValue
Perf	INFO	2021-08-19T14:24:23.057-04:00	602292214933.7	C:\Users\leninne.pirovano\OneDrive - SCHEFFER\Documentos\Qlik\Sense\Apps\comtrade	-	Annotation Step: MissingValue Execution time:  0
Perf	INFO	2021-08-19T14:24:23.058-04:00	602292215404	C:\Users\leninne.pirovano\OneDrive - SCHEFFER\Documentos\Qlik\Sense\Apps\comtrade	-	Annotation Step: CompoundValue
Perf	INFO	2021-08-19T14:24:23.059-04:00	602292216403	C:\Users\leninne.pirovano\OneDrive - SCHEFFER\Documentos\Qlik\Sense\Apps\comtrade	-	Annotation Step: CompoundValue Execution time:  1
Perf	INFO	2021-08-19T14:24:23.059-04:00	602292216571.8	C:\Users\leninne.pirovano\OneDrive - SCHEFFER\Documentos\Qlik\Sense\Apps\comtrade	-	Annotation Step: RecommendedDataType
Perf	INFO	2021-08-19T14:24:23.059-04:00	602292217199.2	C:\Users\leninne.pirovano\OneDrive - SCHEFFER\Documentos\Qlik\Sense\Apps\comtrade	-	Annotation Step: RecommendedDataType Execution time:  0
Perf	INFO	2021-08-19T14:24:23.060-04:00	602292217579.7	C:\Users\leninne.pirovano\OneDrive - SCHEFFER\Documentos\Qlik\Sense\Apps\comtrade	-	Annotation Step: ValueDecorator
Perf	INFO	2021-08-19T14:24:23.061-04:00	602292218584	C:\Users\leninne.pirovano\OneDrive - SCHEFFER\Documentos\Qlik\Sense\Apps\comtrade	-	Annotation Step: ValueDecorator Execution time:  1
Perf	INFO	2021-08-19T14:24:23.062-04:00	602292219342.7	C:\Users\leninne.pirovano\OneDrive - SCHEFFER\Documentos\Qlik\Sense\Apps\comtrade	-	Annotation Step: SemanticClassifier
Perf	INFO	2021-08-19T14:24:23.072-04:00	602292229835.5	C:\Users\leninne.pirovano\OneDrive - SCHEFFER\Documentos\Qlik\Sense\Apps\comtrade	-	Annotation Step: SemanticClassifier Execution time:  9
Perf	INFO	2021-08-19T14:24:23.073-04:00	602292230449.8	C:\Users\leninne.pirovano\OneDrive - SCHEFFER\Documentos\Qlik\Sense\Apps\comtrade	-	Annotation Step: AdhocTransformations
Perf	INFO	2021-08-19T14:24:23.073-04:00	602292231238.9	C:\Users\leninne.pirovano\OneDrive - SCHEFFER\Documentos\Qlik\Sense\Apps\comtrade	-	Annotation Step: AdhocTransformations Execution time:  0
Perf	INFO	2021-08-19T14:24:23.075-04:00	602292232375.1	C:\Users\leninne.pirovano\OneDrive - SCHEFFER\Documentos\Qlik\Sense\Apps\comtrade	-	Annotation Step: AdhocCompoundValue
Perf	INFO	2021-08-19T14:24:23.075-04:00	602292233045.3	C:\Users\leninne.pirovano\OneDrive - SCHEFFER\Documentos\Qlik\Sense\Apps\comtrade	-	Annotation Step: AdhocCompoundValue Execution time:  0
Perf	INFO	2021-08-19T14:24:23.076-04:00	602292233399.7	C:\Users\leninne.pirovano\OneDrive - SCHEFFER\Documentos\Qlik\Sense\Apps\comtrade	-	Annotation Step: ValueBasedGeoClassifier
Perf	INFO	2021-08-19T14:24:23.083-04:00	602292241165.4	C:\Users\leninne.pirovano\OneDrive - SCHEFFER\Documentos\Qlik\Sense\Apps\comtrade	-	Annotation Step: ValueBasedGeoClassifier Execution time:  7
Perf	INFO	2021-08-19T14:24:23.084-04:00	602292241596.7	C:\Users\leninne.pirovano\OneDrive - SCHEFFER\Documentos\Qlik\Sense\Apps\comtrade	-	Annotation Step: CrossDatasetClassifier
Perf	INFO	2021-08-19T14:24:23.085-04:00	602292242371.5	C:\Users\leninne.pirovano\OneDrive - SCHEFFER\Documentos\Qlik\Sense\Apps\comtrade	-	Annotation Step: CrossDatasetClassifier Execution time:  1
Perf	INFO	2021-08-19T14:24:23.085-04:00	602292242733.9	C:\Users\leninne.pirovano\OneDrive - SCHEFFER\Documentos\Qlik\Sense\Apps\comtrade	-	Annotation Step: TimeBoundMeasureFinder
Perf	INFO	2021-08-19T14:24:23.085-04:00	602292243003.1	C:\Users\leninne.pirovano\OneDrive - SCHEFFER\Documentos\Qlik\Sense\Apps\comtrade	-	Annotation Step: TimeBoundMeasureFinder Execution time:  0
Perf	INFO	2021-08-19T14:24:23.086-04:00	602292243315.3	C:\Users\leninne.pirovano\OneDrive - SCHEFFER\Documentos\Qlik\Sense\Apps\comtrade	-	CLASSIFICATION_PIPELINE Execution time:  50
Perf	INFO	2021-08-19T14:24:23.086-04:00	602292243703.6	C:\Users\leninne.pirovano\OneDrive - SCHEFFER\Documentos\Qlik\Sense\Apps\comtrade	-	INIT_ANNOTATION_BOARD_TABLE_FIELDS: Tables&Fields Execution time:  133
Perf	INFO	2021-08-19T14:24:23.087-04:00	602292245080.7	C:\Users\leninne.pirovano\OneDrive - SCHEFFER\Documentos\Qlik\Sense\Apps\comtrade	-	GetClassificationHandler::execute
Perf	INFO	2021-08-19T14:24:23.088-04:00	602292245552.4	C:\Users\leninne.pirovano\OneDrive - SCHEFFER\Documentos\Qlik\Sense\Apps\comtrade	-	{"value":"OPEN_DATA_MANAGER_CORE","steps":[{"value":"GET_FEATURE_FLAGS","steps":[],"duration_ms":0},{"value":"QUERY_BUSINESS_MODEL","steps":[],"duration_ms":0},{"value":"ANNOTATION_QUEUE","steps":[],"duration_ms":1},{"value":"INIT_ANNOTATION_BOARD_TABLE_FIELDS: Tables&Fields","steps":[{"value":"GET_TABLES_AND_KEYS","steps":[],"duration_ms":5},{"value":"CALCULATE_FIELDS_FOR_NOT_FOUND_AND_TRANSFORMED: Field count: 36","steps":[],"duration_ms":1},{"value":"SAMPLES_AND_MIN_MAX","steps":[{"value":"SAMPLE_VALUE_RETRIEVAL: Field count: 36","steps":[],"duration_ms":49},{"value":"SAMPLE_VALUE_UPDATING","steps":[],"duration_ms":0},{"value":"MINMAX","steps":[],"duration_ms":7},{"value":"NUMERIC_RATIO","steps":[],"duration_ms":1}],"duration_ms":68},{"value":"CLASSIFICATION_PIPELINE","steps":[{"value":"Annotation Step: Tokenizer","steps":[],"duration_ms":16},{"value":"Annotation Step: CaptionDecorator","steps":[],"duration_ms":0},{"value":"Annotation Step: DateTime","steps":[],"duration_ms":2},{"value":"Annotation Step: MissingValue","steps":[],"duration_ms":0},{"value":"Annotation Step: CompoundValue","steps":[],"duration_ms":1},{"value":"Annotation Step: RecommendedDataType","steps":[],"duration_ms":0},{"value":"Annotation Step: ValueDecorator","steps":[],"duration_ms":1},{"value":"Annotation Step: SemanticClassifier","steps":[],"duration_ms":9},{"value":"Annotation Step: AdhocTransformations","steps":[],"duration_ms":0},{"value":"Annotation Step: AdhocCompoundValue","steps":[],"duration_ms":0},{"value":"Annotation Step: ValueBasedGeoClassifier","steps":[],"duration_ms":7},{"value":"Annotation Step: CrossDatasetClassifier","steps":[],"duration_ms":1},{"value":"Annotation Step: TimeBoundMeasureFinder","steps":[],"duration_ms":0}],"duration_ms":50}],"duration_ms":133}],"duration_ms":7}
