Logger	Severity	Date	MicroSeconds	ipAddress	AppId	UserId	Message
Audit	INFO	2021-08-19T13:07:31.375-04:00	597680532462.3	-	C:\Users\leninne.pirovano\OneDrive - SCHEFFER\Documentos\Qlik\Sense\Apps\testtes 2221211121	-	RPC Session Create: in context ws
Audit	INFO	2021-08-19T13:07:31.376-04:00	597680534117.6	-	C:\Users\leninne.pirovano\OneDrive - SCHEFFER\Documentos\Qlik\Sense\Apps\testtes 2221211121	-	Client connected /dataprepservice/app/C%3A%5CUsers%5Cleninne.pirovano%5COneDrive%20-%20SCHEFFER%5CDocumentos%5CQlik%5CSense%5CApps%5Ctesttes%202221211121.qvf?reloadUri=http%3A%2F%2Flocalhost%3A4848%2Fsense%2Fapp%2FC%253A%255CUsers%255Cleninne.pirovano%255COneDrive%2520-%2520SCHEFFER%255CDocumentos%255CQlik%255CSense%255CApps%255Ctesttes%25202221211121.qvf%2Ffeature%2Fdesktop_authentication Open sessions: 1 Open rest initiated sessions: 0 Open ws initiated sessions: 1 Total client ws connections: 1 # of clients connected to application: 1
Audit	INFO	2021-08-19T13:07:31.398-04:00	597680555442.5	-	C:\Users\leninne.pirovano\OneDrive - SCHEFFER\Documentos\Qlik\Sense\Apps\testtes 2221211121	-	RPC Session Attach: in context rest
Audit	INFO	2021-08-19T13:07:31.416-04:00	597680574336.7	-	C:\Users\leninne.pirovano\OneDrive - SCHEFFER\Documentos\Qlik\Sense\Apps\testtes 2221211121	-	Engine connection established. Active engine connections: 1
Audit	INFO	2021-08-19T13:09:08.778-04:00	597777936311.1	-	C:\Users\leninne.pirovano\OneDrive - SCHEFFER\Documentos\Qlik\Sense\Apps\comtrade	-	RPC Session Create: in context ws
Audit	INFO	2021-08-19T13:09:08.780-04:00	597777937767.6	-	C:\Users\leninne.pirovano\OneDrive - SCHEFFER\Documentos\Qlik\Sense\Apps\comtrade	-	Client connected /dataprepservice/app/C%3A%5CUsers%5Cleninne.pirovano%5COneDrive%20-%20SCHEFFER%5CDocumentos%5CQlik%5CSense%5CApps%5Ccomtrade.qvf?reloadUri=http%3A%2F%2Flocalhost%3A4848%2Fsense%2Fapp%2FC%253A%255CUsers%255Cleninne.pirovano%255COneDrive%2520-%2520SCHEFFER%255CDocumentos%255CQlik%255CSense%255CApps%255Ccomtrade.qvf%2Ffeature%2Fdesktop_authentication Open sessions: 2 Open rest initiated sessions: 0 Open ws initiated sessions: 2 Total client ws connections: 2 # of clients connected to application: 1
Audit	INFO	2021-08-19T13:09:08.799-04:00	597777956968.8	-	C:\Users\leninne.pirovano\OneDrive - SCHEFFER\Documentos\Qlik\Sense\Apps\comtrade	-	RPC Session Attach: in context rest
Audit	INFO	2021-08-19T13:09:08.801-04:00	597777959034.9	-	C:\Users\leninne.pirovano\OneDrive - SCHEFFER\Documentos\Qlik\Sense\Apps\comtrade	-	Engine connection established. Active engine connections: 2
Audit	INFO	2021-08-19T13:15:20.013-04:00	598149171054.6	-	C:\Users\leninne.pirovano\OneDrive - SCHEFFER\Documentos\Qlik\Sense\Apps\testtes 2221211121	-	RPC Session is inactive
Audit	INFO	2021-08-19T13:15:20.013-04:00	598149171735.8	-	C:\Users\leninne.pirovano\OneDrive - SCHEFFER\Documentos\Qlik\Sense\Apps\comtrade	-	RPC Session is inactive
Audit	INFO	2021-08-19T13:17:25.103-04:00	598274265421.7	-	C:\Users\leninne.pirovano\OneDrive - SCHEFFER\Documentos\Qlik\Sense\Apps\comtrade	-	RPC Session Attach: in context ws
Audit	INFO	2021-08-19T13:17:25.104-04:00	598274266073.5	-	C:\Users\leninne.pirovano\OneDrive - SCHEFFER\Documentos\Qlik\Sense\Apps\comtrade	-	Client connected /dataprepservice/app/C%3A%5CUsers%5Cleninne.pirovano%5COneDrive%20-%20SCHEFFER%5CDocumentos%5CQlik%5CSense%5CApps%5Ccomtrade.qvf?reloadUri=http%3A%2F%2Flocalhost%3A4848%2Fdataloadeditor%2Fapp%2FC%253A%255CUsers%255Cleninne.pirovano%255COneDrive%2520-%2520SCHEFFER%255CDocumentos%255CQlik%255CSense%255CApps%255Ccomtrade.qvf%2Ffeature%2Fdesktop_authentication Open sessions: 2 Open rest initiated sessions: 0 Open ws initiated sessions: 2 Total client ws connections: 3 # of clients connected to application: 2
Audit	INFO	2021-08-19T13:20:00.714-04:00	598429878340.3	-	C:\Users\leninne.pirovano\OneDrive - SCHEFFER\Documentos\Qlik\Sense\Apps\comtrade	-	RPC Session Attach: in context ws
Audit	INFO	2021-08-19T13:20:00.714-04:00	598429878702.4	-	C:\Users\leninne.pirovano\OneDrive - SCHEFFER\Documentos\Qlik\Sense\Apps\comtrade	-	Client connected /dataprepservice/app/C%3A%5CUsers%5Cleninne.pirovano%5COneDrive%20-%20SCHEFFER%5CDocumentos%5CQlik%5CSense%5CApps%5Ccomtrade.qvf?reloadUri=http%3A%2F%2Flocalhost%3A4848%2Fdatamodelviewer%2Fapp%2FC%253A%255CUsers%255Cleninne.pirovano%255COneDrive%2520-%2520SCHEFFER%255CDocumentos%255CQlik%255CSense%255CApps%255Ccomtrade.qvf%2Ffeature%2Fdesktop_authentication Open sessions: 2 Open rest initiated sessions: 0 Open ws initiated sessions: 2 Total client ws connections: 4 # of clients connected to application: 3
Audit	INFO	2021-08-19T13:25:20.021-04:00	598749185266	-	C:\Users\leninne.pirovano\OneDrive - SCHEFFER\Documentos\Qlik\Sense\Apps\testtes 2221211121	-	RPC Session is inactive
Audit	INFO	2021-08-19T13:25:20.021-04:00	598749185605.9	-	C:\Users\leninne.pirovano\OneDrive - SCHEFFER\Documentos\Qlik\Sense\Apps\comtrade	-	RPC Session is inactive
Audit	INFO	2021-08-19T13:31:23.294-04:00	599112458830	-	C:\Users\leninne.pirovano\OneDrive - SCHEFFER\Documentos\Qlik\Sense\Apps\Comércio Exterior - Algodão	-	RPC Session Create: in context ws
Audit	INFO	2021-08-19T13:31:23.299-04:00	599112463159.1	-	C:\Users\leninne.pirovano\OneDrive - SCHEFFER\Documentos\Qlik\Sense\Apps\Comércio Exterior - Algodão	-	Client connected /dataprepservice/app/C%3A%5CUsers%5Cleninne.pirovano%5COneDrive%20-%20SCHEFFER%5CDocumentos%5CQlik%5CSense%5CApps%5CCom%C3%A9rcio%20Exterior%20-%20Algod%C3%A3o.qvf?reloadUri=http%3A%2F%2Flocalhost%3A4848%2Fsense%2Fapp%2FC%253A%255CUsers%255Cleninne.pirovano%255COneDrive%2520-%2520SCHEFFER%255CDocumentos%255CQlik%255CSense%255CApps%255CCom%25C3%25A9rcio%2520Exterior%2520-%2520Algod%25C3%25A3o.qvf%2Ffeature%2Fdesktop_authentication Open sessions: 3 Open rest initiated sessions: 0 Open ws initiated sessions: 3 Total client ws connections: 5 # of clients connected to application: 1
Audit	INFO	2021-08-19T13:31:23.317-04:00	599112481854	-	C:\Users\leninne.pirovano\OneDrive - SCHEFFER\Documentos\Qlik\Sense\Apps\Comércio Exterior - Algodão	-	RPC Session Attach: in context rest
Audit	INFO	2021-08-19T13:31:23.319-04:00	599112483180.3	-	C:\Users\leninne.pirovano\OneDrive - SCHEFFER\Documentos\Qlik\Sense\Apps\Comércio Exterior - Algodão	-	Engine connection established. Active engine connections: 3
Audit	INFO	2021-08-19T13:32:25.615-04:00	599174779517.6	-	C:\Users\leninne.pirovano\OneDrive - SCHEFFER\Documentos\Qlik\Sense\Apps\Comércio Exterior - Algodão	-	Client closed connection, clearing session...}
Audit	INFO	2021-08-19T13:32:25.617-04:00	599174780998.4	-	C:\Users\leninne.pirovano\OneDrive - SCHEFFER\Documentos\Qlik\Sense\Apps\Comércio Exterior - Algodão	-	Engine connection released. Active engine connections: 2
Audit	INFO	2021-08-19T13:32:25.617-04:00	599174781582.1	-	C:\Users\leninne.pirovano\OneDrive - SCHEFFER\Documentos\Qlik\Sense\Apps\Comércio Exterior - Algodão	-	Client closed connection: C:\Users\leninne.pirovano\OneDrive - SCHEFFER\Documentos\Qlik\Sense\Apps\Comércio Exterior - Algodão Open sessions: 2 Open rest initiated sessions: 0 Open ws initiated sessions: 2 Total client ws connections: 4 # of clients connected to application: 0
Audit	INFO	2021-08-19T13:35:20.033-04:00	599349197242.3	-	C:\Users\leninne.pirovano\OneDrive - SCHEFFER\Documentos\Qlik\Sense\Apps\testtes 2221211121	-	RPC Session is inactive
Audit	INFO	2021-08-19T13:35:20.033-04:00	599349197708.9	-	C:\Users\leninne.pirovano\OneDrive - SCHEFFER\Documentos\Qlik\Sense\Apps\comtrade	-	RPC Session is inactive
Audit	INFO	2021-08-19T13:45:20.037-04:00	599949201548.6	-	C:\Users\leninne.pirovano\OneDrive - SCHEFFER\Documentos\Qlik\Sense\Apps\testtes 2221211121	-	RPC Session is inactive
Audit	INFO	2021-08-19T13:45:20.038-04:00	599949202313.3	-	C:\Users\leninne.pirovano\OneDrive - SCHEFFER\Documentos\Qlik\Sense\Apps\comtrade	-	RPC Session is inactive
Audit	INFO	2021-08-19T13:45:20.099-04:00	599949263339.9	-	C:\Users\leninne.pirovano\OneDrive - SCHEFFER\Documentos\Qlik\Sense\Apps\testtes 2221211121	-	DPS Rest session has reached expiry, clearing rest session
Audit	INFO	2021-08-19T13:52:24.631-04:00	600373793514.6	-	C:\Users\leninne.pirovano\OneDrive - SCHEFFER\Documentos\Qlik\Sense\Apps\Comércio Exterior - Algodão	-	RPC Session Create: in context ws
Audit	INFO	2021-08-19T13:52:24.631-04:00	600373793912.3	-	C:\Users\leninne.pirovano\OneDrive - SCHEFFER\Documentos\Qlik\Sense\Apps\Comércio Exterior - Algodão	-	Client connected /dataprepservice/app/C%3A%5CUsers%5Cleninne.pirovano%5COneDrive%20-%20SCHEFFER%5CDocumentos%5CQlik%5CSense%5CApps%5CCom%C3%A9rcio%20Exterior%20-%20Algod%C3%A3o.qvf?reloadUri=http%3A%2F%2Flocalhost%3A4848%2Fsense%2Fapp%2FC%253A%255CUsers%255Cleninne.pirovano%255COneDrive%2520-%2520SCHEFFER%255CDocumentos%255CQlik%255CSense%255CApps%255CCom%25C3%25A9rcio%2520Exterior%2520-%2520Algod%25C3%25A3o.qvf%2Ffeature%2Fdesktop_authentication Open sessions: 3 Open rest initiated sessions: 0 Open ws initiated sessions: 3 Total client ws connections: 5 # of clients connected to application: 1
Audit	INFO	2021-08-19T13:52:24.644-04:00	600373806905.9	-	C:\Users\leninne.pirovano\OneDrive - SCHEFFER\Documentos\Qlik\Sense\Apps\Comércio Exterior - Algodão	-	RPC Session Attach: in context rest
Audit	INFO	2021-08-19T13:52:24.647-04:00	600373809694.2	-	C:\Users\leninne.pirovano\OneDrive - SCHEFFER\Documentos\Qlik\Sense\Apps\Comércio Exterior - Algodão	-	Engine connection established. Active engine connections: 3
Audit	INFO	2021-08-19T13:53:04.669-04:00	600413830735.5	-	C:\Users\leninne.pirovano\OneDrive - SCHEFFER\Documentos\Qlik\Sense\Apps\Comércio Exterior - Algodão	-	Client closed connection, clearing session...}
Audit	INFO	2021-08-19T13:53:04.669-04:00	600413831338.3	-	C:\Users\leninne.pirovano\OneDrive - SCHEFFER\Documentos\Qlik\Sense\Apps\Comércio Exterior - Algodão	-	Engine connection released. Active engine connections: 2
Audit	INFO	2021-08-19T13:53:04.670-04:00	600413832265.8	-	C:\Users\leninne.pirovano\OneDrive - SCHEFFER\Documentos\Qlik\Sense\Apps\Comércio Exterior - Algodão	-	Client closed connection: C:\Users\leninne.pirovano\OneDrive - SCHEFFER\Documentos\Qlik\Sense\Apps\Comércio Exterior - Algodão Open sessions: 2 Open rest initiated sessions: 0 Open ws initiated sessions: 2 Total client ws connections: 4 # of clients connected to application: 0
Audit	INFO	2021-08-19T13:55:20.044-04:00	600549205564.5	-	C:\Users\leninne.pirovano\OneDrive - SCHEFFER\Documentos\Qlik\Sense\Apps\testtes 2221211121	-	RPC Session is inactive
Audit	INFO	2021-08-19T13:55:20.044-04:00	600549206347.9	-	C:\Users\leninne.pirovano\OneDrive - SCHEFFER\Documentos\Qlik\Sense\Apps\comtrade	-	RPC Session is inactive
Audit	INFO	2021-08-19T13:55:20.105-04:00	600549267165.6	-	C:\Users\leninne.pirovano\OneDrive - SCHEFFER\Documentos\Qlik\Sense\Apps\comtrade	-	DPS Rest session has reached expiry, clearing rest session
Audit	INFO	2021-08-19T14:02:35.035-04:00	600984196555.2	-	C:\Users\leninne.pirovano\OneDrive - SCHEFFER\Documentos\Qlik\Sense\Apps\Comércio Exterior - Algodão	-	RPC Session Create: in context ws
Audit	INFO	2021-08-19T14:02:35.035-04:00	600984197011	-	C:\Users\leninne.pirovano\OneDrive - SCHEFFER\Documentos\Qlik\Sense\Apps\Comércio Exterior - Algodão	-	Client connected /dataprepservice/app/C%3A%5CUsers%5Cleninne.pirovano%5COneDrive%20-%20SCHEFFER%5CDocumentos%5CQlik%5CSense%5CApps%5CCom%C3%A9rcio%20Exterior%20-%20Algod%C3%A3o.qvf?reloadUri=http%3A%2F%2Flocalhost%3A4848%2Fsense%2Fapp%2FC%253A%255CUsers%255Cleninne.pirovano%255COneDrive%2520-%2520SCHEFFER%255CDocumentos%255CQlik%255CSense%255CApps%255CCom%25C3%25A9rcio%2520Exterior%2520-%2520Algod%25C3%25A3o.qvf%2Ffeature%2Fdesktop_authentication Open sessions: 3 Open rest initiated sessions: 0 Open ws initiated sessions: 3 Total client ws connections: 5 # of clients connected to application: 1
Audit	INFO	2021-08-19T14:02:35.047-04:00	600984208933.9	-	C:\Users\leninne.pirovano\OneDrive - SCHEFFER\Documentos\Qlik\Sense\Apps\Comércio Exterior - Algodão	-	RPC Session Attach: in context rest
Audit	INFO	2021-08-19T14:02:35.048-04:00	600984210057.3	-	C:\Users\leninne.pirovano\OneDrive - SCHEFFER\Documentos\Qlik\Sense\Apps\Comércio Exterior - Algodão	-	Engine connection established. Active engine connections: 3
Audit	INFO	2021-08-19T14:05:20.035-04:00	601149196645.2	-	2f7a26ae-48c0-3c69-25fd-bf27c027	UserDirectory = INTERNAL; UserID= sa_engine	Engine connection established. Active engine connections: 4
Audit	INFO	2021-08-19T14:05:20.057-04:00	601149219196.3	-	C:\Users\leninne.pirovano\OneDrive - SCHEFFER\Documentos\Qlik\Sense\Apps\testtes 2221211121	-	RPC Session is inactive
Audit	INFO	2021-08-19T14:05:20.059-04:00	601149220953	-	C:\Users\leninne.pirovano\OneDrive - SCHEFFER\Documentos\Qlik\Sense\Apps\comtrade	-	RPC Session is inactive
Audit	INFO	2021-08-19T14:05:20.060-04:00	601149221642.7	-	C:\Users\leninne.pirovano\OneDrive - SCHEFFER\Documentos\Qlik\Sense\Apps\Comércio Exterior - Algodão	-	RPC Session is inactive
Audit	INFO	2021-08-19T14:05:20.122-04:00	601149284368.1	-	2f7a26ae-48c0-3c69-25fd-bf27c027	UserDirectory = INTERNAL; UserID= sa_engine	Engine connection released. Active engine connections: 3
Audit	INFO	2021-08-19T14:15:20.073-04:00	601749231960.7	-	C:\Users\leninne.pirovano\OneDrive - SCHEFFER\Documentos\Qlik\Sense\Apps\testtes 2221211121	-	RPC Session is inactive
Audit	INFO	2021-08-19T14:15:20.074-04:00	601749233275	-	C:\Users\leninne.pirovano\OneDrive - SCHEFFER\Documentos\Qlik\Sense\Apps\comtrade	-	RPC Session is inactive
Audit	INFO	2021-08-19T14:15:20.074-04:00	601749233551	-	C:\Users\leninne.pirovano\OneDrive - SCHEFFER\Documentos\Qlik\Sense\Apps\Comércio Exterior - Algodão	-	RPC Session is inactive
Audit	INFO	2021-08-19T14:24:22.910-04:00	602292067808	-	C:\Users\leninne.pirovano\OneDrive - SCHEFFER\Documentos\Qlik\Sense\Apps\comtrade	-	RPC Session Attach: in context rest
Audit	INFO	2021-08-19T14:25:20.087-04:00	602349244348.5	-	C:\Users\leninne.pirovano\OneDrive - SCHEFFER\Documentos\Qlik\Sense\Apps\testtes 2221211121	-	RPC Session is inactive
Audit	INFO	2021-08-19T14:25:20.088-04:00	602349245211.6	-	C:\Users\leninne.pirovano\OneDrive - SCHEFFER\Documentos\Qlik\Sense\Apps\comtrade	-	RPC Session is inactive
Audit	INFO	2021-08-19T14:25:20.089-04:00	602349245988.7	-	C:\Users\leninne.pirovano\OneDrive - SCHEFFER\Documentos\Qlik\Sense\Apps\Comércio Exterior - Algodão	-	RPC Session is inactive
Audit	INFO	2021-08-19T14:35:20.100-04:00	602949253602	-	C:\Users\leninne.pirovano\OneDrive - SCHEFFER\Documentos\Qlik\Sense\Apps\testtes 2221211121	-	RPC Session is inactive
Audit	INFO	2021-08-19T14:35:20.101-04:00	602949254495.9	-	C:\Users\leninne.pirovano\OneDrive - SCHEFFER\Documentos\Qlik\Sense\Apps\comtrade	-	RPC Session is inactive
Audit	INFO	2021-08-19T14:35:20.101-04:00	602949254738.8	-	C:\Users\leninne.pirovano\OneDrive - SCHEFFER\Documentos\Qlik\Sense\Apps\Comércio Exterior - Algodão	-	RPC Session is inactive
Audit	INFO	2021-08-19T14:35:20.162-04:00	602949315440.3	-	C:\Users\leninne.pirovano\OneDrive - SCHEFFER\Documentos\Qlik\Sense\Apps\Comércio Exterior - Algodão	-	DPS Rest session has reached expiry, clearing rest session
Audit	INFO	2021-08-19T14:45:20.102-04:00	603549255031.8	-	C:\Users\leninne.pirovano\OneDrive - SCHEFFER\Documentos\Qlik\Sense\Apps\testtes 2221211121	-	RPC Session is inactive
Audit	INFO	2021-08-19T14:45:20.106-04:00	603549258948.2	-	C:\Users\leninne.pirovano\OneDrive - SCHEFFER\Documentos\Qlik\Sense\Apps\comtrade	-	RPC Session is inactive
Audit	INFO	2021-08-19T14:45:20.106-04:00	603549259217.6	-	C:\Users\leninne.pirovano\OneDrive - SCHEFFER\Documentos\Qlik\Sense\Apps\Comércio Exterior - Algodão	-	RPC Session is inactive
Audit	INFO	2021-08-19T14:55:20.102-04:00	604149255933.3	-	C:\Users\leninne.pirovano\OneDrive - SCHEFFER\Documentos\Qlik\Sense\Apps\testtes 2221211121	-	RPC Session is inactive
Audit	INFO	2021-08-19T14:55:20.106-04:00	604149259635.8	-	C:\Users\leninne.pirovano\OneDrive - SCHEFFER\Documentos\Qlik\Sense\Apps\comtrade	-	RPC Session is inactive
Audit	INFO	2021-08-19T14:55:20.107-04:00	604149260452.3	-	C:\Users\leninne.pirovano\OneDrive - SCHEFFER\Documentos\Qlik\Sense\Apps\Comércio Exterior - Algodão	-	RPC Session is inactive
Audit	INFO	2021-08-19T14:55:20.178-04:00	604149331734.8	-	C:\Users\leninne.pirovano\OneDrive - SCHEFFER\Documentos\Qlik\Sense\Apps\comtrade	-	DPS Rest session has reached expiry, clearing rest session
Audit	INFO	2021-08-19T15:05:20.029-04:00	604749181408.6	-	729fc836-64f8-d8a9-89bd-26b5b608	UserDirectory = INTERNAL; UserID= sa_engine	Engine connection established. Active engine connections: 4
Audit	INFO	2021-08-19T15:05:20.104-04:00	604749256460.8	-	C:\Users\leninne.pirovano\OneDrive - SCHEFFER\Documentos\Qlik\Sense\Apps\testtes 2221211121	-	RPC Session is inactive
Audit	INFO	2021-08-19T15:05:20.106-04:00	604749258082	-	C:\Users\leninne.pirovano\OneDrive - SCHEFFER\Documentos\Qlik\Sense\Apps\comtrade	-	RPC Session is inactive
Audit	INFO	2021-08-19T15:05:20.106-04:00	604749258670	-	C:\Users\leninne.pirovano\OneDrive - SCHEFFER\Documentos\Qlik\Sense\Apps\Comércio Exterior - Algodão	-	RPC Session is inactive
Audit	INFO	2021-08-19T15:05:20.133-04:00	604749285341	-	729fc836-64f8-d8a9-89bd-26b5b608	UserDirectory = INTERNAL; UserID= sa_engine	Engine connection released. Active engine connections: 3
Audit	INFO	2021-08-19T15:15:20.112-04:00	605349263347.9	-	C:\Users\leninne.pirovano\OneDrive - SCHEFFER\Documentos\Qlik\Sense\Apps\testtes 2221211121	-	RPC Session is inactive
Audit	INFO	2021-08-19T15:15:20.113-04:00	605349264201.4	-	C:\Users\leninne.pirovano\OneDrive - SCHEFFER\Documentos\Qlik\Sense\Apps\comtrade	-	RPC Session is inactive
Audit	INFO	2021-08-19T15:15:20.116-04:00	605349267154.6	-	C:\Users\leninne.pirovano\OneDrive - SCHEFFER\Documentos\Qlik\Sense\Apps\Comércio Exterior - Algodão	-	RPC Session is inactive
Audit	INFO	2021-08-19T15:25:20.122-04:00	605949271233	-	C:\Users\leninne.pirovano\OneDrive - SCHEFFER\Documentos\Qlik\Sense\Apps\testtes 2221211121	-	RPC Session is inactive
Audit	INFO	2021-08-19T15:25:20.123-04:00	605949272587.5	-	C:\Users\leninne.pirovano\OneDrive - SCHEFFER\Documentos\Qlik\Sense\Apps\comtrade	-	RPC Session is inactive
Audit	INFO	2021-08-19T15:25:20.123-04:00	605949273009.2	-	C:\Users\leninne.pirovano\OneDrive - SCHEFFER\Documentos\Qlik\Sense\Apps\Comércio Exterior - Algodão	-	RPC Session is inactive
Audit	INFO	2021-08-19T15:27:00.675-04:00	606049824173.2	-	C:\Users\leninne.pirovano\OneDrive - SCHEFFER\Documentos\Qlik\Sense\Apps\Analise US	-	RPC Session Create: in context ws
Audit	INFO	2021-08-19T15:27:00.675-04:00	606049824841.8	-	C:\Users\leninne.pirovano\OneDrive - SCHEFFER\Documentos\Qlik\Sense\Apps\Analise US	-	Client connected /dataprepservice/app/C%3A%5CUsers%5Cleninne.pirovano%5COneDrive%20-%20SCHEFFER%5CDocumentos%5CQlik%5CSense%5CApps%5CAnalise%20US.qvf?reloadUri=http%3A%2F%2Flocalhost%3A4848%2Fsense%2Fapp%2FC%253A%255CUsers%255Cleninne.pirovano%255COneDrive%2520-%2520SCHEFFER%255CDocumentos%255CQlik%255CSense%255CApps%255CAnalise%2520US.qvf%2Ffeature%2Fdesktop_authentication Open sessions: 4 Open rest initiated sessions: 0 Open ws initiated sessions: 4 Total client ws connections: 6 # of clients connected to application: 1
Audit	INFO	2021-08-19T15:27:00.692-04:00	606049841220.3	-	C:\Users\leninne.pirovano\OneDrive - SCHEFFER\Documentos\Qlik\Sense\Apps\Analise US	-	RPC Session Attach: in context rest
Audit	INFO	2021-08-19T15:27:00.697-04:00	606049846487.6	-	C:\Users\leninne.pirovano\OneDrive - SCHEFFER\Documentos\Qlik\Sense\Apps\Analise US	-	Engine connection established. Active engine connections: 4
Audit	INFO	2021-08-19T15:27:10.571-04:00	606059720970.6	-	C:\Users\leninne.pirovano\OneDrive - SCHEFFER\Documentos\Qlik\Sense\Apps\Analise US	-	RPC Session Attach: in context ws
Audit	INFO	2021-08-19T15:27:10.572-04:00	606059721420.2	-	C:\Users\leninne.pirovano\OneDrive - SCHEFFER\Documentos\Qlik\Sense\Apps\Analise US	-	Client connected /dataprepservice/app/C%3A%5CUsers%5Cleninne.pirovano%5COneDrive%20-%20SCHEFFER%5CDocumentos%5CQlik%5CSense%5CApps%5CAnalise%20US.qvf?reloadUri=http%3A%2F%2Flocalhost%3A4848%2Fdatamodelviewer%2Fapp%2FC%253A%255CUsers%255Cleninne.pirovano%255COneDrive%2520-%2520SCHEFFER%255CDocumentos%255CQlik%255CSense%255CApps%255CAnalise%2520US.qvf%2Ffeature%2Fdesktop_authentication Open sessions: 4 Open rest initiated sessions: 0 Open ws initiated sessions: 4 Total client ws connections: 7 # of clients connected to application: 2
Audit	INFO	2021-08-19T15:29:28.891-04:00	606198040562.4	-	C:\Users\leninne.pirovano\OneDrive - SCHEFFER\Documentos\Qlik\Sense\Apps\testtes 2221211121	-	RPC Session Attach: in context ws
Audit	INFO	2021-08-19T15:29:28.892-04:00	606198041704.5	-	C:\Users\leninne.pirovano\OneDrive - SCHEFFER\Documentos\Qlik\Sense\Apps\testtes 2221211121	-	Client connected /dataprepservice/app/C%3A%5CUsers%5Cleninne.pirovano%5COneDrive%20-%20SCHEFFER%5CDocumentos%5CQlik%5CSense%5CApps%5Ctesttes%202221211121.qvf?reloadUri=http%3A%2F%2Flocalhost%3A4848%2Fsense%2Fapp%2FC%253A%255CUsers%255Cleninne.pirovano%255COneDrive%2520-%2520SCHEFFER%255CDocumentos%255CQlik%255CSense%255CApps%255Ctesttes%25202221211121.qvf%2Ffeature%2Fdesktop_authentication Open sessions: 4 Open rest initiated sessions: 0 Open ws initiated sessions: 4 Total client ws connections: 8 # of clients connected to application: 2
Audit	INFO	2021-08-19T15:29:28.912-04:00	606198061372.6	-	C:\Users\leninne.pirovano\OneDrive - SCHEFFER\Documentos\Qlik\Sense\Apps\testtes 2221211121	-	RPC Session Attach: in context rest
Audit	INFO	2021-08-19T15:35:20.140-04:00	606549286255	-	C:\Users\leninne.pirovano\OneDrive - SCHEFFER\Documentos\Qlik\Sense\Apps\testtes 2221211121	-	RPC Session is inactive
Audit	INFO	2021-08-19T15:35:20.140-04:00	606549286832.2	-	C:\Users\leninne.pirovano\OneDrive - SCHEFFER\Documentos\Qlik\Sense\Apps\comtrade	-	RPC Session is inactive
Audit	INFO	2021-08-19T15:35:20.140-04:00	606549287128.3	-	C:\Users\leninne.pirovano\OneDrive - SCHEFFER\Documentos\Qlik\Sense\Apps\Comércio Exterior - Algodão	-	RPC Session is inactive
Audit	INFO	2021-08-19T15:35:20.141-04:00	606549287433.7	-	C:\Users\leninne.pirovano\OneDrive - SCHEFFER\Documentos\Qlik\Sense\Apps\Analise US	-	RPC Session is inactive
Audit	INFO	2021-08-19T15:36:13.516-04:00	606602662024.2	-	C:\Users\leninne.pirovano\OneDrive - SCHEFFER\Documentos\Qlik\Sense\Apps\testtes 2221211121	-	Client closed connection, clearing session...}
Audit	INFO	2021-08-19T15:36:13.516-04:00	606602662686.5	-	C:\Users\leninne.pirovano\OneDrive - SCHEFFER\Documentos\Qlik\Sense\Apps\testtes 2221211121	-	Client closed connection: C:\Users\leninne.pirovano\OneDrive - SCHEFFER\Documentos\Qlik\Sense\Apps\testtes 2221211121 Open sessions: 4 Open rest initiated sessions: 0 Open ws initiated sessions: 4 Total client ws connections: 7 # of clients connected to application: 1
Audit	INFO	2021-08-19T15:36:14.646-04:00	606603792295.9	-	C:\Users\leninne.pirovano\OneDrive - SCHEFFER\Documentos\Qlik\Sense\Apps\Analise US	-	Client closed connection, clearing session...}
Audit	INFO	2021-08-19T15:36:14.646-04:00	606603792596.7	-	C:\Users\leninne.pirovano\OneDrive - SCHEFFER\Documentos\Qlik\Sense\Apps\Analise US	-	Client closed connection: C:\Users\leninne.pirovano\OneDrive - SCHEFFER\Documentos\Qlik\Sense\Apps\Analise US Open sessions: 4 Open rest initiated sessions: 0 Open ws initiated sessions: 4 Total client ws connections: 6 # of clients connected to application: 1
Audit	INFO	2021-08-19T15:36:16.880-04:00	606606026280.1	-	C:\Users\leninne.pirovano\OneDrive - SCHEFFER\Documentos\Qlik\Sense\Apps\Analise US	-	Client closed connection, clearing session...}
Audit	INFO	2021-08-19T15:36:16.885-04:00	606606030888.4	-	C:\Users\leninne.pirovano\OneDrive - SCHEFFER\Documentos\Qlik\Sense\Apps\Analise US	-	Engine connection released. Active engine connections: 3
Audit	INFO	2021-08-19T15:36:16.888-04:00	606606034431.9	-	C:\Users\leninne.pirovano\OneDrive - SCHEFFER\Documentos\Qlik\Sense\Apps\Analise US	-	Client closed connection: C:\Users\leninne.pirovano\OneDrive - SCHEFFER\Documentos\Qlik\Sense\Apps\Analise US Open sessions: 3 Open rest initiated sessions: 0 Open ws initiated sessions: 3 Total client ws connections: 5 # of clients connected to application: 0
Audit	INFO	2021-08-19T15:36:18.990-04:00	606608136409.6	-	C:\Users\leninne.pirovano\OneDrive - SCHEFFER\Documentos\Qlik\Sense\Apps\Comércio Exterior - Algodão	-	Client closed connection, clearing session...}
Audit	INFO	2021-08-19T15:36:18.994-04:00	606608140378.8	-	C:\Users\leninne.pirovano\OneDrive - SCHEFFER\Documentos\Qlik\Sense\Apps\Comércio Exterior - Algodão	-	Engine connection released. Active engine connections: 2
Audit	INFO	2021-08-19T15:36:18.995-04:00	606608141186.5	-	C:\Users\leninne.pirovano\OneDrive - SCHEFFER\Documentos\Qlik\Sense\Apps\Comércio Exterior - Algodão	-	Client closed connection: C:\Users\leninne.pirovano\OneDrive - SCHEFFER\Documentos\Qlik\Sense\Apps\Comércio Exterior - Algodão Open sessions: 2 Open rest initiated sessions: 0 Open ws initiated sessions: 2 Total client ws connections: 4 # of clients connected to application: 0
Audit	INFO	2021-08-19T15:36:20.230-04:00	606609376088.9	-	C:\Users\leninne.pirovano\OneDrive - SCHEFFER\Documentos\Qlik\Sense\Apps\teste	-	RPC Session Create: in context ws
Audit	INFO	2021-08-19T15:36:20.230-04:00	606609376644.6	-	C:\Users\leninne.pirovano\OneDrive - SCHEFFER\Documentos\Qlik\Sense\Apps\teste	-	Client connected /dataprepservice/app/C%3A%5CUsers%5Cleninne.pirovano%5COneDrive%20-%20SCHEFFER%5CDocumentos%5CQlik%5CSense%5CApps%5Cteste.qvf?reloadUri=http%3A%2F%2Flocalhost%3A4848%2Fsense%2Fapp%2FC%253A%255CUsers%255Cleninne.pirovano%255COneDrive%2520-%2520SCHEFFER%255CDocumentos%255CQlik%255CSense%255CApps%255Cteste.qvf%2Ffeature%2Fdesktop_authentication Open sessions: 3 Open rest initiated sessions: 0 Open ws initiated sessions: 3 Total client ws connections: 5 # of clients connected to application: 1
Audit	INFO	2021-08-19T15:36:20.243-04:00	606609388924	-	C:\Users\leninne.pirovano\OneDrive - SCHEFFER\Documentos\Qlik\Sense\Apps\teste	-	RPC Session Attach: in context rest
Audit	INFO	2021-08-19T15:36:20.246-04:00	606609392100	-	C:\Users\leninne.pirovano\OneDrive - SCHEFFER\Documentos\Qlik\Sense\Apps\teste	-	Engine connection established. Active engine connections: 3
Audit	INFO	2021-08-19T15:36:32.728-04:00	606621873719.4	-	C:\Users\leninne.pirovano\OneDrive - SCHEFFER\Documentos\Qlik\Sense\Apps\teste	-	RPC Session Attach: in context ws
Audit	INFO	2021-08-19T15:36:32.728-04:00	606621874137.2	-	C:\Users\leninne.pirovano\OneDrive - SCHEFFER\Documentos\Qlik\Sense\Apps\teste	-	Client connected /dataprepservice/app/C%3A%5CUsers%5Cleninne.pirovano%5COneDrive%20-%20SCHEFFER%5CDocumentos%5CQlik%5CSense%5CApps%5Cteste.qvf?reloadUri=http%3A%2F%2Flocalhost%3A4848%2Fdataloadeditor%2Fapp%2FC%253A%255CUsers%255Cleninne.pirovano%255COneDrive%2520-%2520SCHEFFER%255CDocumentos%255CQlik%255CSense%255CApps%255Cteste.qvf%2Ffeature%2Fdesktop_authentication Open sessions: 3 Open rest initiated sessions: 0 Open ws initiated sessions: 3 Total client ws connections: 6 # of clients connected to application: 2
Audit	INFO	2021-08-19T15:36:54.263-04:00	606643409136.6	-	C:\Users\leninne.pirovano\OneDrive - SCHEFFER\Documentos\Qlik\Sense\Apps\teste	-	Client closed connection, clearing session...}
Audit	INFO	2021-08-19T15:36:54.264-04:00	606643409595.3	-	C:\Users\leninne.pirovano\OneDrive - SCHEFFER\Documentos\Qlik\Sense\Apps\teste	-	Client closed connection: C:\Users\leninne.pirovano\OneDrive - SCHEFFER\Documentos\Qlik\Sense\Apps\teste Open sessions: 3 Open rest initiated sessions: 0 Open ws initiated sessions: 3 Total client ws connections: 5 # of clients connected to application: 1
Audit	INFO	2021-08-19T15:36:56.172-04:00	606645317895.8	-	C:\Users\leninne.pirovano\OneDrive - SCHEFFER\Documentos\Qlik\Sense\Apps\teste	-	Client closed connection, clearing session...}
Audit	INFO	2021-08-19T15:36:56.180-04:00	606645325501.6	-	C:\Users\leninne.pirovano\OneDrive - SCHEFFER\Documentos\Qlik\Sense\Apps\teste	-	Client closed connection: C:\Users\leninne.pirovano\OneDrive - SCHEFFER\Documentos\Qlik\Sense\Apps\teste Open sessions: 2 Open rest initiated sessions: 0 Open ws initiated sessions: 2 Total client ws connections: 4 # of clients connected to application: 0
Audit	INFO	2021-08-19T15:36:56.181-04:00	606645326665.9	-	C:\Users\leninne.pirovano\OneDrive - SCHEFFER\Documentos\Qlik\Sense\Apps\teste	-	Engine connection released. Active engine connections: 2
Audit	INFO	2021-08-19T15:45:20.148-04:00	607149292112.1	-	C:\Users\leninne.pirovano\OneDrive - SCHEFFER\Documentos\Qlik\Sense\Apps\testtes 2221211121	-	RPC Session is inactive
Audit	INFO	2021-08-19T15:45:20.149-04:00	607149293774.1	-	C:\Users\leninne.pirovano\OneDrive - SCHEFFER\Documentos\Qlik\Sense\Apps\comtrade	-	RPC Session is inactive
Audit	INFO	2021-08-19T15:55:20.150-04:00	607749292106.4	-	C:\Users\leninne.pirovano\OneDrive - SCHEFFER\Documentos\Qlik\Sense\Apps\testtes 2221211121	-	RPC Session is inactive
Audit	INFO	2021-08-19T15:55:20.150-04:00	607749292706.3	-	C:\Users\leninne.pirovano\OneDrive - SCHEFFER\Documentos\Qlik\Sense\Apps\comtrade	-	RPC Session is inactive
Audit	INFO	2021-08-19T16:05:20.053-04:00	608349194047.9	-	a3618348-b649-2be4-af5c-4b21da66	UserDirectory = INTERNAL; UserID= sa_engine	Engine connection established. Active engine connections: 3
Audit	INFO	2021-08-19T16:05:20.112-04:00	608349253702	-	a3618348-b649-2be4-af5c-4b21da66	UserDirectory = INTERNAL; UserID= sa_engine	Engine connection released. Active engine connections: 2
Audit	INFO	2021-08-19T16:05:20.150-04:00	608349291475.7	-	C:\Users\leninne.pirovano\OneDrive - SCHEFFER\Documentos\Qlik\Sense\Apps\testtes 2221211121	-	RPC Session is inactive
Audit	INFO	2021-08-19T16:05:20.150-04:00	608349291834.9	-	C:\Users\leninne.pirovano\OneDrive - SCHEFFER\Documentos\Qlik\Sense\Apps\comtrade	-	RPC Session is inactive
Audit	INFO	2021-08-19T16:05:20.228-04:00	608349369588.1	-	C:\Users\leninne.pirovano\OneDrive - SCHEFFER\Documentos\Qlik\Sense\Apps\testtes 2221211121	-	DPS Rest session has reached expiry, clearing rest session
Audit	INFO	2021-08-19T16:15:20.164-04:00	608949304827.7	-	C:\Users\leninne.pirovano\OneDrive - SCHEFFER\Documentos\Qlik\Sense\Apps\testtes 2221211121	-	RPC Session is inactive
Audit	INFO	2021-08-19T16:15:20.165-04:00	608949306233.3	-	C:\Users\leninne.pirovano\OneDrive - SCHEFFER\Documentos\Qlik\Sense\Apps\comtrade	-	RPC Session is inactive
Audit	INFO	2021-08-19T16:25:20.179-04:00	609549318978.9	-	C:\Users\leninne.pirovano\OneDrive - SCHEFFER\Documentos\Qlik\Sense\Apps\testtes 2221211121	-	RPC Session is inactive
Audit	INFO	2021-08-19T16:25:20.180-04:00	609549320140.2	-	C:\Users\leninne.pirovano\OneDrive - SCHEFFER\Documentos\Qlik\Sense\Apps\comtrade	-	RPC Session is inactive
Audit	INFO	2021-08-19T16:35:20.188-04:00	610149325944.7	-	C:\Users\leninne.pirovano\OneDrive - SCHEFFER\Documentos\Qlik\Sense\Apps\testtes 2221211121	-	RPC Session is inactive
Audit	INFO	2021-08-19T16:35:20.188-04:00	610149326631.3	-	C:\Users\leninne.pirovano\OneDrive - SCHEFFER\Documentos\Qlik\Sense\Apps\comtrade	-	RPC Session is inactive
Audit	INFO	2021-08-19T16:45:20.193-04:00	610749329897.1	-	C:\Users\leninne.pirovano\OneDrive - SCHEFFER\Documentos\Qlik\Sense\Apps\testtes 2221211121	-	RPC Session is inactive
Audit	INFO	2021-08-19T16:45:20.198-04:00	610749335051.8	-	C:\Users\leninne.pirovano\OneDrive - SCHEFFER\Documentos\Qlik\Sense\Apps\comtrade	-	RPC Session is inactive
Audit	INFO	2021-08-19T16:55:20.198-04:00	611349334974.8	-	C:\Users\leninne.pirovano\OneDrive - SCHEFFER\Documentos\Qlik\Sense\Apps\testtes 2221211121	-	RPC Session is inactive
Audit	INFO	2021-08-19T16:55:20.202-04:00	611349338929.2	-	C:\Users\leninne.pirovano\OneDrive - SCHEFFER\Documentos\Qlik\Sense\Apps\comtrade	-	RPC Session is inactive
Audit	INFO	2021-08-19T16:57:51.769-04:00	611500904815.2	-	C:\Users\leninne.pirovano\OneDrive - SCHEFFER\Documentos\Qlik\Sense\Apps\testtes 2221211121	-	Client closed connection, clearing session...}
Audit	INFO	2021-08-19T16:57:51.770-04:00	611500906228.8	-	C:\Users\leninne.pirovano\OneDrive - SCHEFFER\Documentos\Qlik\Sense\Apps\testtes 2221211121	-	Engine connection released. Active engine connections: 1
Audit	INFO	2021-08-19T16:57:51.771-04:00	611500907045.1	-	C:\Users\leninne.pirovano\OneDrive - SCHEFFER\Documentos\Qlik\Sense\Apps\testtes 2221211121	-	Client closed connection: C:\Users\leninne.pirovano\OneDrive - SCHEFFER\Documentos\Qlik\Sense\Apps\testtes 2221211121 Open sessions: 1 Open rest initiated sessions: 0 Open ws initiated sessions: 1 Total client ws connections: 3 # of clients connected to application: 0
Audit	INFO	2021-08-19T16:57:51.793-04:00	611500928799.3	-	C:\Users\leninne.pirovano\OneDrive - SCHEFFER\Documentos\Qlik\Sense\Apps\comtrade	-	Client closed connection, clearing session...}
Audit	INFO	2021-08-19T16:57:51.793-04:00	611500929278.6	-	C:\Users\leninne.pirovano\OneDrive - SCHEFFER\Documentos\Qlik\Sense\Apps\comtrade	-	Client closed connection: C:\Users\leninne.pirovano\OneDrive - SCHEFFER\Documentos\Qlik\Sense\Apps\comtrade Open sessions: 1 Open rest initiated sessions: 0 Open ws initiated sessions: 1 Total client ws connections: 2 # of clients connected to application: 2
Audit	INFO	2021-08-19T16:57:51.819-04:00	611500955502.7	-	C:\Users\leninne.pirovano\OneDrive - SCHEFFER\Documentos\Qlik\Sense\Apps\comtrade	-	Client closed connection, clearing session...}
Audit	INFO	2021-08-19T16:57:51.820-04:00	611500955929.7	-	C:\Users\leninne.pirovano\OneDrive - SCHEFFER\Documentos\Qlik\Sense\Apps\comtrade	-	Client closed connection: C:\Users\leninne.pirovano\OneDrive - SCHEFFER\Documentos\Qlik\Sense\Apps\comtrade Open sessions: 1 Open rest initiated sessions: 0 Open ws initiated sessions: 1 Total client ws connections: 1 # of clients connected to application: 1
Audit	INFO	2021-08-19T16:57:51.849-04:00	611500984658.5	-	C:\Users\leninne.pirovano\OneDrive - SCHEFFER\Documentos\Qlik\Sense\Apps\comtrade	-	Client closed connection, clearing session...}
Audit	INFO	2021-08-19T16:57:51.853-04:00	611500989078	-	C:\Users\leninne.pirovano\OneDrive - SCHEFFER\Documentos\Qlik\Sense\Apps\comtrade	-	Client closed connection: C:\Users\leninne.pirovano\OneDrive - SCHEFFER\Documentos\Qlik\Sense\Apps\comtrade Open sessions: 0 Open rest initiated sessions: 0 Open ws initiated sessions: 0 Total client ws connections: 0 # of clients connected to application: 0
Audit	INFO	2021-08-19T16:57:51.872-04:00	611501007811.8	-	C:\Users\leninne.pirovano\OneDrive - SCHEFFER\Documentos\Qlik\Sense\Apps\comtrade	-	Engine connection released. Active engine connections: 0
