Logger	Severity	Date	MicroSeconds	ipAddress	AppId	UserId	Message
Audit	INFO	2021-08-24T14:52:59.462-04:00	298296755.7	-	C:\Users\leninne.pirovano\OneDrive - SCHEFFER\Documentos\Qlik\Sense\Apps\comtrade	-	RPC Session Create: in context ws
Audit	INFO	2021-08-24T14:52:59.463-04:00	298297541.2	-	C:\Users\leninne.pirovano\OneDrive - SCHEFFER\Documentos\Qlik\Sense\Apps\comtrade	-	Client connected /dataprepservice/app/C%3A%5CUsers%5Cleninne.pirovano%5COneDrive%20-%20SCHEFFER%5CDocumentos%5CQlik%5CSense%5CApps%5Ccomtrade.qvf?reloadUri=http%3A%2F%2Flocalhost%3A4848%2Fsense%2Fapp%2FC%253A%255CUsers%255Cleninne.pirovano%255COneDrive%2520-%2520SCHEFFER%255CDocumentos%255CQlik%255CSense%255CApps%255Ccomtrade.qvf%2Ffeature%2Fdesktop_authentication Open sessions: 1 Open rest initiated sessions: 0 Open ws initiated sessions: 1 Total client ws connections: 1 # of clients connected to application: 1
Audit	INFO	2021-08-24T14:52:59.476-04:00	298310657.2	-	C:\Users\leninne.pirovano\OneDrive - SCHEFFER\Documentos\Qlik\Sense\Apps\comtrade	-	RPC Session Attach: in context rest
Audit	INFO	2021-08-24T14:52:59.492-04:00	298326544.4	-	C:\Users\leninne.pirovano\OneDrive - SCHEFFER\Documentos\Qlik\Sense\Apps\comtrade	-	Engine connection established. Active engine connections: 1
Audit	INFO	2021-08-24T14:58:52.448-04:00	650648024.3	-	C:\Users\leninne.pirovano\OneDrive - SCHEFFER\Documentos\Qlik\Sense\Apps\comtrade	-	RPC Session is inactive
Audit	INFO	2021-08-24T15:08:52.456-04:00	1250654833.5	-	C:\Users\leninne.pirovano\OneDrive - SCHEFFER\Documentos\Qlik\Sense\Apps\comtrade	-	RPC Session is inactive
Audit	INFO	2021-08-24T15:18:52.464-04:00	1850660488.3	-	C:\Users\leninne.pirovano\OneDrive - SCHEFFER\Documentos\Qlik\Sense\Apps\comtrade	-	RPC Session is inactive
Audit	INFO	2021-08-24T15:28:52.467-04:00	2450663699.4	-	C:\Users\leninne.pirovano\OneDrive - SCHEFFER\Documentos\Qlik\Sense\Apps\comtrade	-	RPC Session is inactive
Audit	INFO	2021-08-24T15:28:52.514-04:00	2450710215.6	-	C:\Users\leninne.pirovano\OneDrive - SCHEFFER\Documentos\Qlik\Sense\Apps\comtrade	-	DPS Rest session has reached expiry, clearing rest session
Audit	INFO	2021-08-24T15:38:52.468-04:00	3050664219.3	-	C:\Users\leninne.pirovano\OneDrive - SCHEFFER\Documentos\Qlik\Sense\Apps\comtrade	-	RPC Session is inactive
Audit	INFO	2021-08-24T15:48:52.486-04:00	3650679407.9	-	37d70723-fca5-0874-107d-7bfe24df	UserDirectory = INTERNAL; UserID= sa_engine	Engine connection established. Active engine connections: 2
Audit	INFO	2021-08-24T15:48:52.487-04:00	3650680564.7	-	C:\Users\leninne.pirovano\OneDrive - SCHEFFER\Documentos\Qlik\Sense\Apps\comtrade	-	RPC Session is inactive
Audit	INFO	2021-08-24T15:48:52.545-04:00	3650738072.4	-	37d70723-fca5-0874-107d-7bfe24df	UserDirectory = INTERNAL; UserID= sa_engine	Engine connection released. Active engine connections: 1
Audit	INFO	2021-08-24T15:58:52.502-04:00	4250694622.5	-	C:\Users\leninne.pirovano\OneDrive - SCHEFFER\Documentos\Qlik\Sense\Apps\comtrade	-	RPC Session is inactive
Audit	INFO	2021-08-24T16:02:02.558-04:00	4440750258.8	-	C:\Users\leninne.pirovano\OneDrive - SCHEFFER\Documentos\Qlik\Sense\Apps\Comércio Exterior - Algodão	-	RPC Session Create: in context ws
Audit	INFO	2021-08-24T16:02:02.562-04:00	4440753775.8	-	C:\Users\leninne.pirovano\OneDrive - SCHEFFER\Documentos\Qlik\Sense\Apps\Comércio Exterior - Algodão	-	Client connected /dataprepservice/app/C%3A%5CUsers%5Cleninne.pirovano%5COneDrive%20-%20SCHEFFER%5CDocumentos%5CQlik%5CSense%5CApps%5CCom%C3%A9rcio%20Exterior%20-%20Algod%C3%A3o.qvf?reloadUri=http%3A%2F%2Flocalhost%3A4848%2Fsense%2Fapp%2FC%253A%255CUsers%255Cleninne.pirovano%255COneDrive%2520-%2520SCHEFFER%255CDocumentos%255CQlik%255CSense%255CApps%255CCom%25C3%25A9rcio%2520Exterior%2520-%2520Algod%25C3%25A3o.qvf%2Ffeature%2Fdesktop_authentication Open sessions: 2 Open rest initiated sessions: 0 Open ws initiated sessions: 2 Total client ws connections: 2 # of clients connected to application: 1
Audit	INFO	2021-08-24T16:02:02.580-04:00	4440772236.7	-	C:\Users\leninne.pirovano\OneDrive - SCHEFFER\Documentos\Qlik\Sense\Apps\Comércio Exterior - Algodão	-	RPC Session Attach: in context rest
Audit	INFO	2021-08-24T16:02:02.589-04:00	4440781374.7	-	C:\Users\leninne.pirovano\OneDrive - SCHEFFER\Documentos\Qlik\Sense\Apps\Comércio Exterior - Algodão	-	Engine connection established. Active engine connections: 2
Audit	INFO	2021-08-24T16:02:59.619-04:00	4497811260.7	-	C:\Users\leninne.pirovano\OneDrive - SCHEFFER\Documentos\Qlik\Sense\Apps\Comércio Exterior - Algodão	-	Client closed connection, clearing session...}
Audit	INFO	2021-08-24T16:02:59.630-04:00	4497821567.4	-	C:\Users\leninne.pirovano\OneDrive - SCHEFFER\Documentos\Qlik\Sense\Apps\Comércio Exterior - Algodão	-	Engine connection released. Active engine connections: 1
Audit	INFO	2021-08-24T16:02:59.631-04:00	4497823139.8	-	C:\Users\leninne.pirovano\OneDrive - SCHEFFER\Documentos\Qlik\Sense\Apps\Comércio Exterior - Algodão	-	Client closed connection: C:\Users\leninne.pirovano\OneDrive - SCHEFFER\Documentos\Qlik\Sense\Apps\Comércio Exterior - Algodão Open sessions: 1 Open rest initiated sessions: 0 Open ws initiated sessions: 1 Total client ws connections: 1 # of clients connected to application: 0
Audit	INFO	2021-08-24T16:03:06.767-04:00	4504958406.1	-	C:\Users\leninne.pirovano\OneDrive - SCHEFFER\Documentos\Qlik\Sense\Apps\Extract-COMEX	-	RPC Session Create: in context ws
Audit	INFO	2021-08-24T16:03:06.767-04:00	4504958879.1	-	C:\Users\leninne.pirovano\OneDrive - SCHEFFER\Documentos\Qlik\Sense\Apps\Extract-COMEX	-	Client connected /dataprepservice/app/C%3A%5CUsers%5Cleninne.pirovano%5COneDrive%20-%20SCHEFFER%5CDocumentos%5CQlik%5CSense%5CApps%5CExtract-COMEX.qvf?reloadUri=http%3A%2F%2Flocalhost%3A4848%2Fsense%2Fapp%2FC%253A%255CUsers%255Cleninne.pirovano%255COneDrive%2520-%2520SCHEFFER%255CDocumentos%255CQlik%255CSense%255CApps%255CExtract-COMEX.qvf%2Ffeature%2Fdesktop_authentication Open sessions: 2 Open rest initiated sessions: 0 Open ws initiated sessions: 2 Total client ws connections: 2 # of clients connected to application: 1
Audit	INFO	2021-08-24T16:03:06.786-04:00	4504977800.5	-	C:\Users\leninne.pirovano\OneDrive - SCHEFFER\Documentos\Qlik\Sense\Apps\Extract-COMEX	-	RPC Session Attach: in context rest
Audit	INFO	2021-08-24T16:03:06.790-04:00	4504981436.5	-	C:\Users\leninne.pirovano\OneDrive - SCHEFFER\Documentos\Qlik\Sense\Apps\Extract-COMEX	-	Engine connection established. Active engine connections: 2
Audit	INFO	2021-08-24T16:03:08.895-04:00	4507087075.4	-	C:\Users\leninne.pirovano\OneDrive - SCHEFFER\Documentos\Qlik\Sense\Apps\Extract-COMEX	-	Client closed connection, clearing session...}
Audit	INFO	2021-08-24T16:03:08.895-04:00	4507087569.9	-	C:\Users\leninne.pirovano\OneDrive - SCHEFFER\Documentos\Qlik\Sense\Apps\Extract-COMEX	-	Engine connection released. Active engine connections: 1
Audit	INFO	2021-08-24T16:03:08.896-04:00	4507088401.7	-	C:\Users\leninne.pirovano\OneDrive - SCHEFFER\Documentos\Qlik\Sense\Apps\Extract-COMEX	-	Client closed connection: C:\Users\leninne.pirovano\OneDrive - SCHEFFER\Documentos\Qlik\Sense\Apps\Extract-COMEX Open sessions: 1 Open rest initiated sessions: 0 Open ws initiated sessions: 1 Total client ws connections: 1 # of clients connected to application: 0
Audit	INFO	2021-08-24T16:08:19.437-04:00	4817628022.4	-	C:\Users\leninne.pirovano\OneDrive - SCHEFFER\Documentos\Qlik\Sense\Apps\Advanced-KPI examples v 0.1.8	-	RPC Session Create: in context ws
Audit	INFO	2021-08-24T16:08:19.437-04:00	4817628716.5	-	C:\Users\leninne.pirovano\OneDrive - SCHEFFER\Documentos\Qlik\Sense\Apps\Advanced-KPI examples v 0.1.8	-	Client connected /dataprepservice/app/C%3A%5CUsers%5Cleninne.pirovano%5COneDrive%20-%20SCHEFFER%5CDocumentos%5CQlik%5CSense%5CApps%5CAdvanced-KPI%20examples%20v%200.1.8.qvf?reloadUri=http%3A%2F%2Flocalhost%3A4848%2Fsense%2Fapp%2FC%253A%255CUsers%255Cleninne.pirovano%255COneDrive%2520-%2520SCHEFFER%255CDocumentos%255CQlik%255CSense%255CApps%255CAdvanced-KPI%2520examples%2520v%25200.1.8.qvf%2Ffeature%2Fdesktop_authentication Open sessions: 2 Open rest initiated sessions: 0 Open ws initiated sessions: 2 Total client ws connections: 2 # of clients connected to application: 1
Audit	INFO	2021-08-24T16:08:19.453-04:00	4817643950.8	-	C:\Users\leninne.pirovano\OneDrive - SCHEFFER\Documentos\Qlik\Sense\Apps\Advanced-KPI examples v 0.1.8	-	RPC Session Attach: in context rest
Audit	INFO	2021-08-24T16:08:19.456-04:00	4817647129.5	-	C:\Users\leninne.pirovano\OneDrive - SCHEFFER\Documentos\Qlik\Sense\Apps\Advanced-KPI examples v 0.1.8	-	Engine connection established. Active engine connections: 2
Audit	INFO	2021-08-24T16:08:52.514-04:00	4850704804.1	-	C:\Users\leninne.pirovano\OneDrive - SCHEFFER\Documentos\Qlik\Sense\Apps\comtrade	-	RPC Session is inactive
Audit	INFO	2021-08-24T16:08:52.514-04:00	4850705174.2	-	C:\Users\leninne.pirovano\OneDrive - SCHEFFER\Documentos\Qlik\Sense\Apps\Advanced-KPI examples v 0.1.8	-	RPC Session is inactive
Audit	INFO	2021-08-24T16:11:25.606-04:00	5003797417.8	-	C:\Users\leninne.pirovano\OneDrive - SCHEFFER\Documentos\Qlik\Sense\Apps\Analise US	-	RPC Session Create: in context ws
Audit	INFO	2021-08-24T16:11:25.607-04:00	5003797879.3	-	C:\Users\leninne.pirovano\OneDrive - SCHEFFER\Documentos\Qlik\Sense\Apps\Analise US	-	Client connected /dataprepservice/app/C%3A%5CUsers%5Cleninne.pirovano%5COneDrive%20-%20SCHEFFER%5CDocumentos%5CQlik%5CSense%5CApps%5CAnalise%20US.qvf?reloadUri=http%3A%2F%2Flocalhost%3A4848%2Fsense%2Fapp%2FC%253A%255CUsers%255Cleninne.pirovano%255COneDrive%2520-%2520SCHEFFER%255CDocumentos%255CQlik%255CSense%255CApps%255CAnalise%2520US.qvf%2Ffeature%2Fdesktop_authentication Open sessions: 3 Open rest initiated sessions: 0 Open ws initiated sessions: 3 Total client ws connections: 3 # of clients connected to application: 1
Audit	INFO	2021-08-24T16:11:25.621-04:00	5003812074.2	-	C:\Users\leninne.pirovano\OneDrive - SCHEFFER\Documentos\Qlik\Sense\Apps\Analise US	-	RPC Session Attach: in context rest
Audit	INFO	2021-08-24T16:11:25.624-04:00	5003814995.8	-	C:\Users\leninne.pirovano\OneDrive - SCHEFFER\Documentos\Qlik\Sense\Apps\Analise US	-	Engine connection established. Active engine connections: 3
Audit	INFO	2021-08-24T16:11:32.887-04:00	5011078258.5	-	C:\Users\leninne.pirovano\OneDrive - SCHEFFER\Documentos\Qlik\Sense\Apps\Analise US	-	RPC Session Attach: in context ws
Audit	INFO	2021-08-24T16:11:32.889-04:00	5011080484.6	-	C:\Users\leninne.pirovano\OneDrive - SCHEFFER\Documentos\Qlik\Sense\Apps\Analise US	-	Client connected /dataprepservice/app/C%3A%5CUsers%5Cleninne.pirovano%5COneDrive%20-%20SCHEFFER%5CDocumentos%5CQlik%5CSense%5CApps%5CAnalise%20US.qvf?reloadUri=http%3A%2F%2Flocalhost%3A4848%2Fdataloadeditor%2Fapp%2FC%253A%255CUsers%255Cleninne.pirovano%255COneDrive%2520-%2520SCHEFFER%255CDocumentos%255CQlik%255CSense%255CApps%255CAnalise%2520US.qvf%2Ffeature%2Fdesktop_authentication Open sessions: 3 Open rest initiated sessions: 0 Open ws initiated sessions: 3 Total client ws connections: 4 # of clients connected to application: 2
Audit	INFO	2021-08-24T16:18:52.524-04:00	5450713993.3	-	C:\Users\leninne.pirovano\OneDrive - SCHEFFER\Documentos\Qlik\Sense\Apps\comtrade	-	RPC Session is inactive
Audit	INFO	2021-08-24T16:18:52.524-04:00	5450714501.9	-	C:\Users\leninne.pirovano\OneDrive - SCHEFFER\Documentos\Qlik\Sense\Apps\Advanced-KPI examples v 0.1.8	-	RPC Session is inactive
Audit	INFO	2021-08-24T16:18:52.525-04:00	5450714884.6	-	C:\Users\leninne.pirovano\OneDrive - SCHEFFER\Documentos\Qlik\Sense\Apps\Analise US	-	RPC Session is inactive
Audit	INFO	2021-08-24T16:28:52.533-04:00	6050722758.8	-	C:\Users\leninne.pirovano\OneDrive - SCHEFFER\Documentos\Qlik\Sense\Apps\comtrade	-	RPC Session is inactive
Audit	INFO	2021-08-24T16:28:52.534-04:00	6050723400.9	-	C:\Users\leninne.pirovano\OneDrive - SCHEFFER\Documentos\Qlik\Sense\Apps\Advanced-KPI examples v 0.1.8	-	RPC Session is inactive
Audit	INFO	2021-08-24T16:28:52.535-04:00	6050724778.3	-	C:\Users\leninne.pirovano\OneDrive - SCHEFFER\Documentos\Qlik\Sense\Apps\Analise US	-	RPC Session is inactive
Audit	INFO	2021-08-24T16:38:52.544-04:00	6650733413.3	-	C:\Users\leninne.pirovano\OneDrive - SCHEFFER\Documentos\Qlik\Sense\Apps\comtrade	-	RPC Session is inactive
Audit	INFO	2021-08-24T16:38:52.544-04:00	6650733784.5	-	C:\Users\leninne.pirovano\OneDrive - SCHEFFER\Documentos\Qlik\Sense\Apps\Advanced-KPI examples v 0.1.8	-	RPC Session is inactive
Audit	INFO	2021-08-24T16:38:52.544-04:00	6650734055.7	-	C:\Users\leninne.pirovano\OneDrive - SCHEFFER\Documentos\Qlik\Sense\Apps\Analise US	-	RPC Session is inactive
Audit	INFO	2021-08-24T16:38:52.574-04:00	6650763959.1	-	C:\Users\leninne.pirovano\OneDrive - SCHEFFER\Documentos\Qlik\Sense\Apps\Advanced-KPI examples v 0.1.8	-	DPS Rest session has reached expiry, clearing rest session
Audit	INFO	2021-08-24T16:44:06.042-04:00	6964231513.4	-	C:\Users\leninne.pirovano\OneDrive - SCHEFFER\Documentos\Qlik\Sense\Apps\Analise US	-	Client closed connection, clearing session...}
Audit	INFO	2021-08-24T16:44:06.046-04:00	6964235442.5	-	C:\Users\leninne.pirovano\OneDrive - SCHEFFER\Documentos\Qlik\Sense\Apps\Analise US	-	Client closed connection: C:\Users\leninne.pirovano\OneDrive - SCHEFFER\Documentos\Qlik\Sense\Apps\Analise US Open sessions: 3 Open rest initiated sessions: 0 Open ws initiated sessions: 3 Total client ws connections: 3 # of clients connected to application: 1
Audit	INFO	2021-08-24T16:48:52.463-04:00	7250652053.9	-	569fb496-b41a-4d31-cb53-67b43ed2	UserDirectory = INTERNAL; UserID= sa_engine	Engine connection established. Active engine connections: 4
Audit	INFO	2021-08-24T16:48:52.520-04:00	7250709108	-	569fb496-b41a-4d31-cb53-67b43ed2	UserDirectory = INTERNAL; UserID= sa_engine	Engine connection released. Active engine connections: 3
Audit	INFO	2021-08-24T16:48:52.554-04:00	7250743161.6	-	C:\Users\leninne.pirovano\OneDrive - SCHEFFER\Documentos\Qlik\Sense\Apps\comtrade	-	RPC Session is inactive
Audit	INFO	2021-08-24T16:48:52.555-04:00	7250744023.1	-	C:\Users\leninne.pirovano\OneDrive - SCHEFFER\Documentos\Qlik\Sense\Apps\Advanced-KPI examples v 0.1.8	-	RPC Session is inactive
Audit	INFO	2021-08-24T16:48:52.555-04:00	7250744364.4	-	C:\Users\leninne.pirovano\OneDrive - SCHEFFER\Documentos\Qlik\Sense\Apps\Analise US	-	RPC Session is inactive
Audit	INFO	2021-08-24T16:48:52.585-04:00	7250774644.6	-	C:\Users\leninne.pirovano\OneDrive - SCHEFFER\Documentos\Qlik\Sense\Apps\Analise US	-	DPS Rest session has reached expiry, clearing rest session
Audit	INFO	2021-08-24T16:57:36.707-04:00	7774888913.2	-	C:\Users\leninne.pirovano\OneDrive - SCHEFFER\Documentos\Qlik\Sense\Apps\comtrade	-	Client closed connection, clearing session...}
Audit	INFO	2021-08-24T16:57:36.708-04:00	7774889994.1	-	C:\Users\leninne.pirovano\OneDrive - SCHEFFER\Documentos\Qlik\Sense\Apps\comtrade	-	Engine connection released. Active engine connections: 2
Audit	INFO	2021-08-24T16:57:36.709-04:00	7774890700.1	-	C:\Users\leninne.pirovano\OneDrive - SCHEFFER\Documentos\Qlik\Sense\Apps\comtrade	-	Client closed connection: C:\Users\leninne.pirovano\OneDrive - SCHEFFER\Documentos\Qlik\Sense\Apps\comtrade Open sessions: 2 Open rest initiated sessions: 0 Open ws initiated sessions: 2 Total client ws connections: 2 # of clients connected to application: 0
Audit	INFO	2021-08-24T16:57:37.685-04:00	7775867454.8	-	C:\Users\leninne.pirovano\OneDrive - SCHEFFER\Documentos\Qlik\Sense\Apps\Analise US	-	Client closed connection, clearing session...}
Audit	INFO	2021-08-24T16:57:37.689-04:00	7775870840	-	C:\Users\leninne.pirovano\OneDrive - SCHEFFER\Documentos\Qlik\Sense\Apps\Analise US	-	Client closed connection: C:\Users\leninne.pirovano\OneDrive - SCHEFFER\Documentos\Qlik\Sense\Apps\Analise US Open sessions: 1 Open rest initiated sessions: 0 Open ws initiated sessions: 1 Total client ws connections: 1 # of clients connected to application: 0
Audit	INFO	2021-08-24T16:57:37.690-04:00	7775871734	-	C:\Users\leninne.pirovano\OneDrive - SCHEFFER\Documentos\Qlik\Sense\Apps\Analise US	-	Engine connection released. Active engine connections: 1
Audit	INFO	2021-08-24T16:57:37.709-04:00	7775891554.3	-	C:\Users\leninne.pirovano\OneDrive - SCHEFFER\Documentos\Qlik\Sense\Apps\Advanced-KPI examples v 0.1.8	-	Client closed connection, clearing session...}
Audit	INFO	2021-08-24T16:57:37.711-04:00	7775893313.5	-	C:\Users\leninne.pirovano\OneDrive - SCHEFFER\Documentos\Qlik\Sense\Apps\Advanced-KPI examples v 0.1.8	-	Engine connection released. Active engine connections: 0
Audit	INFO	2021-08-24T16:57:37.712-04:00	7775893825.1	-	C:\Users\leninne.pirovano\OneDrive - SCHEFFER\Documentos\Qlik\Sense\Apps\Advanced-KPI examples v 0.1.8	-	Client closed connection: C:\Users\leninne.pirovano\OneDrive - SCHEFFER\Documentos\Qlik\Sense\Apps\Advanced-KPI examples v 0.1.8 Open sessions: 0 Open rest initiated sessions: 0 Open ws initiated sessions: 0 Total client ws connections: 0 # of clients connected to application: 0
